#!/bin/bash
#SBATCH -A HEP2016-1-4
#SBATCH -p hep
#SBATCH -t 71:59:59
#SBATCH -o AE_3D_bs4096_lr1e-03_wd1e-01_pp0e+00_.out
#SBATCH -e AE_3D_bs4096_lr1e-03_wd1e-01_pp0e+00_.err

cat $0

ml GCC/8.2.0-2.31.1  OpenMPI/3.1.3
ml PyTorch/1.1.0-Python-3.7.2

pwd

## My virtualenv with fastai installation
source /home/erwulff/vpyenv/bin/activate

## Initial checks
which python
python --version

##cd lth_thesis_project/jet_by_jet_compression/grid_search/
echo "Starting grid search..."
python 001_train_25aodbs4096_lr1e-03_wd1e-01_pp0e+00_.py
echo "Grid search ended."

##cp -p -r grid_search_001 $SLURM_SUBMIT_DIR

echo "End of job."
/home/erwulff/nobackup/lth_thesis_project/jet_by_jet_compression/grid_search/AE_bn_LeakyReLU_25AOD_grid_search_custom_normalization_1500epochs/AE_25_200_200_200_12_200_200_200_25
/home/erwulff/vpyenv/bin/python
Python 3.7.2
Starting grid search...
torch.cuda.is_available(): False
Training AE_bn_LeakyReLU with lr=1.0e-03, p=None, wd=1.0e-01 ...
epoch     train_loss  valid_loss  time    
0         0.162346    0.152531    01:46     
Better model found at epoch 0 with valid_loss value: 0.1525314748287201.
1         0.122789    0.112801    01:47     
Better model found at epoch 1 with valid_loss value: 0.11280125379562378.
2         0.078819    0.068729    01:48     
Better model found at epoch 2 with valid_loss value: 0.06872913986444473.
3         0.040547    0.033258    01:48     
Better model found at epoch 3 with valid_loss value: 0.033257946372032166.
4         0.016386    0.012709    01:48     
Better model found at epoch 4 with valid_loss value: 0.01270928792655468.
5         0.006225    0.005081    01:48     
Better model found at epoch 5 with valid_loss value: 0.005081055220216513.
6         0.003786    0.003519    01:48     
Better model found at epoch 6 with valid_loss value: 0.0035186409950256348.
7         0.003214    0.003079    01:48     
Better model found at epoch 7 with valid_loss value: 0.0030785331036895514.
8         0.002881    0.002751    01:48     
Better model found at epoch 8 with valid_loss value: 0.002751267049461603.
9         0.002590    0.002491    01:48     
Better model found at epoch 9 with valid_loss value: 0.0024913116358220577.
10        0.002381    0.002273    01:48     
Better model found at epoch 10 with valid_loss value: 0.0022730675991624594.
11        0.002201    0.002106    01:48     
Better model found at epoch 11 with valid_loss value: 0.0021055766846984625.
12        0.002040    0.001953    01:48     
Better model found at epoch 12 with valid_loss value: 0.0019531501457095146.
13        0.001905    0.001819    01:48     
Better model found at epoch 13 with valid_loss value: 0.0018187073292210698.
14        0.001799    0.001713    01:48     
Better model found at epoch 14 with valid_loss value: 0.0017126622842624784.
15        0.001692    0.001607    01:48     
Better model found at epoch 15 with valid_loss value: 0.0016065830131992698.
16        0.001606    0.001529    01:48     
Better model found at epoch 16 with valid_loss value: 0.0015291711315512657.
17        0.001515    0.001444    01:48     
Better model found at epoch 17 with valid_loss value: 0.001443570014089346.
18        0.001447    0.001371    01:48     
Better model found at epoch 18 with valid_loss value: 0.0013713823864236474.
19        0.001376    0.001304    01:48     
Better model found at epoch 19 with valid_loss value: 0.0013038950273767114.
20        0.001319    0.001250    01:48     
Better model found at epoch 20 with valid_loss value: 0.0012497632997110486.
21        0.001259    0.001197    01:48     
Better model found at epoch 21 with valid_loss value: 0.0011972084175795317.
22        0.001216    0.001143    01:48     
Better model found at epoch 22 with valid_loss value: 0.001143156667239964.
23        0.001172    0.001102    01:48     
Better model found at epoch 23 with valid_loss value: 0.0011022868566215038.
24        0.001135    0.001063    01:48     
Better model found at epoch 24 with valid_loss value: 0.0010625626891851425.
25        0.001091    0.001027    01:48     
Better model found at epoch 25 with valid_loss value: 0.0010267810430377722.
26        0.001061    0.000994    01:48     
Better model found at epoch 26 with valid_loss value: 0.0009943918557837605.
27        0.001036    0.000971    01:48     
Better model found at epoch 27 with valid_loss value: 0.000970862281974405.
28        0.001004    0.000936    01:48     
Better model found at epoch 28 with valid_loss value: 0.0009359181858599186.
29        0.000988    0.000921    01:49     
Better model found at epoch 29 with valid_loss value: 0.0009208417613990605.
30        0.000969    0.000898    01:49     
Better model found at epoch 30 with valid_loss value: 0.0008981058490462601.
31        0.000940    0.000876    01:49     
Better model found at epoch 31 with valid_loss value: 0.0008763611549511552.
32        0.000922    0.000867    01:49     
Better model found at epoch 32 with valid_loss value: 0.0008673800039105117.
33        0.000898    0.000842    01:49     
Better model found at epoch 33 with valid_loss value: 0.0008420822559855878.
34        0.000884    0.000828    01:49     
Better model found at epoch 34 with valid_loss value: 0.0008279260364361107.
35        0.000873    0.000809    01:49     
Better model found at epoch 35 with valid_loss value: 0.0008091910276561975.
36        0.000853    0.000797    01:49     
Better model found at epoch 36 with valid_loss value: 0.0007973343599587679.
37        0.000840    0.000783    01:49     
Better model found at epoch 37 with valid_loss value: 0.0007827533991076052.
38        0.000830    0.000771    01:49     
Better model found at epoch 38 with valid_loss value: 0.000771051156334579.
39        0.000806    0.000755    01:49     
Better model found at epoch 39 with valid_loss value: 0.0007548443390987813.
40        0.000800    0.000738    01:49     
Better model found at epoch 40 with valid_loss value: 0.0007379021844826639.
41        0.000779    0.000718    01:49     
Better model found at epoch 41 with valid_loss value: 0.0007181163528002799.
42        0.000765    0.000712    01:49     
Better model found at epoch 42 with valid_loss value: 0.0007122136885300279.
43        0.000751    0.000694    01:49     
Better model found at epoch 43 with valid_loss value: 0.000693617737852037.
44        0.000741    0.000679    01:49     
Better model found at epoch 44 with valid_loss value: 0.000678934040479362.
45        0.000724    0.000672    01:49     
Better model found at epoch 45 with valid_loss value: 0.0006718920776620507.
46        0.000713    0.000677    01:49     
47        0.000700    0.000657    01:49     
Better model found at epoch 47 with valid_loss value: 0.0006572020356543362.
48        0.000689    0.000632    01:49     
Better model found at epoch 48 with valid_loss value: 0.0006323912530206144.
49        0.000680    0.000623    01:49     
Better model found at epoch 49 with valid_loss value: 0.0006234535831026733.
50        0.000666    0.000609    01:49     
Better model found at epoch 50 with valid_loss value: 0.0006094328127801418.
51        0.000652    0.000600    01:49     
Better model found at epoch 51 with valid_loss value: 0.0005999401910230517.
52        0.000641    0.000587    01:49     
Better model found at epoch 52 with valid_loss value: 0.0005870754830539227.
53        0.000634    0.000591    01:49     
54        0.000625    0.000569    01:49     
Better model found at epoch 54 with valid_loss value: 0.0005688900128006935.
55        0.000621    0.000574    01:49     
56        0.000612    0.000560    01:50     
Better model found at epoch 56 with valid_loss value: 0.0005600890144705772.
57        0.000603    0.000546    01:50     
Better model found at epoch 57 with valid_loss value: 0.0005455570062622428.
58        0.000592    0.000565    01:49     
59        0.000585    0.000535    01:49     
Better model found at epoch 59 with valid_loss value: 0.0005349104758352041.
60        0.000581    0.000520    01:50     
Better model found at epoch 60 with valid_loss value: 0.0005204287590458989.
61        0.000571    0.000519    01:50     
Better model found at epoch 61 with valid_loss value: 0.0005189244984649122.
62        0.000564    0.000515    01:50     
Better model found at epoch 62 with valid_loss value: 0.0005150647484697402.
63        0.000561    0.000506    01:50     
Better model found at epoch 63 with valid_loss value: 0.0005063210264779627.
64        0.000545    0.000500    01:50     
Better model found at epoch 64 with valid_loss value: 0.0005003903061151505.
65        0.000552    0.000506    01:50     
66        0.000539    0.000502    01:50     
67        0.000528    0.000485    01:50     
Better model found at epoch 67 with valid_loss value: 0.0004850763361901045.
68        0.000524    0.000480    01:50     
Better model found at epoch 68 with valid_loss value: 0.0004801254253834486.
69        0.000525    0.000476    01:50     
Better model found at epoch 69 with valid_loss value: 0.00047635872033424675.
70        0.000518    0.000481    01:50     
71        0.000513    0.000476    01:50     
Better model found at epoch 71 with valid_loss value: 0.0004762113676406443.
72        0.000512    0.000481    01:50     
73        0.000502    0.000478    01:50     
74        0.000500    0.000463    01:50     
Better model found at epoch 74 with valid_loss value: 0.00046327788732014596.
75        0.000499    0.000449    01:50     
Better model found at epoch 75 with valid_loss value: 0.0004487890109885484.
76        0.000497    0.000456    01:50     
77        0.000485    0.000441    01:50     
Better model found at epoch 77 with valid_loss value: 0.00044139008969068527.
78        0.000485    0.000439    01:50     
Better model found at epoch 78 with valid_loss value: 0.00043852630187757313.
79        0.000482    0.000439    01:50     
80        0.000482    0.000435    01:50     
Better model found at epoch 80 with valid_loss value: 0.0004353742115199566.
81        0.000477    0.000426    01:50     
Better model found at epoch 81 with valid_loss value: 0.0004259852285031229.
82        0.000466    0.000427    01:50     
83        0.000463    0.000435    01:50     
84        0.000463    0.000412    01:50     
Better model found at epoch 84 with valid_loss value: 0.00041179891559295356.
85        0.000459    0.000415    01:50     
86        0.000453    0.000398    01:50     
Better model found at epoch 86 with valid_loss value: 0.00039794828626327217.
87        0.000450    0.000422    01:50     
88        0.000448    0.000401    01:50     
89        0.000445    0.000411    01:50     
90        0.000445    0.000411    01:50     
91        0.000439    0.000394    01:50     
Better model found at epoch 91 with valid_loss value: 0.00039383082184940577.
92        0.000442    0.000397    01:50     
93        0.000433    0.000386    01:50     
Better model found at epoch 93 with valid_loss value: 0.00038579682586714625.
94        0.000428    0.000378    01:50     
Better model found at epoch 94 with valid_loss value: 0.00037774170050397515.
95        0.000430    0.000396    01:50     
96        0.000426    0.000379    01:50     
97        0.000423    0.000382    01:50     
98        0.000417    0.000373    01:50     
Better model found at epoch 98 with valid_loss value: 0.00037316736415959895.
99        0.000420    0.000395    01:50     
100       0.000418    0.000385    01:51     
101       0.000415    0.000384    01:51     
102       0.000416    0.000377    01:50     
103       0.000412    0.000385    01:50     
104       0.000403    0.000356    01:51     
Better model found at epoch 104 with valid_loss value: 0.00035606391611509025.
105       0.000401    0.000357    01:51     
106       0.000402    0.000364    01:51     
107       0.000401    0.000362    01:51     
108       0.000404    0.000350    01:51     
Better model found at epoch 108 with valid_loss value: 0.00035020627547055483.
109       0.000402    0.000389    01:51     
110       0.000398    0.000369    01:51     
111       0.000390    0.000352    01:51     
112       0.000386    0.000350    01:51     
Better model found at epoch 112 with valid_loss value: 0.00035001913784071803.
113       0.000391    0.000353    01:51     
114       0.000386    0.000355    01:51     
115       0.000390    0.000344    01:51     
Better model found at epoch 115 with valid_loss value: 0.0003440188302192837.
116       0.000384    0.000352    01:51     
117       0.000379    0.000343    01:51     
Better model found at epoch 117 with valid_loss value: 0.0003427521442063153.
118       0.000374    0.000347    01:51     
119       0.000379    0.000363    01:51     
120       0.000373    0.000334    01:51     
Better model found at epoch 120 with valid_loss value: 0.000333850592141971.
121       0.000375    0.000348    01:51     
122       0.000369    0.000321    01:51     
Better model found at epoch 122 with valid_loss value: 0.0003210551803931594.
123       0.000370    0.000332    01:51     
124       0.000370    0.000330    01:51     
125       0.000367    0.000342    01:51     
126       0.000362    0.000331    01:51     
127       0.000368    0.000324    01:51     
128       0.000369    0.000342    01:51     
129       0.000365    0.000343    01:51     
130       0.000359    0.000326    01:51     
131       0.000355    0.000327    01:51     
132       0.000359    0.000325    01:51     
133       0.000354    0.000310    01:51     
Better model found at epoch 133 with valid_loss value: 0.0003097500593867153.
134       0.000353    0.000313    01:51     
135       0.000357    0.000329    01:51     
136       0.000353    0.000327    01:51     
137       0.000350    0.000312    01:51     
138       0.000343    0.000302    01:51     
Better model found at epoch 138 with valid_loss value: 0.0003018110292032361.
139       0.000347    0.000309    01:51     
140       0.000357    0.000324    01:51     
141       0.000336    0.000313    01:51     
142       0.000346    0.000305    01:51     
143       0.000343    0.000294    01:52     
Better model found at epoch 143 with valid_loss value: 0.0002943389699794352.
144       0.000348    0.000325    01:52     
145       0.000340    0.000299    01:51     
146       0.000336    0.000314    01:52     
147       0.000334    0.000316    01:51     
148       0.000337    0.000308    01:51     
149       0.000346    0.000306    01:52     
150       0.000329    0.000306    01:52     
151       0.000331    0.000304    01:52     
152       0.000330    0.000289    01:52     
Better model found at epoch 152 with valid_loss value: 0.00028942362405359745.
153       0.000326    0.000295    01:52     
154       0.000324    0.000298    01:52     
155       0.000328    0.000280    01:52     
Better model found at epoch 155 with valid_loss value: 0.0002797380439005792.
156       0.000328    0.000296    01:52     
157       0.000321    0.000287    01:52     
158       0.000321    0.000308    01:52     
159       0.000323    0.000305    01:52     
160       0.000316    0.000291    01:52     
161       0.000315    0.000306    01:52     
162       0.000316    0.000293    01:52     
163       0.000323    0.000293    01:52     
164       0.000318    0.000283    01:52     
165       0.000314    0.000290    01:52     
166       0.000313    0.000288    01:52     
167       0.000316    0.000310    01:52     
168       0.000316    0.000295    01:52     
169       0.000309    0.000298    01:52     
170       0.000309    0.000281    01:52     
171       0.000309    0.000299    01:52     
172       0.000311    0.000294    01:53     
173       0.000304    0.000280    01:53     
174       0.000307    0.000296    01:52     
175       0.000305    0.000276    01:52     
Better model found at epoch 175 with valid_loss value: 0.00027622238849289715.
176       0.000298    0.000269    01:52     
Better model found at epoch 176 with valid_loss value: 0.0002687339438125491.
177       0.000307    0.000276    01:53     
178       0.000298    0.000266    01:53     
Better model found at epoch 178 with valid_loss value: 0.00026606247411109507.
179       0.000294    0.000276    01:52     
180       0.000298    0.000281    01:52     
181       0.000305    0.000265    01:53     
Better model found at epoch 181 with valid_loss value: 0.0002649609523359686.
182       0.000302    0.000280    01:53     
183       0.000296    0.000268    01:53     
184       0.000298    0.000276    01:53     
185       0.000298    0.000281    01:53     
186       0.000294    0.000256    01:53     
Better model found at epoch 186 with valid_loss value: 0.0002562367881182581.
187       0.000291    0.000259    01:53     
188       0.000297    0.000297    01:53     
189       0.000287    0.000265    01:53     
190       0.000290    0.000275    01:53     
191       0.000287    0.000262    01:53     
192       0.000289    0.000271    01:53     
193       0.000286    0.000294    01:53     
194       0.000281    0.000252    01:52     
Better model found at epoch 194 with valid_loss value: 0.00025223297416232526.
195       0.000284    0.000263    01:53     
196       0.000286    0.000260    01:53     
197       0.000280    0.000279    01:53     
198       0.000278    0.000248    01:53     
Better model found at epoch 198 with valid_loss value: 0.00024848440079949796.
199       0.000279    0.000241    01:53     
Better model found at epoch 199 with valid_loss value: 0.0002407184219919145.
200       0.000283    0.000271    01:53     
201       0.000276    0.000260    01:53     
202       0.000277    0.000273    01:53     
203       0.000271    0.000268    01:53     
204       0.000275    0.000257    01:53     
205       0.000274    0.000261    01:53     
206       0.000273    0.000241    01:53     
Better model found at epoch 206 with valid_loss value: 0.0002405442064628005.
207       0.000270    0.000239    01:53     
Better model found at epoch 207 with valid_loss value: 0.0002386291598668322.
208       0.000274    0.000268    01:53     
209       0.000277    0.000257    01:53     
210       0.000266    0.000264    01:53     
211       0.000265    0.000233    01:53     
Better model found at epoch 211 with valid_loss value: 0.00023305625654757023.
212       0.000267    0.000261    01:53     
213       0.000271    0.000278    01:53     
214       0.000266    0.000251    01:53     
215       0.000260    0.000237    01:53     
216       0.000263    0.000268    01:53     
217       0.000257    0.000238    01:53     
218       0.000260    0.000238    01:53     
219       0.000260    0.000252    01:53     
220       0.000254    0.000238    01:53     
221       0.000260    0.000244    01:53     
222       0.000261    0.000244    01:53     
223       0.000258    0.000244    01:53     
224       0.000252    0.000237    01:53     
225       0.000255    0.000264    01:53     
226       0.000256    0.000229    01:53     
Better model found at epoch 226 with valid_loss value: 0.00022860850731376559.
227       0.000255    0.000262    01:54     
228       0.000260    0.000316    01:53     
229       0.000255    0.000262    01:54     
230       0.000252    0.000227    01:54     
Better model found at epoch 230 with valid_loss value: 0.0002269128308398649.
231       0.000250    0.000227    01:54     
232       0.000253    0.000236    01:54     
233       0.000251    0.000225    01:54     
Better model found at epoch 233 with valid_loss value: 0.0002247907395940274.
234       0.000248    0.000231    01:54     
235       0.000252    0.000237    01:54     
236       0.000254    0.000242    01:54     
237       0.000244    0.000273    01:54     
238       0.000245    0.000247    01:54     
239       0.000247    0.000225    01:54     
240       0.000253    0.000234    01:54     
241       0.000239    0.000237    01:54     
242       0.000242    0.000247    01:54     
243       0.000240    0.000247    01:54     
244       0.000245    0.000240    01:54     
245       0.000237    0.000224    01:54     
Better model found at epoch 245 with valid_loss value: 0.00022399576846510172.
246       0.000240    0.000231    01:54     
247       0.000239    0.000246    01:54     
248       0.000244    0.000260    01:54     
249       0.000243    0.000232    01:54     
250       0.000244    0.000221    01:54     
Better model found at epoch 250 with valid_loss value: 0.00022119429195299745.
251       0.000239    0.000232    01:54     
252       0.000236    0.000230    01:54     
253       0.000237    0.000243    01:54     
254       0.000251    0.000328    01:54     
255       0.000239    0.000216    01:54     
Better model found at epoch 255 with valid_loss value: 0.00021566625218838453.
256       0.000238    0.000210    01:54     
Better model found at epoch 256 with valid_loss value: 0.00020987592870369554.
257       0.000230    0.000252    01:54     
258       0.000237    0.000241    01:54     
259       0.000229    0.000223    01:55     
260       0.000250    0.000239    01:55     
261       0.000233    0.000207    01:55     
Better model found at epoch 261 with valid_loss value: 0.00020729200332425535.
262       0.000231    0.000230    01:55     
263       0.000233    0.000236    01:55     
264       0.000235    0.000231    01:55     
265       0.000227    0.000216    01:55     
266       0.000233    0.000225    01:55     
267       0.000227    0.000244    01:55     
268       0.000230    0.000256    01:55     
269       0.000227    0.000247    01:55     
270       0.000229    0.000214    01:55     
271       0.000230    0.000237    01:55     
272       0.000225    0.000237    01:55     
273       0.000229    0.000223    01:55     
274       0.000238    0.000230    01:55     
275       0.000227    0.000236    01:55     
276       0.000223    0.000213    01:55     
277       0.000225    0.000215    01:55     
278       0.000229    0.000276    01:55     
279       0.000225    0.000205    01:55     
Better model found at epoch 279 with valid_loss value: 0.00020485724962782115.
280       0.000230    0.000213    01:55     
281       0.000225    0.000220    01:55     
282       0.000229    0.000215    01:55     
283       0.000232    0.000239    01:55     
284       0.000223    0.000230    01:55     
285       0.000224    0.000241    01:55     
286       0.000226    0.000232    01:55     
287       0.000224    0.000230    01:55     
288       0.000223    0.000240    01:55     
289       0.000230    0.000237    01:55     
290       0.000231    0.000219    01:55     
291       0.000219    0.000233    01:55     
292       0.000221    0.000209    01:55     
293       0.000220    0.000221    01:55     
294       0.000229    0.000229    01:55     
295       0.000224    0.000230    01:55     
296       0.000218    0.000204    01:55     
Better model found at epoch 296 with valid_loss value: 0.0002043880958808586.
297       0.000218    0.000219    01:55     
298       0.000218    0.000224    01:55     
299       0.000219    0.000225    01:56     
300       0.000214    0.000219    01:56     
301       0.000218    0.000216    01:56     
302       0.000213    0.000219    01:55     
303       0.000216    0.000236    01:56     
304       0.000215    0.000207    01:56     
305       0.000217    0.000207    01:56     
306       0.000210    0.000231    01:56     
307       0.000218    0.000357    01:56     
308       0.000215    0.000221    01:56     
309       0.000218    0.000228    01:56     
310       0.000220    0.000247    01:56     
311       0.000215    0.000228    01:56     
312       0.000212    0.000244    01:56     
313       0.000209    0.000228    01:55     
314       0.000212    0.000226    01:55     
315       0.000211    0.000216    01:56     
316       0.000211    0.000234    01:56     
317       0.000213    0.000227    01:55     
318       0.000206    0.000196    01:56     
Better model found at epoch 318 with valid_loss value: 0.00019640411483123899.
319       0.000208    0.000199    01:55     
320       0.000214    0.000218    01:56     
321       0.000209    0.000192    01:56     
Better model found at epoch 321 with valid_loss value: 0.00019224497373215854.
322       0.000203    0.000205    01:55     
323       0.000208    0.000197    01:56     
324       0.000203    0.000194    01:56     
325       0.000204    0.000205    01:56     
326       0.000207    0.000215    01:56     
327       0.000212    0.000233    01:56     
328       0.000206    0.000215    01:56     
329       0.000210    0.000221    01:55     
330       0.000209    0.000201    01:56     
331       0.000203    0.000204    01:56     
332       0.000206    0.000230    01:55     
333       0.000203    0.000191    01:56     
Better model found at epoch 333 with valid_loss value: 0.00019059088663198054.
334       0.000205    0.000236    01:56     
335       0.000207    0.000227    01:56     
336       0.000202    0.000217    01:56     
337       0.000208    0.000203    01:56     
338       0.000202    0.000229    01:56     
339       0.000202    0.000207    01:55     
340       0.000208    0.000215    01:56     
341       0.000201    0.000211    01:56     
342       0.000216    0.000242    01:56     
343       0.000207    0.000217    01:56     
344       0.000203    0.000240    01:56     
345       0.000205    0.000248    01:56     
346       0.000207    0.000203    01:56     
347       0.000203    0.000209    01:56     
348       0.000196    0.000204    01:56     
349       0.000202    0.000200    01:56     
350       0.000201    0.000238    01:56     
351       0.000201    0.000241    01:56     
352       0.000202    0.000226    01:56     
353       0.000196    0.000230    01:56     
354       0.000202    0.000211    01:56     
355       0.000199    0.000216    01:56     
356       0.000200    0.000218    01:56     
357       0.000204    0.000208    01:56     
358       0.000199    0.000225    01:56     
359       0.000200    0.000282    01:56     
360       0.000202    0.000227    01:56     
361       0.000204    0.000214    01:56     
362       0.000199    0.000239    01:56     
363       0.000198    0.000259    01:56     
364       0.000193    0.000221    01:56     
365       0.000200    0.000216    01:56     
366       0.000194    0.000193    01:56     
367       0.000196    0.000207    01:56     
368       0.000196    0.000235    01:56     
369       0.000190    0.000227    01:56     
370       0.000196    0.000253    01:56     
371       0.000194    0.000202    01:56     
372       0.000191    0.000205    01:57     
373       0.000197    0.000296    01:56     
374       0.000195    0.000236    01:56     
375       0.000195    0.000313    01:56     
376       0.000197    0.000211    01:57     
377       0.000194    0.000232    01:57     
378       0.000198    0.000219    01:57     
379       0.000199    0.000222    01:56     
380       0.000195    0.000273    01:56     
381       0.000201    0.000276    01:57     
382       0.000197    0.000252    01:56     
383       0.000195    0.000200    01:57     
384       0.000194    0.000200    01:57     
385       0.000195    0.000214    01:57     
386       0.000194    0.000283    01:56     
387       0.000195    0.000203    01:57     
388       0.000194    0.000238    01:57     
389       0.000191    0.000208    01:57     
390       0.000191    0.000215    01:57     
391       0.000192    0.000254    01:57     
392       0.000189    0.000302    01:57     
393       0.000193    0.000237    01:57     
394       0.000191    0.000352    01:57     
395       0.000192    0.000241    01:57     
396       0.000190    0.000342    01:57     
397       0.000198    0.000262    01:57     
398       0.000192    0.000284    01:57     
399       0.000189    0.000332    01:57     
400       0.000194    0.000251    01:57     
401       0.000193    0.000250    01:57     
402       0.000196    0.000273    01:57     
403       0.000190    0.000311    01:57     
404       0.000197    0.000200    01:57     
405       0.000190    0.000231    01:57     
406       0.000194    0.000229    01:57     
407       0.000187    0.000196    01:57     
408       0.000189    0.000229    01:57     
409       0.000187    0.000219    01:57     
410       0.000188    0.000224    01:57     
411       0.000188    0.000258    01:57     
412       0.000188    0.000248    01:57     
413       0.000189    0.000307    01:57     
414       0.000190    0.000271    01:57     
415       0.000186    0.000245    01:57     
416       0.000188    0.000290    01:57     
417       0.000188    0.000280    01:57     
418       0.000189    0.000235    01:57     
419       0.000193    0.000248    01:57     
420       0.000189    0.000237    01:57     
421       0.000189    0.000495    01:57     
422       0.000184    0.000306    01:57     
423       0.000186    0.000219    01:57     
424       0.000185    0.000227    01:57     
425       0.000189    0.000242    01:58     
426       0.000188    0.000201    01:57     
427       0.000183    0.000292    01:57     
428       0.000195    0.000219    01:57     
429       0.000186    0.000298    01:57     
430       0.000184    0.000203    01:57     
431       0.000187    0.000189    01:58     
Better model found at epoch 431 with valid_loss value: 0.0001887554390123114.
432       0.000182    0.000245    01:57     
433       0.000185    0.000220    01:58     
434       0.000183    0.000199    01:57     
435       0.000186    0.000207    01:58     
436       0.000185    0.000216    01:58     
437       0.000183    0.000212    01:57     
438       0.000187    0.000208    01:58     
439       0.000188    0.000258    01:57     
440       0.000181    0.000218    01:58     
441       0.000181    0.000210    01:57     
442       0.000180    0.000310    01:58     
443       0.000183    0.000212    01:58     
444       0.000187    0.000397    01:58     
445       0.000179    0.000176    01:58     
Better model found at epoch 445 with valid_loss value: 0.00017571794160176069.
446       0.000186    0.000233    01:58     
447       0.000186    0.000380    01:58     
448       0.000189    0.000260    01:58     
449       0.000183    0.000269    01:58     
450       0.000186    0.000457    01:58     
451       0.000177    0.000276    01:57     
452       0.000185    0.000269    01:58     
453       0.000183    0.000206    01:57     
454       0.000182    0.000271    01:57     
455       0.000192    0.000289    01:58     
456       0.000184    0.000359    01:58     
457       0.000185    0.000206    01:58     
458       0.000184    0.000190    01:57     
459       0.000188    0.000186    01:58     
460       0.000180    0.000313    01:58     
461       0.000179    0.000252    01:58     
462       0.000189    0.000526    01:58     
463       0.000179    0.000242    01:57     
464       0.000186    0.000254    01:57     
465       0.000180    0.000216    01:57     
466       0.000183    0.000212    01:57     
467       0.000176    0.000267    01:57     
468       0.000182    0.000212    01:57     
469       0.000178    0.000247    01:57     
470       0.000176    0.000239    01:57     
471       0.000181    0.000206    01:57     
472       0.000180    0.000343    01:57     
473       0.000182    0.000211    01:57     
474       0.000181    0.000322    01:57     
475       0.000180    0.000191    01:57     
476       0.000182    0.000193    01:57     
477       0.000185    0.000313    01:57     
478       0.000178    0.000242    01:57     
479       0.000175    0.000200    01:58     
480       0.000180    0.000185    01:57     
481       0.000184    0.000253    01:57     
482       0.000182    0.000213    01:57     
483       0.000179    0.000318    01:57     
484       0.000179    0.000255    01:57     
485       0.000182    0.000438    01:57     
486       0.000178    0.000239    01:57     
487       0.000177    0.000212    01:57     
488       0.000179    0.000192    01:57     
489       0.000179    0.000234    01:57     
490       0.000177    0.000282    01:57     
491       0.000181    0.000186    01:57     
492       0.000178    0.000259    01:57     
493       0.000179    0.000230    01:57     
494       0.000182    0.000211    01:57     
495       0.000176    0.000203    01:57     
496       0.000177    0.000251    01:57     
497       0.000180    0.000230    01:57     
498       0.000182    0.000225    01:57     
499       0.000185    0.000208    01:57     
500       0.000179    0.000216    01:57     
501       0.000175    0.000262    01:57     
502       0.000180    0.000256    01:57     
503       0.000178    0.000394    01:57     
504       0.000180    0.000260    01:57     
505       0.000176    0.000188    01:57     
506       0.000183    0.000250    01:57     
507       0.000182    0.000263    01:57     
508       0.000187    0.000222    01:57     
509       0.000180    0.000303    01:57     
510       0.000180    0.000237    01:57     
511       0.000176    0.000244    01:57     
512       0.000176    0.000234    01:57     
513       0.000176    0.000188    01:57     
514       0.000172    0.000209    01:57     
515       0.000181    0.000318    01:57     
516       0.000176    0.000281    01:57     
517       0.000181    0.000207    01:57     
518       0.000176    0.000253    01:57     
519       0.000173    0.000250    01:57     
520       0.000183    0.000244    01:57     
521       0.000170    0.000187    01:57     
522       0.000176    0.000207    01:57     
523       0.000174    0.000451    01:57     
524       0.000177    0.000297    01:57     
525       0.000176    0.000268    01:57     
526       0.000184    0.000266    01:57     
527       0.000176    0.000228    01:57     
528       0.000180    0.000221    01:57     
529       0.000174    0.000190    01:58     
530       0.000174    0.000476    01:57     
531       0.000173    0.000211    01:57     
532       0.000173    0.000240    01:57     
533       0.000175    0.000226    01:57     
534       0.000175    0.000234    01:57     
535       0.000170    0.000267    01:57     
536       0.000173    0.000196    01:57     
537       0.000177    0.000369    01:57     
538       0.000174    0.000204    01:57     
539       0.000175    0.000207    01:57     
540       0.000176    0.000261    01:57     
541       0.000177    0.000418    01:58     
542       0.000180    0.000231    01:57     
543       0.000178    0.000290    01:57     
544       0.000184    0.000179    01:58     
545       0.000177    0.000385    01:58     
546       0.000175    0.000307    01:57     
547       0.000174    0.000197    01:58     
548       0.000173    0.000214    01:57     
549       0.000174    0.000254    01:57     
550       0.000178    0.000206    01:57     
551       0.000177    0.000273    01:57     
552       0.000177    0.000248    01:57     
553       0.000174    0.000262    01:57     
554       0.000171    0.000213    01:57     
555       0.000177    0.000256    01:58     
556       0.000182    0.000289    01:57     
557       0.000176    0.000377    01:57     
558       0.000174    0.000206    01:58     
559       0.000173    0.000503    01:57     
560       0.000169    0.000263    01:57     
561       0.000178    0.000246    01:58     
562       0.000175    0.000278    01:57     
563       0.000173    0.000241    01:57     
564       0.000178    0.000219    01:58     
565       0.000178    0.000195    01:57     
566       0.000176    0.000481    01:57     
567       0.000175    0.000191    01:58     
568       0.000174    0.000265    01:57     
569       0.000171    0.000245    01:58     
570       0.000176    0.000178    01:57     
571       0.000173    0.000277    01:57     
572       0.000176    0.000390    01:57     
573       0.000173    0.000206    01:57     
574       0.000172    0.000240    01:57     
575       0.000170    0.000801    01:57     
576       0.000176    0.000222    01:57     
577       0.000172    0.000281    01:58     
578       0.000182    0.000249    01:58     
579       0.000172    0.000190    01:58     
580       0.000174    0.000324    01:57     
581       0.000181    0.000197    01:58     
582       0.000175    0.000171    01:58     
Better model found at epoch 582 with valid_loss value: 0.0001708241761662066.
583       0.000174    0.000216    01:57     
584       0.000173    0.000216    01:58     
585       0.000171    0.000217    01:57     
586       0.000177    0.000211    01:57     
587       0.000176    0.000194    01:58     
588       0.000170    0.000298    01:58     
589       0.000171    0.000268    01:57     
590       0.000171    0.000531    01:58     
591       0.000167    0.000267    01:57     
592       0.000176    0.000324    01:58     
593       0.000182    0.000376    01:58     
594       0.000175    0.000266    01:57     
595       0.000171    0.000204    01:58     
596       0.000176    0.000195    01:57     
597       0.000171    0.000219    01:58     
598       0.000177    0.000219    01:57     
599       0.000175    0.000311    01:57     
600       0.000175    0.000449    01:58     
601       0.000175    0.000216    01:58     
602       0.000175    0.000216    01:57     
603       0.000171    0.000271    01:57     
604       0.000176    0.000430    01:58     
605       0.000171    0.000760    01:57     
606       0.000172    0.000200    01:58     
607       0.000173    0.000196    01:58     
608       0.000171    0.000178    01:58     
609       0.000172    0.000227    01:58     
610       0.000170    0.000205    01:58     
611       0.000175    0.000215    01:58     
612       0.000179    0.000301    01:58     
613       0.000183    0.000249    01:58     
614       0.000173    0.000224    01:58     
615       0.000184    0.000243    01:58     
616       0.000185    0.000232    01:58     
617       0.000177    0.000207    01:58     
618       0.000182    0.000238    01:58     
619       0.000182    0.000224    01:58     
620       0.000180    0.000212    01:57     
621       0.000183    0.000483    01:57     
622       0.000181    0.000465    01:58     
623       0.000179    0.000225    01:58     
624       0.000176    0.000300    01:58     
625       0.000178    0.000238    01:57     
626       0.000176    0.000208    01:57     
627       0.000177    0.000234    01:58     
628       0.000176    0.000505    01:57     
629       0.000174    0.000497    01:57     
630       0.000174    0.000224    01:58     
631       0.000173    0.000210    01:57     
632       0.000172    0.000303    01:57     
633       0.000181    0.000226    01:58     
634       0.000179    0.000724    01:57     
635       0.000180    0.000285    01:58     
636       0.000175    0.000194    01:58     
637       0.000180    0.000855    01:58     
638       0.000185    0.000225    01:58     
639       0.000182    0.000217    01:58     
640       0.000181    0.000203    01:58     
641       0.000187    0.000193    01:58     
642       0.000180    0.000223    01:58     
643       0.000176    0.000213    01:58     
644       0.000174    0.000278    01:58     
645       0.000178    0.000321    01:58     
646       0.000177    0.000217    01:58     
647       0.000173    0.000201    01:58     
648       0.000176    0.000208    01:58     
649       0.000174    0.000242    01:58     
650       0.000174    0.000205    01:58     
651       0.000171    0.000407    01:58     
652       0.000174    0.000362    01:58     
653       0.000176    0.000426    01:57     
654       0.000175    0.000343    01:58     
655       0.000177    0.000347    01:57     
656       0.000178    0.000524    01:57     
657       0.000173    0.000232    01:57     
658       0.000174    0.000844    01:57     
659       0.000172    0.000274    01:58     
660       0.000173    0.000224    01:57     
661       0.000172    0.000264    01:57     
662       0.000172    0.000222    01:57     
663       0.000181    0.000239    01:57     
664       0.000173    0.000237    01:57     
665       0.000177    0.000239    01:57     
666       0.000174    0.000268    01:57     
667       0.000174    0.000190    01:57     
668       0.000175    0.000246    01:57     
669       0.000171    0.000577    01:57     
670       0.000178    0.000182    01:57     
671       0.000175    0.000215    01:57     
672       0.000176    0.000243    01:57     
673       0.000172    0.000240    01:57     
674       0.000172    0.000281    01:57     
675       0.000171    0.000542    01:57     
676       0.000174    0.000250    01:57     
677       0.000176    0.000231    01:57     
678       0.000175    0.000400    01:57     
679       0.000171    0.000240    01:57     
680       0.000170    0.000425    01:57     
681       0.000173    0.000192    01:57     
682       0.000175    0.000231    01:57     
683       0.000170    0.000303    01:57     
684       0.000179    0.000229    01:57     
685       0.000174    0.000237    01:57     
686       0.000179    0.000245    01:57     
687       0.000178    0.000282    01:57     
688       0.000170    0.000222    01:57     
689       0.000170    0.000187    01:58     
690       0.000179    0.000243    01:56     
691       0.000171    0.000656    01:56     
692       0.000176    0.000519    01:56     
693       0.000168    0.000231    01:56     
694       0.000176    0.000244    01:56     
695       0.000177    0.000198    01:56     
696       0.000171    0.000199    01:56     
697       0.000167    0.000299    01:56     
698       0.000173    0.000191    01:56     
699       0.000177    0.000341    01:56     
700       0.000173    0.000210    01:56     
701       0.000173    0.000200    01:56     
702       0.000173    0.000234    01:56     
703       0.000171    0.000302    01:56     
704       0.000171    0.000193    01:56     
705       0.000170    0.000241    01:56     
706       0.000173    0.000188    01:56     
707       0.000169    0.000291    01:56     
708       0.000171    0.000208    01:56     
709       0.000172    0.000773    01:57     
710       0.000169    0.000294    01:56     
711       0.000172    0.000242    01:56     
712       0.000172    0.000361    01:57     
713       0.000172    0.000198    01:56     
714       0.000172    0.000332    01:56     
715       0.000172    0.000216    01:56     
716       0.000170    0.000246    01:56     
717       0.000176    0.000273    01:56     
718       0.000175    0.000339    01:56     
719       0.000169    0.000208    01:56     
720       0.000173    0.000283    01:56     
721       0.000173    0.000387    01:56     
722       0.000175    0.000768    01:56     
723       0.000174    0.000241    01:56     
724       0.000177    0.000569    01:56     
725       0.000170    0.000270    01:56     
726       0.000173    0.000198    01:56     
727       0.000174    0.000594    01:56     
728       0.000171    0.000195    01:56     
729       0.000172    0.000207    01:56     
730       0.000171    0.000222    01:56     
731       0.000169    0.000257    01:56     
732       0.000175    0.000199    01:56     
733       0.000171    0.000389    01:56     
734       0.000169    0.000332    01:56     
735       0.000165    0.000235    01:56     
736       0.000171    0.000338    01:56     
737       0.000168    0.000268    01:56     
738       0.000168    0.000197    01:56     
739       0.000170    0.000320    01:56     
740       0.000169    0.000242    01:56     
741       0.000172    0.000303    01:56     
742       0.000167    0.000388    01:56     
743       0.000172    0.000361    01:56     
744       0.000168    0.000268    01:56     
745       0.000170    0.000173    01:56     
746       0.000170    0.000539    01:56     
747       0.000166    0.000253    01:56     
748       0.000169    0.000198    01:56     
749       0.000167    0.000214    01:56     
750       0.000170    0.000252    01:56     
751       0.000171    0.000345    01:56     
752       0.000169    0.000449    01:56     
753       0.000167    0.000602    01:56     
754       0.000178    0.000518    01:55     
755       0.000171    0.000244    01:56     
756       0.000167    0.000168    01:56     
Better model found at epoch 756 with valid_loss value: 0.00016759353457018733.
757       0.000169    0.000245    01:56     
758       0.000174    0.000186    01:56     
759       0.000166    0.000225    01:56     
760       0.000164    0.000232    01:56     
761       0.000168    0.000369    01:56     
762       0.000166    0.000215    01:56     
763       0.000161    0.000306    01:56     
764       0.000167    0.000996    01:56     
765       0.000168    0.000250    01:56     
766       0.000169    0.000214    01:56     
767       0.000170    0.000227    01:56     
768       0.000169    0.000206    01:56     
769       0.000172    0.000198    01:56     
770       0.000167    0.000215    01:55     
771       0.000165    0.000184    01:55     
772       0.000165    0.000216    01:55     
773       0.000168    0.000188    01:55     
774       0.000165    0.000289    01:55     
775       0.000163    0.000208    01:55     
776       0.000164    0.000195    01:54     
777       0.000167    0.000265    01:55     
778       0.000169    0.000212    01:55     
779       0.000166    0.000663    01:54     
780       0.000163    0.000190    01:55     
781       0.000166    0.000256    01:54     
782       0.000162    0.000200    01:54     
783       0.000166    0.000198    01:55     
784       0.000167    0.000197    01:54     
785       0.000159    0.000174    01:55     
786       0.000167    0.000188    01:55     
787       0.000161    0.000235    01:54     
788       0.000163    0.000236    01:55     
789       0.000161    0.000171    01:55     
790       0.000166    0.000285    01:54     
791       0.000175    0.000375    01:55     
792       0.000166    0.000239    01:54     
793       0.000171    0.000215    01:55     
794       0.000168    0.000206    01:55     
795       0.000163    0.000193    01:54     
796       0.000163    0.000170    01:55     
797       0.000160    0.000217    01:55     
798       0.000161    0.000181    01:54     
799       0.000163    0.000166    01:55     
Better model found at epoch 799 with valid_loss value: 0.00016582076204940677.
800       0.000164    0.000166    01:55     
Better model found at epoch 800 with valid_loss value: 0.00016565302212256938.
801       0.000162    0.000233    01:54     
802       0.000165    0.000167    01:54     
803       0.000163    0.000233    01:55     
804       0.000161    0.000191    01:54     
805       0.000161    0.000173    01:55     
806       0.000167    0.000211    01:54     
807       0.000165    0.000217    01:54     
808       0.000164    0.000183    01:55     
809       0.000164    0.000198    01:55     
810       0.000163    0.000191    01:54     
811       0.000162    0.000224    01:54     
812       0.000165    0.000215    01:54     
813       0.000164    0.000290    01:54     
814       0.000161    0.000196    01:54     
815       0.000161    0.000184    01:54     
816       0.000162    0.000215    01:54     
817       0.000164    0.000193    01:54     
818       0.000161    0.000217    01:54     
819       0.000161    0.000203    01:55     
820       0.000163    0.000194    01:54     
821       0.000163    0.000197    01:54     
822       0.000160    0.000184    01:55     
823       0.000162    0.000249    01:54     
824       0.000164    0.000210    01:54     
825       0.000160    0.000300    01:55     
826       0.000162    0.000195    01:55     
827       0.000160    0.000183    01:54     
828       0.000160    0.000200    01:55     
829       0.000165    0.000251    01:55     
830       0.000162    0.000255    01:55     
831       0.000159    0.000177    01:55     
832       0.000159    0.000247    01:54     
833       0.000160    0.000173    01:55     
834       0.000162    0.000202    01:54     
835       0.000161    0.000192    01:55     
836       0.000164    0.000298    01:55     
837       0.000165    0.000252    01:55     
838       0.000164    0.000295    01:55     
839       0.000161    0.000180    01:54     
840       0.000162    0.000198    01:55     
841       0.000158    0.000277    01:55     
842       0.000161    0.000202    01:55     
843       0.000161    0.000285    01:55     
844       0.000160    0.000331    01:55     
845       0.000162    0.000183    01:55     
846       0.000162    0.000186    01:55     
847       0.000162    0.000397    01:55     
848       0.000159    0.000172    01:54     
849       0.000161    0.000215    01:55     
850       0.000157    0.000169    01:55     
851       0.000166    0.000195    01:55     
852       0.000162    0.000224    01:55     
853       0.000160    0.000189    01:55     
854       0.000162    0.000174    01:55     
855       0.000164    0.000195    01:55     
856       0.000158    0.000232    01:55     
857       0.000159    0.000163    01:54     
Better model found at epoch 857 with valid_loss value: 0.00016292963118758053.
858       0.000160    0.000178    01:55     
859       0.000159    0.000181    01:54     
860       0.000165    0.000324    01:55     
861       0.000157    0.000169    01:55     
862       0.000159    0.000162    01:54     
Better model found at epoch 862 with valid_loss value: 0.00016186927678063512.
863       0.000160    0.000268    01:55     
864       0.000165    0.000274    01:54     
865       0.000161    0.000178    01:55     
866       0.000162    0.000191    01:54     
867       0.000157    0.000219    01:54     
868       0.000160    0.000200    01:54     
869       0.000158    0.000166    01:55     
870       0.000162    0.000230    01:55     
871       0.000159    0.000181    01:54     
872       0.000160    0.000189    01:54     
873       0.000158    0.000206    01:55     
874       0.000160    0.000179    01:55     
875       0.000160    0.000229    01:55     
876       0.000160    0.000227    01:55     
877       0.000162    0.000149    01:55     
Better model found at epoch 877 with valid_loss value: 0.00014897379151079804.
878       0.000158    0.000207    01:54     
879       0.000160    0.000180    01:55     
880       0.000161    0.000181    01:54     
881       0.000161    0.000245    01:55     
882       0.000160    0.000281    01:55     
883       0.000161    0.000207    01:54     
884       0.000156    0.000231    01:55     
885       0.000160    0.000164    01:54     
886       0.000162    0.000206    01:54     
887       0.000160    0.000215    01:55     
888       0.000164    0.000179    01:54     
889       0.000161    0.000205    01:54     
890       0.000161    0.000171    01:54     
891       0.000160    0.000194    01:55     
892       0.000161    0.000171    01:54     
893       0.000162    0.000190    01:55     
894       0.000158    0.000180    01:54     
895       0.000169    0.000189    01:54     
896       0.000160    0.000270    01:55     
897       0.000160    0.000290    01:54     
898       0.000154    0.000250    01:55     
899       0.000155    0.000365    01:54     
900       0.000158    0.000179    01:54     
901       0.000159    0.000224    01:55     
902       0.000161    0.000181    01:55     
903       0.000157    0.000188    01:54     
904       0.000155    0.000225    01:55     
905       0.000154    0.000205    01:55     
906       0.000160    0.000271    01:55     
907       0.000155    0.000210    01:55     
908       0.000159    0.000216    01:55     
909       0.000157    0.000230    01:54     
910       0.000153    0.000185    01:55     
911       0.000153    0.000156    01:55     
912       0.000157    0.000183    01:54     
913       0.000155    0.000180    01:54     
914       0.000158    0.000168    01:54     
915       0.000156    0.000244    01:54     
916       0.000156    0.000206    01:55     
917       0.000158    0.000207    01:54     
918       0.000154    0.000163    01:54     
919       0.000152    0.000177    01:55     
920       0.000159    0.000189    01:55     
921       0.000157    0.000178    01:54     
922       0.000156    0.000176    01:55     
923       0.000157    0.000201    01:55     
924       0.000160    0.000207    01:55     
925       0.000155    0.000221    01:55     
926       0.000156    0.000167    01:54     
927       0.000155    0.000173    01:55     
928       0.000159    0.000201    01:55     
929       0.000161    0.000192    01:54     
930       0.000157    0.000188    01:54     
931       0.000155    0.000174    01:55     
932       0.000154    0.000167    01:55     
933       0.000156    0.000211    01:55     
934       0.000154    0.000206    01:55     
935       0.000158    0.000164    01:55     
936       0.000158    0.000153    01:55     
937       0.000156    0.000181    01:55     
938       0.000156    0.000286    01:54     
939       0.000158    0.000187    01:54     
940       0.000155    0.000185    01:55     
941       0.000157    0.000183    01:54     
942       0.000159    0.000244    01:55     
943       0.000157    0.000162    01:55     
944       0.000157    0.000160    01:55     
945       0.000155    0.000185    01:55     
946       0.000158    0.000218    01:55     
947       0.000155    0.000184    01:55     
948       0.000153    0.000181    01:55     
949       0.000156    0.000159    01:55     
950       0.000157    0.000173    01:55     
951       0.000155    0.000221    01:55     
952       0.000157    0.000211    01:55     
953       0.000152    0.000177    01:55     
954       0.000161    0.000247    01:55     
955       0.000157    0.000282    01:55     
956       0.000154    0.000202    01:55     
957       0.000154    0.000203    01:55     
958       0.000154    0.000172    01:55     
959       0.000153    0.000158    01:55     
960       0.000157    0.000202    01:55     
961       0.000162    0.000151    01:55     
962       0.000159    0.000246    01:55     
963       0.000155    0.000179    01:55     
964       0.000158    0.000193    01:55     
965       0.000153    0.000207    01:54     
966       0.000151    0.000180    01:55     
967       0.000155    0.000173    01:55     
968       0.000152    0.000169    01:55     
969       0.000151    0.000182    01:55     
970       0.000157    0.000175    01:55     
971       0.000152    0.000208    01:55     
972       0.000153    0.000156    01:55     
973       0.000155    0.000138    01:55     
Better model found at epoch 973 with valid_loss value: 0.00013756152475252748.
974       0.000155    0.000182    01:54     
975       0.000156    0.000151    01:55     
976       0.000155    0.000151    01:55     
977       0.000154    0.000161    01:55     
978       0.000151    0.000165    01:55     
979       0.000148    0.000159    01:55     
980       0.000152    0.000174    01:55     
981       0.000153    0.000243    01:55     
982       0.000156    0.000153    01:55     
983       0.000151    0.000195    01:55     
984       0.000151    0.000191    01:55     
985       0.000153    0.000167    01:55     
986       0.000150    0.000259    01:55     
987       0.000150    0.000163    01:55     
988       0.000155    0.000170    01:55     
989       0.000152    0.000195    01:55     
990       0.000153    0.000161    01:55     
991       0.000153    0.000162    01:55     
992       0.000153    0.000318    01:55     
993       0.000151    0.000197    01:55     
994       0.000155    0.000177    01:55     
995       0.000153    0.000168    01:55     
996       0.000155    0.000271    01:55     
997       0.000148    0.000191    01:55     
998       0.000152    0.000215    01:55     
999       0.000150    0.000198    01:55     
1000      0.000150    0.000170    01:54     
1001      0.000150    0.000150    01:55     
1002      0.000152    0.000278    01:55     
1003      0.000151    0.000172    01:55     
1004      0.000149    0.000144    01:55     
1005      0.000151    0.000197    01:55     
1006      0.000152    0.000186    01:55     
1007      0.000155    0.000210    01:55     
1008      0.000154    0.000167    01:55     
1009      0.000154    0.000284    01:55     
1010      0.000154    0.000153    01:55     
1011      0.000150    0.000197    01:55     
1012      0.000152    0.000152    01:54     
1013      0.000145    0.000154    01:55     
1014      0.000150    0.000177    01:55     
1015      0.000159    0.000185    01:55     
1016      0.000149    0.000245    01:55     
1017      0.000155    0.000283    01:55     
1018      0.000156    0.000174    01:55     
1019      0.000150    0.000164    01:56     
1020      0.000153    0.000192    01:55     
1021      0.000151    0.000149    01:55     
1022      0.000151    0.000177    01:55     
1023      0.000153    0.000166    01:55     
1024      0.000152    0.000176    01:55     
1025      0.000149    0.000171    01:55     
1026      0.000150    0.000151    01:55     
1027      0.000152    0.000189    01:55     
1028      0.000152    0.000150    01:55     
1029      0.000149    0.000177    01:55     
1030      0.000152    0.000165    01:55     
1031      0.000154    0.000159    01:55     
1032      0.000153    0.000166    01:55     
1033      0.000146    0.000309    01:55     
1034      0.000149    0.000147    01:55     
1035      0.000148    0.000216    01:55     
1036      0.000148    0.000157    01:55     
1037      0.000143    0.000152    01:55     
1038      0.000148    0.000160    01:55     
1039      0.000148    0.000156    01:55     
1040      0.000152    0.000191    01:55     
1041      0.000146    0.000140    01:55     
1042      0.000151    0.000186    01:55     
1043      0.000149    0.000152    01:55     
1044      0.000151    0.000211    01:55     
1045      0.000154    0.000241    01:55     
1046      0.000152    0.000182    01:55     
1047      0.000150    0.000256    01:55     
1048      0.000147    0.000306    01:55     
1049      0.000147    0.000256    01:55     
1050      0.000148    0.000173    01:55     
1051      0.000148    0.000147    01:55     
1052      0.000145    0.000151    01:55     
1053      0.000144    0.000365    01:55     
1054      0.000150    0.000158    01:55     
1055      0.000143    0.000250    01:55     
1056      0.000147    0.000150    01:55     
1057      0.000149    0.000162    01:55     
1058      0.000145    0.000149    01:55     
1059      0.000145    0.000154    01:55     
1060      0.000145    0.000163    01:55     
1061      0.000145    0.000349    01:55     
1062      0.000148    0.000169    01:55     
1063      0.000148    0.000143    01:55     
1064      0.000148    0.000260    01:55     
1065      0.000145    0.000140    01:55     
1066      0.000146    0.000176    01:55     
1067      0.000148    0.000181    01:55     
1068      0.000147    0.000165    01:55     
1069      0.000149    0.000168    01:55     
1070      0.000143    0.000138    01:55     
1071      0.000142    0.000153    01:55     
1072      0.000148    0.000183    01:55     
1073      0.000148    0.000201    01:55     
1074      0.000144    0.000162    01:55     
1075      0.000145    0.000158    01:55     
1076      0.000142    0.000165    01:56     
1077      0.000143    0.000169    01:55     
1078      0.000143    0.000147    01:55     
1079      0.000141    0.000144    01:55     
1080      0.000143    0.000175    01:55     
1081      0.000142    0.000144    01:55     
1082      0.000141    0.000164    01:55     
1083      0.000144    0.000204    01:55     
1084      0.000144    0.000208    01:55     
1085      0.000145    0.000161    01:55     
1086      0.000140    0.000152    01:55     
1087      0.000144    0.000159    01:55     
1088      0.000143    0.000166    01:55     
1089      0.000143    0.000145    01:55     
1090      0.000145    0.000153    01:55     
1091      0.000144    0.000136    01:55     
Better model found at epoch 1091 with valid_loss value: 0.00013606077118311077.
1092      0.000142    0.000147    01:55     
1093      0.000146    0.000137    01:55     
1094      0.000148    0.000173    01:55     
1095      0.000141    0.000156    01:55     
1096      0.000146    0.000187    01:55     
1097      0.000145    0.000133    01:55     
Better model found at epoch 1097 with valid_loss value: 0.00013297096302267164.
1098      0.000141    0.000133    01:55     
Better model found at epoch 1098 with valid_loss value: 0.00013267932808957994.
1099      0.000141    0.000163    01:55     
1100      0.000143    0.000145    01:55     
1101      0.000141    0.000168    01:55     
1102      0.000141    0.000147    01:55     
1103      0.000141    0.000127    01:55     
Better model found at epoch 1103 with valid_loss value: 0.00012675182370003313.
1104      0.000143    0.000139    01:55     
1105      0.000141    0.000142    01:55     
1106      0.000141    0.000153    01:55     
1107      0.000140    0.000144    01:55     
1108      0.000138    0.000157    01:55     
1109      0.000144    0.000155    01:55     
1110      0.000145    0.000151    01:56     
1111      0.000143    0.000160    01:55     
1112      0.000140    0.000163    01:55     
1113      0.000145    0.000142    01:55     
1114      0.000141    0.000147    01:56     
1115      0.000139    0.000169    01:55     
1116      0.000141    0.000152    01:55     
1117      0.000146    0.000137    01:55     
1118      0.000143    0.000143    01:56     
1119      0.000140    0.000147    01:55     
1120      0.000139    0.000220    01:55     
1121      0.000143    0.000151    01:55     
1122      0.000143    0.000162    01:56     
1123      0.000142    0.000153    01:55     
1124      0.000142    0.000157    01:55     
1125      0.000140    0.000143    01:56     
1126      0.000139    0.000149    01:55     
1127      0.000140    0.000128    01:55     
1128      0.000140    0.000147    01:55     
1129      0.000140    0.000140    01:55     
1130      0.000136    0.000132    01:55     
1131      0.000139    0.000149    01:56     
1132      0.000138    0.000132    01:55     
1133      0.000135    0.000156    01:56     
1134      0.000139    0.000128    01:55     
1135      0.000134    0.000173    01:55     
1136      0.000140    0.000181    01:55     
1137      0.000138    0.000151    01:55     
1138      0.000137    0.000171    01:55     
1139      0.000137    0.000136    01:55     
1140      0.000140    0.000158    01:55     
1141      0.000136    0.000130    01:55     
1142      0.000135    0.000120    01:55     
Better model found at epoch 1142 with valid_loss value: 0.00011988663027295843.
1143      0.000138    0.000142    01:55     
1144      0.000136    0.000128    01:55     
1145      0.000136    0.000150    01:56     
1146      0.000136    0.000221    01:55     
1147      0.000136    0.000127    01:55     
1148      0.000144    0.000148    01:55     
1149      0.000141    0.000146    01:55     
1150      0.000139    0.000134    01:55     
1151      0.000138    0.000136    01:55     
1152      0.000138    0.000144    01:55     
1153      0.000140    0.000138    01:56     
1154      0.000138    0.000137    01:55     
1155      0.000139    0.000146    01:55     
1156      0.000139    0.000141    01:55     
1157      0.000139    0.000128    01:55     
1158      0.000139    0.000128    01:56     
1159      0.000137    0.000134    01:55     
1160      0.000136    0.000139    01:55     
1161      0.000138    0.000155    01:55     
1162      0.000134    0.000132    01:56     
1163      0.000140    0.000157    01:55     
1164      0.000136    0.000145    01:55     
1165      0.000139    0.000134    01:55     
1166      0.000135    0.000130    01:55     
1167      0.000136    0.000183    01:55     
1168      0.000137    0.000135    01:55     
1169      0.000138    0.000129    01:55     
1170      0.000135    0.000135    01:55     
1171      0.000137    0.000134    01:55     
1172      0.000131    0.000127    01:55     
1173      0.000136    0.000133    01:56     
1174      0.000135    0.000121    01:55     
1175      0.000134    0.000146    01:55     
1176      0.000133    0.000120    01:55     
1177      0.000138    0.000180    01:55     
1178      0.000134    0.000131    01:56     
1179      0.000136    0.000137    01:55     
1180      0.000136    0.000141    01:55     
1181      0.000134    0.000139    01:55     
1182      0.000135    0.000134    01:55     
1183      0.000134    0.000129    01:56     
1184      0.000137    0.000127    01:55     
1185      0.000135    0.000120    01:55     
Better model found at epoch 1185 with valid_loss value: 0.00011966304737143219.
1186      0.000134    0.000135    01:55     
1187      0.000134    0.000124    01:55     
1188      0.000136    0.000135    01:56     
1189      0.000136    0.000129    01:55     
1190      0.000132    0.000123    01:56     
1191      0.000131    0.000134    01:56     
1192      0.000130    0.000122    01:55     
1193      0.000133    0.000131    01:56     
1194      0.000131    0.000117    01:55     
Better model found at epoch 1194 with valid_loss value: 0.00011738984903786331.
1195      0.000136    0.000139    01:55     
1196      0.000134    0.000125    01:56     
1197      0.000132    0.000136    01:56     
1198      0.000130    0.000138    01:55     
1199      0.000131    0.000121    01:56     
1200      0.000134    0.000125    01:56     
1201      0.000135    0.000126    01:55     
1202      0.000133    0.000133    01:55     
1203      0.000134    0.000170    01:55     
1204      0.000133    0.000121    01:55     
1205      0.000132    0.000129    01:55     
1206      0.000131    0.000124    01:55     
1207      0.000130    0.000149    01:55     
1208      0.000130    0.000120    01:55     
1209      0.000132    0.000126    01:55     
1210      0.000132    0.000126    01:56     
1211      0.000135    0.000128    01:55     
1212      0.000132    0.000133    01:55     
1213      0.000130    0.000121    01:55     
1214      0.000129    0.000122    01:55     
1215      0.000132    0.000142    01:56     
1216      0.000130    0.000118    01:56     
1217      0.000131    0.000122    01:55     
1218      0.000131    0.000124    01:55     
1219      0.000129    0.000123    01:55     
1220      0.000127    0.000117    01:55     
Better model found at epoch 1220 with valid_loss value: 0.00011667446960927919.
1221      0.000130    0.000115    01:56     
Better model found at epoch 1221 with valid_loss value: 0.00011531189375091344.
1222      0.000133    0.000115    01:55     
Better model found at epoch 1222 with valid_loss value: 0.00011466934665804729.
1223      0.000130    0.000114    01:55     
Better model found at epoch 1223 with valid_loss value: 0.00011439579247962683.
1224      0.000129    0.000117    01:55     
1225      0.000126    0.000115    01:55     
1226      0.000131    0.000115    01:55     
1227      0.000127    0.000118    01:56     
1228      0.000129    0.000117    01:55     
1229      0.000131    0.000128    01:56     
1230      0.000130    0.000115    01:55     
1231      0.000125    0.000119    01:56     
1232      0.000131    0.000132    01:56     
1233      0.000129    0.000138    01:55     
1234      0.000133    0.000117    01:56     
1235      0.000129    0.000116    01:56     
1236      0.000128    0.000130    01:56     
1237      0.000131    0.000116    01:56     
1238      0.000129    0.000124    01:55     
1239      0.000126    0.000111    01:56     
Better model found at epoch 1239 with valid_loss value: 0.00011131313658552244.
1240      0.000127    0.000117    01:56     
1241      0.000127    0.000117    01:56     
1242      0.000132    0.000126    01:56     
1243      0.000130    0.000115    01:56     
1244      0.000127    0.000112    01:55     
1245      0.000125    0.000118    01:56     
1246      0.000127    0.000117    01:55     
1247      0.000132    0.000118    01:56     
1248      0.000125    0.000116    01:55     
1249      0.000130    0.000115    01:55     
1250      0.000128    0.000120    01:56     
1251      0.000128    0.000119    01:56     
1252      0.000129    0.000112    01:55     
1253      0.000127    0.000109    01:56     
Better model found at epoch 1253 with valid_loss value: 0.00010891808051383123.
1254      0.000126    0.000108    01:56     
Better model found at epoch 1254 with valid_loss value: 0.00010796685819514096.
1255      0.000125    0.000109    01:56     
1256      0.000125    0.000119    01:56     
1257      0.000124    0.000131    01:56     
1258      0.000129    0.000114    01:56     
1259      0.000127    0.000117    01:55     
1260      0.000126    0.000113    01:56     
1261      0.000125    0.000116    01:56     
1262      0.000126    0.000119    01:56     
1263      0.000126    0.000110    01:55     
1264      0.000126    0.000116    01:56     
1265      0.000126    0.000121    01:55     
1266      0.000133    0.000118    01:56     
1267      0.000128    0.000118    01:55     
1268      0.000126    0.000109    01:56     
1269      0.000126    0.000117    01:56     
1270      0.000127    0.000113    01:55     
1271      0.000125    0.000114    01:56     
1272      0.000127    0.000131    01:56     
1273      0.000126    0.000115    01:56     
1274      0.000123    0.000108    01:56     
Better model found at epoch 1274 with valid_loss value: 0.00010793687397381291.
1275      0.000127    0.000110    01:55     
1276      0.000123    0.000113    01:56     
1277      0.000128    0.000108    01:56     
Better model found at epoch 1277 with valid_loss value: 0.00010782471508719027.
1278      0.000128    0.000123    01:55     
1279      0.000125    0.000109    01:55     
1280      0.000124    0.000115    01:55     
1281      0.000128    0.000119    01:56     
1282      0.000127    0.000113    01:56     
1283      0.000125    0.000119    01:56     
1284      0.000126    0.000118    01:56     
1285      0.000125    0.000107    01:55     
Better model found at epoch 1285 with valid_loss value: 0.00010671907512005419.
1286      0.000128    0.000109    01:56     
1287      0.000127    0.000114    01:55     
1288      0.000123    0.000110    01:55     
1289      0.000122    0.000109    01:56     
1290      0.000123    0.000113    01:55     
1291      0.000124    0.000107    01:56     
1292      0.000121    0.000115    01:56     
1293      0.000122    0.000105    01:56     
Better model found at epoch 1293 with valid_loss value: 0.00010542403470026329.
1294      0.000123    0.000111    01:56     
1295      0.000128    0.000113    01:56     
1296      0.000123    0.000112    01:56     
1297      0.000123    0.000108    01:56     
1298      0.000124    0.000111    01:56     
1299      0.000126    0.000104    01:56     
Better model found at epoch 1299 with valid_loss value: 0.00010441571066621691.
1300      0.000121    0.000102    01:56     
Better model found at epoch 1300 with valid_loss value: 0.00010244277655147016.
1301      0.000122    0.000104    01:56     
1302      0.000123    0.000106    01:56     
1303      0.000121    0.000106    01:55     
1304      0.000125    0.000106    01:55     
1305      0.000120    0.000105    01:56     
1306      0.000122    0.000103    01:56     
1307      0.000121    0.000106    01:56     
1308      0.000125    0.000106    01:56     
1309      0.000122    0.000107    01:56     
1310      0.000121    0.000105    01:56     
1311      0.000121    0.000104    01:55     
1312      0.000122    0.000103    01:56     
1313      0.000120    0.000102    01:56     
Better model found at epoch 1313 with valid_loss value: 0.00010232999920845032.
1314      0.000121    0.000102    01:56     
Better model found at epoch 1314 with valid_loss value: 0.00010208961612079293.
1315      0.000122    0.000107    01:56     
1316      0.000120    0.000102    01:56     
1317      0.000119    0.000103    01:56     
1318      0.000120    0.000102    01:56     
1319      0.000123    0.000105    01:55     
1320      0.000122    0.000102    01:56     
Better model found at epoch 1320 with valid_loss value: 0.00010176272189710289.
1321      0.000120    0.000104    01:56     
1322      0.000123    0.000104    01:56     
1323      0.000120    0.000103    01:56     
1324      0.000122    0.000108    01:56     
1325      0.000121    0.000101    01:56     
Better model found at epoch 1325 with valid_loss value: 0.00010115651821251959.
1326      0.000121    0.000105    01:55     
1327      0.000120    0.000101    01:56     
1328      0.000123    0.000110    01:56     
1329      0.000119    0.000105    01:55     
1330      0.000121    0.000104    01:56     
1331      0.000119    0.000101    01:56     
1332      0.000119    0.000103    01:55     
1333      0.000118    0.000101    01:56     
1334      0.000118    0.000100    01:55     
Better model found at epoch 1334 with valid_loss value: 9.986526129068807e-05.
1335      0.000120    0.000104    01:56     
1336      0.000119    0.000107    01:56     
1337      0.000119    0.000101    01:55     
1338      0.000119    0.000101    01:56     
1339      0.000118    0.000102    01:56     
1340      0.000118    0.000102    01:56     
1341      0.000120    0.000106    01:56     
1342      0.000121    0.000107    01:55     
1343      0.000120    0.000107    01:55     
1344      0.000118    0.000102    01:56     
1345      0.000117    0.000104    01:55     
1346      0.000118    0.000101    01:56     
1347      0.000117    0.000101    01:55     
1348      0.000116    0.000099    01:55     
Better model found at epoch 1348 with valid_loss value: 9.862601291388273e-05.
1349      0.000119    0.000100    01:56     
1350      0.000120    0.000100    01:56     
1351      0.000119    0.000099    01:56     
1352      0.000119    0.000101    01:56     
1353      0.000116    0.000101    01:55     
1354      0.000116    0.000098    01:56     
Better model found at epoch 1354 with valid_loss value: 9.804224100662395e-05.
1355      0.000117    0.000098    01:56     
1356      0.000115    0.000101    01:56     
1357      0.000120    0.000099    01:56     
1358      0.000120    0.000102    01:56     
1359      0.000114    0.000100    01:56     
1360      0.000115    0.000101    01:56     
1361      0.000118    0.000098    01:56     
Better model found at epoch 1361 with valid_loss value: 9.772134217200801e-05.
1362      0.000116    0.000098    01:56     
1363      0.000117    0.000102    01:56     
1364      0.000116    0.000100    01:56     
1365      0.000117    0.000101    01:56     
1366      0.000116    0.000098    01:56     
1367      0.000117    0.000098    01:55     
1368      0.000116    0.000100    01:56     
1369      0.000116    0.000099    01:56     
1370      0.000116    0.000100    01:55     
1371      0.000116    0.000096    01:56     
Better model found at epoch 1371 with valid_loss value: 9.638017218094319e-05.
1372      0.000116    0.000097    01:56     
1373      0.000117    0.000100    01:55     
1374      0.000115    0.000097    01:56     
1375      0.000117    0.000099    01:56     
1376      0.000119    0.000097    01:55     
1377      0.000117    0.000098    01:56     
1378      0.000117    0.000096    01:55     
Better model found at epoch 1378 with valid_loss value: 9.585977386450395e-05.
1379      0.000116    0.000100    01:56     
1380      0.000113    0.000099    01:56     
1381      0.000117    0.000097    01:55     
1382      0.000115    0.000097    01:56     
1383      0.000114    0.000098    01:56     
1384      0.000114    0.000095    01:55     
Better model found at epoch 1384 with valid_loss value: 9.544807835482061e-05.
1385      0.000114    0.000099    01:56     
1386      0.000114    0.000096    01:56     
1387      0.000113    0.000096    01:55     
1388      0.000116    0.000096    01:56     
1389      0.000115    0.000097    01:55     
1390      0.000114    0.000095    01:56     
Better model found at epoch 1390 with valid_loss value: 9.527880320092663e-05.
1391      0.000120    0.000097    01:56     
1392      0.000115    0.000095    01:55     
Better model found at epoch 1392 with valid_loss value: 9.474442049395293e-05.
1393      0.000114    0.000095    01:56     
1394      0.000115    0.000095    01:55     
1395      0.000113    0.000094    01:55     
Better model found at epoch 1395 with valid_loss value: 9.393129585077986e-05.
1396      0.000114    0.000095    01:54     
1397      0.000113    0.000095    01:53     
1398      0.000113    0.000094    01:54     
1399      0.000113    0.000096    01:53     
1400      0.000116    0.000096    01:54     
1401      0.000116    0.000094    01:54     
1402      0.000115    0.000097    01:53     
1403      0.000115    0.000093    01:54     
Better model found at epoch 1403 with valid_loss value: 9.297816723119467e-05.
1404      0.000112    0.000094    01:53     
1405      0.000115    0.000094    01:54     
1406      0.000114    0.000094    01:53     
1407      0.000113    0.000093    01:54     
1408      0.000110    0.000093    01:53     
Better model found at epoch 1408 with valid_loss value: 9.265106928069144e-05.
1409      0.000110    0.000092    01:54     
Better model found at epoch 1409 with valid_loss value: 9.228557610185817e-05.
1410      0.000113    0.000093    01:53     
1411      0.000113    0.000095    01:54     
1412      0.000112    0.000095    01:54     
1413      0.000112    0.000093    01:54     
1414      0.000113    0.000095    01:53     
1415      0.000114    0.000094    01:54     
1416      0.000111    0.000093    01:53     
1417      0.000110    0.000094    01:54     
1418      0.000111    0.000092    01:53     
Better model found at epoch 1418 with valid_loss value: 9.179500193567947e-05.
1419      0.000111    0.000093    01:53     
1420      0.000113    0.000093    01:54     
1421      0.000112    0.000094    01:53     
1422      0.000113    0.000094    01:54     
1423      0.000112    0.000092    01:54     
1424      0.000113    0.000096    01:53     
1425      0.000112    0.000093    01:54     
1426      0.000112    0.000092    01:53     
Better model found at epoch 1426 with valid_loss value: 9.166860400000587e-05.
1427      0.000110    0.000092    01:54     
1428      0.000114    0.000093    01:54     
1429      0.000111    0.000092    01:52     
1430      0.000111    0.000091    01:51     
Better model found at epoch 1430 with valid_loss value: 9.102441254071891e-05.
1431      0.000111    0.000094    01:50     
1432      0.000111    0.000093    01:50     
1433      0.000110    0.000094    01:51     
1434      0.000111    0.000094    01:50     
1435      0.000112    0.000092    01:50     
1436      0.000109    0.000092    01:51     
1437      0.000109    0.000093    01:50     
1438      0.000113    0.000093    01:50     
1439      0.000111    0.000092    01:50     
1440      0.000111    0.000093    01:49     
1441      0.000110    0.000092    01:47     
1442      0.000110    0.000093    01:47     
1443      0.000113    0.000092    01:47     
1444      0.000112    0.000091    01:46     
1445      0.000112    0.000092    01:45     
1446      0.000110    0.000091    01:46     
Better model found at epoch 1446 with valid_loss value: 9.064349433174357e-05.
1447      0.000109    0.000092    01:46     
1448      0.000110    0.000093    01:45     
1449      0.000112    0.000092    01:46     
1450      0.000112    0.000091    01:46     
1451      0.000110    0.000091    01:46     
1452      0.000109    0.000094    01:46     
1453      0.000110    0.000091    01:46     
Better model found at epoch 1453 with valid_loss value: 9.053858957486227e-05.
1454      0.000107    0.000092    01:46     
1455      0.000108    0.000092    01:46     
1456      0.000111    0.000091    01:45     
1457      0.000109    0.000091    01:46     
1458      0.000108    0.000092    01:46     
1459      0.000108    0.000092    01:46     
1460      0.000111    0.000092    01:46     
1461      0.000110    0.000092    01:46     
1462      0.000112    0.000092    01:46     
1463      0.000109    0.000091    01:46     
1464      0.000108    0.000091    01:46     
1465      0.000110    0.000092    01:46     
1466      0.000111    0.000093    01:46     
1467      0.000109    0.000091    01:46     
1468      0.000109    0.000093    01:46     
1469      0.000111    0.000091    01:46     
1470      0.000111    0.000091    01:46     
1471      0.000110    0.000091    01:46     
1472      0.000109    0.000091    01:46     
1473      0.000107    0.000091    01:46     
1474      0.000109    0.000090    01:46     
Better model found at epoch 1474 with valid_loss value: 9.042719466378912e-05.
1475      0.000110    0.000091    01:46     
1476      0.000108    0.000091    01:46     
1477      0.000112    0.000091    01:46     
1478      0.000112    0.000093    01:46     
1479      0.000112    0.000092    01:46     
1480      0.000112    0.000092    01:46     
1481      0.000110    0.000091    01:46     
1482      0.000108    0.000090    01:46     
Better model found at epoch 1482 with valid_loss value: 9.029662032844499e-05.
1483      0.000109    0.000091    01:46     
1484      0.000109    0.000091    01:46     
1485      0.000110    0.000091    01:46     
1486      0.000108    0.000091    01:46     
1487      0.000108    0.000091    01:46     
1488      0.000108    0.000092    01:46     
1489      0.000107    0.000091    01:46     
1490      0.000109    0.000091    01:46     
1491      0.000109    0.000092    01:46     
1492      0.000109    0.000091    01:46     
1493      0.000108    0.000091    01:46     
1494      0.000110    0.000091    01:47     
1495      0.000110    0.000091    01:46     
1496      0.000111    0.000090    01:46     
Better model found at epoch 1496 with valid_loss value: 9.028200292959809e-05.
1497      0.000110    0.000091    01:46     
1498      0.000109    0.000091    01:46     
1499      0.000109    0.000092    01:46     
...done
Grid search ended.
End of job.
