#!/bin/bash
#SBATCH -A HEP2016-1-4
#SBATCH -p hep
#SBATCH -t 71:59:59
#SBATCH -o AE_3D_bs4096_lr3e-02_wd1e-04_pp0e+00_.out
#SBATCH -e AE_3D_bs4096_lr3e-02_wd1e-04_pp0e+00_.err

cat $0

ml GCC/8.2.0-2.31.1  OpenMPI/3.1.3
ml PyTorch/1.1.0-Python-3.7.2

pwd

## My virtualenv with fastai installation
source /home/erwulff/vpyenv/bin/activate

## Initial checks
which python
python --version

##cd lth_thesis_project/jet_by_jet_compression/grid_search/
echo "Starting grid search..."
python 001_train_25aodbs4096_lr3e-02_wd1e-04_pp0e+00_.py
echo "Grid search ended."

##cp -p -r grid_search_001 $SLURM_SUBMIT_DIR

echo "End of job."
/home/erwulff/nobackup/lth_thesis_project/jet_by_jet_compression/grid_search/AE_bn_LeakyReLU_25AOD_grid_search_custom_normalization_1500epochs/AE_25_200_200_200_16_200_200_200_25
/home/erwulff/vpyenv/bin/python
Python 3.7.2
Starting grid search...
torch.cuda.is_available(): False
Training AE_bn_LeakyReLU with lr=3.0e-02, p=None, wd=1.0e-04 ...
epoch     train_loss  valid_loss  time    
0         0.005194    0.002968    01:50     
Better model found at epoch 0 with valid_loss value: 0.002967526437714696.
1         0.001525    0.001369    01:50     
Better model found at epoch 1 with valid_loss value: 0.001368780736811459.
2         0.000859    0.000825    01:50     
Better model found at epoch 2 with valid_loss value: 0.0008245537173934281.
3         0.000642    0.000626    01:51     
Better model found at epoch 3 with valid_loss value: 0.0006262979586608708.
4         0.000528    0.000538    01:52     
Better model found at epoch 4 with valid_loss value: 0.0005380763905122876.
5         0.000419    0.000394    01:51     
Better model found at epoch 5 with valid_loss value: 0.00039438946987502277.
6         0.000380    0.000408    01:51     
7         0.000344    0.000393    01:51     
Better model found at epoch 7 with valid_loss value: 0.00039279513293877244.
8         0.000329    0.000314    01:51     
Better model found at epoch 8 with valid_loss value: 0.000314408796839416.
9         0.000305    0.000342    01:51     
10        0.000281    0.000299    01:51     
Better model found at epoch 10 with valid_loss value: 0.00029880713555030525.
11        0.000283    0.000277    01:51     
Better model found at epoch 11 with valid_loss value: 0.00027691421564668417.
12        0.000262    0.000277    01:51     
13        0.000263    0.000227    01:51     
Better model found at epoch 13 with valid_loss value: 0.00022650013852398843.
14        0.000252    0.000234    01:51     
15        0.000245    0.000224    01:51     
Better model found at epoch 15 with valid_loss value: 0.00022407202050089836.
16        0.000244    0.000210    01:51     
Better model found at epoch 16 with valid_loss value: 0.000210344631341286.
17        0.000214    0.000229    01:51     
18        0.000225    0.000241    01:51     
19        0.000193    0.000143    01:51     
Better model found at epoch 19 with valid_loss value: 0.00014338141772896051.
20        0.000194    0.000168    01:51     
21        0.000190    0.000175    01:51     
22        0.000189    0.000206    01:51     
23        0.000184    0.000157    01:51     
24        0.000183    0.000198    01:51     
25        0.000192    0.000188    01:51     
26        0.000170    0.000171    01:51     
27        0.000167    0.000216    01:51     
28        0.000179    0.000199    01:51     
29        0.000166    0.000141    01:52     
Better model found at epoch 29 with valid_loss value: 0.00014133666991256177.
30        0.000169    0.000168    01:52     
31        0.000164    0.000150    01:51     
32        0.000162    0.000178    01:52     
33        0.000154    0.000125    01:52     
Better model found at epoch 33 with valid_loss value: 0.00012467785563785583.
34        0.000152    0.000154    01:52     
35        0.000153    0.000134    01:52     
36        0.000148    0.000138    01:51     
37        0.000139    0.000135    01:51     
38        0.000145    0.000136    01:52     
39        0.000146    0.000148    01:52     
40        0.000146    0.000156    01:52     
41        0.000138    0.000173    01:52     
42        0.000143    0.000116    01:52     
Better model found at epoch 42 with valid_loss value: 0.00011578713747439906.
43        0.000138    0.000121    01:52     
44        0.000147    0.000114    01:52     
Better model found at epoch 44 with valid_loss value: 0.00011446794087532908.
45        0.000141    0.000123    01:52     
46        0.000138    0.000115    01:52     
47        0.000131    0.000133    01:52     
48        0.000127    0.000130    01:52     
49        0.000132    0.000119    01:52     
50        0.000128    0.000100    01:52     
Better model found at epoch 50 with valid_loss value: 0.00010049588308902457.
51        0.000129    0.000099    01:52     
Better model found at epoch 51 with valid_loss value: 9.890277578961104e-05.
52        0.000127    0.000113    01:52     
53        0.000122    0.000144    01:52     
54        0.000130    0.000321    01:52     
55        0.000133    0.000134    01:52     
56        0.000121    0.000109    01:52     
57        0.000123    0.000138    01:52     
58        0.000118    0.000123    01:52     
59        0.000120    0.000113    01:52     
60        0.000117    0.000116    01:52     
61        0.000118    0.000098    01:52     
Better model found at epoch 61 with valid_loss value: 9.777445666259155e-05.
62        0.000127    0.000111    01:52     
63        0.000117    0.000165    01:52     
64        0.000117    0.000110    01:52     
65        0.000115    0.000103    01:52     
66        0.000115    0.000119    01:52     
67        0.000114    0.000112    01:52     
68        0.000112    0.000105    01:52     
69        0.000105    0.000101    01:52     
70        0.000105    0.000093    01:52     
Better model found at epoch 70 with valid_loss value: 9.319662058260292e-05.
71        0.000144    0.000460    01:52     
72        0.000117    0.000086    01:52     
Better model found at epoch 72 with valid_loss value: 8.625874761492014e-05.
73        0.000111    0.000096    01:52     
74        0.000108    0.000087    01:52     
75        0.000103    0.000145    01:52     
76        0.000105    0.000065    01:52     
Better model found at epoch 76 with valid_loss value: 6.525401113322005e-05.
77        0.000110    0.000117    01:52     
78        0.000105    0.000104    01:52     
79        0.000104    0.000108    01:52     
80        0.000098    0.000128    01:52     
81        0.000106    0.000086    01:52     
82        0.000110    0.000093    01:52     
83        0.000109    0.000091    01:52     
84        0.000104    0.000079    01:51     
85        0.000096    0.000127    01:51     
86        0.000108    0.000113    01:51     
87        0.000105    0.000097    01:52     
88        0.000099    0.000103    01:51     
89        0.000106    0.000116    01:51     
90        0.000107    0.000094    01:51     
91        0.000099    0.000116    01:51     
92        0.000099    0.000127    01:51     
93        0.000111    0.000129    01:51     
94        0.000108    0.000096    01:51     
95        0.000105    0.000105    01:51     
96        0.000103    0.000129    01:51     
97        0.000103    0.000139    01:50     
98        0.000103    0.000091    01:51     
99        0.000097    0.000079    01:51     
100       0.000101    0.000136    01:51     
101       0.000102    0.000093    01:51     
102       0.000100    0.000163    01:50     
103       0.000096    0.000089    01:50     
104       0.000093    0.000098    01:51     
105       0.000094    0.000075    01:50     
106       0.000092    0.000083    01:50     
107       0.000097    0.000083    01:50     
108       0.000096    0.000102    01:50     
109       0.000090    0.000212    01:50     
110       0.000089    0.000076    01:50     
111       0.000090    0.000096    01:50     
112       0.000093    0.000076    01:50     
113       0.000099    0.000087    01:51     
114       0.000095    0.000081    01:51     
115       0.000095    0.000088    01:50     
116       0.000097    0.000096    01:50     
117       0.000088    0.000064    01:50     
Better model found at epoch 117 with valid_loss value: 6.378833495546132e-05.
118       0.000092    0.000104    01:50     
119       0.000095    0.000162    01:51     
120       0.000097    0.000093    01:50     
121       0.000101    0.000256    01:51     
122       0.000097    0.000081    01:51     
123       0.000094    0.000109    01:50     
124       0.000105    0.000129    01:50     
125       0.000092    0.000093    01:51     
126       0.000097    0.000094    01:51     
127       0.000100    0.000098    01:51     
128       0.000100    0.000359    01:51     
129       0.000095    0.000154    01:51     
130       0.000094    0.000066    01:51     
131       0.000108    0.000326    01:51     
132       0.000100    0.000103    01:51     
133       0.000098    0.000074    01:51     
134       0.000090    0.000127    01:51     
135       0.000103    0.000263    01:51     
136       0.000106    0.000181    01:51     
137       0.000102    0.000101    01:51     
138       0.000095    0.000497    01:51     
139       0.000103    0.000082    01:51     
140       0.000102    0.000150    01:51     
141       0.000097    0.000134    01:51     
142       0.000093    0.000120    01:51     
143       0.000098    0.000089    01:51     
144       0.000102    0.000107    01:51     
145       0.000103    0.000202    01:51     
146       0.000101    0.000246    01:51     
147       0.000103    0.000136    01:51     
148       0.000099    0.000084    01:51     
149       0.000101    0.000082    01:51     
150       0.000101    0.000141    01:51     
151       0.000098    0.000095    01:51     
152       0.000095    0.000379    01:51     
153       0.000092    0.000107    01:51     
154       0.000103    0.000161    01:51     
155       0.000103    0.000157    01:52     
156       0.000114    0.000236    01:52     
157       0.000104    0.000124    01:52     
158       0.000105    0.000098    01:51     
159       0.000113    0.000114    01:52     
160       0.000099    0.000226    01:51     
161       0.000110    0.000248    01:51     
162       0.000102    0.000139    01:52     
163       0.000097    0.000112    01:52     
164       0.000095    0.000174    01:52     
165       0.000095    0.000080    01:52     
166       0.000137    0.000152    01:52     
167       0.000107    0.000078    01:52     
168       0.000111    0.000379    01:52     
169       0.000108    0.000174    01:52     
170       0.000106    0.000093    01:52     
171       0.000105    0.000307    01:52     
172       0.000106    0.000118    01:52     
173       0.000103    0.000389    01:52     
174       0.000103    0.000215    01:52     
175       0.000097    0.000137    01:52     
176       0.000111    0.000092    01:52     
177       0.000111    0.000101    01:52     
178       0.000112    0.000174    01:52     
179       0.000106    0.000094    01:52     
180       0.000117    0.000121    01:52     
181       0.000105    0.000133    01:52     
182       0.000122    0.000209    01:52     
183       0.000107    0.000115    01:52     
184       0.000099    0.000231    01:52     
185       0.000106    0.000139    01:52     
186       0.000110    0.000267    01:52     
187       0.000112    0.000103    01:52     
188       0.000107    0.000146    01:52     
189       0.000121    0.000129    01:52     
190       0.000105    0.000133    01:52     
191       0.000105    0.000091    01:52     
192       0.000103    0.000108    01:52     
193       0.000107    0.000144    01:52     
194       0.000123    0.000234    01:53     
195       0.000121    0.000125    01:52     
196       0.000113    0.000272    01:52     
197       0.000110    0.000111    01:52     
198       0.000106    0.000143    01:52     
199       0.000100    0.000085    01:53     
200       0.000118    0.000175    01:52     
201       0.000106    0.000157    01:52     
202       0.000114    0.000117    01:53     
203       0.000116    0.000161    01:53     
204       0.000120    0.000086    01:53     
205       0.000111    0.000229    01:53     
206       0.000119    0.000209    01:53     
207       0.000110    0.000121    01:53     
208       0.000136    0.000337    01:53     
209       0.000120    0.000217    01:53     
210       0.000129    0.000463    01:53     
211       0.000126    0.000242    01:53     
212       0.000125    0.000159    01:53     
213       0.000116    0.000219    01:53     
214       0.000106    0.000112    01:53     
215       0.000125    0.000103    01:53     
216       0.000121    0.000106    01:53     
217       0.000110    0.000080    01:53     
218       0.000121    0.000160    01:53     
219       0.000113    0.000129    01:53     
220       0.000112    0.000107    01:53     
221       0.000119    0.000204    01:53     
222       0.000122    0.000236    01:53     
223       0.000112    0.000133    01:53     
224       0.000127    0.000129    01:53     
225       0.000108    0.000195    01:53     
226       0.000126    0.000289    01:53     
227       0.000116    0.000143    01:54     
228       0.000137    0.000260    01:53     
229       0.000119    0.000082    01:53     
230       0.000116    0.000188    01:53     
231       0.000130    0.000122    01:53     
232       0.000118    0.000143    01:54     
233       0.000120    0.000097    01:53     
234       0.000116    0.000132    01:54     
235       0.000121    0.000164    01:53     
236       0.000115    0.000202    01:53     
237       0.000134    0.000283    01:54     
238       0.000134    0.000103    01:53     
239       0.000137    0.000220    01:53     
240       0.000128    0.000192    01:54     
241       0.000111    0.000139    01:54     
242       0.000121    0.000248    01:54     
243       0.000119    0.000069    01:54     
244       0.000130    0.000275    01:53     
245       0.000119    0.000349    01:53     
246       0.000125    0.000142    01:54     
247       0.000126    0.000281    01:54     
248       0.000115    0.000216    01:54     
249       0.000118    0.000287    01:54     
250       0.000127    0.000388    01:54     
251       0.000126    0.000315    01:54     
252       0.000121    0.000154    01:54     
253       0.000137    0.000443    01:54     
254       0.000133    0.000658    01:54     
255       0.000141    0.000194    01:54     
256       0.000129    0.000205    01:54     
257       0.000129    0.000098    01:54     
258       0.000117    0.000150    01:55     
259       0.000132    0.000118    01:54     
260       0.000132    0.000136    01:54     
261       0.000128    0.000219    01:54     
262       0.000117    0.000260    01:54     
263       0.000153    0.000214    01:54     
264       0.000149    0.000255    01:54     
265       0.000131    0.000183    01:54     
266       0.000155    0.000192    01:55     
267       0.000130    0.000145    01:54     
268       0.000131    0.000192    01:54     
269       0.000120    0.000137    01:55     
270       0.000137    0.000140    01:54     
271       0.000134    0.000193    01:54     
272       0.000127    0.000135    01:55     
273       0.000137    0.000142    01:55     
274       0.000144    0.000229    01:55     
275       0.000137    0.000280    01:55     
276       0.000147    0.000205    01:55     
277       0.000144    0.000358    01:55     
278       0.000176    0.000287    01:55     
279       0.000151    0.000385    01:55     
280       0.000144    0.000207    01:55     
281       0.000153    0.000252    01:55     
282       0.000128    0.000141    01:55     
283       0.000130    0.000180    01:55     
284       0.000141    0.000286    01:55     
285       0.000136    0.000223    01:55     
286       0.000146    0.000201    01:55     
287       0.000160    0.000181    01:55     
288       0.000123    0.000169    01:55     
289       0.000143    0.000167    01:55     
290       0.000135    0.000120    01:55     
291       0.000124    0.000117    01:55     
292       0.000136    0.000179    01:55     
293       0.000148    0.000213    01:55     
294       0.000162    0.000323    01:55     
295       0.000143    0.000122    01:55     
296       0.000196    0.000161    01:55     
297       0.000140    0.000188    01:55     
298       0.000138    0.000591    01:55     
299       0.000128    0.000315    01:55     
300       0.000210    0.000280    01:55     
301       0.000116    0.000197    01:56     
302       0.000146    0.000146    01:55     
303       0.000286    0.000581    01:55     
304       0.000139    0.000145    01:56     
305       0.000142    0.000253    01:56     
306       0.000132    0.000137    01:56     
307       0.000177    0.000373    01:56     
308       0.000146    0.000256    01:56     
309       0.000169    0.000243    01:56     
310       0.000146    0.000212    01:56     
311       0.000129    0.000161    01:55     
312       0.000151    0.000191    01:56     
313       0.000184    0.000125    01:55     
314       0.000133    0.000553    01:55     
315       0.000141    0.000395    01:55     
316       0.000152    0.000282    01:55     
317       0.000144    0.000250    01:55     
318       0.000186    0.000112    01:55     
319       0.000142    0.000143    01:55     
320       0.000133    0.000137    01:55     
321       0.000190    0.000279    01:55     
322       0.000159    0.000442    01:55     
323       0.000119    0.000167    01:55     
324       0.000151    0.000246    01:55     
325       0.000142    0.000153    01:55     
326       0.000148    0.000137    01:55     
327       0.000129    0.000235    01:55     
328       0.000129    0.000204    01:55     
329       0.000142    0.000175    01:55     
330       0.000138    0.000191    01:55     
331       0.000189    0.000339    01:55     
332       0.000126    0.000172    01:55     
333       0.000145    0.000148    01:55     
334       0.000335    0.000092    01:56     
335       0.000123    0.000153    01:55     
336       0.000142    0.000171    01:56     
337       0.000169    0.000127    01:55     
338       0.000136    0.000350    01:56     
339       0.000173    0.000122    01:55     
340       0.000236    0.000168    01:55     
341       0.000132    0.000297    01:55     
342       0.000202    0.000729    01:55     
343       0.000141    0.000140    01:55     
344       0.000152    0.000164    01:55     
345       0.000152    0.000179    01:55     
346       0.000149    0.000186    01:55     
347       0.000132    0.000171    01:55     
348       0.000169    0.000246    01:55     
349       0.001092    0.001203    01:55     
350       0.000133    0.000147    01:55     
351       0.000174    0.000289    01:56     
352       0.000177    0.000122    01:55     
353       0.000173    0.000564    01:55     
354       0.000231    0.000115    01:55     
355       0.000141    0.000264    01:55     
356       0.000176    0.000115    01:55     
357       0.000139    0.000247    01:55     
358       0.000690    0.000179    01:55     
359       0.000137    0.000125    01:55     
360       0.000154    0.000140    01:55     
361       0.000260    0.000140    01:55     
362       0.000123    0.000101    01:55     
363       0.000174    0.000101    01:55     
364       0.000182    0.000144    01:55     
365       0.001223    0.000618    01:55     
366       0.000151    0.000198    01:55     
367       0.000131    0.000140    01:56     
368       0.000216    0.000124    01:55     
369       0.000134    0.000246    01:56     
370       0.001320    0.000212    01:56     
371       0.000132    0.000182    01:56     
372       0.000144    0.000159    01:56     
373       0.000478    0.000224    01:56     
374       0.000145    0.000147    01:56     
375       0.000365    0.005933    01:55     
376       0.000147    0.000124    01:56     
377       0.000143    0.000174    01:56     
378       0.000675    0.000192    01:56     
379       0.000134    0.000116    01:56     
380       0.000138    0.000290    01:56     
381       0.000178    0.000338    01:56     
382       0.000162    0.000287    01:56     
383       0.000592    0.000197    01:56     
384       0.000154    0.000169    01:56     
385       0.000151    0.000248    01:56     
386       0.000194    0.000097    01:56     
387       0.000148    0.000233    01:56     
388       0.000265    0.000265    01:56     
389       0.000131    0.000209    01:56     
390       0.000913    0.000300    01:56     
391       0.000146    0.000118    01:56     
392       0.000196    0.000268    01:56     
393       0.000538    0.000110    01:56     
394       0.000130    0.000137    01:56     
395       0.000903    0.000236    01:56     
396       0.000136    0.000248    01:56     
397       0.000170    0.000419    01:56     
398       0.000190    0.000170    01:57     
399       0.000140    0.000155    01:56     
400       0.000385    0.000171    01:57     
401       0.000134    0.000129    01:56     
402       0.003150    0.000855    01:57     
403       0.000161    0.000330    01:57     
404       0.000154    0.000148    01:56     
405       0.001225    0.000427    01:56     
406       0.000146    0.000187    01:56     
407       0.000160    0.000269    01:57     
408       0.000213    0.000213    01:57     
409       0.000138    0.000146    01:57     
410       0.000190    0.000347    01:57     
411       0.000208    0.000236    01:57     
412       0.000155    0.000159    01:57     
413       0.001013    0.000116    01:57     
414       0.000151    0.000251    01:57     
415       0.000142    0.000252    01:56     
416       0.000358    0.000224    01:57     
417       0.000137    0.000194    01:57     
418       0.000145    0.000658    01:57     
419       0.000178    0.000218    01:57     
420       0.000129    0.000158    01:57     
421       0.000508    0.000191    01:57     
422       0.000132    0.000410    01:56     
423       0.002676    0.001094    01:57     
424       0.000172    0.000276    01:57     
425       0.000142    0.000155    01:57     
426       0.002066    0.003184    01:57     
427       0.000152    0.000190    01:57     
428       0.000154    0.000157    01:57     
429       0.000312    0.000188    01:57     
430       0.000134    0.000108    01:57     
431       0.001216    0.000414    01:57     
432       0.000185    0.000262    01:57     
433       0.000168    0.000285    01:57     
434       0.000148    0.000236    01:57     
435       0.000191    0.000128    01:57     
436       0.000134    0.000234    01:57     
437       0.001214    0.000117    01:57     
438       0.000145    0.000198    01:57     
439       0.000131    0.000146    01:57     
440       0.000230    0.000326    01:57     
441       0.000126    0.000145    01:57     
442       0.000160    0.000297    01:57     
443       0.000235    0.000143    01:58     
444       0.000148    0.000143    01:57     
445       0.000149    0.000365    01:58     
446       0.000178    0.000250    01:57     
447       0.000149    0.000122    01:58     
448       0.001755    0.000226    01:57     
449       0.000194    0.000324    01:57     
450       0.000161    0.000131    01:58     
451       0.000409    0.000157    01:57     
452       0.000124    0.000576    01:57     
453       0.000377    0.000117    01:57     
454       0.000131    0.000235    01:58     
455       0.001684    0.000123    01:57     
456       0.000132    0.000220    01:58     
457       0.000137    0.000180    01:58     
458       0.000343    0.000121    01:58     
459       0.000148    0.000277    01:58     
460       0.000137    0.000330    01:58     
461       0.000293    0.000092    01:58     
462       0.000130    0.000156    01:57     
463       0.002491    0.000512    01:57     
464       0.000168    0.000236    01:56     
465       0.000137    0.000208    01:56     
466       0.002665    0.000345    01:57     
467       0.000161    0.000120    01:57     
468       0.000136    0.000134    01:57     
469       0.000177    0.000254    01:57     
470       0.000240    0.000185    01:57     
471       0.000147    0.000154    01:57     
472       0.000252    0.005681    01:57     
473       0.000173    0.000204    01:57     
474       0.000129    0.000325    01:57     
475       0.000974    0.000177    01:57     
476       0.000149    0.000145    01:57     
477       0.000121    0.000135    01:57     
478       0.000452    0.000133    01:57     
479       0.000131    0.000189    01:58     
480       0.002141    0.005988    01:57     
481       0.000165    0.000266    01:57     
482       0.000151    0.000192    01:57     
483       0.000306    0.000141    01:57     
484       0.000126    0.000096    01:57     
485       0.000828    0.000157    01:57     
486       0.000143    0.000179    01:57     
487       0.000131    0.000172    01:57     
488       0.000210    0.000225    01:57     
489       0.000165    0.000202    01:57     
490       0.002450    0.000329    01:57     
491       0.000158    0.000132    01:57     
492       0.000135    0.000134    01:57     
493       0.000468    0.000072    01:57     
494       0.000132    0.000167    01:57     
495       0.000146    0.000219    01:57     
496       0.000244    0.000161    01:57     
497       0.000130    0.000141    01:58     
498       0.004550    0.011921    01:57     
499       0.000192    0.000287    01:57     
500       0.000146    0.000133    01:57     
501       0.000153    0.000165    01:57     
502       0.001976    0.000530    01:57     
503       0.000152    0.000144    01:57     
504       0.000136    0.000211    01:57     
505       0.000890    0.000180    01:58     
506       0.000145    0.000213    01:57     
507       0.000128    0.000099    01:57     
508       0.000789    0.000124    01:57     
509       0.000137    0.000191    01:57     
510       0.000148    0.000175    01:58     
511       0.000932    0.000400    01:57     
512       0.000155    0.000244    01:58     
513       0.000132    0.000167    01:57     
514       0.000278    0.000176    01:57     
515       0.000144    0.000178    01:57     
516       0.000891    0.000185    01:57     
517       0.000135    0.000114    01:57     
518       0.000148    0.000299    01:57     
519       0.000173    0.000105    01:57     
520       0.000145    0.000160    01:57     
521       0.000478    0.000153    01:57     
522       0.000149    0.000165    01:57     
523       0.000328    0.000318    01:57     
524       0.000144    0.000186    01:57     
525       0.000241    0.000216    01:57     
526       0.000150    0.000183    01:57     
527       0.000921    0.000183    01:57     
528       0.000130    0.000129    01:57     
529       0.000294    0.004922    01:57     
530       0.000146    0.000184    01:57     
531       0.000138    0.000132    01:57     
532       0.000189    0.000247    01:57     
533       0.000120    0.000128    01:57     
534       0.000920    0.000169    01:57     
535       0.000149    0.000121    01:57     
536       0.000158    0.000230    01:57     
537       0.001763    0.000130    01:57     
538       0.000147    0.000151    01:57     
539       0.000139    0.000221    01:57     
540       0.000196    0.000408    01:57     
541       0.000159    0.000147    01:57     
542       0.000152    0.000117    01:57     
543       0.000215    0.000222    01:57     
544       0.000129    0.000235    01:57     
545       0.000566    0.000172    01:57     
546       0.000141    0.000141    01:57     
547       0.006092    0.008232    01:57     
548       0.000193    0.000202    01:57     
549       0.000125    0.000137    01:57     
550       0.000156    0.000504    01:57     
551       0.000171    0.000280    01:57     
552       0.000138    0.000353    01:57     
553       0.000139    0.000223    01:57     
554       0.000242    0.000145    01:57     
555       0.000136    0.000106    01:57     
556       0.000152    0.000300    01:57     
557       0.000170    0.000131    01:57     
558       0.000132    0.000312    01:57     
559       0.001232    0.000075    01:57     
560       0.000148    0.000131    01:57     
561       0.000134    0.000190    01:57     
562       0.000582    0.000088    01:57     
563       0.000128    0.000255    01:57     
564       0.002227    0.001696    01:57     
565       0.000159    0.000160    01:57     
566       0.000135    0.000378    01:58     
567       0.000308    0.000124    01:57     
568       0.000134    0.000243    01:58     
569       0.000174    0.000204    01:57     
570       0.000199    0.000156    01:57     
571       0.000119    0.000130    01:57     
572       0.000217    0.000213    01:57     
573       0.000992    0.000583    01:57     
574       0.000124    0.000171    01:57     
575       0.001742    0.001687    01:57     
576       0.000148    0.000190    01:57     
577       0.000135    0.000308    01:57     
578       0.000148    0.000078    01:57     
579       0.000136    0.000124    01:57     
580       0.000557    0.000255    01:57     
581       0.000139    0.000152    01:57     
582       0.000157    0.000191    01:57     
583       0.000337    0.000094    01:57     
584       0.000122    0.000110    01:57     
585       0.000156    0.000282    01:57     
586       0.000165    0.000267    01:57     
587       0.000130    0.000154    01:57     
588       0.001349    0.000494    01:57     
589       0.000127    0.000117    01:58     
590       0.000153    0.000204    01:57     
591       0.000133    0.000136    01:57     
592       0.000147    0.000222    01:58     
593       0.000776    0.000177    01:57     
594       0.000134    0.000131    01:58     
595       0.000181    0.000266    01:57     
596       0.000484    0.000143    01:58     
597       0.000138    0.000128    01:57     
598       0.000128    0.000161    01:57     
599       0.000254    0.000130    01:58     
600       0.000125    0.000104    01:57     
601       0.000899    0.000333    01:57     
602       0.000126    0.000324    01:58     
603       0.000137    0.000163    01:58     
604       0.000226    0.000127    01:57     
605       0.000124    0.000239    01:57     
606       0.000147    0.000150    01:58     
607       0.000153    0.000155    01:57     
608       0.000140    0.000090    01:57     
609       0.001286    0.000120    01:58     
610       0.000154    0.000136    01:57     
611       0.000133    0.000134    01:58     
612       0.000692    0.000142    01:58     
613       0.000134    0.000144    01:58     
614       0.000135    0.000126    01:57     
615       0.000171    0.000122    01:58     
616       0.000137    0.000239    01:58     
617       0.001783    0.053746    01:58     
618       0.000188    0.000167    01:58     
619       0.000131    0.000122    01:58     
620       0.000164    0.000436    01:57     
621       0.000140    0.000133    01:58     
622       0.000752    0.000126    01:59     
623       0.000134    0.000151    01:59     
624       0.003638    0.002874    01:58     
625       0.000161    0.000537    01:57     
626       0.000139    0.000141    01:57     
627       0.005219    0.004098    01:57     
628       0.000210    0.000111    01:58     
629       0.000143    0.000095    01:57     
630       0.000145    0.000154    01:57     
631       0.000397    0.000071    01:58     
632       0.000124    0.000153    01:58     
633       0.002441    0.005365    01:58     
634       0.000144    0.000107    01:57     
635       0.000125    0.000269    01:58     
636       0.000435    0.000083    01:57     
637       0.000129    0.000094    01:58     
638       0.000234    0.001852    01:58     
639       0.000242    0.001818    01:58     
640       0.000172    0.000178    01:58     
641       0.000139    0.000159    01:58     
642       0.000398    0.000251    01:58     
643       0.000126    0.000232    01:58     
644       0.000157    0.000471    01:58     
645       0.000140    0.000117    01:58     
646       0.000130    0.000169    01:58     
647       0.000209    0.000110    01:58     
648       0.000133    0.000207    01:58     
649       0.000151    0.000152    01:58     
650       0.000425    0.003446    01:58     
651       0.000135    0.000091    01:58     
652       0.000137    0.000352    01:58     
653       0.000265    0.000090    01:58     
654       0.000124    0.000129    01:58     
655       0.000647    0.000199    01:57     
656       0.000128    0.000087    01:57     
657       0.000148    0.000134    01:58     
658       0.000128    0.000136    01:58     
659       0.000131    0.000177    01:58     
660       0.000187    0.000116    01:58     
661       0.000129    0.000101    01:58     
662       0.000633    0.000113    01:58     
663       0.000124    0.000105    01:58     
664       0.000274    0.000177    01:58     
665       0.000234    0.007346    01:58     
666       0.000130    0.000138    01:58     
667       0.000131    0.000223    01:57     
668       0.000143    0.000141    01:57     
669       0.000147    0.000262    01:58     
670       0.000542    0.000155    01:58     
671       0.000122    0.000167    01:58     
672       0.000163    0.000439    01:57     
673       0.000117    0.000108    01:57     
674       0.000135    0.000202    01:58     
675       0.000147    0.000171    01:57     
676       0.000114    0.000099    01:57     
677       0.000135    0.000230    01:58     
678       0.000128    0.000182    01:58     
679       0.000124    0.000158    01:58     
680       0.000143    0.000148    01:58     
681       0.000133    0.000181    01:58     
682       0.000325    0.000145    01:58     
683       0.000120    0.000517    01:58     
684       0.000277    0.000099    01:58     
685       0.000147    0.000187    01:58     
686       0.000669    0.000143    01:58     
687       0.000133    0.000148    01:57     
688       0.000698    0.000322    01:58     
689       0.000116    0.000096    01:57     
690       0.000142    0.000194    01:58     
691       0.000150    0.000086    01:57     
692       0.000138    0.000149    01:58     
693       0.000297    0.000151    01:58     
694       0.000120    0.000125    01:58     
695       0.000124    0.000172    01:58     
696       0.001781    0.000174    01:58     
697       0.000160    0.000226    01:57     
698       0.000131    0.000118    01:57     
699       0.000160    0.000135    01:58     
700       0.000133    0.000116    01:58     
701       0.000330    0.000145    01:58     
702       0.000129    0.000129    01:58     
703       0.001303    0.000293    01:58     
704       0.000136    0.000106    01:58     
705       0.000117    0.000115    01:57     
706       0.000148    0.000187    01:58     
707       0.000267    0.000199    01:58     
708       0.000107    0.000090    01:58     
709       0.000611    0.003387    01:57     
710       0.000123    0.000200    01:58     
711       0.000135    0.000186    01:58     
712       0.000143    0.000200    01:57     
713       0.000209    0.000127    01:58     
714       0.000115    0.000154    01:58     
715       0.000169    0.000157    01:58     
716       0.000131    0.000224    01:58     
717       0.000169    0.000130    01:58     
718       0.000111    0.000145    01:58     
719       0.000139    0.000170    01:58     
720       0.000127    0.000114    01:58     
721       0.000225    0.000063    01:58     
Better model found at epoch 721 with valid_loss value: 6.340085383271798e-05.
722       0.000110    0.000151    01:58     
723       0.000301    0.000323    01:59     
724       0.000124    0.000153    01:57     
725       0.000140    0.000167    01:58     
726       0.000195    0.000078    01:58     
727       0.000123    0.000126    01:58     
728       0.000163    0.000191    01:58     
729       0.000443    0.000106    01:58     
730       0.000110    0.000118    01:58     
731       0.000131    0.000132    01:58     
732       0.000127    0.000115    01:58     
733       0.000156    0.000264    01:58     
734       0.000163    0.000113    01:58     
735       0.000143    0.000133    01:58     
736       0.000167    0.000172    01:58     
737       0.000136    0.000162    01:58     
738       0.000127    0.000128    01:58     
739       0.000131    0.000146    01:58     
740       0.000124    0.000107    01:58     
741       0.000119    0.000117    01:58     
742       0.000208    0.000156    01:58     
743       0.000109    0.000250    01:58     
744       0.000150    0.000098    01:58     
745       0.000132    0.000223    01:58     
746       0.000195    0.000116    01:58     
747       0.000107    0.000096    01:58     
748       0.000133    0.000263    01:58     
749       0.000108    0.000073    01:58     
750       0.000128    0.000203    01:58     
751       0.000152    0.000228    01:58     
752       0.000157    0.000207    01:58     
753       0.000216    0.000186    01:58     
754       0.000111    0.000123    01:58     
755       0.000122    0.000120    01:57     
756       0.000119    0.000174    01:58     
757       0.000130    0.000074    01:58     
758       0.000148    0.000102    01:58     
759       0.000140    0.000139    01:58     
760       0.000134    0.000139    01:58     
761       0.000117    0.000078    01:58     
762       0.000139    0.000105    01:58     
763       0.000137    0.000259    01:58     
764       0.000139    0.000130    01:59     
765       0.000171    0.000099    01:58     
766       0.000131    0.000161    01:58     
767       0.000161    0.000112    01:58     
768       0.000129    0.000402    01:58     
769       0.000120    0.000133    01:58     
770       0.000162    0.000096    01:58     
771       0.000201    0.000286    01:58     
772       0.000155    0.000164    01:58     
773       0.000136    0.000255    01:57     
774       0.000138    0.000226    01:56     
775       0.000242    0.000087    01:56     
776       0.000119    0.000143    01:56     
777       0.000105    0.000100    01:55     
778       0.001003    0.000117    01:55     
779       0.000104    0.000087    01:55     
780       0.000122    0.000136    01:55     
781       0.000135    0.000181    01:55     
782       0.000133    0.000138    01:54     
783       0.000142    0.000169    01:54     
784       0.000123    0.000120    01:54     
785       0.000377    0.000101    01:54     
786       0.000109    0.000085    01:54     
787       0.000135    0.000124    01:54     
788       0.000130    0.000062    01:54     
Better model found at epoch 788 with valid_loss value: 6.184933590702713e-05.
789       0.000120    0.000179    01:54     
790       0.000140    0.000149    01:54     
791       0.000118    0.000122    01:54     
792       0.000140    0.000124    01:55     
793       0.000133    0.000120    01:54     
794       0.000121    0.000125    01:54     
795       0.000120    0.000091    01:55     
796       0.000127    0.000188    01:54     
797       0.000119    0.000247    01:54     
798       0.000128    0.000121    01:54     
799       0.000126    0.000194    01:54     
800       0.000132    0.000175    01:54     
801       0.000111    0.000173    01:54     
802       0.000152    0.000135    01:53     
803       0.000226    0.000786    01:53     
804       0.000105    0.000148    01:53     
805       0.000135    0.000168    01:53     
806       0.000137    0.000152    01:52     
807       0.000180    0.000072    01:52     
808       0.000121    0.000129    01:52     
809       0.000130    0.000128    01:52     
810       0.000154    0.000108    01:51     
811       0.000112    0.000162    01:50     
812       0.000093    0.000126    01:50     
813       0.000124    0.000147    01:50     
814       0.000125    0.000191    01:49     
815       0.000152    0.000278    01:46     
816       0.000187    0.000195    01:41     
817       0.000101    0.000074    01:37     
818       0.000137    0.000097    01:37     
819       0.000120    0.000091    01:36     
820       0.000120    0.000176    01:36     
821       0.000135    0.000135    01:36     
822       0.000172    0.000151    01:36     
823       0.000115    0.000203    01:36     
824       0.000134    0.000199    01:36     
825       0.000132    0.000094    01:36     
826       0.000130    0.000112    01:36     
827       0.000123    0.000070    01:36     
828       0.000144    0.000203    01:36     
829       0.000108    0.000186    01:36     
830       0.000119    0.000195    01:36     
831       0.000158    0.000162    01:36     
832       0.000125    0.000108    01:36     
833       0.000138    0.000121    01:36     
834       0.000123    0.000116    01:35     
835       0.000573    0.000159    01:36     
836       0.000106    0.000095    01:36     
837       0.000112    0.000108    01:36     
838       0.000149    0.000235    01:36     
839       0.000116    0.000119    01:36     
840       0.000140    0.000141    01:36     
841       0.000125    0.000093    01:36     
842       0.000136    0.000401    01:36     
843       0.000115    0.000125    01:36     
844       0.000115    0.000083    01:36     
845       0.000125    0.000181    01:36     
846       0.000115    0.000264    01:36     
847       0.000113    0.000077    01:36     
848       0.000123    0.000098    01:36     
849       0.000135    0.000132    01:36     
850       0.000120    0.000089    01:36     
851       0.000119    0.000101    01:36     
852       0.000110    0.000148    01:36     
853       0.000131    0.000110    01:36     
854       0.000116    0.000099    01:36     
855       0.000135    0.000137    01:36     
856       0.000129    0.000268    01:36     
857       0.000106    0.000201    01:36     
858       0.000117    0.000179    01:36     
859       0.000121    0.000099    01:36     
860       0.000117    0.000244    01:36     
861       0.000129    0.000087    01:36     
862       0.000138    0.000137    01:36     
863       0.000111    0.000164    01:36     
864       0.000125    0.000113    01:36     
865       0.000132    0.000130    01:36     
866       0.000105    0.000107    01:36     
867       0.000139    0.000164    01:36     
868       0.000122    0.000095    01:36     
869       0.000110    0.000214    01:36     
870       0.000112    0.000126    01:36     
871       0.000152    0.000148    01:36     
872       0.000132    0.000237    01:36     
873       0.000121    0.000127    01:36     
874       0.000123    0.000155    01:36     
875       0.000112    0.000205    01:36     
876       0.000118    0.000092    01:36     
877       0.000120    0.000138    01:36     
878       0.000115    0.000108    01:36     
879       0.000113    0.000114    01:36     
880       0.000097    0.000080    01:36     
881       0.000103    0.000115    01:36     
882       0.000118    0.000175    01:36     
883       0.000116    0.000100    01:36     
884       0.000111    0.000221    01:36     
885       0.000118    0.000118    01:36     
886       0.000106    0.000124    01:36     
887       0.000121    0.000148    01:36     
888       0.000127    0.000077    01:36     
889       0.000124    0.000120    01:36     
890       0.000116    0.000267    01:36     
891       0.000116    0.000124    01:36     
892       0.000113    0.000107    01:36     
893       0.000115    0.000245    01:36     
894       0.000130    0.000102    01:36     
895       0.000113    0.000095    01:36     
896       0.000109    0.000088    01:36     
897       0.000117    0.000115    01:36     
898       0.000111    0.000132    01:36     
899       0.000109    0.000117    01:36     
900       0.000099    0.000091    01:36     
901       0.000109    0.000090    01:36     
902       0.000113    0.000164    01:36     
903       0.000107    0.000096    01:36     
904       0.000119    0.000109    01:37     
905       0.000109    0.000365    01:36     
906       0.000120    0.000133    01:36     
907       0.000109    0.000112    01:36     
908       0.000104    0.000081    01:36     
909       0.000124    0.000135    01:36     
910       0.000112    0.000077    01:36     
911       0.000100    0.000115    01:36     
912       0.000107    0.000144    01:36     
913       0.000106    0.000173    01:36     
914       0.000109    0.000104    01:36     
915       0.000099    0.000129    01:36     
916       0.000107    0.000098    01:36     
917       0.000111    0.000108    01:36     
918       0.000112    0.000157    01:36     
919       0.000119    0.000151    01:36     
920       0.000099    0.000068    01:36     
921       0.000095    0.000132    01:36     
922       0.000114    0.000093    01:36     
923       0.000100    0.000151    01:36     
924       0.000106    0.000096    01:36     
925       0.000104    0.000130    01:36     
926       0.000097    0.000128    01:36     
927       0.000100    0.000091    01:36     
928       0.000102    0.000078    01:36     
929       0.000099    0.000083    01:36     
930       0.000103    0.000296    01:36     
931       0.000099    0.000073    01:36     
932       0.000118    0.000127    01:36     
933       0.000101    0.000104    01:36     
934       0.000103    0.000074    01:36     
935       0.000110    0.000174    01:36     
936       0.000095    0.000117    01:36     
937       0.000116    0.000102    01:36     
938       0.000104    0.000112    01:36     
939       0.000098    0.000106    01:36     
940       0.000104    0.000171    01:36     
941       0.000111    0.000103    01:36     
942       0.000127    0.000105    01:36     
943       0.000098    0.000130    01:36     
944       0.000103    0.000082    01:36     
945       0.000116    0.000165    01:36     
946       0.000101    0.000088    01:36     
947       0.000094    0.000088    01:36     
948       0.000102    0.000080    01:36     
949       0.000116    0.000115    01:36     
950       0.000093    0.000059    01:36     
Better model found at epoch 950 with valid_loss value: 5.8770154282683507e-05.
951       0.000095    0.000091    01:36     
952       0.000109    0.000133    01:36     
953       0.000099    0.000084    01:36     
954       0.000104    0.000156    01:36     
955       0.000103    0.000139    01:36     
956       0.000097    0.000178    01:36     
957       0.000102    0.000157    01:36     
958       0.000107    0.000091    01:36     
959       0.000112    0.000153    01:36     
960       0.000094    0.000067    01:36     
961       0.000095    0.000051    01:36     
Better model found at epoch 961 with valid_loss value: 5.0786355132004246e-05.
962       0.000098    0.000091    01:36     
963       0.000117    0.000098    01:36     
964       0.000095    0.000131    01:36     
965       0.000092    0.000055    01:36     
966       0.000102    0.000125    01:36     
967       0.000096    0.000135    01:36     
968       0.000088    0.000102    01:36     
969       0.000090    0.000140    01:36     
970       0.000096    0.000120    01:36     
971       0.000090    0.000148    01:36     
972       0.000105    0.000096    01:36     
973       0.000101    0.000143    01:36     
974       0.000096    0.000089    01:36     
975       0.000104    0.000158    01:36     
976       0.000088    0.000049    01:36     
Better model found at epoch 976 with valid_loss value: 4.864674338023178e-05.
977       0.000104    0.000088    01:36     
978       0.000103    0.000082    01:36     
979       0.000096    0.000083    01:36     
980       0.000100    0.000150    01:36     
981       0.000087    0.000106    01:36     
982       0.000098    0.000067    01:36     
983       0.000098    0.000087    01:37     
984       0.000090    0.000127    01:36     
985       0.000089    0.000058    01:36     
986       0.000097    0.000092    01:36     
987       0.000089    0.000083    01:37     
988       0.000095    0.000089    01:37     
989       0.000101    0.000109    01:36     
990       0.000092    0.000128    01:37     
991       0.000092    0.000070    01:36     
992       0.000098    0.000088    01:36     
993       0.000085    0.000059    01:36     
994       0.000096    0.000093    01:36     
995       0.000096    0.000100    01:36     
996       0.000095    0.000153    01:36     
997       0.000091    0.000130    01:37     
998       0.000099    0.000108    01:36     
999       0.000086    0.000072    01:36     
1000      0.000092    0.000061    01:36     
1001      0.000092    0.000055    01:37     
1002      0.000094    0.000063    01:36     
1003      0.000092    0.000105    01:36     
1004      0.000096    0.000083    01:36     
1005      0.000099    0.000096    01:37     
1006      0.000082    0.000101    01:36     
1007      0.000100    0.000068    01:37     
1008      0.000088    0.000091    01:36     
1009      0.000097    0.000066    01:37     
1010      0.000091    0.000062    01:36     
1011      0.000090    0.000130    01:37     
1012      0.000091    0.000092    01:37     
1013      0.000099    0.000068    01:36     
1014      0.000087    0.000087    01:36     
1015      0.000093    0.000066    01:37     
1016      0.000101    0.000097    01:37     
1017      0.000089    0.000053    01:36     
1018      0.000102    0.000070    01:37     
1019      0.000082    0.000070    01:36     
1020      0.000101    0.000134    01:37     
1021      0.000096    0.000069    01:36     
1022      0.000087    0.000076    01:37     
1023      0.000098    0.000096    01:36     
1024      0.000093    0.000087    01:37     
1025      0.000082    0.000105    01:37     
1026      0.000084    0.000074    01:36     
1027      0.000103    0.000095    01:36     
1028      0.000085    0.000059    01:37     
1029      0.000081    0.000066    01:36     
1030      0.000086    0.000085    01:36     
1031      0.000082    0.000099    01:36     
1032      0.000085    0.000069    01:36     
1033      0.000080    0.000160    01:36     
1034      0.000091    0.000068    01:36     
1035      0.000078    0.000079    01:36     
1036      0.000082    0.000081    01:36     
1037      0.000082    0.000057    01:36     
1038      0.000086    0.000128    01:36     
1039      0.000081    0.000049    01:36     
1040      0.000081    0.000056    01:36     
1041      0.000079    0.000084    01:37     
1042      0.000082    0.000072    01:36     
1043      0.000086    0.000101    01:37     
1044      0.000089    0.000062    01:37     
1045      0.000086    0.000094    01:37     
1046      0.000082    0.000058    01:36     
1047      0.000092    0.000175    01:36     
1048      0.000078    0.000058    01:37     
1049      0.000086    0.000061    01:36     
1050      0.000094    0.000113    01:36     
1051      0.000089    0.000105    01:36     
1052      0.000082    0.000045    01:36     
Better model found at epoch 1052 with valid_loss value: 4.4725202315021306e-05.
1053      0.000080    0.000061    01:37     
1054      0.000081    0.000077    01:36     
1055      0.000078    0.000060    01:36     
1056      0.000084    0.000069    01:36     
1057      0.000088    0.000147    01:36     
1058      0.000083    0.000050    01:37     
1059      0.000087    0.000083    01:37     
1060      0.000083    0.000074    01:36     
1061      0.000084    0.000091    01:36     
1062      0.000089    0.000061    01:37     
1063      0.000088    0.000069    01:36     
1064      0.000091    0.000081    01:36     
1065      0.000084    0.000086    01:36     
1066      0.000081    0.000100    01:36     
1067      0.000082    0.000079    01:37     
1068      0.000082    0.000075    01:36     
1069      0.000084    0.000055    01:36     
1070      0.000076    0.000045    01:36     
1071      0.000080    0.000117    01:37     
1072      0.000084    0.000061    01:36     
1073      0.000076    0.000061    01:36     
1074      0.000080    0.000063    01:36     
1075      0.000091    0.000056    01:36     
1076      0.000086    0.000049    01:36     
1077      0.000081    0.000059    01:36     
1078      0.000080    0.000070    01:36     
1079      0.000073    0.000046    01:36     
1080      0.000075    0.000060    01:36     
1081      0.000077    0.000055    01:37     
1082      0.000074    0.000056    01:36     
1083      0.000084    0.000085    01:36     
1084      0.000071    0.000068    01:36     
1085      0.000086    0.000059    01:36     
1086      0.000073    0.000073    01:36     
1087      0.000077    0.000062    01:37     
1088      0.000076    0.000055    01:37     
1089      0.000079    0.000037    01:37     
Better model found at epoch 1089 with valid_loss value: 3.704189293785021e-05.
1090      0.000079    0.000073    01:37     
1091      0.000078    0.000070    01:37     
1092      0.000075    0.000055    01:37     
1093      0.000077    0.000057    01:37     
1094      0.000075    0.000084    01:36     
1095      0.000085    0.000072    01:37     
1096      0.000080    0.000053    01:37     
1097      0.000076    0.000047    01:37     
1098      0.000073    0.000043    01:36     
1099      0.000078    0.000044    01:37     
1100      0.000080    0.000067    01:37     
1101      0.000067    0.000076    01:36     
1102      0.000069    0.000044    01:37     
1103      0.000081    0.000109    01:37     
1104      0.000082    0.000072    01:37     
1105      0.000077    0.000058    01:37     
1106      0.000075    0.000044    01:37     
1107      0.000075    0.000053    01:37     
1108      0.000077    0.000054    01:37     
1109      0.000073    0.000051    01:37     
1110      0.000081    0.000061    01:37     
1111      0.000076    0.000068    01:37     
1112      0.000072    0.000076    01:37     
1113      0.000077    0.000073    01:37     
1114      0.000077    0.000076    01:37     
1115      0.000072    0.000073    01:37     
1116      0.000064    0.000042    01:37     
1117      0.000079    0.000072    01:37     
1118      0.000076    0.000066    01:37     
1119      0.000076    0.000050    01:37     
1120      0.000072    0.000109    01:37     
1121      0.000072    0.000075    01:37     
1122      0.000067    0.000045    01:37     
1123      0.000068    0.000054    01:37     
1124      0.000067    0.000042    01:37     
1125      0.000069    0.000042    01:37     
1126      0.000069    0.000079    01:37     
1127      0.000075    0.000072    01:37     
1128      0.000076    0.000059    01:37     
1129      0.000072    0.000048    01:37     
1130      0.000070    0.000090    01:37     
1131      0.000062    0.000040    01:37     
1132      0.000076    0.000046    01:37     
1133      0.000063    0.000033    01:37     
Better model found at epoch 1133 with valid_loss value: 3.337409725645557e-05.
1134      0.000071    0.000052    01:37     
1135      0.000073    0.000049    01:37     
1136      0.000069    0.000050    01:37     
1137      0.000075    0.000053    01:37     
1138      0.000066    0.000039    01:37     
1139      0.000067    0.000041    01:36     
1140      0.000072    0.000054    01:37     
1141      0.000063    0.000051    01:37     
1142      0.000072    0.000052    01:37     
1143      0.000071    0.000050    01:36     
1144      0.000072    0.000057    01:37     
1145      0.000075    0.000043    01:37     
1146      0.000065    0.000033    01:37     
1147      0.000066    0.000043    01:37     
1148      0.000072    0.000063    01:37     
1149      0.000063    0.000027    01:37     
Better model found at epoch 1149 with valid_loss value: 2.671725997061003e-05.
1150      0.000073    0.000051    01:37     
1151      0.000080    0.000052    01:37     
1152      0.000068    0.000054    01:37     
1153      0.000066    0.000054    01:37     
1154      0.000070    0.000043    01:37     
1155      0.000070    0.000046    01:37     
1156      0.000061    0.000045    01:37     
1157      0.000070    0.000042    01:37     
1158      0.000070    0.000040    01:37     
1159      0.000060    0.000032    01:37     
1160      0.000069    0.000045    01:37     
1161      0.000065    0.000046    01:37     
1162      0.000070    0.000042    01:37     
1163      0.000068    0.000051    01:37     
1164      0.000073    0.000050    01:37     
1165      0.000066    0.000050    01:37     
1166      0.000061    0.000031    01:37     
1167      0.000063    0.000054    01:37     
1168      0.000064    0.000053    01:37     
1169      0.000073    0.000045    01:37     
1170      0.000067    0.000043    01:37     
1171      0.000065    0.000057    01:37     
1172      0.000057    0.000027    01:37     
1173      0.000072    0.000059    01:37     
1174      0.000065    0.000055    01:37     
1175      0.000065    0.000043    01:37     
1176      0.000061    0.000036    01:37     
1177      0.000067    0.000031    01:37     
1178      0.000062    0.000046    01:37     
1179      0.000071    0.000046    01:37     
1180      0.000066    0.000037    01:37     
1181      0.000060    0.000050    01:37     
1182      0.000065    0.000051    01:37     
1183      0.000068    0.000033    01:37     
1184      0.000060    0.000041    01:37     
1185      0.000060    0.000032    01:37     
1186      0.000058    0.000031    01:37     
1187      0.000059    0.000032    01:37     
1188      0.000066    0.000033    01:37     
1189      0.000065    0.000037    01:37     
1190      0.000068    0.000052    01:37     
1191      0.000063    0.000036    01:37     
1192      0.000055    0.000032    01:37     
1193      0.000064    0.000050    01:37     
1194      0.000064    0.000036    01:37     
1195      0.000057    0.000034    01:36     
1196      0.000065    0.000042    01:37     
1197      0.000062    0.000033    01:37     
1198      0.000055    0.000029    01:37     
1199      0.000075    0.000051    01:37     
1200      0.000060    0.000046    01:37     
1201      0.000055    0.000027    01:37     
1202      0.000059    0.000036    01:37     
1203      0.000060    0.000032    01:37     
1204      0.000063    0.000028    01:37     
1205      0.000061    0.000039    01:37     
1206      0.000061    0.000036    01:37     
1207      0.000063    0.000037    01:37     
1208      0.000060    0.000035    01:37     
1209      0.000059    0.000033    01:37     
1210      0.000057    0.000047    01:37     
1211      0.000059    0.000039    01:37     
1212      0.000057    0.000057    01:37     
1213      0.000060    0.000059    01:37     
1214      0.000058    0.000046    01:37     
1215      0.000061    0.000047    01:37     
1216      0.000064    0.000044    01:37     
1217      0.000057    0.000030    01:37     
1218      0.000059    0.000042    01:37     
1219      0.000066    0.000039    01:37     
1220      0.000063    0.000034    01:37     
1221      0.000060    0.000028    01:37     
1222      0.000053    0.000031    01:37     
1223      0.000057    0.000032    01:38     
1224      0.000057    0.000037    01:37     
1225      0.000054    0.000028    01:37     
1226      0.000058    0.000043    01:37     
1227      0.000056    0.000045    01:37     
1228      0.000060    0.000035    01:37     
1229      0.000059    0.000034    01:37     
1230      0.000063    0.000038    01:37     
1231      0.000055    0.000035    01:37     
1232      0.000056    0.000033    01:36     
1233      0.000053    0.000027    01:37     
Better model found at epoch 1233 with valid_loss value: 2.656897959241178e-05.
1234      0.000057    0.000032    01:37     
1235      0.000059    0.000031    01:37     
1236      0.000056    0.000039    01:37     
1237      0.000055    0.000041    01:37     
1238      0.000055    0.000040    01:37     
1239      0.000058    0.000040    01:37     
1240      0.000056    0.000033    01:37     
1241      0.000056    0.000029    01:37     
1242      0.000052    0.000023    01:37     
Better model found at epoch 1242 with valid_loss value: 2.307172144355718e-05.
1243      0.000055    0.000033    01:38     
1244      0.000052    0.000034    01:37     
1245      0.000054    0.000032    01:37     
1246      0.000056    0.000052    01:37     
1247      0.000054    0.000033    01:37     
1248      0.000058    0.000032    01:37     
1249      0.000052    0.000024    01:37     
1250      0.000052    0.000028    01:37     
1251      0.000061    0.000027    01:37     
1252      0.000051    0.000027    01:37     
1253      0.000049    0.000028    01:37     
1254      0.000051    0.000032    01:37     
1255      0.000053    0.000039    01:37     
1256      0.000052    0.000027    01:37     
1257      0.000052    0.000038    01:37     
1258      0.000057    0.000032    01:37     
1259      0.000054    0.000038    01:37     
1260      0.000052    0.000032    01:37     
1261      0.000052    0.000030    01:37     
1262      0.000051    0.000031    01:37     
1263      0.000049    0.000031    01:37     
1264      0.000055    0.000029    01:37     
1265      0.000052    0.000033    01:37     
1266      0.000053    0.000035    01:37     
1267      0.000055    0.000032    01:37     
1268      0.000051    0.000026    01:37     
1269      0.000051    0.000022    01:37     
Better model found at epoch 1269 with valid_loss value: 2.1957579519948922e-05.
1270      0.000049    0.000023    01:37     
1271      0.000057    0.000032    01:38     
1272      0.000049    0.000025    01:37     
1273      0.000054    0.000026    01:38     
1274      0.000051    0.000032    01:38     
1275      0.000046    0.000028    01:37     
1276      0.000049    0.000027    01:37     
1277      0.000049    0.000032    01:38     
1278      0.000048    0.000029    01:37     
1279      0.000053    0.000023    01:37     
1280      0.000051    0.000026    01:37     
1281      0.000049    0.000026    01:37     
1282      0.000049    0.000027    01:37     
1283      0.000051    0.000024    01:37     
1284      0.000048    0.000030    01:37     
1285      0.000057    0.000033    01:37     
1286      0.000048    0.000024    01:37     
1287      0.000048    0.000027    01:37     
1288      0.000048    0.000026    01:37     
1289      0.000049    0.000024    01:37     
1290      0.000051    0.000024    01:38     
1291      0.000052    0.000027    01:37     
1292      0.000049    0.000024    01:37     
1293      0.000048    0.000020    01:37     
Better model found at epoch 1293 with valid_loss value: 1.9746879843296483e-05.
1294      0.000048    0.000024    01:37     
1295      0.000050    0.000036    01:37     
1296      0.000050    0.000023    01:37     
1297      0.000051    0.000020    01:37     
1298      0.000050    0.000022    01:37     
1299      0.000046    0.000032    01:37     
1300      0.000044    0.000030    01:37     
1301      0.000047    0.000020    01:37     
1302      0.000048    0.000021    01:37     
1303      0.000050    0.000026    01:37     
1304      0.000048    0.000024    01:37     
1305      0.000048    0.000026    01:37     
1306      0.000052    0.000021    01:37     
1307      0.000049    0.000025    01:37     
1308      0.000046    0.000023    01:37     
1309      0.000046    0.000025    01:37     
1310      0.000047    0.000038    01:37     
1311      0.000045    0.000026    01:37     
1312      0.000046    0.000024    01:37     
1313      0.000046    0.000021    01:37     
1314      0.000046    0.000025    01:37     
1315      0.000048    0.000021    01:37     
1316      0.000051    0.000036    01:37     
1317      0.000043    0.000020    01:37     
1318      0.000047    0.000022    01:38     
1319      0.000044    0.000036    01:38     
1320      0.000045    0.000027    01:38     
1321      0.000047    0.000022    01:38     
1322      0.000048    0.000022    01:37     
1323      0.000048    0.000021    01:38     
1324      0.000046    0.000019    01:37     
Better model found at epoch 1324 with valid_loss value: 1.9183013137080707e-05.
1325      0.000048    0.000029    01:38     
1326      0.000050    0.000030    01:37     
1327      0.000047    0.000022    01:38     
1328      0.000044    0.000020    01:38     
1329      0.000042    0.000020    01:37     
1330      0.000045    0.000020    01:38     
1331      0.000048    0.000020    01:37     
1332      0.000047    0.000019    01:38     
1333      0.000045    0.000019    01:38     
Better model found at epoch 1333 with valid_loss value: 1.8662727597984485e-05.
1334      0.000046    0.000020    01:37     
1335      0.000044    0.000022    01:38     
1336      0.000044    0.000019    01:38     
1337      0.000046    0.000031    01:37     
1338      0.000044    0.000026    01:37     
1339      0.000048    0.000033    01:37     
1340      0.000044    0.000019    01:37     
Better model found at epoch 1340 with valid_loss value: 1.8635122614796273e-05.
1341      0.000045    0.000020    01:37     
1342      0.000044    0.000020    01:37     
1343      0.000043    0.000021    01:37     
1344      0.000042    0.000021    01:37     
1345      0.000045    0.000019    01:37     
1346      0.000042    0.000019    01:37     
1347      0.000049    0.000020    01:38     
1348      0.000044    0.000027    01:38     
1349      0.000041    0.000018    01:37     
Better model found at epoch 1349 with valid_loss value: 1.8326431018067524e-05.
1350      0.000044    0.000017    01:37     
Better model found at epoch 1350 with valid_loss value: 1.6877376765478402e-05.
1351      0.000043    0.000028    01:37     
1352      0.000043    0.000018    01:37     
1353      0.000043    0.000020    01:38     
1354      0.000045    0.000026    01:37     
1355      0.000043    0.000028    01:37     
1356      0.000042    0.000018    01:38     
1357      0.000044    0.000018    01:38     
1358      0.000043    0.000019    01:38     
1359      0.000045    0.000019    01:38     
1360      0.000044    0.000025    01:38     
1361      0.000044    0.000031    01:37     
1362      0.000041    0.000024    01:38     
1363      0.000044    0.000020    01:37     
1364      0.000040    0.000017    01:37     
1365      0.000040    0.000021    01:37     
1366      0.000042    0.000027    01:37     
1367      0.000039    0.000023    01:38     
1368      0.000041    0.000018    01:38     
1369      0.000041    0.000017    01:37     
1370      0.000037    0.000015    01:38     
Better model found at epoch 1370 with valid_loss value: 1.537806383566931e-05.
1371      0.000041    0.000016    01:38     
1372      0.000043    0.000018    01:38     
1373      0.000042    0.000019    01:38     
1374      0.000042    0.000024    01:38     
1375      0.000039    0.000018    01:37     
1376      0.000042    0.000028    01:38     
1377      0.000041    0.000022    01:38     
1378      0.000040    0.000019    01:37     
1379      0.000039    0.000023    01:38     
1380      0.000040    0.000023    01:38     
1381      0.000040    0.000020    01:37     
1382      0.000043    0.000016    01:38     
1383      0.000042    0.000028    01:38     
1384      0.000044    0.000017    01:37     
1385      0.000043    0.000018    01:38     
1386      0.000046    0.000017    01:38     
1387      0.000038    0.000018    01:37     
1388      0.000041    0.000017    01:38     
1389      0.000039    0.000021    01:37     
1390      0.000042    0.000020    01:38     
1391      0.000038    0.000018    01:38     
1392      0.000041    0.000016    01:37     
1393      0.000041    0.000025    01:38     
1394      0.000039    0.000023    01:38     
1395      0.000041    0.000026    01:38     
1396      0.000039    0.000026    01:37     
1397      0.000043    0.000017    01:38     
1398      0.000042    0.000016    01:38     
1399      0.000040    0.000016    01:37     
1400      0.000041    0.000017    01:38     
1401      0.000037    0.000016    01:37     
1402      0.000041    0.000017    01:38     
1403      0.000037    0.000020    01:38     
1404      0.000039    0.000016    01:37     
1405      0.000038    0.000025    01:38     
1406      0.000040    0.000016    01:37     
1407      0.000039    0.000016    01:37     
1408      0.000039    0.000015    01:38     
Better model found at epoch 1408 with valid_loss value: 1.5272069504135288e-05.
1409      0.000040    0.000017    01:37     
1410      0.000037    0.000017    01:38     
1411      0.000038    0.000015    01:38     
Better model found at epoch 1411 with valid_loss value: 1.524926301499363e-05.
1412      0.000040    0.000015    01:38     
Better model found at epoch 1412 with valid_loss value: 1.4914302482793573e-05.
1413      0.000038    0.000016    01:38     
1414      0.000035    0.000016    01:37     
1415      0.000040    0.000015    01:37     
1416      0.000041    0.000022    01:38     
1417      0.000038    0.000016    01:37     
1418      0.000038    0.000016    01:38     
1419      0.000040    0.000015    01:37     
1420      0.000044    0.000016    01:38     
1421      0.000038    0.000016    01:38     
1422      0.000038    0.000022    01:38     
1423      0.000040    0.000016    01:38     
1424      0.000038    0.000015    01:37     
1425      0.000038    0.000024    01:39     
1426      0.000040    0.000025    01:38     
1427      0.000038    0.000015    01:39     
Better model found at epoch 1427 with valid_loss value: 1.4864875993225724e-05.
1428      0.000039    0.000019    01:38     
1429      0.000037    0.000015    01:39     
1430      0.000037    0.000024    01:39     
1431      0.000037    0.000023    01:38     
1432      0.000040    0.000020    01:38     
1433      0.000041    0.000025    01:38     
1434      0.000038    0.000015    01:42     
1435      0.000040    0.000015    01:43     
1436      0.000037    0.000014    01:43     
Better model found at epoch 1436 with valid_loss value: 1.4468037079495843e-05.
1437      0.000037    0.000021    01:43     
1438      0.000037    0.000019    01:41     
1439      0.000035    0.000015    01:43     
1440      0.000039    0.000016    01:43     
1441      0.000038    0.000015    01:42     
1442      0.000037    0.000015    01:43     
1443      0.000037    0.000015    01:43     
1444      0.000037    0.000015    01:43     
1445      0.000036    0.000025    01:42     
1446      0.000037    0.000015    01:43     
1447      0.000036    0.000015    01:42     
1448      0.000035    0.000015    01:38     
1449      0.000035    0.000017    01:42     
1450      0.000036    0.000014    01:43     
Better model found at epoch 1450 with valid_loss value: 1.4062908121559303e-05.
1451      0.000036    0.000017    01:43     
1452      0.000037    0.000015    01:42     
1453      0.000040    0.000017    01:43     
1454      0.000038    0.000022    01:42     
1455      0.000038    0.000016    01:43     
1456      0.000039    0.000014    01:43     
1457      0.000037    0.000014    01:42     
Better model found at epoch 1457 with valid_loss value: 1.3971432053949684e-05.
1458      0.000036    0.000014    01:43     
Better model found at epoch 1458 with valid_loss value: 1.3954361747892108e-05.
1459      0.000038    0.000014    01:42     
1460      0.000038    0.000015    01:43     
1461      0.000037    0.000022    01:43     
1462      0.000038    0.000016    01:43     
1463      0.000036    0.000017    01:42     
1464      0.000036    0.000017    01:43     
1465      0.000037    0.000015    01:42     
1466      0.000036    0.000015    01:43     
1467      0.000037    0.000019    01:43     
1468      0.000035    0.000015    01:43     
1469      0.000039    0.000015    01:43     
1470      0.000035    0.000018    01:43     
1471      0.000037    0.000017    01:42     
1472      0.000038    0.000016    01:43     
1473      0.000036    0.000015    01:43     
1474      0.000036    0.000015    01:43     
1475      0.000037    0.000015    01:43     
1476      0.000037    0.000016    01:43     
1477      0.000038    0.000022    01:43     
1478      0.000037    0.000022    01:43     
1479      0.000037    0.000015    01:43     
1480      0.000036    0.000015    01:43     
1481      0.000034    0.000015    01:38     
1482      0.000039    0.000023    01:37     
1483      0.000035    0.000021    01:38     
1484      0.000035    0.000015    01:38     
1485      0.000037    0.000019    01:38     
1486      0.000037    0.000020    01:38     
1487      0.000035    0.000019    01:38     
1488      0.000037    0.000015    01:38     
1489      0.000035    0.000015    01:38     
1490      0.000036    0.000015    01:38     
1491      0.000037    0.000023    01:38     
1492      0.000037    0.000014    01:38     
1493      0.000038    0.000015    01:37     
1494      0.000034    0.000015    01:38     
1495      0.000035    0.000021    01:38     
1496      0.000037    0.000024    01:38     
1497      0.000037    0.000015    01:38     
1498      0.000036    0.000026    01:38     
1499      0.000036    0.000018    01:38     
...done
Grid search ended.
End of job.
