#!/bin/bash
#SBATCH -A HEP2016-1-4
#SBATCH -p hep
#SBATCH -t 71:59:59
#SBATCH -o AE_3D_bs4096_lr1e-02_wd1e-02_pp0e+00_.out
#SBATCH -e AE_3D_bs4096_lr1e-02_wd1e-02_pp0e+00_.err

cat $0

ml GCC/8.2.0-2.31.1  OpenMPI/3.1.3
ml PyTorch/1.1.0-Python-3.7.2

pwd

## My virtualenv with fastai installation
source /home/erwulff/vpyenv/bin/activate

## Initial checks
which python
python --version

##cd lth_thesis_project/jet_by_jet_compression/grid_search/
echo "Starting grid search..."
python 001_train_25aodbs4096_lr1e-02_wd1e-02_pp0e+00_.py
echo "Grid search ended."

##cp -p -r grid_search_001 $SLURM_SUBMIT_DIR

echo "End of job."
/home/erwulff/nobackup/lth_thesis_project/jet_by_jet_compression/grid_search/AE_bn_LeakyReLU_25AOD_grid_search_custom_normalization_1500epochs/AE_25_200_200_200_14_200_200_200_25
/home/erwulff/vpyenv/bin/python
Python 3.7.2
Starting grid search...
torch.cuda.is_available(): False
Training AE_bn_LeakyReLU with lr=1.0e-02, p=None, wd=1.0e-02 ...
epoch     train_loss  valid_loss  time    
0         0.012620    0.004619    01:52     
Better model found at epoch 0 with valid_loss value: 0.004619442392140627.
1         0.002640    0.002201    01:52     
Better model found at epoch 1 with valid_loss value: 0.002200552262365818.
2         0.001556    0.001402    01:52     
Better model found at epoch 2 with valid_loss value: 0.001402475405484438.
3         0.001134    0.001041    01:52     
Better model found at epoch 3 with valid_loss value: 0.0010406502988189459.
4         0.000911    0.000850    01:52     
Better model found at epoch 4 with valid_loss value: 0.0008497387752868235.
5         0.000763    0.000719    01:52     
Better model found at epoch 5 with valid_loss value: 0.0007185147260315716.
6         0.000677    0.000624    01:53     
Better model found at epoch 6 with valid_loss value: 0.0006238804780878127.
7         0.000578    0.000519    01:53     
Better model found at epoch 7 with valid_loss value: 0.0005192629178054631.
8         0.000542    0.000523    01:53     
9         0.000482    0.000436    01:52     
Better model found at epoch 9 with valid_loss value: 0.00043592386646196246.
10        0.000457    0.000410    01:52     
Better model found at epoch 10 with valid_loss value: 0.0004096375487279147.
11        0.000436    0.000391    01:52     
Better model found at epoch 11 with valid_loss value: 0.00039099412970244884.
12        0.000410    0.000378    01:52     
Better model found at epoch 12 with valid_loss value: 0.00037842191522940993.
13        0.000391    0.000364    01:52     
Better model found at epoch 13 with valid_loss value: 0.000363521627150476.
14        0.000380    0.000365    01:53     
15        0.000362    0.000331    01:53     
Better model found at epoch 15 with valid_loss value: 0.00033105883630923927.
16        0.000355    0.000317    01:53     
Better model found at epoch 16 with valid_loss value: 0.0003169324772898108.
17        0.000339    0.000327    01:53     
18        0.000337    0.000317    01:53     
Better model found at epoch 18 with valid_loss value: 0.00031658264924772084.
19        0.000328    0.000294    01:53     
Better model found at epoch 19 with valid_loss value: 0.0002939153928309679.
20        0.000323    0.000278    01:53     
Better model found at epoch 20 with valid_loss value: 0.00027826501172967255.
21        0.000315    0.000305    01:53     
22        0.000311    0.000285    01:53     
23        0.000310    0.000306    01:53     
24        0.000300    0.000253    01:53     
Better model found at epoch 24 with valid_loss value: 0.0002525042509660125.
25        0.000295    0.000280    01:53     
26        0.000292    0.000266    01:53     
27        0.000295    0.000264    01:53     
28        0.000285    0.000249    01:53     
Better model found at epoch 28 with valid_loss value: 0.00024885573657229543.
29        0.000277    0.000241    01:53     
Better model found at epoch 29 with valid_loss value: 0.000240541688981466.
30        0.000279    0.000246    01:53     
31        0.000276    0.000244    01:53     
32        0.000265    0.000235    01:53     
Better model found at epoch 32 with valid_loss value: 0.0002346504043089226.
33        0.000273    0.000255    01:53     
34        0.000270    0.000273    01:53     
35        0.000251    0.000219    01:53     
Better model found at epoch 35 with valid_loss value: 0.00021863385336473584.
36        0.000264    0.000208    01:53     
Better model found at epoch 36 with valid_loss value: 0.00020816863980144262.
37        0.000254    0.000213    01:53     
38        0.000272    0.000258    01:53     
39        0.000250    0.000221    01:53     
40        0.000253    0.000224    01:54     
41        0.000250    0.000229    01:54     
42        0.000244    0.000217    01:54     
43        0.000251    0.000224    01:54     
44        0.000243    0.000213    01:54     
45        0.000234    0.000226    01:54     
46        0.000239    0.000224    01:54     
47        0.000233    0.000207    01:54     
Better model found at epoch 47 with valid_loss value: 0.00020664604380726814.
48        0.000238    0.000233    01:54     
49        0.000240    0.000224    01:54     
50        0.000233    0.000201    01:54     
Better model found at epoch 50 with valid_loss value: 0.00020075264910701662.
51        0.000235    0.000192    01:54     
Better model found at epoch 51 with valid_loss value: 0.00019238177628722042.
52        0.000241    0.000221    01:54     
53        0.000228    0.000194    01:54     
54        0.000224    0.000235    01:54     
55        0.000222    0.000202    01:54     
56        0.000225    0.000183    01:54     
Better model found at epoch 56 with valid_loss value: 0.00018288065621163696.
57        0.000213    0.000194    01:54     
58        0.000221    0.000201    01:54     
59        0.000215    0.000191    01:54     
60        0.000215    0.000187    01:54     
61        0.000216    0.000201    01:54     
62        0.000217    0.000177    01:54     
Better model found at epoch 62 with valid_loss value: 0.00017702118202578276.
63        0.000227    0.000231    01:54     
64        0.000218    0.000232    01:54     
65        0.000211    0.000192    01:54     
66        0.000211    0.000199    01:54     
67        0.000208    0.000210    01:54     
68        0.000209    0.000195    01:54     
69        0.000202    0.000160    01:54     
Better model found at epoch 69 with valid_loss value: 0.00016001492622308433.
70        0.000202    0.000185    01:55     
71        0.000206    0.000194    01:54     
72        0.000207    0.000172    01:54     
73        0.000201    0.000167    01:54     
74        0.000200    0.000173    01:54     
75        0.000205    0.000190    01:54     
76        0.000200    0.000182    01:55     
77        0.000202    0.000185    01:54     
78        0.000200    0.000175    01:55     
79        0.000197    0.000186    01:55     
80        0.000195    0.000162    01:55     
81        0.000196    0.000189    01:55     
82        0.000197    0.000202    01:55     
83        0.000188    0.000166    01:55     
84        0.000183    0.000160    01:55     
85        0.000186    0.000189    01:55     
86        0.000190    0.000145    01:55     
Better model found at epoch 86 with valid_loss value: 0.00014531817578244954.
87        0.000181    0.000167    01:55     
88        0.000188    0.000171    01:55     
89        0.000179    0.000179    01:55     
90        0.000184    0.000182    01:56     
91        0.000182    0.000163    01:55     
92        0.000178    0.000164    01:55     
93        0.000182    0.000165    01:55     
94        0.000178    0.000166    01:55     
95        0.000184    0.000155    01:55     
96        0.000181    0.000146    01:55     
97        0.000168    0.000145    01:55     
Better model found at epoch 97 with valid_loss value: 0.00014497889787890017.
98        0.000174    0.000157    01:55     
99        0.000173    0.000148    01:55     
100       0.000164    0.000141    01:56     
Better model found at epoch 100 with valid_loss value: 0.00014085897419136018.
101       0.000167    0.000154    01:55     
102       0.000181    0.000181    01:58     
103       0.000173    0.000162    01:56     
104       0.000166    0.000134    01:55     
Better model found at epoch 104 with valid_loss value: 0.00013386424689088017.
105       0.000168    0.000178    01:56     
106       0.000168    0.000183    01:55     
107       0.000167    0.000189    01:56     
108       0.000161    0.000163    01:56     
109       0.000160    0.000149    01:56     
110       0.000164    0.000142    01:57     
111       0.000167    0.000155    01:56     
112       0.000160    0.000142    01:56     
113       0.000162    0.000142    01:56     
114       0.000159    0.000130    01:56     
Better model found at epoch 114 with valid_loss value: 0.0001301797165069729.
115       0.000161    0.000136    01:56     
116       0.000155    0.000159    01:56     
117       0.000154    0.000141    01:56     
118       0.000164    0.000140    01:56     
119       0.000159    0.000139    01:56     
120       0.000153    0.000148    01:56     
121       0.000156    0.000132    01:56     
122       0.000141    0.000127    01:56     
Better model found at epoch 122 with valid_loss value: 0.00012674072058871388.
123       0.000148    0.000138    01:56     
124       0.000152    0.000142    01:56     
125       0.000145    0.000118    01:56     
Better model found at epoch 125 with valid_loss value: 0.00011794237070716918.
126       0.000150    0.000141    01:56     
127       0.000146    0.000146    01:56     
128       0.000145    0.000143    01:56     
129       0.000141    0.000106    01:56     
Better model found at epoch 129 with valid_loss value: 0.00010608757293084636.
130       0.000152    0.000137    01:56     
131       0.000144    0.000138    01:56     
132       0.000148    0.000127    01:56     
133       0.000142    0.000105    01:57     
Better model found at epoch 133 with valid_loss value: 0.00010541556548560038.
134       0.000142    0.000112    01:57     
135       0.000136    0.000133    01:56     
136       0.000142    0.000109    01:57     
137       0.000150    0.000145    01:57     
138       0.000140    0.000135    01:57     
139       0.000134    0.000129    01:57     
140       0.000141    0.000126    01:57     
141       0.000132    0.000129    01:57     
142       0.000138    0.000165    01:57     
143       0.000137    0.000119    01:56     
144       0.000134    0.000126    01:57     
145       0.000134    0.000123    01:57     
146       0.000132    0.000135    01:57     
147       0.000137    0.000124    01:57     
148       0.000136    0.000131    01:57     
149       0.000132    0.000112    01:57     
150       0.000129    0.000158    01:57     
151       0.000132    0.000118    01:57     
152       0.000129    0.000113    01:57     
153       0.000133    0.000114    01:57     
154       0.000132    0.000099    01:57     
Better model found at epoch 154 with valid_loss value: 9.928112558554858e-05.
155       0.000128    0.000125    01:57     
156       0.000130    0.000140    01:57     
157       0.000133    0.000118    01:57     
158       0.000144    0.000140    01:57     
159       0.000126    0.000102    01:57     
160       0.000130    0.000138    01:57     
161       0.000126    0.000127    01:57     
162       0.000127    0.000132    01:57     
163       0.000136    0.000109    01:57     
164       0.000135    0.000110    01:57     
165       0.000128    0.000137    01:57     
166       0.000127    0.000122    01:57     
167       0.000128    0.000121    01:57     
168       0.000126    0.000123    01:57     
169       0.000127    0.000114    01:57     
170       0.000121    0.000118    01:57     
171       0.000124    0.000138    01:57     
172       0.000127    0.000153    01:57     
173       0.000130    0.000110    01:57     
174       0.000134    0.000110    01:57     
175       0.000128    0.000110    01:57     
176       0.000131    0.000126    01:57     
177       0.000124    0.000112    01:57     
178       0.000122    0.000122    01:57     
179       0.000128    0.000176    01:57     
180       0.000123    0.000110    01:57     
181       0.000125    0.000139    01:57     
182       0.000128    0.000095    01:57     
Better model found at epoch 182 with valid_loss value: 9.47171138250269e-05.
183       0.000127    0.000147    01:57     
184       0.000125    0.000142    01:57     
185       0.000121    0.000159    01:57     
186       0.000126    0.000126    01:57     
187       0.000127    0.000112    01:57     
188       0.000122    0.000113    01:58     
189       0.000132    0.000192    01:57     
190       0.000126    0.000108    01:57     
191       0.000127    0.000117    01:57     
192       0.000125    0.000131    01:57     
193       0.000127    0.000194    01:58     
194       0.000125    0.000140    01:58     
195       0.000130    0.000130    01:57     
196       0.000127    0.000196    01:57     
197       0.000126    0.000120    01:58     
198       0.000122    0.000133    01:57     
199       0.000126    0.000152    01:58     
200       0.000129    0.000132    01:57     
201       0.000121    0.000168    01:57     
202       0.000121    0.000158    01:57     
203       0.000127    0.000133    01:57     
204       0.000120    0.000104    01:57     
205       0.000121    0.000142    01:58     
206       0.000128    0.000156    01:57     
207       0.000125    0.000133    01:57     
208       0.000131    0.000170    01:58     
209       0.000126    0.000116    01:58     
210       0.000125    0.000124    01:58     
211       0.000121    0.000161    01:58     
212       0.000130    0.000145    01:57     
213       0.000128    0.000213    01:58     
214       0.000127    0.000133    01:57     
215       0.000127    0.000150    01:57     
216       0.000121    0.000141    01:57     
217       0.000129    0.000198    01:58     
218       0.000122    0.000125    01:57     
219       0.000126    0.000152    01:57     
220       0.000129    0.000150    01:58     
221       0.000119    0.000248    01:58     
222       0.000123    0.000143    01:58     
223       0.000136    0.000150    01:58     
224       0.000127    0.000144    01:58     
225       0.000137    0.000154    01:58     
226       0.000116    0.000129    01:58     
227       0.000129    0.000224    01:58     
228       0.000124    0.000177    01:58     
229       0.000125    0.000117    01:58     
230       0.000125    0.000131    01:58     
231       0.000121    0.000139    01:58     
232       0.000123    0.000123    01:58     
233       0.000123    0.000171    01:58     
234       0.000127    0.000155    01:58     
235       0.000128    0.000230    01:58     
236       0.000123    0.000270    01:58     
237       0.000129    0.000139    01:58     
238       0.000124    0.000167    01:58     
239       0.000124    0.000322    01:58     
240       0.000127    0.000191    01:58     
241       0.000135    0.000173    01:58     
242       0.000125    0.000160    01:58     
243       0.000127    0.000156    01:58     
244       0.000139    0.000283    01:58     
245       0.000130    0.000143    01:58     
246       0.000127    0.000103    01:58     
247       0.000131    0.000211    01:58     
248       0.000128    0.000199    01:58     
249       0.000135    0.000168    01:58     
250       0.000130    0.000707    01:58     
251       0.000120    0.000355    01:58     
252       0.000122    0.000233    01:58     
253       0.000121    0.000218    01:58     
254       0.000125    0.000140    01:58     
255       0.000130    0.000215    01:58     
256       0.000123    0.000202    01:58     
257       0.000129    0.000141    01:58     
258       0.000127    0.000140    01:58     
259       0.000122    0.000205    01:58     
260       0.000129    0.000145    01:58     
261       0.000132    0.000407    01:58     
262       0.000126    0.000153    01:58     
263       0.000131    0.000134    01:58     
264       0.000128    0.000134    01:58     
265       0.000129    0.000165    01:58     
266       0.000141    0.000152    01:58     
267       0.000123    0.000214    01:58     
268       0.000134    0.001048    01:58     
269       0.000132    0.000255    01:59     
270       0.000122    0.000156    01:59     
271       0.000126    0.000478    01:59     
272       0.000130    0.000387    01:59     
273       0.000126    0.000226    01:58     
274       0.000137    0.000248    01:58     
275       0.000127    0.000161    01:59     
276       0.000127    0.000228    01:59     
277       0.000142    0.000520    01:59     
278       0.000125    0.000325    01:59     
279       0.000129    0.000141    01:59     
280       0.000130    0.000131    01:59     
281       0.000129    0.000154    01:59     
282       0.000132    0.000191    01:59     
283       0.000131    0.000319    01:59     
284       0.000139    0.000228    01:59     
285       0.000133    0.000220    01:59     
286       0.000133    0.000164    01:59     
287       0.000125    0.000208    01:59     
288       0.000133    0.000236    01:59     
289       0.000137    0.000160    01:59     
290       0.000128    0.000146    01:59     
291       0.000126    0.000241    01:59     
292       0.000129    0.000192    01:59     
293       0.000127    0.000254    01:59     
294       0.000141    0.000168    01:59     
295       0.000124    0.000914    01:59     
296       0.000124    0.000256    01:59     
297       0.000127    0.000397    01:59     
298       0.000125    0.000182    01:59     
299       0.000132    0.000518    01:59     
300       0.000130    0.000727    01:59     
301       0.000137    0.000207    01:59     
302       0.000129    0.000292    01:59     
303       0.000137    0.000337    01:59     
304       0.000133    0.000306    01:59     
305       0.000134    0.000204    01:59     
306       0.000134    0.000213    01:59     
307       0.000133    0.000197    01:59     
308       0.000129    0.000404    01:59     
309       0.000131    0.000214    01:59     
310       0.000131    0.000373    01:59     
311       0.000131    0.000179    01:59     
312       0.000133    0.000223    01:59     
313       0.000126    0.000281    01:59     
314       0.000136    0.001167    01:59     
315       0.000128    0.000167    01:59     
316       0.000132    0.000124    01:59     
317       0.000136    0.000222    01:59     
318       0.000127    0.000191    01:59     
319       0.000128    0.000320    01:59     
320       0.000136    0.000177    01:59     
321       0.000131    0.000139    01:59     
322       0.000132    0.000340    01:59     
323       0.000136    0.000164    01:59     
324       0.000136    0.000204    01:59     
325       0.000135    0.000187    01:59     
326       0.000128    0.000242    01:59     
327       0.000131    0.000299    01:59     
328       0.000141    0.000172    01:59     
329       0.000135    0.000211    01:59     
330       0.000131    0.000274    01:59     
331       0.000133    0.000208    01:59     
332       0.000135    0.000236    01:59     
333       0.000141    0.000186    01:59     
334       0.000130    0.000180    01:59     
335       0.000140    0.000180    01:59     
336       0.000137    0.000193    01:59     
337       0.000135    0.000144    01:59     
338       0.000138    0.000177    01:59     
339       0.000138    0.000189    01:59     
340       0.000131    0.000229    01:59     
341       0.000125    0.000128    01:59     
342       0.000139    0.000294    01:59     
343       0.000135    0.000253    01:59     
344       0.000136    0.000188    01:59     
345       0.000140    0.000257    01:59     
346       0.000139    0.000251    01:59     
347       0.000138    0.000668    01:59     
348       0.000141    0.000374    01:59     
349       0.000131    0.000178    01:59     
350       0.000141    0.000205    01:59     
351       0.000138    0.000138    01:59     
352       0.000134    0.000132    01:59     
353       0.000133    0.000116    01:59     
354       0.000147    0.001013    01:59     
355       0.000139    0.000255    01:59     
356       0.000133    0.000258    01:59     
357       0.000140    0.000163    01:59     
358       0.000140    0.000198    01:59     
359       0.000144    0.000221    01:59     
360       0.000138    0.000148    01:59     
361       0.000139    0.000153    01:59     
362       0.000143    0.000495    01:59     
363       0.000138    0.000236    01:59     
364       0.000138    0.000136    01:59     
365       0.000131    0.000144    01:59     
366       0.000136    0.000295    01:59     
367       0.000139    0.000620    01:59     
368       0.000129    0.000139    01:59     
369       0.000144    0.000192    01:59     
370       0.000126    0.000421    01:59     
371       0.000140    0.000246    01:59     
372       0.000143    0.000145    01:59     
373       0.000139    0.000191    01:59     
374       0.000132    0.000289    01:59     
375       0.000133    0.000145    01:59     
376       0.000134    0.000147    01:59     
377       0.000126    0.000156    01:59     
378       0.000136    0.000363    01:59     
379       0.000142    0.000204    01:59     
380       0.000148    0.000293    01:59     
381       0.000146    0.001380    02:00     
382       0.000132    0.000206    02:00     
383       0.000125    0.000192    01:59     
384       0.000134    0.000376    01:59     
385       0.000134    0.000189    01:59     
386       0.000141    0.000183    02:00     
387       0.000136    0.000163    01:59     
388       0.000133    0.000156    02:00     
389       0.000142    0.000392    01:59     
390       0.000134    0.000470    02:00     
391       0.000137    0.000216    01:59     
392       0.000144    0.000185    01:59     
393       0.000146    0.000259    01:59     
394       0.000144    0.000312    01:59     
395       0.000140    0.000190    01:59     
396       0.000139    0.000284    01:59     
397       0.000136    0.000421    01:59     
398       0.000139    0.000276    01:59     
399       0.000149    0.000306    02:00     
400       0.000135    0.000329    01:59     
401       0.000132    0.000183    02:00     
402       0.000135    0.000613    02:00     
403       0.000139    0.000183    01:59     
404       0.000138    0.000202    02:00     
405       0.000138    0.000153    02:00     
406       0.000133    0.000197    02:00     
407       0.000145    0.000303    02:00     
408       0.000138    0.000153    02:00     
409       0.000139    0.000145    02:00     
410       0.000137    0.000171    02:00     
411       0.000140    0.000791    02:00     
412       0.000140    0.000322    02:00     
413       0.000133    0.000200    02:00     
414       0.000134    0.000209    02:00     
415       0.000133    0.000316    02:00     
416       0.000132    0.000626    02:00     
417       0.000135    0.000173    02:00     
418       0.000137    0.000294    02:00     
419       0.000139    0.000596    01:59     
420       0.000131    0.000273    02:00     
421       0.000136    0.000317    01:59     
422       0.000132    0.000254    01:59     
423       0.000137    0.000399    01:59     
424       0.000145    0.000233    02:00     
425       0.000138    0.000767    01:59     
426       0.000143    0.000282    02:00     
427       0.000136    0.000153    02:00     
428       0.000141    0.000185    02:00     
429       0.000130    0.000176    01:59     
430       0.000136    0.000172    02:00     
431       0.000134    0.000210    02:00     
432       0.000142    0.000563    02:00     
433       0.000137    0.000304    02:00     
434       0.000133    0.000457    02:00     
435       0.000135    0.000188    02:00     
436       0.000140    0.000656    02:00     
437       0.000134    0.000444    02:00     
438       0.000140    0.000282    02:00     
439       0.000145    0.000239    02:00     
440       0.000138    0.000169    02:00     
441       0.000141    0.000236    01:59     
442       0.000147    0.000749    02:01     
443       0.000131    0.000261    02:00     
444       0.000133    0.000196    02:00     
445       0.000130    0.000186    02:00     
446       0.000133    0.000229    02:00     
447       0.000138    0.000286    02:00     
448       0.000134    0.000420    02:00     
449       0.000133    0.000158    02:00     
450       0.000146    0.000168    02:00     
451       0.000139    0.000253    02:00     
452       0.000149    0.000397    02:00     
453       0.000135    0.000196    02:00     
454       0.000139    0.000231    02:00     
455       0.000134    0.000330    02:00     
456       0.000138    0.000212    02:00     
457       0.000141    0.000199    02:00     
458       0.000139    0.000453    02:00     
459       0.000135    0.000199    02:00     
460       0.000148    0.000248    02:00     
461       0.000135    0.000304    02:00     
462       0.000139    0.000210    02:00     
463       0.000136    0.000172    01:59     
464       0.000132    0.000214    01:59     
465       0.000130    0.000192    01:59     
466       0.000137    0.000427    01:59     
467       0.000135    0.000291    02:00     
468       0.000142    0.000161    01:59     
469       0.000139    0.000187    01:59     
470       0.000137    0.000302    02:00     
471       0.000133    0.000206    02:00     
472       0.000139    0.000288    02:00     
473       0.000141    0.000216    01:59     
474       0.000132    0.000296    02:00     
475       0.000137    0.000212    01:59     
476       0.000135    0.000166    01:59     
477       0.000130    0.000178    02:00     
478       0.000132    0.000118    02:00     
479       0.000139    0.000275    02:00     
480       0.000141    0.000203    02:00     
481       0.000133    0.000218    02:00     
482       0.000134    0.000135    02:00     
483       0.000134    0.000167    02:00     
484       0.000134    0.000309    01:59     
485       0.000135    0.000421    02:00     
486       0.000142    0.000262    01:59     
487       0.000147    0.000305    01:59     
488       0.000138    0.000203    01:59     
489       0.000137    0.000145    02:00     
490       0.000128    0.000201    01:59     
491       0.000132    0.000182    02:00     
492       0.000141    0.000163    02:00     
493       0.000136    0.000258    02:00     
494       0.000128    0.000119    01:59     
495       0.000147    0.001220    02:00     
496       0.000128    0.000152    02:00     
497       0.000132    0.000172    01:59     
498       0.000129    0.000140    02:00     
499       0.000136    0.000259    02:00     
500       0.000134    0.000177    02:00     
501       0.000129    0.000140    01:59     
502       0.000129    0.000232    02:00     
503       0.000126    0.000744    01:59     
504       0.000134    0.000212    02:00     
505       0.000135    0.000162    01:59     
506       0.000133    0.000221    02:00     
507       0.000131    0.000176    02:00     
508       0.000132    0.000150    02:00     
509       0.000132    0.000276    02:00     
510       0.000142    0.000256    02:00     
511       0.000129    0.000157    02:00     
512       0.000137    0.000215    01:59     
513       0.000135    0.000203    02:00     
514       0.000146    0.000361    02:00     
515       0.000138    0.000156    02:00     
516       0.000141    0.000160    02:00     
517       0.000139    0.000162    02:00     
518       0.000132    0.000256    02:00     
519       0.000127    0.000161    02:00     
520       0.000146    0.000445    02:00     
521       0.000126    0.000193    02:00     
522       0.000130    0.000169    02:00     
523       0.000134    0.000278    02:00     
524       0.000131    0.000133    02:00     
525       0.000135    0.000187    02:00     
526       0.000137    0.000241    02:00     
527       0.000129    0.000161    02:00     
528       0.000148    0.000218    02:00     
529       0.000134    0.000171    02:00     
530       0.000129    0.000478    02:00     
531       0.000133    0.000136    02:00     
532       0.000143    0.000267    02:00     
533       0.000137    0.000213    02:00     
534       0.000139    0.000213    02:00     
535       0.000135    0.000149    02:00     
536       0.000139    0.000140    02:00     
537       0.000134    0.000171    02:00     
538       0.000125    0.000214    02:00     
539       0.000136    0.000159    02:00     
540       0.000134    0.000308    02:00     
541       0.000137    0.000121    02:00     
542       0.000138    0.000191    02:00     
543       0.000125    0.000293    02:00     
544       0.000128    0.000582    02:00     
545       0.000132    0.000216    02:00     
546       0.000133    0.000161    02:00     
547       0.000141    0.000234    02:00     
548       0.000122    0.000152    02:00     
549       0.000134    0.000175    02:00     
550       0.000135    0.000120    02:00     
551       0.000130    0.000286    02:00     
552       0.000134    0.000225    02:00     
553       0.000131    0.000244    02:00     
554       0.000126    0.001013    02:00     
555       0.000132    0.000166    02:00     
556       0.000139    0.000147    02:00     
557       0.000124    0.000421    02:00     
558       0.000130    0.000172    02:00     
559       0.000129    0.000131    02:00     
560       0.000135    0.000196    02:00     
561       0.000138    0.000419    02:00     
562       0.000124    0.000252    02:00     
563       0.000129    0.000203    01:59     
564       0.000132    0.000208    02:00     
565       0.000134    0.000223    02:00     
566       0.000133    0.000172    02:00     
567       0.000127    0.000140    02:00     
568       0.000132    0.000210    01:59     
569       0.000141    0.000181    02:00     
570       0.000128    0.000272    01:59     
571       0.000132    0.000273    02:00     
572       0.000129    0.000224    02:00     
573       0.000130    0.000133    01:59     
574       0.000134    0.000236    01:59     
575       0.000128    0.000161    02:00     
576       0.000125    0.000260    02:00     
577       0.000126    0.000593    02:00     
578       0.000124    0.000158    01:59     
579       0.000129    0.000166    01:59     
580       0.000131    0.000151    02:00     
581       0.000132    0.000168    01:59     
582       0.000126    0.000124    02:00     
583       0.000128    0.000375    02:00     
584       0.000125    0.000197    01:59     
585       0.000135    0.000186    02:00     
586       0.000133    0.000272    02:00     
587       0.000121    0.000141    02:00     
588       0.000126    0.000249    02:00     
589       0.000132    0.000659    02:00     
590       0.000129    0.000123    02:00     
591       0.000132    0.000135    02:00     
592       0.000130    0.000171    02:00     
593       0.000127    0.000233    02:00     
594       0.000133    0.000332    02:00     
595       0.000124    0.000130    02:00     
596       0.000136    0.000147    02:00     
597       0.000132    0.000203    02:00     
598       0.000130    0.000169    02:00     
599       0.000121    0.000268    02:00     
600       0.000139    0.000190    02:00     
601       0.000127    0.000273    02:00     
602       0.000129    0.000243    02:00     
603       0.000128    0.000152    02:00     
604       0.000133    0.000270    02:00     
605       0.000122    0.000158    02:00     
606       0.000139    0.000287    02:00     
607       0.000129    0.000177    02:00     
608       0.000131    0.000127    02:00     
609       0.000121    0.000177    01:59     
610       0.000132    0.000140    02:00     
611       0.000121    0.000163    02:00     
612       0.000130    0.000165    02:00     
613       0.000126    0.000125    02:00     
614       0.000130    0.000177    02:00     
615       0.000137    0.000215    02:00     
616       0.000126    0.000130    02:00     
617       0.000132    0.000335    02:00     
618       0.000134    0.000170    02:00     
619       0.000126    0.000242    02:00     
620       0.000123    0.000167    02:00     
621       0.000135    0.000157    02:00     
622       0.000122    0.000182    02:00     
623       0.000135    0.000141    02:00     
624       0.000125    0.000115    02:00     
625       0.000130    0.000185    02:00     
626       0.000128    0.000163    02:00     
627       0.000138    0.000173    02:00     
628       0.000130    0.000182    02:00     
629       0.000128    0.000204    02:00     
630       0.000127    0.000383    02:01     
631       0.000130    0.000123    02:00     
632       0.000123    0.000145    02:00     
633       0.000127    0.000147    02:01     
634       0.000129    0.000145    02:00     
635       0.000127    0.000176    02:00     
636       0.000127    0.000283    02:01     
637       0.000126    0.000170    02:01     
638       0.000128    0.000161    02:00     
639       0.000126    0.000130    02:00     
640       0.000132    0.000156    02:00     
641       0.000128    0.000240    02:00     
642       0.000126    0.000376    02:00     
643       0.000138    0.000306    02:00     
644       0.000131    0.000155    02:00     
645       0.000122    0.000158    02:00     
646       0.000124    0.000204    02:00     
647       0.000122    0.000125    02:00     
648       0.000132    0.000271    02:00     
649       0.000121    0.000377    02:00     
650       0.000124    0.000151    02:00     
651       0.000150    0.000284    02:00     
652       0.000122    0.000153    02:00     
653       0.000136    0.000186    02:00     
654       0.000127    0.000173    02:00     
655       0.000119    0.000180    02:00     
656       0.000129    0.000279    02:00     
657       0.000127    0.000152    02:00     
658       0.000121    0.000156    02:00     
659       0.000130    0.000630    02:00     
660       0.000124    0.000243    02:00     
661       0.000125    0.000203    02:00     
662       0.000126    0.000125    02:00     
663       0.000137    0.000279    02:00     
664       0.000122    0.000250    02:00     
665       0.000125    0.000361    02:00     
666       0.000127    0.000221    02:00     
667       0.000126    0.000505    02:00     
668       0.000119    0.000171    02:00     
669       0.000129    0.000243    02:00     
670       0.000138    0.000178    02:00     
671       0.000122    0.000159    02:00     
672       0.000124    0.000218    02:00     
673       0.000124    0.000275    02:00     
674       0.000124    0.000137    02:00     
675       0.000124    0.000163    02:00     
676       0.000124    0.000145    02:00     
677       0.000125    0.000152    02:00     
678       0.000119    0.000168    02:00     
679       0.000131    0.000244    01:59     
680       0.000129    0.000299    02:00     
681       0.000126    0.000164    02:00     
682       0.000127    0.000121    02:00     
683       0.000119    0.000148    02:00     
684       0.000121    0.000172    01:59     
685       0.000121    0.000169    02:00     
686       0.000118    0.000124    02:00     
687       0.000115    0.000151    02:00     
688       0.000121    0.000140    02:00     
689       0.000121    0.000156    01:59     
690       0.000119    0.000136    02:00     
691       0.000120    0.000142    02:00     
692       0.000118    0.000317    02:00     
693       0.000128    0.000144    02:00     
694       0.000125    0.000130    02:00     
695       0.000128    0.000170    02:00     
696       0.000122    0.000171    02:00     
697       0.000121    0.000180    02:00     
698       0.000118    0.000287    02:00     
699       0.000124    0.000145    02:00     
700       0.000118    0.000122    02:00     
701       0.000121    0.000325    02:00     
702       0.000126    0.000170    02:00     
703       0.000122    0.000123    02:00     
704       0.000126    0.000140    02:00     
705       0.000128    0.000340    02:00     
706       0.000128    0.000204    02:00     
707       0.000121    0.000155    02:00     
708       0.000121    0.000210    02:00     
709       0.000120    0.000241    02:00     
710       0.000126    0.000144    02:00     
711       0.000126    0.000305    02:00     
712       0.000123    0.000140    02:00     
713       0.000116    0.000158    02:00     
714       0.000125    0.000211    02:00     
715       0.000120    0.000151    02:00     
716       0.000122    0.000186    02:00     
717       0.000122    0.000236    02:00     
718       0.000123    0.000103    02:00     
719       0.000124    0.000155    02:00     
720       0.000116    0.000196    02:00     
721       0.000128    0.000173    02:00     
722       0.000120    0.000138    02:00     
723       0.000117    0.000134    02:00     
724       0.000123    0.000153    01:59     
725       0.000125    0.000206    02:00     
726       0.000127    0.000157    02:00     
727       0.000121    0.000193    02:00     
728       0.000125    0.000201    02:00     
729       0.000120    0.000133    02:00     
730       0.000119    0.000120    02:00     
731       0.000120    0.000155    02:00     
732       0.000120    0.000114    02:00     
733       0.000127    0.000487    02:00     
734       0.000125    0.000128    02:00     
735       0.000124    0.000207    02:00     
736       0.000118    0.000318    02:00     
737       0.000123    0.000167    02:00     
738       0.000109    0.000134    02:00     
739       0.000120    0.000129    02:00     
740       0.000125    0.000208    02:00     
741       0.000121    0.000138    02:00     
742       0.000122    0.000125    02:00     
743       0.000126    0.000276    02:00     
744       0.000115    0.000133    02:00     
745       0.000120    0.000169    02:00     
746       0.000118    0.000126    02:00     
747       0.000129    0.000130    02:00     
748       0.000117    0.000134    02:00     
749       0.000122    0.000188    02:00     
750       0.000112    0.000155    01:59     
751       0.000118    0.000166    01:58     
752       0.000119    0.000258    01:58     
753       0.000119    0.000773    01:58     
754       0.000112    0.000248    01:57     
755       0.000120    0.000282    01:57     
756       0.000117    0.000157    01:57     
757       0.000119    0.000187    01:57     
758       0.000121    0.000588    01:58     
759       0.000124    0.000176    01:56     
760       0.000116    0.000209    01:56     
761       0.000120    0.000143    01:56     
762       0.000121    0.000146    01:56     
763       0.000120    0.000104    01:56     
764       0.000119    0.000748    01:56     
765       0.000119    0.000161    01:56     
766       0.000113    0.000517    01:56     
767       0.000118    0.000188    01:56     
768       0.000117    0.000147    01:56     
769       0.000123    0.000342    01:56     
770       0.000120    0.000120    01:56     
771       0.000117    0.000116    01:57     
772       0.000113    0.000121    01:56     
773       0.000112    0.000104    01:56     
774       0.000120    0.000183    01:56     
775       0.000117    0.000103    01:56     
776       0.000117    0.000506    01:56     
777       0.000126    0.000186    01:57     
778       0.000115    0.000129    01:55     
779       0.000118    0.000170    01:55     
780       0.000119    0.000387    01:55     
781       0.000120    0.000161    01:55     
782       0.000113    0.000197    01:54     
783       0.000119    0.000211    01:54     
784       0.000114    0.000111    01:53     
785       0.000121    0.000134    01:54     
786       0.000120    0.000215    01:53     
787       0.000114    0.000123    01:52     
788       0.000114    0.000278    01:52     
789       0.000116    0.000165    01:52     
790       0.000112    0.000259    01:52     
791       0.000121    0.000239    01:49     
792       0.000114    0.001685    01:45     
793       0.000115    0.000167    01:42     
794       0.000117    0.000159    01:41     
795       0.000117    0.000153    01:41     
796       0.000113    0.000277    01:41     
797       0.000114    0.000130    01:41     
798       0.000117    0.000152    01:41     
799       0.000122    0.000098    01:41     
800       0.000115    0.000170    01:41     
801       0.000125    0.000193    01:41     
802       0.000116    0.000369    01:41     
803       0.000118    0.000198    01:41     
804       0.000114    0.000183    01:42     
805       0.000119    0.000166    01:41     
806       0.000119    0.000152    01:41     
807       0.000111    0.000131    01:41     
808       0.000113    0.000122    01:41     
809       0.000114    0.000095    01:41     
Better model found at epoch 809 with valid_loss value: 9.454948303755373e-05.
810       0.000118    0.000138    01:42     
811       0.000116    0.000157    01:41     
812       0.000119    0.000227    01:41     
813       0.000113    0.000248    01:42     
814       0.000113    0.000179    01:41     
815       0.000117    0.000150    01:41     
816       0.000109    0.000149    01:41     
817       0.000120    0.000115    01:41     
818       0.000115    0.000157    01:41     
819       0.000111    0.000137    01:41     
820       0.000108    0.000116    01:41     
821       0.000118    0.000163    01:41     
822       0.000121    0.000136    01:41     
823       0.000111    0.000166    01:41     
824       0.000113    0.000183    01:42     
825       0.000116    0.000133    01:41     
826       0.000114    0.000116    01:42     
827       0.000114    0.000134    01:42     
828       0.000116    0.000117    01:41     
829       0.000114    0.000155    01:42     
830       0.000112    0.000102    01:41     
831       0.000118    0.000119    01:41     
832       0.000107    0.000152    01:42     
833       0.000111    0.000263    01:41     
834       0.000109    0.000103    01:41     
835       0.000113    0.000170    01:42     
836       0.000111    0.000176    01:42     
837       0.000108    0.000107    01:41     
838       0.000112    0.000096    01:42     
839       0.000114    0.000109    01:41     
840       0.000112    0.000188    01:42     
841       0.000111    0.000130    01:42     
842       0.000112    0.000126    01:41     
843       0.000118    0.000129    01:42     
844       0.000116    0.000118    01:42     
845       0.000110    0.000112    01:42     
846       0.000120    0.000135    01:41     
847       0.000107    0.000086    01:42     
Better model found at epoch 847 with valid_loss value: 8.615480328444391e-05.
848       0.000112    0.000123    01:42     
849       0.000117    0.000098    01:42     
850       0.000113    0.000092    01:42     
851       0.000105    0.000138    01:42     
852       0.000117    0.000104    01:42     
853       0.000116    0.000143    01:42     
854       0.000107    0.000135    01:42     
855       0.000110    0.000101    01:42     
856       0.000106    0.000120    01:42     
857       0.000106    0.000109    01:42     
858       0.000116    0.000147    01:42     
859       0.000110    0.000165    01:42     
860       0.000109    0.000197    01:41     
861       0.000116    0.000136    01:42     
862       0.000108    0.000105    01:42     
863       0.000115    0.000143    01:41     
864       0.000109    0.000167    01:42     
865       0.000112    0.000102    01:41     
866       0.000118    0.000165    01:42     
867       0.000117    0.000195    01:42     
868       0.000113    0.000125    01:42     
869       0.000108    0.000155    01:42     
870       0.000109    0.000155    01:42     
871       0.000101    0.000103    01:42     
872       0.000111    0.000127    01:42     
873       0.000107    0.000115    01:42     
874       0.000115    0.000135    01:42     
875       0.000111    0.000213    01:42     
876       0.000109    0.000148    01:42     
877       0.000106    0.000107    01:42     
878       0.000113    0.000131    01:41     
879       0.000109    0.000106    01:41     
880       0.000111    0.000177    01:42     
881       0.000105    0.000093    01:41     
882       0.000104    0.000104    01:42     
883       0.000102    0.000126    01:42     
884       0.000107    0.000455    01:42     
885       0.000108    0.000215    01:41     
886       0.000106    0.000114    01:42     
887       0.000105    0.000093    01:42     
888       0.000107    0.000386    01:42     
889       0.000112    0.000103    01:41     
890       0.000109    0.000131    01:42     
891       0.000114    0.000164    01:41     
892       0.000104    0.000130    01:42     
893       0.000107    0.000109    01:42     
894       0.000110    0.000148    01:42     
895       0.000108    0.000119    01:42     
896       0.000113    0.000167    01:42     
897       0.000106    0.000129    01:42     
898       0.000103    0.000096    01:42     
899       0.000105    0.000281    01:42     
900       0.000106    0.000088    01:42     
901       0.000108    0.000150    01:41     
902       0.000107    0.000122    01:41     
903       0.000111    0.000167    01:41     
904       0.000106    0.000097    01:42     
905       0.000111    0.000112    01:41     
906       0.000112    0.000110    01:41     
907       0.000111    0.000137    01:42     
908       0.000111    0.000161    01:42     
909       0.000104    0.000203    01:42     
910       0.000109    0.000134    01:42     
911       0.000109    0.000143    01:42     
912       0.000108    0.000097    01:41     
913       0.000105    0.000155    01:41     
914       0.000107    0.000113    01:41     
915       0.000108    0.000152    01:42     
916       0.000103    0.000124    01:41     
917       0.000103    0.000141    01:41     
918       0.000109    0.000163    01:42     
919       0.000102    0.000141    01:41     
920       0.000102    0.000107    01:42     
921       0.000110    0.000107    01:41     
922       0.000107    0.000107    01:41     
923       0.000103    0.000115    01:42     
924       0.000106    0.000135    01:41     
925       0.000109    0.000149    01:41     
926       0.000103    0.000090    01:41     
927       0.000108    0.000187    01:42     
928       0.000104    0.000116    01:42     
929       0.000100    0.000106    01:41     
930       0.000106    0.000098    01:42     
931       0.000104    0.000306    01:42     
932       0.000100    0.000105    01:41     
933       0.000104    0.000221    01:42     
934       0.000104    0.000111    01:41     
935       0.000099    0.000113    01:41     
936       0.000104    0.000121    01:41     
937       0.000103    0.000146    01:42     
938       0.000098    0.000134    01:41     
939       0.000105    0.000113    01:41     
940       0.000106    0.000194    01:42     
941       0.000103    0.000090    01:42     
942       0.000104    0.000141    01:41     
943       0.000105    0.000095    01:42     
944       0.000104    0.000195    01:42     
945       0.000102    0.000104    01:42     
946       0.000104    0.000110    01:42     
947       0.000107    0.000157    01:42     
948       0.000103    0.000094    01:42     
949       0.000104    0.000092    01:42     
950       0.000100    0.000093    01:42     
951       0.000101    0.000117    01:42     
952       0.000105    0.000144    01:42     
953       0.000096    0.000087    01:42     
954       0.000099    0.000081    01:42     
Better model found at epoch 954 with valid_loss value: 8.058654930209741e-05.
955       0.000097    0.000149    01:42     
956       0.000100    0.000080    01:42     
Better model found at epoch 956 with valid_loss value: 8.025390707189217e-05.
957       0.000108    0.000299    01:42     
958       0.000100    0.000107    01:41     
959       0.000103    0.000130    01:42     
960       0.000102    0.000104    01:42     
961       0.000098    0.000121    01:42     
962       0.000099    0.000105    01:42     
963       0.000098    0.000089    01:42     
964       0.000101    0.000106    01:42     
965       0.000101    0.000092    01:42     
966       0.000104    0.000131    01:42     
967       0.000100    0.000084    01:42     
968       0.000106    0.000106    01:42     
969       0.000106    0.000120    01:42     
970       0.000103    0.000104    01:42     
971       0.000103    0.000131    01:42     
972       0.000094    0.000087    01:42     
973       0.000107    0.000118    01:42     
974       0.000100    0.000085    01:41     
975       0.000097    0.000085    01:42     
976       0.000101    0.000163    01:42     
977       0.000105    0.000097    01:42     
978       0.000098    0.000088    01:41     
979       0.000102    0.000101    01:42     
980       0.000103    0.000109    01:42     
981       0.000107    0.000103    01:42     
982       0.000101    0.000087    01:42     
983       0.000097    0.000107    01:42     
984       0.000099    0.000125    01:42     
985       0.000099    0.000077    01:42     
Better model found at epoch 985 with valid_loss value: 7.685157470405102e-05.
986       0.000099    0.000098    01:42     
987       0.000095    0.000092    01:42     
988       0.000096    0.000107    01:42     
989       0.000093    0.000097    01:42     
990       0.000095    0.000085    01:42     
991       0.000101    0.000162    01:42     
992       0.000092    0.000087    01:42     
993       0.000092    0.000079    01:42     
994       0.000097    0.000077    01:42     
995       0.000097    0.000225    01:41     
996       0.000095    0.000081    01:42     
997       0.000098    0.000109    01:42     
998       0.000095    0.000084    01:42     
999       0.000097    0.000109    01:42     
1000      0.000093    0.000093    01:42     
1001      0.000094    0.000099    01:42     
1002      0.000100    0.000082    01:42     
1003      0.000095    0.000105    01:42     
1004      0.000095    0.000213    01:42     
1005      0.000099    0.000095    01:42     
1006      0.000100    0.000098    01:42     
1007      0.000098    0.000088    01:41     
1008      0.000097    0.000110    01:42     
1009      0.000094    0.000109    01:42     
1010      0.000095    0.000110    01:42     
1011      0.000095    0.000109    01:42     
1012      0.000089    0.000086    01:41     
1013      0.000098    0.000082    01:42     
1014      0.000098    0.000175    01:42     
1015      0.000096    0.000103    01:42     
1016      0.000095    0.000089    01:42     
1017      0.000099    0.000093    01:42     
1018      0.000092    0.000096    01:42     
1019      0.000097    0.000099    01:42     
1020      0.000094    0.000067    01:42     
Better model found at epoch 1020 with valid_loss value: 6.73406248097308e-05.
1021      0.000105    0.000096    01:43     
1022      0.000100    0.000140    01:42     
1023      0.000096    0.000083    01:42     
1024      0.000100    0.000099    01:42     
1025      0.000097    0.000113    01:42     
1026      0.000095    0.000144    01:42     
1027      0.000091    0.000065    01:42     
Better model found at epoch 1027 with valid_loss value: 6.45198451820761e-05.
1028      0.000093    0.000119    01:42     
1029      0.000097    0.000134    01:42     
1030      0.000096    0.000117    01:42     
1031      0.000090    0.000088    01:42     
1032      0.000095    0.000121    01:42     
1033      0.000092    0.000076    01:42     
1034      0.000090    0.000079    01:42     
1035      0.000094    0.000092    01:42     
1036      0.000100    0.000111    01:42     
1037      0.000094    0.000103    01:42     
1038      0.000100    0.000136    01:42     
1039      0.000092    0.000099    01:42     
1040      0.000095    0.000094    01:42     
1041      0.000098    0.000143    01:42     
1042      0.000092    0.000093    01:42     
1043      0.000098    0.000142    01:42     
1044      0.000088    0.000073    01:42     
1045      0.000094    0.000103    01:42     
1046      0.000096    0.000079    01:42     
1047      0.000094    0.000093    01:42     
1048      0.000094    0.000101    01:42     
1049      0.000088    0.000066    01:42     
1050      0.000092    0.000084    01:42     
1051      0.000093    0.000085    01:42     
1052      0.000091    0.000078    01:42     
1053      0.000093    0.000093    01:42     
1054      0.000089    0.000107    01:42     
1055      0.000094    0.000094    01:42     
1056      0.000093    0.000099    01:42     
1057      0.000088    0.000086    01:42     
1058      0.000089    0.000086    01:42     
1059      0.000096    0.000078    01:42     
1060      0.000088    0.000094    01:42     
1061      0.000089    0.000142    01:42     
1062      0.000091    0.000077    01:42     
1063      0.000092    0.000177    01:42     
1064      0.000088    0.000084    01:42     
1065      0.000091    0.000088    01:42     
1066      0.000092    0.000071    01:42     
1067      0.000092    0.000088    01:43     
1068      0.000091    0.000146    01:42     
1069      0.000088    0.000110    01:42     
1070      0.000089    0.000081    01:42     
1071      0.000088    0.000070    01:42     
1072      0.000090    0.000127    01:43     
1073      0.000088    0.000086    01:42     
1074      0.000087    0.000076    01:42     
1075      0.000089    0.000076    01:42     
1076      0.000092    0.000100    01:42     
1077      0.000088    0.000081    01:42     
1078      0.000092    0.000108    01:42     
1079      0.000084    0.000069    01:42     
1080      0.000088    0.000085    01:42     
1081      0.000088    0.000099    01:42     
1082      0.000091    0.000091    01:42     
1083      0.000087    0.000072    01:42     
1084      0.000088    0.000089    01:42     
1085      0.000092    0.000084    01:42     
1086      0.000086    0.000080    01:42     
1087      0.000091    0.000071    01:42     
1088      0.000088    0.000082    01:42     
1089      0.000089    0.000092    01:42     
1090      0.000087    0.000075    01:42     
1091      0.000085    0.000080    01:42     
1092      0.000088    0.000091    01:42     
1093      0.000089    0.000066    01:42     
1094      0.000088    0.000069    01:42     
1095      0.000088    0.000080    01:42     
1096      0.000088    0.000074    01:42     
1097      0.000087    0.000077    01:42     
1098      0.000085    0.000065    01:42     
1099      0.000087    0.000076    01:42     
1100      0.000089    0.000067    01:42     
1101      0.000085    0.000073    01:42     
1102      0.000087    0.000083    01:42     
1103      0.000090    0.000212    01:42     
1104      0.000087    0.000061    01:42     
Better model found at epoch 1104 with valid_loss value: 6.119396130088717e-05.
1105      0.000086    0.000076    01:42     
1106      0.000090    0.000088    01:42     
1107      0.000083    0.000072    01:42     
1108      0.000086    0.000076    01:42     
1109      0.000088    0.000073    01:43     
1110      0.000087    0.000078    01:42     
1111      0.000087    0.000092    01:42     
1112      0.000085    0.000068    01:42     
1113      0.000084    0.000067    01:43     
1114      0.000084    0.000065    01:42     
1115      0.000088    0.000080    01:43     
1116      0.000085    0.000063    01:42     
1117      0.000086    0.000081    01:42     
1118      0.000085    0.000067    01:42     
1119      0.000086    0.000071    01:42     
1120      0.000088    0.000084    01:42     
1121      0.000084    0.000070    01:42     
1122      0.000084    0.000080    01:42     
1123      0.000083    0.000069    01:42     
1124      0.000085    0.000073    01:42     
1125      0.000083    0.000069    01:42     
1126      0.000088    0.000070    01:42     
1127      0.000084    0.000067    01:42     
1128      0.000081    0.000065    01:42     
1129      0.000082    0.000076    01:42     
1130      0.000086    0.000068    01:42     
1131      0.000083    0.000066    01:42     
1132      0.000083    0.000067    01:42     
1133      0.000085    0.000082    01:43     
1134      0.000086    0.000064    01:42     
1135      0.000085    0.000063    01:42     
1136      0.000081    0.000071    01:42     
1137      0.000089    0.000072    01:42     
1138      0.000085    0.000070    01:42     
1139      0.000087    0.000060    01:42     
Better model found at epoch 1139 with valid_loss value: 6.008862692397088e-05.
1140      0.000085    0.000066    01:42     
1141      0.000082    0.000078    01:42     
1142      0.000085    0.000072    01:42     
1143      0.000083    0.000070    01:42     
1144      0.000082    0.000059    01:43     
Better model found at epoch 1144 with valid_loss value: 5.9465495723998174e-05.
1145      0.000086    0.000066    01:42     
1146      0.000079    0.000071    01:42     
1147      0.000085    0.000065    01:42     
1148      0.000081    0.000064    01:42     
1149      0.000082    0.000060    01:42     
1150      0.000082    0.000062    01:43     
1151      0.000086    0.000079    01:42     
1152      0.000078    0.000070    01:43     
1153      0.000083    0.000084    01:42     
1154      0.000083    0.000079    01:42     
1155      0.000083    0.000071    01:42     
1156      0.000080    0.000064    01:43     
1157      0.000083    0.000075    01:42     
1158      0.000085    0.000066    01:42     
1159      0.000081    0.000072    01:42     
1160      0.000081    0.000064    01:43     
1161      0.000079    0.000062    01:42     
1162      0.000082    0.000071    01:42     
1163      0.000079    0.000065    01:43     
1164      0.000083    0.000075    01:42     
1165      0.000082    0.000165    01:42     
1166      0.000081    0.000070    01:42     
1167      0.000081    0.000059    01:42     
Better model found at epoch 1167 with valid_loss value: 5.940028131590225e-05.
1168      0.000081    0.000060    01:42     
1169      0.000079    0.000077    01:42     
1170      0.000081    0.000073    01:42     
1171      0.000080    0.000066    01:42     
1172      0.000078    0.000057    01:42     
Better model found at epoch 1172 with valid_loss value: 5.695823347195983e-05.
1173      0.000081    0.000064    01:42     
1174      0.000080    0.000062    01:42     
1175      0.000078    0.000067    01:42     
1176      0.000081    0.000062    01:42     
1177      0.000081    0.000069    01:42     
1178      0.000079    0.000060    01:43     
1179      0.000077    0.000057    01:43     
1180      0.000080    0.000076    01:42     
1181      0.000079    0.000057    01:43     
1182      0.000078    0.000062    01:42     
1183      0.000082    0.000059    01:42     
1184      0.000081    0.000064    01:43     
1185      0.000078    0.000061    01:43     
1186      0.000079    0.000061    01:43     
1187      0.000080    0.000062    01:43     
1188      0.000078    0.000060    01:42     
1189      0.000077    0.000063    01:43     
1190      0.000079    0.000057    01:43     
1191      0.000080    0.000061    01:42     
1192      0.000078    0.000059    01:43     
1193      0.000081    0.000084    01:42     
1194      0.000079    0.000062    01:42     
1195      0.000078    0.000060    01:43     
1196      0.000079    0.000068    01:43     
1197      0.000080    0.000060    01:42     
1198      0.000078    0.000057    01:43     
Better model found at epoch 1198 with valid_loss value: 5.655468339682557e-05.
1199      0.000077    0.000062    01:43     
1200      0.000077    0.000054    01:42     
Better model found at epoch 1200 with valid_loss value: 5.3520023357123137e-05.
1201      0.000080    0.000062    01:43     
1202      0.000076    0.000067    01:42     
1203      0.000076    0.000057    01:42     
1204      0.000079    0.000063    01:42     
1205      0.000078    0.000063    01:42     
1206      0.000082    0.000062    01:42     
1207      0.000079    0.000058    01:42     
1208      0.000077    0.000051    01:42     
Better model found at epoch 1208 with valid_loss value: 5.144799069967121e-05.
1209      0.000079    0.000055    01:42     
1210      0.000074    0.000064    01:42     
1211      0.000077    0.000060    01:42     
1212      0.000076    0.000057    01:42     
1213      0.000079    0.000065    01:42     
1214      0.000076    0.000060    01:42     
1215      0.000077    0.000055    01:42     
1216      0.000076    0.000054    01:42     
1217      0.000079    0.000065    01:42     
1218      0.000077    0.000064    01:42     
1219      0.000075    0.000055    01:42     
1220      0.000077    0.000052    01:42     
1221      0.000076    0.000058    01:43     
1222      0.000074    0.000054    01:42     
1223      0.000081    0.000060    01:43     
1224      0.000079    0.000052    01:42     
1225      0.000076    0.000053    01:42     
1226      0.000073    0.000059    01:43     
1227      0.000074    0.000065    01:42     
1228      0.000075    0.000059    01:42     
1229      0.000073    0.000052    01:43     
1230      0.000075    0.000055    01:42     
1231      0.000072    0.000053    01:42     
1232      0.000075    0.000059    01:42     
1233      0.000074    0.000053    01:42     
1234      0.000080    0.000060    01:42     
1235      0.000071    0.000057    01:42     
1236      0.000072    0.000053    01:42     
1237      0.000070    0.000052    01:42     
1238      0.000072    0.000058    01:42     
1239      0.000075    0.000052    01:42     
1240      0.000076    0.000061    01:42     
1241      0.000079    0.000058    01:42     
1242      0.000074    0.000053    01:41     
1243      0.000073    0.000050    01:42     
Better model found at epoch 1243 with valid_loss value: 5.018288720748387e-05.
1244      0.000074    0.000055    01:42     
1245      0.000073    0.000049    01:42     
Better model found at epoch 1245 with valid_loss value: 4.935992546961643e-05.
1246      0.000077    0.000053    01:42     
1247      0.000075    0.000057    01:42     
1248      0.000077    0.000055    01:42     
1249      0.000076    0.000050    01:42     
1250      0.000070    0.000055    01:42     
1251      0.000072    0.000053    01:42     
1252      0.000069    0.000051    01:42     
1253      0.000073    0.000060    01:42     
1254      0.000070    0.000047    01:42     
Better model found at epoch 1254 with valid_loss value: 4.741984230349772e-05.
1255      0.000074    0.000058    01:42     
1256      0.000071    0.000061    01:41     
1257      0.000071    0.000051    01:42     
1258      0.000072    0.000049    01:42     
1259      0.000070    0.000050    01:42     
1260      0.000070    0.000054    01:42     
1261      0.000074    0.000051    01:42     
1262      0.000074    0.000050    01:42     
1263      0.000071    0.000050    01:42     
1264      0.000072    0.000045    01:42     
Better model found at epoch 1264 with valid_loss value: 4.485984754865058e-05.
1265      0.000071    0.000051    01:42     
1266      0.000068    0.000053    01:42     
1267      0.000071    0.000054    01:43     
1268      0.000069    0.000050    01:43     
1269      0.000071    0.000049    01:42     
1270      0.000072    0.000055    01:43     
1271      0.000069    0.000050    01:43     
1272      0.000073    0.000050    01:42     
1273      0.000070    0.000051    01:43     
1274      0.000071    0.000055    01:43     
1275      0.000070    0.000063    01:42     
1276      0.000070    0.000051    01:42     
1277      0.000070    0.000047    01:42     
1278      0.000070    0.000047    01:42     
1279      0.000067    0.000046    01:43     
1280      0.000068    0.000053    01:42     
1281      0.000068    0.000051    01:42     
1282      0.000069    0.000050    01:43     
1283      0.000069    0.000049    01:42     
1284      0.000068    0.000046    01:43     
1285      0.000067    0.000051    01:42     
1286      0.000071    0.000049    01:43     
1287      0.000070    0.000047    01:42     
1288      0.000070    0.000049    01:42     
1289      0.000070    0.000049    01:42     
1290      0.000068    0.000049    01:42     
1291      0.000068    0.000048    01:42     
1292      0.000068    0.000053    01:42     
1293      0.000070    0.000048    01:42     
1294      0.000072    0.000051    01:42     
1295      0.000071    0.000050    01:42     
1296      0.000070    0.000047    01:42     
1297      0.000070    0.000046    01:42     
1298      0.000068    0.000045    01:42     
1299      0.000068    0.000046    01:43     
1300      0.000068    0.000047    01:42     
1301      0.000069    0.000047    01:42     
1302      0.000067    0.000048    01:42     
1303      0.000067    0.000047    01:43     
1304      0.000070    0.000049    01:42     
1305      0.000068    0.000048    01:42     
1306      0.000067    0.000051    01:43     
1307      0.000069    0.000045    01:42     
1308      0.000066    0.000045    01:43     
1309      0.000068    0.000043    01:43     
Better model found at epoch 1309 with valid_loss value: 4.257968612364493e-05.
1310      0.000066    0.000043    01:42     
1311      0.000066    0.000045    01:42     
1312      0.000067    0.000048    01:42     
1313      0.000065    0.000046    01:42     
1314      0.000070    0.000047    01:43     
1315      0.000068    0.000044    01:43     
1316      0.000067    0.000047    01:42     
1317      0.000070    0.000044    01:43     
1318      0.000070    0.000045    01:43     
1319      0.000065    0.000073    01:43     
1320      0.000068    0.000049    01:43     
1321      0.000064    0.000043    01:42     
1322      0.000065    0.000042    01:43     
Better model found at epoch 1322 with valid_loss value: 4.187839658698067e-05.
1323      0.000069    0.000043    01:43     
1324      0.000064    0.000042    01:43     
1325      0.000066    0.000045    01:43     
1326      0.000065    0.000044    01:42     
1327      0.000065    0.000043    01:43     
1328      0.000066    0.000044    01:43     
1329      0.000065    0.000044    01:42     
1330      0.000065    0.000043    01:43     
1331      0.000065    0.000043    01:43     
1332      0.000067    0.000045    01:42     
1333      0.000064    0.000042    01:43     
Better model found at epoch 1333 with valid_loss value: 4.172870467300527e-05.
1334      0.000064    0.000042    01:42     
1335      0.000066    0.000046    01:43     
1336      0.000064    0.000045    01:42     
1337      0.000068    0.000045    01:42     
1338      0.000067    0.000045    01:42     
1339      0.000065    0.000043    01:42     
1340      0.000065    0.000041    01:42     
Better model found at epoch 1340 with valid_loss value: 4.066369729116559e-05.
1341      0.000066    0.000043    01:43     
1342      0.000063    0.000043    01:42     
1343      0.000062    0.000043    01:42     
1344      0.000065    0.000043    01:42     
1345      0.000065    0.000042    01:42     
1346      0.000064    0.000043    01:42     
1347      0.000063    0.000041    01:42     
1348      0.000065    0.000043    01:42     
1349      0.000064    0.000043    01:42     
1350      0.000066    0.000043    01:42     
1351      0.000062    0.000043    01:42     
1352      0.000063    0.000040    01:42     
Better model found at epoch 1352 with valid_loss value: 4.046250251121819e-05.
1353      0.000064    0.000040    01:43     
Better model found at epoch 1353 with valid_loss value: 4.002578498329967e-05.
1354      0.000063    0.000044    01:42     
1355      0.000062    0.000041    01:43     
1356      0.000061    0.000042    01:42     
1357      0.000065    0.000042    01:43     
1358      0.000064    0.000042    01:43     
1359      0.000064    0.000067    01:42     
1360      0.000061    0.000043    01:42     
1361      0.000062    0.000042    01:43     
1362      0.000063    0.000041    01:43     
1363      0.000063    0.000046    01:42     
1364      0.000063    0.000042    01:43     
1365      0.000066    0.000041    01:42     
1366      0.000062    0.000041    01:43     
1367      0.000065    0.000041    01:43     
1368      0.000062    0.000040    01:42     
1369      0.000062    0.000042    01:43     
1370      0.000062    0.000040    01:43     
1371      0.000062    0.000041    01:43     
1372      0.000061    0.000042    01:44     
1373      0.000060    0.000041    01:44     
1374      0.000061    0.000041    01:43     
1375      0.000062    0.000041    01:43     
1376      0.000059    0.000040    01:43     
1377      0.000061    0.000039    01:43     
Better model found at epoch 1377 with valid_loss value: 3.938478766940534e-05.
1378      0.000065    0.000043    01:46     
1379      0.000064    0.000039    01:48     
1380      0.000064    0.000041    01:48     
1381      0.000061    0.000040    01:48     
1382      0.000060    0.000040    01:47     
1383      0.000061    0.000038    01:48     
Better model found at epoch 1383 with valid_loss value: 3.824864324997179e-05.
1384      0.000062    0.000041    01:48     
1385      0.000062    0.000040    01:48     
1386      0.000060    0.000041    01:48     
1387      0.000062    0.000039    01:48     
1388      0.000062    0.000039    01:48     
1389      0.000061    0.000042    01:48     
1390      0.000061    0.000041    01:48     
1391      0.000062    0.000038    01:45     
1392      0.000059    0.000040    01:45     
1393      0.000064    0.000041    01:48     
1394      0.000058    0.000039    01:48     
1395      0.000059    0.000040    01:48     
1396      0.000060    0.000039    01:48     
1397      0.000058    0.000038    01:48     
Better model found at epoch 1397 with valid_loss value: 3.78630829800386e-05.
1398      0.000062    0.000039    01:48     
1399      0.000061    0.000039    01:48     
1400      0.000061    0.000039    01:48     
1401      0.000058    0.000038    01:48     
1402      0.000061    0.000038    01:48     
1403      0.000056    0.000037    01:48     
Better model found at epoch 1403 with valid_loss value: 3.722140900208615e-05.
1404      0.000057    0.000039    01:48     
1405      0.000060    0.000038    01:48     
1406      0.000060    0.000038    01:48     
1407      0.000059    0.000039    01:49     
1408      0.000058    0.000038    01:48     
1409      0.000061    0.000038    01:48     
1410      0.000059    0.000041    01:48     
1411      0.000060    0.000037    01:48     
Better model found at epoch 1411 with valid_loss value: 3.701905006892048e-05.
1412      0.000057    0.000040    01:48     
1413      0.000061    0.000039    01:48     
1414      0.000059    0.000040    01:47     
1415      0.000059    0.000037    01:47     
1416      0.000063    0.000039    01:45     
1417      0.000057    0.000038    01:45     
1418      0.000060    0.000038    01:44     
1419      0.000058    0.000037    01:44     
1420      0.000059    0.000038    01:43     
1421      0.000061    0.000038    01:44     
1422      0.000059    0.000038    01:43     
1423      0.000061    0.000040    01:40     
1424      0.000058    0.000038    01:38     
1425      0.000057    0.000038    01:38     
1426      0.000057    0.000037    01:38     
1427      0.000057    0.000038    01:38     
1428      0.000058    0.000038    01:38     
1429      0.000057    0.000038    01:38     
1430      0.000058    0.000038    01:38     
1431      0.000058    0.000038    01:38     
1432      0.000057    0.000037    01:38     
Better model found at epoch 1432 with valid_loss value: 3.660957736428827e-05.
1433      0.000058    0.000039    01:38     
1434      0.000059    0.000037    01:38     
1435      0.000059    0.000039    01:38     
1436      0.000057    0.000037    01:38     
1437      0.000057    0.000037    01:38     
1438      0.000059    0.000038    01:37     
1439      0.000059    0.000037    01:38     
Better model found at epoch 1439 with valid_loss value: 3.6588833609130234e-05.
1440      0.000058    0.000036    01:38     
Better model found at epoch 1440 with valid_loss value: 3.61820675607305e-05.
1441      0.000058    0.000036    01:38     
1442      0.000059    0.000038    01:36     
1443      0.000057    0.000037    01:36     
1444      0.000054    0.000038    01:36     
1445      0.000055    0.000037    01:35     
1446      0.000056    0.000037    01:36     
1447      0.000062    0.000037    01:36     
1448      0.000058    0.000037    01:36     
1449      0.000055    0.000038    01:36     
1450      0.000061    0.000038    01:36     
1451      0.000058    0.000038    01:37     
1452      0.000061    0.000039    01:36     
1453      0.000059    0.000038    01:36     
1454      0.000057    0.000038    01:35     
1455      0.000056    0.000037    01:36     
1456      0.000057    0.000037    01:35     
1457      0.000057    0.000037    01:36     
1458      0.000059    0.000038    01:36     
1459      0.000058    0.000037    01:35     
1460      0.000059    0.000039    01:36     
1461      0.000057    0.000036    01:35     
1462      0.000057    0.000036    01:36     
1463      0.000057    0.000036    01:35     
1464      0.000058    0.000036    01:36     
1465      0.000058    0.000039    01:35     
1466      0.000060    0.000037    01:36     
1467      0.000059    0.000041    01:35     
1468      0.000058    0.000037    01:35     
1469      0.000056    0.000037    01:36     
1470      0.000058    0.000037    01:35     
1471      0.000059    0.000036    01:36     
1472      0.000060    0.000037    01:35     
1473      0.000059    0.000037    01:35     
1474      0.000058    0.000036    01:35     
1475      0.000058    0.000036    01:36     
1476      0.000058    0.000036    01:35     
1477      0.000055    0.000036    01:35     
Better model found at epoch 1477 with valid_loss value: 3.588699837564491e-05.
1478      0.000056    0.000036    01:36     
1479      0.000056    0.000037    01:35     
1480      0.000058    0.000036    01:35     
1481      0.000055    0.000036    01:35     
1482      0.000056    0.000037    01:36     
1483      0.000058    0.000037    01:35     
1484      0.000058    0.000037    01:35     
1485      0.000058    0.000039    01:36     
1486      0.000056    0.000036    01:35     
1487      0.000058    0.000037    01:35     
1488      0.000058    0.000036    01:35     
1489      0.000057    0.000037    01:36     
1490      0.000058    0.000037    01:35     
1491      0.000056    0.000036    01:35     
1492      0.000060    0.000037    01:35     
1493      0.000057    0.000038    01:35     
1494      0.000059    0.000038    01:36     
1495      0.000056    0.000037    01:35     
1496      0.000058    0.000036    01:35     
Better model found at epoch 1496 with valid_loss value: 3.570274566300213e-05.
1497      0.000057    0.000039    01:35     
1498      0.000057    0.000037    01:35     
1499      0.000056    0.000036    01:35     
...done
Grid search ended.
End of job.
