#!/bin/bash
#SBATCH -A HEP2016-1-4
#SBATCH -p hep
#SBATCH -t 71:59:59
#SBATCH -o AE_3D_bs4096_lr1e-02_wd1e-02_pp0e+00_.out
#SBATCH -e AE_3D_bs4096_lr1e-02_wd1e-02_pp0e+00_.err

cat $0

ml GCC/8.2.0-2.31.1  OpenMPI/3.1.3
ml PyTorch/1.1.0-Python-3.7.2

pwd

## My virtualenv with fastai installation
source /home/erwulff/vpyenv/bin/activate

## Initial checks
which python
python --version

##cd lth_thesis_project/jet_by_jet_compression/grid_search/
echo "Starting grid search..."
python 001_train_25aodbs4096_lr1e-02_wd1e-02_pp0e+00_.py
echo "Grid search ended."

##cp -p -r grid_search_001 $SLURM_SUBMIT_DIR

echo "End of job."
/home/erwulff/nobackup/lth_thesis_project/jet_by_jet_compression/grid_search/AE_bn_LeakyReLU_25AOD_grid_search_custom_normalization_1500epochs/AE_25_200_200_200_18_200_200_200_25
/home/erwulff/vpyenv/bin/python
Python 3.7.2
Starting grid search...
torch.cuda.is_available(): False
Training AE_bn_LeakyReLU with lr=1.0e-02, p=None, wd=1.0e-02 ...
epoch     train_loss  valid_loss  time    
0         0.011338    0.004352    01:46     
Better model found at epoch 0 with valid_loss value: 0.004351913928985596.
1         0.002455    0.002081    01:46     
Better model found at epoch 1 with valid_loss value: 0.002081353683024645.
2         0.001437    0.001286    01:46     
Better model found at epoch 2 with valid_loss value: 0.001286253216676414.
3         0.001044    0.000943    01:46     
Better model found at epoch 3 with valid_loss value: 0.0009425280150026083.
4         0.000788    0.000720    01:48     
Better model found at epoch 4 with valid_loss value: 0.0007203590357676148.
5         0.000618    0.000557    01:49     
Better model found at epoch 5 with valid_loss value: 0.0005573419039137661.
6         0.000515    0.000465    01:50     
Better model found at epoch 6 with valid_loss value: 0.00046511090476997197.
7         0.000459    0.000431    01:49     
Better model found at epoch 7 with valid_loss value: 0.0004313299432396889.
8         0.000399    0.000361    01:49     
Better model found at epoch 8 with valid_loss value: 0.00036146011552773416.
9         0.000362    0.000345    01:49     
Better model found at epoch 9 with valid_loss value: 0.0003446680202614516.
10        0.000341    0.000331    01:49     
Better model found at epoch 10 with valid_loss value: 0.0003312267072033137.
11        0.000308    0.000298    01:49     
Better model found at epoch 11 with valid_loss value: 0.0002979304699692875.
12        0.000300    0.000292    01:50     
Better model found at epoch 12 with valid_loss value: 0.00029152966453693807.
13        0.000281    0.000252    01:50     
Better model found at epoch 13 with valid_loss value: 0.0002517359680496156.
14        0.000262    0.000253    01:49     
15        0.000249    0.000203    01:49     
Better model found at epoch 15 with valid_loss value: 0.0002027826994890347.
16        0.000240    0.000213    01:49     
17        0.000223    0.000226    01:49     
18        0.000224    0.000192    01:50     
Better model found at epoch 18 with valid_loss value: 0.00019180453091394156.
19        0.000214    0.000185    01:50     
Better model found at epoch 19 with valid_loss value: 0.00018462500884197652.
20        0.000198    0.000178    01:49     
Better model found at epoch 20 with valid_loss value: 0.0001775352720869705.
21        0.000200    0.000152    01:50     
Better model found at epoch 21 with valid_loss value: 0.00015205527597572654.
22        0.000198    0.000169    01:50     
23        0.000195    0.000181    01:49     
24        0.000182    0.000146    01:50     
Better model found at epoch 24 with valid_loss value: 0.0001458206825191155.
25        0.000193    0.000168    01:50     
26        0.000184    0.000162    01:50     
27        0.000185    0.000201    01:50     
28        0.000175    0.000172    01:50     
29        0.000175    0.000146    01:50     
Better model found at epoch 29 with valid_loss value: 0.00014579782146029174.
30        0.000168    0.000163    01:50     
31        0.000166    0.000161    01:50     
32        0.000156    0.000111    01:50     
Better model found at epoch 32 with valid_loss value: 0.00011065003491239622.
33        0.000158    0.000144    01:50     
34        0.000154    0.000179    01:50     
35        0.000160    0.000141    01:50     
36        0.000146    0.000142    01:50     
37        0.000146    0.000120    01:50     
38        0.000152    0.000134    01:50     
39        0.000153    0.000133    01:50     
40        0.000143    0.000125    01:50     
41        0.000142    0.000120    01:50     
42        0.000145    0.000120    01:50     
43        0.000140    0.000122    01:50     
44        0.000133    0.000149    01:50     
45        0.000138    0.000126    01:50     
46        0.000134    0.000122    01:50     
47        0.000131    0.000131    01:50     
48        0.000139    0.000134    01:50     
49        0.000129    0.000095    01:50     
Better model found at epoch 49 with valid_loss value: 9.47729786275886e-05.
50        0.000135    0.000147    01:50     
51        0.000131    0.000110    01:51     
52        0.000129    0.000130    01:51     
53        0.000136    0.000167    01:51     
54        0.000126    0.000110    01:50     
55        0.000131    0.000152    01:50     
56        0.000125    0.000109    01:50     
57        0.000129    0.000106    01:50     
58        0.000123    0.000107    01:51     
59        0.000129    0.000176    01:50     
60        0.000127    0.000130    01:51     
61        0.000119    0.000122    01:51     
62        0.000125    0.000102    01:51     
63        0.000122    0.000084    01:51     
Better model found at epoch 63 with valid_loss value: 8.441169484285638e-05.
64        0.000128    0.000107    01:51     
65        0.000127    0.000118    01:51     
66        0.000123    0.000108    01:51     
67        0.000123    0.000104    01:51     
68        0.000121    0.000103    01:51     
69        0.000124    0.000102    01:51     
70        0.000123    0.000112    01:51     
71        0.000119    0.000108    01:51     
72        0.000118    0.000112    01:51     
73        0.000113    0.000103    01:51     
74        0.000115    0.000097    01:51     
75        0.000118    0.000087    01:51     
76        0.000119    0.000144    01:51     
77        0.000124    0.000135    01:51     
78        0.000115    0.000081    01:51     
Better model found at epoch 78 with valid_loss value: 8.103737491182983e-05.
79        0.000120    0.000080    01:51     
Better model found at epoch 79 with valid_loss value: 8.002071990631521e-05.
80        0.000114    0.000138    01:51     
81        0.000120    0.000113    01:51     
82        0.000120    0.000096    01:51     
83        0.000111    0.000086    01:51     
84        0.000110    0.000112    01:51     
85        0.000117    0.000096    01:51     
86        0.000110    0.000109    01:51     
87        0.000110    0.000096    01:51     
88        0.000108    0.000089    01:51     
89        0.000107    0.000116    01:51     
90        0.000114    0.000099    01:52     
91        0.000113    0.000080    01:52     
Better model found at epoch 91 with valid_loss value: 7.983531395439059e-05.
92        0.000108    0.000081    01:52     
93        0.000110    0.000120    01:52     
94        0.000115    0.000113    01:52     
95        0.000108    0.000096    01:52     
96        0.000099    0.000116    01:52     
97        0.000106    0.000092    01:52     
98        0.000098    0.000111    01:52     
99        0.000101    0.000117    01:52     
100       0.000107    0.000086    01:52     
101       0.000100    0.000110    01:52     
102       0.000108    0.000092    01:52     
103       0.000105    0.000089    01:52     
104       0.000102    0.000082    01:52     
105       0.000101    0.000092    01:52     
106       0.000104    0.000087    01:52     
107       0.000100    0.000077    01:52     
Better model found at epoch 107 with valid_loss value: 7.688847836107016e-05.
108       0.000100    0.000098    01:52     
109       0.000103    0.000093    01:52     
110       0.000108    0.000087    01:52     
111       0.000108    0.000145    01:52     
112       0.000093    0.000065    01:52     
Better model found at epoch 112 with valid_loss value: 6.512158870464191e-05.
113       0.000101    0.000120    01:52     
114       0.000106    0.000166    01:53     
115       0.000095    0.000091    01:53     
116       0.000098    0.000096    01:53     
117       0.000095    0.000120    01:52     
118       0.000099    0.000112    01:52     
119       0.000090    0.000079    01:52     
120       0.000093    0.000083    01:52     
121       0.000094    0.000106    01:53     
122       0.000090    0.000077    01:53     
123       0.000097    0.000061    01:52     
Better model found at epoch 123 with valid_loss value: 6.0695103456964716e-05.
124       0.000095    0.000065    01:52     
125       0.000092    0.000094    01:52     
126       0.000087    0.000064    01:53     
127       0.000084    0.000083    01:53     
128       0.000094    0.000072    01:53     
129       0.000082    0.000103    01:53     
130       0.000092    0.000087    01:53     
131       0.000088    0.000064    01:53     
132       0.000087    0.000068    01:53     
133       0.000086    0.000087    01:53     
134       0.000088    0.000080    01:53     
135       0.000093    0.000064    01:53     
136       0.000081    0.000070    01:53     
137       0.000082    0.000060    01:53     
Better model found at epoch 137 with valid_loss value: 6.0093123465776443e-05.
138       0.000081    0.000062    01:53     
139       0.000076    0.000087    01:53     
140       0.000085    0.000067    01:53     
141       0.000089    0.000094    01:53     
142       0.000086    0.000094    01:53     
143       0.000084    0.000066    01:53     
144       0.000082    0.000068    01:53     
145       0.000087    0.000095    01:53     
146       0.000085    0.000068    01:53     
147       0.000078    0.000054    01:53     
Better model found at epoch 147 with valid_loss value: 5.421444438979961e-05.
148       0.000076    0.000081    01:53     
149       0.000080    0.000082    01:52     
150       0.000082    0.000075    01:53     
151       0.000079    0.000094    01:53     
152       0.000075    0.000096    01:53     
153       0.000091    0.000084    01:53     
154       0.000079    0.000058    01:52     
155       0.000086    0.000109    01:52     
156       0.000075    0.000105    01:53     
157       0.000080    0.000082    01:52     
158       0.000074    0.000063    01:52     
159       0.000080    0.000064    01:53     
160       0.000082    0.000196    01:53     
161       0.000077    0.000071    01:53     
162       0.000080    0.000066    01:53     
163       0.000072    0.000099    01:52     
164       0.000075    0.000085    01:52     
165       0.000074    0.000069    01:52     
166       0.000077    0.000091    01:52     
167       0.000076    0.000116    01:52     
168       0.000075    0.000110    01:53     
169       0.000077    0.000086    01:53     
170       0.000074    0.000111    01:53     
171       0.000067    0.000062    01:53     
172       0.000074    0.000067    01:53     
173       0.000075    0.000057    01:53     
174       0.000075    0.000108    01:53     
175       0.000074    0.000061    01:53     
176       0.000070    0.000050    01:53     
Better model found at epoch 176 with valid_loss value: 5.034668720327318e-05.
177       0.000077    0.000079    01:52     
178       0.000076    0.000055    01:53     
179       0.000075    0.000092    01:53     
180       0.000072    0.000113    01:52     
181       0.000074    0.000099    01:53     
182       0.000074    0.000103    01:53     
183       0.000072    0.000088    01:52     
184       0.000071    0.000111    01:52     
185       0.000070    0.000089    01:53     
186       0.000075    0.000148    01:52     
187       0.000074    0.000128    01:52     
188       0.000065    0.000064    01:52     
189       0.000068    0.000069    01:52     
190       0.000071    0.000080    01:52     
191       0.000074    0.000067    01:52     
192       0.000075    0.000094    01:52     
193       0.000074    0.000122    01:52     
194       0.000082    0.000078    01:52     
195       0.000071    0.000066    01:52     
196       0.000078    0.000165    01:52     
197       0.000071    0.000125    01:52     
198       0.000072    0.000160    01:52     
199       0.000075    0.000079    01:52     
200       0.000062    0.000085    01:52     
201       0.000072    0.000089    01:52     
202       0.000070    0.000069    01:52     
203       0.000075    0.000088    01:52     
204       0.000069    0.000125    01:52     
205       0.000074    0.000115    01:52     
206       0.000067    0.000165    01:52     
207       0.000066    0.000055    01:52     
208       0.000070    0.000572    01:52     
209       0.000065    0.000121    01:52     
210       0.000071    0.000121    01:52     
211       0.000068    0.000097    01:52     
212       0.000073    0.000187    01:51     
213       0.000067    0.000142    01:51     
214       0.000072    0.000094    01:51     
215       0.000063    0.000050    01:52     
Better model found at epoch 215 with valid_loss value: 4.9539357860339805e-05.
216       0.000072    0.000098    01:51     
217       0.000070    0.000082    01:52     
218       0.000068    0.000281    01:52     
219       0.000070    0.000050    01:52     
220       0.000065    0.000076    01:52     
221       0.000075    0.000073    01:51     
222       0.000065    0.000212    01:51     
223       0.000073    0.000212    01:52     
224       0.000076    0.000123    01:52     
225       0.000065    0.000058    01:51     
226       0.000068    0.000060    01:51     
227       0.000076    0.000066    01:51     
228       0.000068    0.000072    01:51     
229       0.000067    0.000110    01:51     
230       0.000070    0.000195    01:51     
231       0.000069    0.000132    01:51     
232       0.000067    0.000111    01:51     
233       0.000066    0.000095    01:51     
234       0.000068    0.000165    01:52     
235       0.000066    0.000073    01:51     
236       0.000066    0.000265    01:51     
237       0.000071    0.000167    01:52     
238       0.000071    0.000062    01:51     
239       0.000071    0.000093    01:51     
240       0.000067    0.000155    01:52     
241       0.000071    0.000334    01:52     
242       0.000071    0.000234    01:52     
243       0.000069    0.000213    01:52     
244       0.000066    0.000088    01:51     
245       0.000078    0.000080    01:51     
246       0.000070    0.000630    01:52     
247       0.000068    0.000256    01:51     
248       0.000069    0.000091    01:51     
249       0.000079    0.000103    01:52     
250       0.000077    0.000184    01:51     
251       0.000078    0.000361    01:51     
252       0.000068    0.000171    01:52     
253       0.000070    0.000057    01:52     
254       0.000067    0.000127    01:52     
255       0.000074    0.000053    01:52     
256       0.000070    0.000203    01:52     
257       0.000083    0.000170    01:52     
258       0.000072    0.000138    01:52     
259       0.000069    0.000104    01:52     
260       0.000076    0.000468    01:52     
261       0.000076    0.000788    01:51     
262       0.000075    0.000284    01:51     
263       0.000068    0.000144    01:51     
264       0.000077    0.000370    01:51     
265       0.000073    0.000102    01:51     
266       0.000072    0.000094    01:51     
267       0.000067    0.000190    01:51     
268       0.000066    0.000093    01:51     
269       0.000076    0.000457    01:51     
270       0.000074    0.000217    01:51     
271       0.000069    0.000126    01:51     
272       0.000075    0.000151    01:51     
273       0.000073    0.000334    01:51     
274       0.000073    0.000112    01:51     
275       0.000077    0.000394    01:51     
276       0.000068    0.000151    01:51     
277       0.000071    0.000476    01:51     
278       0.000070    0.000069    01:52     
279       0.000074    0.000089    01:51     
280       0.000068    0.000323    01:51     
281       0.000069    0.000118    01:51     
282       0.000072    0.000146    01:51     
283       0.000067    0.000075    01:51     
284       0.000068    0.000076    01:51     
285       0.000071    0.000104    01:51     
286       0.000082    0.000271    01:51     
287       0.000081    0.000165    01:51     
288       0.000078    0.000101    01:51     
289       0.000067    0.000094    01:51     
290       0.000072    0.000363    01:51     
291       0.000070    0.000073    01:51     
292       0.000069    0.000136    01:51     
293       0.000069    0.000890    01:51     
294       0.000074    0.000120    01:51     
295       0.000067    0.000066    01:51     
296       0.000071    0.000082    01:51     
297       0.000073    0.000348    01:51     
298       0.000067    0.000099    01:51     
299       0.000071    0.000191    01:51     
300       0.000069    0.000165    01:51     
301       0.000074    0.002097    01:51     
302       0.000076    0.000093    01:51     
303       0.000068    0.000261    01:51     
304       0.000083    0.000168    01:51     
305       0.000073    0.000093    01:51     
306       0.000076    0.000133    01:51     
307       0.000076    0.000092    01:51     
308       0.000078    0.000159    01:51     
309       0.000069    0.000391    01:51     
310       0.000078    0.000343    01:51     
311       0.000070    0.000121    01:51     
312       0.000071    0.000203    01:51     
313       0.000080    0.000259    01:51     
314       0.000076    0.000286    01:51     
315       0.000070    0.000063    01:51     
316       0.000073    0.000580    01:51     
317       0.000072    0.000171    01:51     
318       0.000066    0.000747    01:51     
319       0.000069    0.000120    01:51     
320       0.000072    0.000238    01:51     
321       0.000073    0.000094    01:51     
322       0.000072    0.000185    01:51     
323       0.000079    0.000627    01:51     
324       0.000075    0.000082    01:51     
325       0.000078    0.000340    01:51     
326       0.000072    0.000222    01:51     
327       0.000073    0.000117    01:51     
328       0.000076    0.000174    01:51     
329       0.000072    0.000552    01:51     
330       0.000072    0.000293    01:50     
331       0.000074    0.002050    01:50     
332       0.000075    0.000299    01:51     
333       0.000068    0.000435    01:50     
334       0.000073    0.000133    01:51     
335       0.000073    0.000584    01:51     
336       0.000075    0.000092    01:51     
337       0.000070    0.000089    01:51     
338       0.000075    0.000236    01:51     
339       0.000074    0.000237    01:51     
340       0.000081    0.000079    01:51     
341       0.000074    0.000178    01:51     
342       0.000076    0.000128    01:51     
343       0.000069    0.000185    01:51     
344       0.000071    0.000132    01:51     
345       0.000075    0.000214    01:51     
346       0.000072    0.000554    01:51     
347       0.000069    0.000383    01:51     
348       0.000073    0.000203    01:51     
349       0.000072    0.000103    01:51     
350       0.000078    0.000097    01:51     
351       0.000072    0.000076    01:51     
352       0.000074    0.000195    01:51     
353       0.000073    0.000588    01:51     
354       0.000072    0.000423    01:51     
355       0.000084    0.000538    01:51     
356       0.000094    0.000269    01:51     
357       0.000071    0.000619    01:51     
358       0.000075    0.000257    01:51     
359       0.000069    0.002533    01:51     
360       0.000078    0.000135    01:51     
361       0.000084    0.000176    01:51     
362       0.000070    0.000260    01:51     
363       0.000083    0.001205    01:51     
364       0.000071    0.000259    01:51     
365       0.000077    0.000147    01:51     
366       0.000072    0.000099    01:51     
367       0.000074    0.000146    01:51     
368       0.000075    0.000081    01:51     
369       0.000072    0.000443    01:51     
370       0.000071    0.000260    01:51     
371       0.000074    0.000240    01:51     
372       0.000075    0.000233    01:51     
373       0.000078    0.000123    01:51     
374       0.000076    0.000496    01:51     
375       0.000078    0.000251    01:51     
376       0.000076    0.000205    01:51     
377       0.000083    0.000425    01:51     
378       0.000070    0.000137    01:51     
379       0.000074    0.000142    01:51     
380       0.000079    0.000129    01:51     
381       0.000071    0.001455    01:51     
382       0.000076    0.000619    01:51     
383       0.000067    0.000095    01:51     
384       0.000089    0.000298    01:51     
385       0.000074    0.000119    01:51     
386       0.000072    0.000250    01:51     
387       0.000080    0.000122    01:51     
388       0.000071    0.000135    01:51     
389       0.000074    0.000185    01:51     
390       0.000069    0.000106    01:51     
391       0.000070    0.000681    01:51     
392       0.000078    0.000135    01:51     
393       0.000072    0.000095    01:51     
394       0.000077    0.000059    01:51     
395       0.000083    0.000331    01:52     
396       0.000074    0.000254    01:51     
397       0.000076    0.000145    01:52     
398       0.000075    0.000267    01:51     
399       0.000075    0.000272    01:52     
400       0.000073    0.000164    01:51     
401       0.000070    0.000335    01:51     
402       0.000070    0.000449    01:52     
403       0.000073    0.000097    01:52     
404       0.000075    0.000090    01:52     
405       0.000067    0.000243    01:52     
406       0.000070    0.000807    01:51     
407       0.000072    0.000184    01:52     
408       0.000071    0.000193    01:51     
409       0.000075    0.000247    01:52     
410       0.000080    0.000102    01:51     
411       0.000071    0.000265    01:52     
412       0.000073    0.000273    01:52     
413       0.000072    0.000198    01:52     
414       0.000073    0.000184    01:51     
415       0.000068    0.000352    01:52     
416       0.000076    0.000121    01:52     
417       0.000067    0.000155    01:52     
418       0.000076    0.000463    01:51     
419       0.000072    0.000107    01:51     
420       0.000080    0.001921    01:51     
421       0.000076    0.000108    01:51     
422       0.000071    0.001596    01:51     
423       0.000075    0.000354    01:52     
424       0.000072    0.000178    01:52     
425       0.000076    0.000144    01:52     
426       0.000078    0.000216    01:51     
427       0.000072    0.000144    01:52     
428       0.000074    0.000426    01:52     
429       0.000072    0.000141    01:52     
430       0.000077    0.001112    01:52     
431       0.000072    0.000622    01:51     
432       0.000071    0.000166    01:52     
433       0.000074    0.000139    01:52     
434       0.000073    0.000110    01:52     
435       0.000071    0.000484    01:52     
436       0.000077    0.000301    01:51     
437       0.000067    0.001409    01:52     
438       0.000072    0.000091    01:51     
439       0.000079    0.000140    01:52     
440       0.000071    0.000079    01:52     
441       0.000078    0.000147    01:52     
442       0.000073    0.000139    01:51     
443       0.000075    0.000170    01:52     
444       0.000093    0.000424    01:51     
445       0.000079    0.000153    01:52     
446       0.000071    0.000078    01:52     
447       0.000080    0.000331    01:53     
448       0.000077    0.000287    01:52     
449       0.000074    0.000315    01:52     
450       0.000074    0.000244    01:52     
451       0.000069    0.000333    01:52     
452       0.000074    0.000101    01:52     
453       0.000074    0.000345    01:52     
454       0.000071    0.000560    01:52     
455       0.000066    0.002628    01:52     
456       0.000071    0.000348    01:52     
457       0.000071    0.001597    01:52     
458       0.000068    0.000227    01:52     
459       0.000073    0.000310    01:52     
460       0.000069    0.000137    01:52     
461       0.000074    0.000110    01:52     
462       0.000071    0.000163    01:52     
463       0.000075    0.000152    01:51     
464       0.000073    0.000245    01:51     
465       0.000070    0.000254    01:51     
466       0.000078    0.000326    01:51     
467       0.000076    0.000324    01:51     
468       0.000078    0.000081    01:51     
469       0.000082    0.000391    01:51     
470       0.000070    0.000144    01:51     
471       0.000076    0.000219    01:51     
472       0.000066    0.000248    01:51     
473       0.000075    0.000165    01:51     
474       0.000072    0.000270    01:51     
475       0.000075    0.000153    01:51     
476       0.000070    0.000290    01:51     
477       0.000069    0.000084    01:51     
478       0.000075    0.000120    01:52     
479       0.000077    0.000358    01:52     
480       0.000073    0.000134    01:51     
481       0.000068    0.000209    01:51     
482       0.000070    0.000328    01:51     
483       0.000077    0.000099    01:51     
484       0.000080    0.000123    01:51     
485       0.000075    0.000132    01:51     
486       0.000069    0.000203    01:51     
487       0.000072    0.000170    01:51     
488       0.000076    0.000211    01:51     
489       0.000075    0.000388    01:51     
490       0.000080    0.000149    01:51     
491       0.000076    0.000218    01:51     
492       0.000076    0.000122    01:52     
493       0.000071    0.000165    01:52     
494       0.000070    0.002001    01:51     
495       0.000073    0.000129    01:51     
496       0.000072    0.000230    01:52     
497       0.000076    0.001043    01:52     
498       0.000080    0.000169    01:52     
499       0.000071    0.000196    01:52     
500       0.000077    0.000531    01:52     
501       0.000070    0.000080    01:52     
502       0.000071    0.000147    01:51     
503       0.000079    0.000146    01:52     
504       0.000066    0.000255    01:51     
505       0.000070    0.000083    01:52     
506       0.000081    0.000586    01:51     
507       0.000079    0.000518    01:52     
508       0.000070    0.000148    01:51     
509       0.000071    0.000101    01:51     
510       0.000072    0.000127    01:52     
511       0.000073    0.000267    01:51     
512       0.000070    0.000145    01:51     
513       0.000082    0.000152    01:51     
514       0.000074    0.000091    01:51     
515       0.000082    0.000851    01:51     
516       0.000072    0.000973    01:51     
517       0.000070    0.000265    01:52     
518       0.000066    0.000403    01:51     
519       0.000071    0.000255    01:51     
520       0.000069    0.000288    01:52     
521       0.000069    0.006103    01:51     
522       0.000090    0.000281    01:51     
523       0.000067    0.000068    01:51     
524       0.000072    0.000104    01:52     
525       0.000072    0.000154    01:51     
526       0.000073    0.000132    01:52     
527       0.000072    0.000326    01:52     
528       0.000076    0.001602    01:51     
529       0.000069    0.000923    01:51     
530       0.000083    0.000095    01:51     
531       0.000067    0.000099    01:52     
532       0.000074    0.000144    01:51     
533       0.000077    0.000304    01:51     
534       0.000072    0.000282    01:51     
535       0.000072    0.000461    01:51     
536       0.000076    0.000102    01:52     
537       0.000067    0.002310    01:51     
538       0.000067    0.000252    01:51     
539       0.000070    0.000146    01:51     
540       0.000073    0.000161    01:51     
541       0.000078    0.000410    01:52     
542       0.000074    0.000118    01:52     
543       0.000072    0.000202    01:51     
544       0.000068    0.000053    01:51     
545       0.000076    0.000206    01:51     
546       0.000082    0.000648    01:52     
547       0.000074    0.000177    01:52     
548       0.000077    0.000174    01:51     
549       0.000067    0.000089    01:52     
550       0.000079    0.000233    01:52     
551       0.000075    0.000119    01:52     
552       0.000080    0.000202    01:52     
553       0.000071    0.000137    01:51     
554       0.000071    0.000195    01:52     
555       0.000068    0.000123    01:52     
556       0.000072    0.000789    01:51     
557       0.000068    0.000107    01:52     
558       0.000073    0.000568    01:52     
559       0.000075    0.000583    01:51     
560       0.000070    0.000435    01:52     
561       0.000081    0.000103    01:51     
562       0.000078    0.000588    01:52     
563       0.000079    0.001115    01:52     
564       0.000068    0.000146    01:52     
565       0.000070    0.000411    01:52     
566       0.000074    0.000115    01:52     
567       0.000080    0.000208    01:52     
568       0.000071    0.000235    01:52     
569       0.000071    0.000737    01:52     
570       0.000074    0.000460    01:52     
571       0.000069    0.000162    01:51     
572       0.000075    0.000156    01:51     
573       0.000072    0.000093    01:52     
574       0.000077    0.000648    01:52     
575       0.000076    0.000141    01:52     
576       0.000063    0.000082    01:52     
577       0.000066    0.000094    01:52     
578       0.000070    0.000084    01:51     
579       0.000073    0.000314    01:52     
580       0.000074    0.000088    01:52     
581       0.000081    0.000157    01:51     
582       0.000069    0.000104    01:52     
583       0.000067    0.000480    01:51     
584       0.000067    0.000176    01:52     
585       0.000077    0.000184    01:52     
586       0.000069    0.000183    01:52     
587       0.000065    0.000097    01:52     
588       0.000068    0.006208    01:52     
589       0.000070    0.000416    01:52     
590       0.000079    0.000143    01:52     
591       0.000072    0.000086    01:52     
592       0.000080    0.000408    01:52     
593       0.000070    0.000100    01:52     
594       0.000073    0.000092    01:52     
595       0.000067    0.000525    01:52     
596       0.000081    0.000098    01:52     
597       0.000076    0.000341    01:52     
598       0.000073    0.000483    01:52     
599       0.000074    0.001252    01:53     
600       0.000068    0.000082    01:52     
601       0.000070    0.000218    01:52     
602       0.000065    0.000127    01:53     
603       0.000070    0.000081    01:53     
604       0.000073    0.000081    01:52     
605       0.000071    0.000182    01:52     
606       0.000071    0.000094    01:53     
607       0.000068    0.000331    01:52     
608       0.000075    0.000230    01:52     
609       0.000066    0.000080    01:52     
610       0.000069    0.000218    01:52     
611       0.000080    0.000443    01:53     
612       0.000073    0.000106    01:53     
613       0.000075    0.000131    01:53     
614       0.000074    0.000185    01:53     
615       0.000075    0.001105    01:53     
616       0.000078    0.000121    01:53     
617       0.000072    0.000144    01:53     
618       0.000074    0.000218    01:53     
619       0.000077    0.000100    01:53     
620       0.000076    0.000088    01:53     
621       0.000069    0.000417    01:53     
622       0.000069    0.000140    01:53     
623       0.000069    0.000210    01:53     
624       0.000070    0.000228    01:52     
625       0.000068    0.000109    01:52     
626       0.000067    0.000458    01:53     
627       0.000065    0.000089    01:52     
628       0.000070    0.000107    01:52     
629       0.000074    0.000488    01:52     
630       0.000065    0.000246    01:52     
631       0.000070    0.000083    01:53     
632       0.000071    0.000483    01:52     
633       0.000067    0.000285    01:52     
634       0.000067    0.000108    01:52     
635       0.000060    0.000101    01:52     
636       0.000065    0.000182    01:52     
637       0.000068    0.000078    01:52     
638       0.000080    0.000231    01:52     
639       0.000073    0.000396    01:52     
640       0.000061    0.000083    01:52     
641       0.000063    0.000074    01:52     
642       0.000071    0.000134    01:52     
643       0.000067    0.000072    01:52     
644       0.000074    0.000129    01:52     
645       0.000067    0.000138    01:52     
646       0.000071    0.000146    01:52     
647       0.000076    0.000449    01:52     
648       0.000069    0.000186    01:52     
649       0.000061    0.000112    01:52     
650       0.000075    0.000334    01:52     
651       0.000067    0.000138    01:52     
652       0.000070    0.000203    01:52     
653       0.000067    0.000123    01:52     
654       0.000068    0.000175    01:52     
655       0.000064    0.000144    01:52     
656       0.000065    0.000972    01:52     
657       0.000064    0.000205    01:52     
658       0.000068    0.000117    01:53     
659       0.000066    0.000151    01:52     
660       0.000072    0.000288    01:52     
661       0.000064    0.000500    01:52     
662       0.000060    0.000833    01:53     
663       0.000063    0.000084    01:53     
664       0.000070    0.000121    01:52     
665       0.000071    0.000064    01:53     
666       0.000065    0.000081    01:52     
667       0.000069    0.000146    01:52     
668       0.000070    0.000140    01:52     
669       0.000065    0.001244    01:53     
670       0.000067    0.000118    01:52     
671       0.000067    0.000182    01:52     
672       0.000067    0.000060    01:53     
673       0.000063    0.000093    01:53     
674       0.000067    0.000101    01:53     
675       0.000058    0.000104    01:52     
676       0.000064    0.000170    01:52     
677       0.000070    0.000053    01:52     
678       0.000068    0.000366    01:52     
679       0.000074    0.000105    01:52     
680       0.000065    0.000100    01:52     
681       0.000063    0.000278    01:52     
682       0.000074    0.000090    01:52     
683       0.000061    0.000068    01:52     
684       0.000063    0.000244    01:52     
685       0.000065    0.000091    01:52     
686       0.000067    0.000329    01:52     
687       0.000066    0.000223    01:52     
688       0.000067    0.000081    01:52     
689       0.000062    0.000261    01:52     
690       0.000066    0.000070    01:52     
691       0.000073    0.000252    01:52     
692       0.000066    0.000328    01:52     
693       0.000065    0.000177    01:52     
694       0.000064    0.000390    01:52     
695       0.000065    0.000182    01:52     
696       0.000061    0.000221    01:53     
697       0.000067    0.000126    01:52     
698       0.000064    0.000144    01:52     
699       0.000071    0.000182    01:53     
700       0.000064    0.000248    01:52     
701       0.000067    0.000103    01:52     
702       0.000066    0.000382    01:52     
703       0.000068    0.000054    01:52     
704       0.000065    0.000097    01:52     
705       0.000072    0.000087    01:52     
706       0.000072    0.001241    01:52     
707       0.000069    0.000911    01:53     
708       0.000067    0.000441    01:52     
709       0.000058    0.000089    01:52     
710       0.000065    0.000247    01:53     
711       0.000060    0.000100    01:52     
712       0.000063    0.000069    01:52     
713       0.000075    0.000526    01:52     
714       0.000064    0.000274    01:51     
715       0.000061    0.000098    01:51     
716       0.000062    0.000094    01:51     
717       0.000064    0.000091    01:51     
718       0.000060    0.000067    01:51     
719       0.000063    0.000114    01:51     
720       0.000064    0.000131    01:51     
721       0.000064    0.000066    01:51     
722       0.000063    0.000309    01:51     
723       0.000068    0.000063    01:51     
724       0.000067    0.000212    01:51     
725       0.000062    0.000110    01:51     
726       0.000066    0.000123    01:51     
727       0.000065    0.000452    01:51     
728       0.000059    0.000057    01:51     
729       0.000060    0.000092    01:51     
730       0.000060    0.000067    01:51     
731       0.000062    0.000270    01:51     
732       0.000061    0.000139    01:51     
733       0.000064    0.000072    01:51     
734       0.000059    0.000213    01:51     
735       0.000071    0.000106    01:51     
736       0.000063    0.000070    01:51     
737       0.000059    0.000404    01:51     
738       0.000060    0.000205    01:51     
739       0.000066    0.000095    01:51     
740       0.000071    0.000577    01:51     
741       0.000062    0.000146    01:51     
742       0.000072    0.000080    01:51     
743       0.000060    0.000071    01:51     
744       0.000056    0.000224    01:51     
745       0.000064    0.000053    01:51     
746       0.000067    0.000131    01:51     
747       0.000063    0.000048    01:51     
Better model found at epoch 747 with valid_loss value: 4.776751302415505e-05.
748       0.000063    0.000191    01:51     
749       0.000062    0.000077    01:51     
750       0.000068    0.000128    01:51     
751       0.000060    0.000271    01:51     
752       0.000058    0.000204    01:51     
753       0.000056    0.000145    01:50     
754       0.000057    0.000071    01:51     
755       0.000063    0.000067    01:51     
756       0.000055    0.003262    01:51     
757       0.000059    0.000294    01:51     
758       0.000068    0.000173    01:51     
759       0.000066    0.000117    01:51     
760       0.000062    0.000103    01:51     
761       0.000065    0.000196    01:51     
762       0.000060    0.000081    01:51     
763       0.000064    0.000105    01:50     
764       0.000057    0.000066    01:51     
765       0.000060    0.000133    01:51     
766       0.000061    0.000391    01:50     
767       0.000058    0.000507    01:51     
768       0.000063    0.000088    01:51     
769       0.000058    0.009495    01:51     
770       0.000065    0.000117    01:50     
771       0.000062    0.000125    01:51     
772       0.000060    0.000100    01:51     
773       0.000063    0.000113    01:51     
774       0.000067    0.000086    01:51     
775       0.000058    0.000063    01:51     
776       0.000063    0.000046    01:51     
Better model found at epoch 776 with valid_loss value: 4.5537162804976106e-05.
777       0.000056    0.000078    01:51     
778       0.000065    0.000224    01:51     
779       0.000064    0.000091    01:51     
780       0.000066    0.000149    01:51     
781       0.000064    0.000059    01:51     
782       0.000065    0.000072    01:50     
783       0.000061    0.000043    01:51     
Better model found at epoch 783 with valid_loss value: 4.290939250495285e-05.
784       0.000061    0.000084    01:51     
785       0.000055    0.000059    01:50     
786       0.000064    0.000061    01:50     
787       0.000064    0.000089    01:51     
788       0.000061    0.000111    01:51     
789       0.000059    0.000123    01:51     
790       0.000057    0.000078    01:51     
791       0.000061    0.000191    01:51     
792       0.000062    0.000081    01:50     
793       0.000061    0.000078    01:50     
794       0.000066    0.000349    01:51     
795       0.000060    0.000069    01:51     
796       0.000059    0.000250    01:51     
797       0.000062    0.000074    01:50     
798       0.000060    0.000336    01:49     
799       0.000057    0.007190    01:49     
800       0.000071    0.000151    01:50     
801       0.000057    0.000071    01:49     
802       0.000059    0.000076    01:49     
803       0.000061    0.000723    01:50     
804       0.000058    0.000246    01:49     
805       0.000062    0.000235    01:49     
806       0.000057    0.000118    01:49     
807       0.000058    0.000053    01:49     
808       0.000056    0.000033    01:49     
Better model found at epoch 808 with valid_loss value: 3.2992302294587716e-05.
809       0.000056    0.000136    01:50     
810       0.000058    0.000059    01:49     
811       0.000054    0.000050    01:49     
812       0.000057    0.000052    01:49     
813       0.000054    0.000855    01:49     
814       0.000059    0.000116    01:49     
815       0.000062    0.000064    01:49     
816       0.000065    0.005996    01:49     
817       0.000056    0.000060    01:49     
818       0.000055    0.000077    01:49     
819       0.000058    0.000110    01:50     
820       0.000057    0.000090    01:49     
821       0.000066    0.000205    01:50     
822       0.000063    0.000053    01:50     
823       0.000057    0.000153    01:49     
824       0.000059    0.000093    01:49     
825       0.000061    0.000099    01:49     
826       0.000060    0.000060    01:49     
827       0.000060    0.000243    01:49     
828       0.000056    0.000098    01:50     
829       0.000058    0.000137    01:49     
830       0.000059    0.000047    01:49     
831       0.000058    0.000083    01:50     
832       0.000059    0.000519    01:49     
833       0.000058    0.000074    01:49     
834       0.000058    0.000070    01:49     
835       0.000057    0.001179    01:49     
836       0.000060    0.000066    01:49     
837       0.000059    0.000356    01:49     
838       0.000061    0.000715    01:49     
839       0.000058    0.000082    01:49     
840       0.000064    0.000070    01:49     
841       0.000061    0.000042    01:49     
842       0.000054    0.000121    01:49     
843       0.000050    0.000323    01:49     
844       0.000056    0.000297    01:49     
845       0.000052    0.000142    01:49     
846       0.000060    0.000166    01:49     
847       0.000048    0.000114    01:49     
848       0.000060    0.000786    01:49     
849       0.000056    0.000052    01:49     
850       0.000060    0.000103    01:49     
851       0.000060    0.000082    01:49     
852       0.000056    0.000128    01:50     
853       0.000055    0.000040    01:50     
854       0.000053    0.000283    01:49     
855       0.000055    0.000076    01:49     
856       0.000057    0.000116    01:49     
857       0.000063    0.000175    01:49     
858       0.000053    0.000171    01:49     
859       0.000054    0.000526    01:49     
860       0.000056    0.000202    01:49     
861       0.000051    0.000098    01:49     
862       0.000053    0.000080    01:49     
863       0.000055    0.000092    01:49     
864       0.000056    0.000231    01:49     
865       0.000053    0.000052    01:49     
866       0.000059    0.000256    01:49     
867       0.000055    0.000068    01:49     
868       0.000061    0.000643    01:49     
869       0.000055    0.000043    01:49     
870       0.000049    0.000044    01:49     
871       0.000055    0.001130    01:49     
872       0.000055    0.000815    01:49     
873       0.000051    0.000235    01:49     
874       0.000053    0.000080    01:49     
875       0.000054    0.000069    01:49     
876       0.000052    0.000047    01:49     
877       0.000053    0.000244    01:49     
878       0.000051    0.000124    01:49     
879       0.000062    0.000047    01:49     
880       0.000058    0.000048    01:49     
881       0.000049    0.000058    01:49     
882       0.000048    0.000115    01:49     
883       0.000052    0.000088    01:49     
884       0.000050    0.000466    01:49     
885       0.000054    0.000099    01:49     
886       0.000050    0.000063    01:49     
887       0.000060    0.000133    01:49     
888       0.000055    0.000045    01:49     
889       0.000054    0.000029    01:48     
Better model found at epoch 889 with valid_loss value: 2.8659658710239455e-05.
890       0.000052    0.000075    01:49     
891       0.000052    0.000089    01:48     
892       0.000053    0.000056    01:49     
893       0.000053    0.000444    01:49     
894       0.000058    0.000097    01:49     
895       0.000054    0.000085    01:49     
896       0.000056    0.000036    01:49     
897       0.000049    0.000067    01:49     
898       0.000057    0.000205    01:49     
899       0.000055    0.000891    01:49     
900       0.000053    0.000045    01:49     
901       0.000047    0.000047    01:49     
902       0.000057    0.000068    01:49     
903       0.000052    0.000093    01:49     
904       0.000055    0.000546    01:49     
905       0.000049    0.000040    01:49     
906       0.000053    0.000044    01:49     
907       0.000054    0.000048    01:49     
908       0.000057    0.000978    01:50     
909       0.000049    0.000623    01:49     
910       0.000059    0.000181    01:49     
911       0.000051    0.000035    01:50     
912       0.000051    0.000039    01:49     
913       0.000049    0.000061    01:49     
914       0.000053    0.000045    01:49     
915       0.000057    0.000478    01:49     
916       0.000050    0.000027    01:49     
Better model found at epoch 916 with valid_loss value: 2.7077581762569025e-05.
917       0.000054    0.000055    01:49     
918       0.000050    0.000049    01:49     
919       0.000054    0.000171    01:49     
920       0.000049    0.000157    01:49     
921       0.000049    0.000065    01:49     
922       0.000050    0.000055    01:49     
923       0.000051    0.000065    01:49     
924       0.000052    0.000043    01:49     
925       0.000048    0.000046    01:49     
926       0.000050    0.000053    01:49     
927       0.000053    0.000231    01:49     
928       0.000050    0.000061    01:49     
929       0.000049    0.000026    01:49     
Better model found at epoch 929 with valid_loss value: 2.6018698918051086e-05.
930       0.000051    0.000055    01:49     
931       0.000047    0.000040    01:49     
932       0.000054    0.001251    01:49     
933       0.000050    0.000041    01:49     
934       0.000053    0.000117    01:49     
935       0.000054    0.000053    01:49     
936       0.000049    0.000059    01:49     
937       0.000050    0.000029    01:49     
938       0.000046    0.000082    01:49     
939       0.000048    0.000046    01:49     
940       0.000048    0.000041    01:49     
941       0.000052    0.000039    01:49     
942       0.000046    0.000362    01:49     
943       0.000054    0.000034    01:49     
944       0.000047    0.000289    01:49     
945       0.000054    0.000065    01:49     
946       0.000048    0.000031    01:49     
947       0.000045    0.000030    01:49     
948       0.000047    0.000058    01:49     
949       0.000054    0.000208    01:49     
950       0.000050    0.000108    01:49     
951       0.000047    0.000043    01:49     
952       0.000048    0.000047    01:49     
953       0.000049    0.000035    01:49     
954       0.000054    0.000043    01:49     
955       0.000047    0.000259    01:49     
956       0.000044    0.000037    01:49     
957       0.000045    0.000032    01:49     
958       0.000047    0.000645    01:49     
959       0.000045    0.000314    01:49     
960       0.000049    0.000043    01:49     
961       0.000055    0.000062    01:49     
962       0.000051    0.000083    01:49     
963       0.000048    0.000038    01:49     
964       0.000047    0.000592    01:49     
965       0.000052    0.000052    01:49     
966       0.000040    0.000032    01:49     
967       0.000052    0.000140    01:49     
968       0.000045    0.000036    01:49     
969       0.000049    0.000056    01:49     
970       0.000047    0.000033    01:49     
971       0.000048    0.000063    01:49     
972       0.000046    0.000050    01:49     
973       0.000057    0.000051    01:49     
974       0.000051    0.000504    01:49     
975       0.000047    0.000031    01:49     
976       0.000045    0.000061    01:50     
977       0.000050    0.000059    01:49     
978       0.000051    0.000050    01:49     
979       0.000045    0.000062    01:49     
980       0.000044    0.000045    01:49     
981       0.000051    0.000028    01:49     
982       0.000050    0.000089    01:49     
983       0.000049    0.000194    01:49     
984       0.000054    0.000030    01:49     
985       0.000044    0.000046    01:49     
986       0.000051    0.000033    01:49     
987       0.000047    0.000030    01:49     
988       0.000045    0.000200    01:49     
989       0.000047    0.000038    01:50     
990       0.000049    0.000061    01:49     
991       0.000049    0.000046    01:50     
992       0.000047    0.000068    01:49     
993       0.000044    0.000063    01:49     
994       0.000045    0.000051    01:49     
995       0.000045    0.000034    01:50     
996       0.000048    0.000047    01:49     
997       0.000048    0.000070    01:49     
998       0.000049    0.000057    01:49     
999       0.000050    0.000037    01:49     
1000      0.000046    0.000069    01:49     
1001      0.000047    0.000063    01:49     
1002      0.000050    0.000066    01:49     
1003      0.000047    0.000041    01:49     
1004      0.000054    0.000043    01:49     
1005      0.000048    0.000721    01:49     
1006      0.000046    0.000074    01:49     
1007      0.000044    0.000034    01:50     
1008      0.000049    0.000037    01:49     
1009      0.000047    0.000072    01:49     
1010      0.000048    0.000188    01:49     
1011      0.000048    0.000034    01:49     
1012      0.000048    0.000032    01:49     
1013      0.000046    0.000069    01:49     
1014      0.000050    0.000099    01:49     
1015      0.000045    0.000200    01:49     
1016      0.000047    0.000031    01:49     
1017      0.000048    0.000034    01:49     
1018      0.000042    0.000067    01:49     
1019      0.000045    0.000043    01:50     
1020      0.000046    0.000033    01:49     
1021      0.000049    0.000579    01:49     
1022      0.000043    0.000042    01:49     
1023      0.000048    0.000037    01:49     
1024      0.000048    0.000040    01:49     
1025      0.000044    0.000029    01:49     
1026      0.000043    0.000188    01:50     
1027      0.000049    0.000022    01:49     
Better model found at epoch 1027 with valid_loss value: 2.156095069949515e-05.
1028      0.000047    0.000040    01:50     
1029      0.000041    0.000029    01:49     
1030      0.000045    0.000049    01:49     
1031      0.000044    0.000278    01:49     
1032      0.000043    0.000081    01:49     
1033      0.000047    0.000082    01:49     
1034      0.000044    0.000214    01:49     
1035      0.000043    0.000037    01:49     
1036      0.000043    0.000026    01:49     
1037      0.000041    0.000026    01:49     
1038      0.000044    0.000020    01:49     
Better model found at epoch 1038 with valid_loss value: 2.048630267381668e-05.
1039      0.000045    0.000328    01:49     
1040      0.000044    0.001165    01:49     
1041      0.000043    0.000036    01:50     
1042      0.000041    0.000028    01:49     
1043      0.000041    0.000030    01:49     
1044      0.000044    0.000025    01:49     
1045      0.000043    0.000032    01:49     
1046      0.000046    0.000024    01:49     
1047      0.000042    0.000042    01:49     
1048      0.000044    0.000027    01:49     
1049      0.000049    0.000107    01:49     
1050      0.000047    0.000027    01:50     
1051      0.000048    0.000068    01:49     
1052      0.000043    0.000182    01:49     
1053      0.000040    0.000028    01:50     
1054      0.000040    0.000087    01:49     
1055      0.000040    0.000031    01:49     
1056      0.000042    0.000071    01:49     
1057      0.000042    0.000038    01:50     
1058      0.000046    0.000032    01:49     
1059      0.000045    0.000046    01:49     
1060      0.000039    0.000022    01:49     
1061      0.000043    0.000052    01:50     
1062      0.000044    0.000047    01:49     
1063      0.000042    0.000031    01:49     
1064      0.000042    0.000037    01:49     
1065      0.000043    0.000037    01:50     
1066      0.000042    0.000045    01:49     
1067      0.000045    0.000023    01:49     
1068      0.000043    0.000031    01:49     
1069      0.000041    0.000025    01:50     
1070      0.000041    0.000047    01:49     
1071      0.000039    0.000033    01:49     
1072      0.000044    0.000046    01:49     
1073      0.000042    0.000307    01:49     
1074      0.000039    0.000020    01:49     
Better model found at epoch 1074 with valid_loss value: 2.0069208403583616e-05.
1075      0.000040    0.000086    01:50     
1076      0.000042    0.000020    01:49     
Better model found at epoch 1076 with valid_loss value: 1.9608527509262785e-05.
1077      0.000045    0.000047    01:49     
1078      0.000041    0.000018    01:50     
Better model found at epoch 1078 with valid_loss value: 1.834374779718928e-05.
1079      0.000043    0.000021    01:49     
1080      0.000041    0.000020    01:49     
1081      0.000041    0.000036    01:50     
1082      0.000046    0.000025    01:49     
1083      0.000039    0.000370    01:49     
1084      0.000042    0.000018    01:49     
Better model found at epoch 1084 with valid_loss value: 1.803457416826859e-05.
1085      0.000038    0.000023    01:49     
1086      0.000045    0.000055    01:49     
1087      0.000041    0.000022    01:50     
1088      0.000040    0.000026    01:49     
1089      0.000042    0.000119    01:49     
1090      0.000039    0.000055    01:50     
1091      0.000043    0.000029    01:49     
1092      0.000040    0.000033    01:49     
1093      0.000041    0.000064    01:50     
1094      0.000043    0.000025    01:50     
1095      0.000038    0.000026    01:49     
1096      0.000038    0.000033    01:50     
1097      0.000041    0.000339    01:50     
1098      0.000046    0.000029    01:49     
1099      0.000039    0.000104    01:50     
1100      0.000038    0.000021    01:50     
1101      0.000044    0.000041    01:49     
1102      0.000040    0.000040    01:49     
1103      0.000041    0.000021    01:50     
1104      0.000040    0.000028    01:49     
1105      0.000039    0.000025    01:49     
1106      0.000037    0.000025    01:50     
1107      0.000043    0.000023    01:50     
1108      0.000039    0.000023    01:49     
1109      0.000043    0.000036    01:50     
1110      0.000039    0.000048    01:49     
1111      0.000040    0.000018    01:49     
1112      0.000039    0.000018    01:50     
1113      0.000042    0.000115    01:49     
1114      0.000039    0.000021    01:50     
1115      0.000038    0.000019    01:50     
1116      0.000040    0.000031    01:49     
1117      0.000041    0.000027    01:50     
1118      0.000042    0.000031    01:49     
1119      0.000037    0.000015    01:49     
Better model found at epoch 1119 with valid_loss value: 1.4579511116608046e-05.
1120      0.000039    0.000025    01:49     
1121      0.000040    0.000051    01:50     
1122      0.000039    0.000018    01:49     
1123      0.000036    0.000018    01:50     
1124      0.000039    0.000041    01:49     
1125      0.000038    0.000022    01:50     
1126      0.000040    0.000031    01:50     
1127      0.000038    0.000107    01:49     
1128      0.000040    0.000025    01:50     
1129      0.000039    0.000017    01:50     
1130      0.000035    0.000011    01:50     
Better model found at epoch 1130 with valid_loss value: 1.142133078246843e-05.
1131      0.000036    0.000016    01:50     
1132      0.000037    0.000021    01:50     
1133      0.000038    0.000016    01:50     
1134      0.000040    0.000022    01:50     
1135      0.000040    0.000172    01:50     
1136      0.000038    0.000023    01:50     
1137      0.000037    0.000015    01:50     
1138      0.000039    0.000022    01:50     
1139      0.000038    0.000016    01:49     
1140      0.000036    0.000014    01:50     
1141      0.000039    0.000026    01:50     
1142      0.000036    0.000017    01:50     
1143      0.000035    0.000020    01:49     
1144      0.000039    0.000022    01:50     
1145      0.000036    0.000018    01:49     
1146      0.000039    0.000031    01:50     
1147      0.000039    0.000030    01:50     
1148      0.000038    0.000014    01:49     
1149      0.000037    0.000019    01:50     
1150      0.000037    0.000017    01:49     
1151      0.000034    0.000016    01:50     
1152      0.000037    0.000030    01:50     
1153      0.000037    0.000028    01:49     
1154      0.000037    0.000020    01:50     
1155      0.000037    0.000028    01:49     
1156      0.000038    0.000021    01:49     
1157      0.000038    0.000022    01:50     
1158      0.000037    0.000017    01:50     
1159      0.000036    0.000017    01:49     
1160      0.000036    0.000014    01:50     
1161      0.000036    0.000017    01:50     
1162      0.000036    0.000016    01:49     
1163      0.000036    0.000014    01:49     
1164      0.000038    0.000016    01:49     
1165      0.000037    0.000016    01:49     
1166      0.000035    0.000020    01:50     
1167      0.000037    0.000119    01:49     
1168      0.000036    0.000020    01:50     
1169      0.000035    0.000018    01:49     
1170      0.000036    0.000064    01:50     
1171      0.000038    0.000019    01:50     
1172      0.000039    0.000021    01:49     
1173      0.000034    0.000019    01:50     
1174      0.000038    0.000022    01:49     
1175      0.000034    0.000021    01:49     
1176      0.000037    0.000019    01:50     
1177      0.000035    0.000015    01:49     
1178      0.000034    0.000017    01:50     
1179      0.000037    0.000017    01:49     
1180      0.000033    0.000015    01:49     
1181      0.000039    0.000178    01:50     
1182      0.000040    0.000020    01:49     
1183      0.000033    0.000018    01:50     
1184      0.000037    0.000012    01:50     
1185      0.000039    0.000025    01:49     
1186      0.000038    0.000054    01:50     
1187      0.000035    0.000041    01:49     
1188      0.000035    0.000021    01:50     
1189      0.000038    0.000021    01:49     
1190      0.000036    0.000016    01:50     
1191      0.000037    0.000019    01:50     
1192      0.000034    0.000011    01:49     
Better model found at epoch 1192 with valid_loss value: 1.1262192856520414e-05.
1193      0.000033    0.000057    01:50     
1194      0.000038    0.000022    01:50     
1195      0.000034    0.000021    01:49     
1196      0.000034    0.000014    01:50     
1197      0.000035    0.000017    01:50     
1198      0.000033    0.000011    01:50     
1199      0.000036    0.000018    01:49     
1200      0.000037    0.000020    01:50     
1201      0.000036    0.000015    01:49     
1202      0.000031    0.000013    01:50     
1203      0.000036    0.000012    01:49     
1204      0.000036    0.000017    01:49     
1205      0.000034    0.000020    01:50     
1206      0.000037    0.000024    01:49     
1207      0.000034    0.000016    01:49     
1208      0.000033    0.000015    01:49     
1209      0.000037    0.000023    01:49     
1210      0.000033    0.000012    01:50     
1211      0.000034    0.000012    01:50     
1212      0.000034    0.000011    01:49     
Better model found at epoch 1212 with valid_loss value: 1.0507214028621092e-05.
1213      0.000036    0.000017    01:49     
1214      0.000032    0.000014    01:49     
1215      0.000032    0.000013    01:50     
1216      0.000033    0.000018    01:49     
1217      0.000032    0.000020    01:50     
1218      0.000036    0.000013    01:50     
1219      0.000033    0.000022    01:49     
1220      0.000033    0.000012    01:50     
1221      0.000034    0.000011    01:49     
1222      0.000035    0.000013    01:50     
1223      0.000032    0.000016    01:50     
1224      0.000034    0.000015    01:49     
1225      0.000034    0.000014    01:50     
1226      0.000033    0.000011    01:50     
1227      0.000034    0.000011    01:50     
1228      0.000031    0.000012    01:49     
1229      0.000033    0.000014    01:48     
1230      0.000035    0.000019    01:47     
1231      0.000032    0.000012    01:47     
1232      0.000034    0.000012    01:46     
1233      0.000033    0.000013    01:45     
1234      0.000031    0.000017    01:45     
1235      0.000036    0.000014    01:46     
1236      0.000033    0.000012    01:45     
1237      0.000031    0.000012    01:45     
1238      0.000033    0.000015    01:45     
1239      0.000031    0.000010    01:46     
Better model found at epoch 1239 with valid_loss value: 1.042588337440975e-05.
1240      0.000031    0.000012    01:46     
1241      0.000030    0.000077    01:45     
1242      0.000034    0.000063    01:46     
1243      0.000034    0.000015    01:45     
1244      0.000030    0.000012    01:46     
1245      0.000032    0.000015    01:45     
1246      0.000033    0.000013    01:46     
1247      0.000030    0.000216    01:46     
1248      0.000032    0.000017    01:46     
1249      0.000031    0.000013    01:46     
1250      0.000034    0.000011    01:46     
1251      0.000031    0.000011    01:46     
1252      0.000033    0.000014    01:46     
1253      0.000032    0.000010    01:46     
Better model found at epoch 1253 with valid_loss value: 9.523912012809888e-06.
1254      0.000031    0.000011    01:45     
1255      0.000031    0.000011    01:46     
1256      0.000033    0.000143    01:46     
1257      0.000031    0.000013    01:46     
1258      0.000034    0.000017    01:46     
1259      0.000030    0.000204    01:45     
1260      0.000031    0.000018    01:46     
1261      0.000032    0.000011    01:46     
1262      0.000029    0.000010    01:46     
1263      0.000032    0.000010    01:45     
1264      0.000031    0.000024    01:46     
1265      0.000028    0.000029    01:45     
1266      0.000028    0.000084    01:46     
1267      0.000030    0.000025    01:46     
1268      0.000032    0.000011    01:45     
1269      0.000031    0.000011    01:46     
1270      0.000030    0.000010    01:45     
1271      0.000033    0.000015    01:46     
1272      0.000032    0.000012    01:46     
1273      0.000029    0.000009    01:45     
Better model found at epoch 1273 with valid_loss value: 9.254566975869238e-06.
1274      0.000032    0.000011    01:46     
1275      0.000035    0.000029    01:45     
1276      0.000030    0.000009    01:46     
Better model found at epoch 1276 with valid_loss value: 9.174338629236445e-06.
1277      0.000029    0.000011    01:46     
1278      0.000029    0.000010    01:46     
1279      0.000028    0.000009    01:46     
Better model found at epoch 1279 with valid_loss value: 8.525416888005566e-06.
1280      0.000032    0.000013    01:46     
1281      0.000033    0.000087    01:46     
1282      0.000032    0.000011    01:46     
1283      0.000027    0.000012    01:46     
1284      0.000030    0.000009    01:46     
1285      0.000030    0.000018    01:46     
1286      0.000030    0.000010    01:46     
1287      0.000028    0.000011    01:46     
1288      0.000029    0.000017    01:46     
1289      0.000030    0.000010    01:46     
1290      0.000031    0.000049    01:46     
1291      0.000030    0.000012    01:46     
1292      0.000031    0.000011    01:46     
1293      0.000028    0.000010    01:46     
1294      0.000030    0.000011    01:46     
1295      0.000031    0.000008    01:46     
Better model found at epoch 1295 with valid_loss value: 8.481290933559649e-06.
1296      0.000031    0.000009    01:46     
1297      0.000031    0.000024    01:46     
1298      0.000030    0.000011    01:46     
1299      0.000028    0.000013    01:46     
1300      0.000030    0.000010    01:45     
1301      0.000029    0.000032    01:46     
1302      0.000029    0.000025    01:46     
1303      0.000028    0.000008    01:46     
Better model found at epoch 1303 with valid_loss value: 7.505703706556233e-06.
1304      0.000031    0.000010    01:46     
1305      0.000027    0.000009    01:46     
1306      0.000030    0.000038    01:46     
1307      0.000031    0.000012    01:46     
1308      0.000029    0.000011    01:46     
1309      0.000028    0.000009    01:46     
1310      0.000031    0.000010    01:45     
1311      0.000031    0.000011    01:46     
1312      0.000029    0.000009    01:46     
1313      0.000031    0.000007    01:46     
Better model found at epoch 1313 with valid_loss value: 7.3982409958262e-06.
1314      0.000027    0.000008    01:46     
1315      0.000028    0.000010    01:45     
1316      0.000029    0.000047    01:46     
1317      0.000028    0.000010    01:46     
1318      0.000031    0.000009    01:46     
1319      0.000030    0.000009    01:45     
1320      0.000028    0.000078    01:46     
1321      0.000026    0.000029    01:46     
1322      0.000030    0.000135    01:46     
1323      0.000030    0.000009    01:46     
1324      0.000029    0.000009    01:46     
1325      0.000028    0.000040    01:46     
1326      0.000027    0.000009    01:46     
1327      0.000027    0.000009    01:46     
1328      0.000029    0.000010    01:46     
1329      0.000028    0.000022    01:46     
1330      0.000028    0.000008    01:46     
1331      0.000029    0.000010    01:46     
1332      0.000029    0.000008    01:46     
1333      0.000028    0.000007    01:46     
1334      0.000031    0.000008    01:46     
1335      0.000028    0.000070    01:46     
1336      0.000030    0.000008    01:46     
1337      0.000027    0.000014    01:46     
1338      0.000026    0.000009    01:46     
1339      0.000029    0.000007    01:46     
Better model found at epoch 1339 with valid_loss value: 6.888357347634155e-06.
1340      0.000027    0.000007    01:46     
1341      0.000027    0.000006    01:46     
Better model found at epoch 1341 with valid_loss value: 6.261102953430964e-06.
1342      0.000028    0.000007    01:46     
1343      0.000029    0.000008    01:46     
1344      0.000029    0.000007    01:46     
1345      0.000029    0.000008    01:46     
1346      0.000028    0.000007    01:46     
1347      0.000027    0.000006    01:46     
1348      0.000029    0.000032    01:46     
1349      0.000027    0.000007    01:46     
1350      0.000028    0.000008    01:46     
1351      0.000027    0.000008    01:46     
1352      0.000025    0.000044    01:46     
1353      0.000027    0.000007    01:46     
1354      0.000026    0.000007    01:46     
1355      0.000027    0.000007    01:46     
1356      0.000027    0.000008    01:46     
1357      0.000029    0.000011    01:46     
1358      0.000028    0.000017    01:46     
1359      0.000027    0.000010    01:46     
1360      0.000025    0.000010    01:46     
1361      0.000025    0.000007    01:46     
1362      0.000029    0.000007    01:46     
1363      0.000023    0.000007    01:46     
1364      0.000026    0.000011    01:46     
1365      0.000029    0.000010    01:46     
1366      0.000027    0.000007    01:45     
1367      0.000026    0.000006    01:46     
1368      0.000026    0.000006    01:46     
Better model found at epoch 1368 with valid_loss value: 5.821224476676434e-06.
1369      0.000025    0.000023    01:46     
1370      0.000028    0.000006    01:46     
1371      0.000028    0.000008    01:46     
1372      0.000027    0.000011    01:46     
1373      0.000026    0.000007    01:46     
1374      0.000027    0.000008    01:46     
1375      0.000029    0.000009    01:46     
1376      0.000026    0.000007    01:46     
1377      0.000028    0.000008    01:46     
1378      0.000027    0.000006    01:46     
1379      0.000025    0.000006    01:46     
1380      0.000025    0.000007    01:46     
1381      0.000030    0.000008    01:46     
1382      0.000024    0.000008    01:46     
1383      0.000026    0.000006    01:46     
1384      0.000026    0.000005    01:46     
Better model found at epoch 1384 with valid_loss value: 5.454710844787769e-06.
1385      0.000024    0.000006    01:46     
1386      0.000027    0.000006    01:46     
1387      0.000028    0.000007    01:46     
1388      0.000025    0.000006    01:46     
1389      0.000027    0.000010    01:46     
1390      0.000025    0.000012    01:46     
1391      0.000026    0.000007    01:46     
1392      0.000026    0.000007    01:46     
1393      0.000026    0.000008    01:46     
1394      0.000027    0.000007    01:46     
1395      0.000024    0.000005    01:47     
Better model found at epoch 1395 with valid_loss value: 5.416625299403677e-06.
1396      0.000025    0.000006    01:46     
1397      0.000024    0.000006    01:47     
1398      0.000027    0.000006    01:47     
1399      0.000028    0.000006    01:46     
1400      0.000027    0.000006    01:47     
1401      0.000028    0.000006    01:46     
1402      0.000024    0.000005    01:47     
1403      0.000025    0.000006    01:46     
1404      0.000025    0.000005    01:47     
Better model found at epoch 1404 with valid_loss value: 5.086894816486165e-06.
1405      0.000027    0.000008    01:46     
1406      0.000026    0.000006    01:46     
1407      0.000027    0.000006    01:47     
1408      0.000025    0.000007    01:46     
1409      0.000027    0.000007    01:46     
1410      0.000026    0.000008    01:46     
1411      0.000026    0.000008    01:47     
1412      0.000025    0.000006    01:46     
1413      0.000028    0.000006    01:46     
1414      0.000027    0.000006    01:47     
1415      0.000028    0.000007    01:46     
1416      0.000027    0.000006    01:47     
1417      0.000026    0.000006    01:46     
1418      0.000025    0.000006    01:47     
1419      0.000024    0.000005    01:46     
Better model found at epoch 1419 with valid_loss value: 5.083851647214033e-06.
1420      0.000025    0.000006    01:47     
1421      0.000025    0.000008    01:46     
1422      0.000027    0.000008    01:46     
1423      0.000026    0.000006    01:47     
1424      0.000024    0.000006    01:46     
1425      0.000025    0.000006    01:46     
1426      0.000029    0.000005    01:46     
1427      0.000025    0.000006    01:47     
1428      0.000025    0.000005    01:46     
1429      0.000027    0.000008    01:46     
1430      0.000027    0.000008    01:46     
1431      0.000024    0.000006    01:46     
1432      0.000024    0.000007    01:46     
1433      0.000023    0.000006    01:46     
1434      0.000027    0.000006    01:47     
1435      0.000024    0.000005    01:45     
Better model found at epoch 1435 with valid_loss value: 4.983164672012208e-06.
1436      0.000026    0.000006    01:46     
1437      0.000024    0.000005    01:46     
Better model found at epoch 1437 with valid_loss value: 4.869561053055804e-06.
1438      0.000024    0.000006    01:46     
1439      0.000025    0.000006    01:46     
1440      0.000025    0.000005    01:46     
1441      0.000025    0.000006    01:45     
1442      0.000025    0.000005    01:46     
1443      0.000023    0.000005    01:46     
1444      0.000025    0.000007    01:46     
1445      0.000025    0.000006    01:46     
1446      0.000024    0.000005    01:46     
1447      0.000027    0.000006    01:46     
1448      0.000024    0.000005    01:46     
1449      0.000025    0.000005    01:46     
1450      0.000026    0.000005    01:46     
1451      0.000025    0.000006    01:46     
1452      0.000025    0.000005    01:46     
1453      0.000024    0.000005    01:46     
1454      0.000025    0.000005    01:46     
1455      0.000023    0.000005    01:46     
1456      0.000024    0.000007    01:46     
1457      0.000024    0.000006    01:46     
1458      0.000026    0.000005    01:46     
1459      0.000024    0.000005    01:46     
1460      0.000023    0.000006    01:46     
1461      0.000025    0.000006    01:46     
1462      0.000023    0.000006    01:46     
1463      0.000024    0.000005    01:44     
1464      0.000024    0.000005    01:44     
1465      0.000026    0.000006    01:44     
1466      0.000025    0.000005    01:45     
1467      0.000025    0.000006    01:44     
1468      0.000023    0.000006    01:44     
1469      0.000022    0.000005    01:44     
Better model found at epoch 1469 with valid_loss value: 4.778949005412869e-06.
1470      0.000024    0.000005    01:44     
1471      0.000024    0.000006    01:44     
1472      0.000024    0.000007    01:45     
1473      0.000023    0.000006    01:44     
1474      0.000024    0.000006    01:44     
1475      0.000025    0.000005    01:45     
1476      0.000024    0.000005    01:44     
Better model found at epoch 1476 with valid_loss value: 4.542720034805825e-06.
1477      0.000026    0.000006    01:44     
1478      0.000026    0.000005    01:44     
1479      0.000027    0.000009    01:45     
1480      0.000026    0.000006    01:44     
1481      0.000023    0.000005    01:44     
1482      0.000026    0.000006    01:45     
1483      0.000025    0.000006    01:44     
1484      0.000024    0.000005    01:44     
1485      0.000028    0.000007    01:44     
1486      0.000025    0.000005    01:44     
1487      0.000024    0.000005    01:45     
1488      0.000025    0.000005    01:44     
1489      0.000028    0.000006    01:44     
1490      0.000023    0.000005    01:45     
1491      0.000026    0.000006    01:44     
1492      0.000026    0.000006    01:44     
1493      0.000024    0.000006    01:44     
1494      0.000025    0.000006    01:44     
1495      0.000025    0.000007    01:44     
1496      0.000024    0.000006    01:45     
1497      0.000026    0.000007    01:44     
1498      0.000023    0.000005    01:44     
1499      0.000025    0.000006    01:44     
...done
Grid search ended.
End of job.
