#!/bin/bash
#SBATCH -A HEP2016-1-4
#SBATCH -p hep
#SBATCH -t 71:59:59
#SBATCH -o AE_3D_bs4096_lr1e-02_wd1e-04_pp0e+00_.out
#SBATCH -e AE_3D_bs4096_lr1e-02_wd1e-04_pp0e+00_.err

cat $0

ml GCC/8.2.0-2.31.1  OpenMPI/3.1.3
ml PyTorch/1.1.0-Python-3.7.2

pwd

## My virtualenv with fastai installation
source /home/erwulff/vpyenv/bin/activate

## Initial checks
which python
python --version

##cd lth_thesis_project/jet_by_jet_compression/grid_search/
echo "Starting grid search..."
python 001_train_25aodbs4096_lr1e-02_wd1e-04_pp0e+00_.py
echo "Grid search ended."

##cp -p -r grid_search_001 $SLURM_SUBMIT_DIR

echo "End of job."
/home/erwulff/nobackup/lth_thesis_project/jet_by_jet_compression/grid_search/AE_bn_LeakyReLU_25AOD_grid_search_custom_normalization_1500epochs/AE_25_200_200_200_8_200_200_200_25
/home/erwulff/vpyenv/bin/python
Python 3.7.2
Starting grid search...
torch.cuda.is_available(): False
Training AE_bn_LeakyReLU with lr=1.0e-02, p=None, wd=1.0e-04 ...
epoch     train_loss  valid_loss  time    
0         0.015561    0.007017    01:48     
Better model found at epoch 0 with valid_loss value: 0.007017200347036123.
1         0.004612    0.004097    01:48     
Better model found at epoch 1 with valid_loss value: 0.0040969885885715485.
2         0.003052    0.002857    01:47     
Better model found at epoch 2 with valid_loss value: 0.00285702059045434.
3         0.002476    0.002361    01:47     
Better model found at epoch 3 with valid_loss value: 0.0023613269440829754.
4         0.002122    0.001999    01:47     
Better model found at epoch 4 with valid_loss value: 0.0019986333791166544.
5         0.001878    0.001792    01:48     
Better model found at epoch 5 with valid_loss value: 0.001792019815184176.
6         0.001742    0.001667    01:48     
Better model found at epoch 6 with valid_loss value: 0.0016666960436850786.
7         0.001647    0.001612    01:47     
Better model found at epoch 7 with valid_loss value: 0.0016124807298183441.
8         0.001599    0.001535    01:48     
Better model found at epoch 8 with valid_loss value: 0.0015353212365880609.
9         0.001552    0.001504    01:48     
Better model found at epoch 9 with valid_loss value: 0.0015041424194350839.
10        0.001521    0.001459    01:48     
Better model found at epoch 10 with valid_loss value: 0.0014594498788937926.
11        0.001478    0.001405    01:48     
Better model found at epoch 11 with valid_loss value: 0.0014054010389372706.
12        0.001458    0.001420    01:48     
13        0.001435    0.001351    01:48     
Better model found at epoch 13 with valid_loss value: 0.0013506273971870542.
14        0.001386    0.001353    01:48     
15        0.001356    0.001303    01:48     
Better model found at epoch 15 with valid_loss value: 0.0013028341345489025.
16        0.001349    0.001291    01:48     
Better model found at epoch 16 with valid_loss value: 0.001291283406317234.
17        0.001334    0.001294    01:48     
18        0.001311    0.001250    01:48     
Better model found at epoch 18 with valid_loss value: 0.0012503875186666846.
19        0.001279    0.001243    01:48     
Better model found at epoch 19 with valid_loss value: 0.001243212609551847.
20        0.001273    0.001234    01:48     
Better model found at epoch 20 with valid_loss value: 0.001233534188941121.
21        0.001254    0.001224    01:48     
Better model found at epoch 21 with valid_loss value: 0.0012235308531671762.
22        0.001245    0.001218    01:48     
Better model found at epoch 22 with valid_loss value: 0.0012177620083093643.
23        0.001229    0.001207    01:48     
Better model found at epoch 23 with valid_loss value: 0.0012068354990333319.
24        0.001219    0.001194    01:48     
Better model found at epoch 24 with valid_loss value: 0.0011937374947592616.
25        0.001205    0.001165    01:48     
Better model found at epoch 25 with valid_loss value: 0.0011648850049823523.
26        0.001189    0.001153    01:49     
Better model found at epoch 26 with valid_loss value: 0.0011534364894032478.
27        0.001189    0.001147    01:48     
Better model found at epoch 27 with valid_loss value: 0.0011469002347439528.
28        0.001179    0.001145    01:49     
Better model found at epoch 28 with valid_loss value: 0.0011453621555119753.
29        0.001163    0.001174    01:49     
30        0.001161    0.001140    01:49     
Better model found at epoch 30 with valid_loss value: 0.0011396990157663822.
31        0.001152    0.001111    01:49     
Better model found at epoch 31 with valid_loss value: 0.0011109757469967008.
32        0.001135    0.001089    01:49     
Better model found at epoch 32 with valid_loss value: 0.0010890915291383862.
33        0.001120    0.001096    01:49     
34        0.001123    0.001119    01:49     
35        0.001130    0.001113    01:49     
36        0.001098    0.001089    01:49     
Better model found at epoch 36 with valid_loss value: 0.0010889932746067643.
37        0.001109    0.001048    01:49     
Better model found at epoch 37 with valid_loss value: 0.001047771074809134.
38        0.001103    0.001082    01:49     
39        0.001093    0.001082    01:49     
40        0.001074    0.001059    01:49     
41        0.001079    0.001106    01:49     
42        0.001091    0.001053    01:49     
43        0.001079    0.001095    01:49     
44        0.001074    0.001041    01:49     
Better model found at epoch 44 with valid_loss value: 0.0010407412191852927.
45        0.001052    0.001025    01:49     
Better model found at epoch 45 with valid_loss value: 0.001024626544676721.
46        0.001048    0.001065    01:49     
47        0.001049    0.001029    01:49     
48        0.001056    0.001037    01:50     
49        0.001041    0.001030    01:50     
50        0.001046    0.001022    01:49     
Better model found at epoch 50 with valid_loss value: 0.0010224959114566445.
51        0.001158    0.001228    01:49     
52        0.001032    0.001002    01:49     
Better model found at epoch 52 with valid_loss value: 0.001001503667794168.
53        0.001043    0.001007    01:49     
54        0.001033    0.000995    01:49     
Better model found at epoch 54 with valid_loss value: 0.0009952461114153266.
55        0.001035    0.000997    01:49     
56        0.001022    0.000981    01:49     
Better model found at epoch 56 with valid_loss value: 0.0009814229561015964.
57        0.001014    0.001036    01:50     
58        0.001015    0.001050    01:50     
59        0.001006    0.000980    01:50     
Better model found at epoch 59 with valid_loss value: 0.0009800265543162823.
60        0.001012    0.001012    01:50     
61        0.001005    0.000969    01:50     
Better model found at epoch 61 with valid_loss value: 0.0009686333360150456.
62        0.001008    0.000976    01:50     
63        0.000995    0.000990    01:50     
64        0.000984    0.000957    01:50     
Better model found at epoch 64 with valid_loss value: 0.0009574159048497677.
65        0.000999    0.001000    01:50     
66        0.000989    0.000991    01:50     
67        0.000983    0.000951    01:50     
Better model found at epoch 67 with valid_loss value: 0.0009509131778031588.
68        0.001045    0.001053    01:50     
69        0.000983    0.000950    01:50     
Better model found at epoch 69 with valid_loss value: 0.0009502815082669258.
70        0.000975    0.000967    01:50     
71        0.000975    0.000981    01:50     
72        0.000968    0.000966    01:50     
73        0.000968    0.001012    01:50     
74        0.000971    0.001015    01:50     
75        0.000959    0.000967    01:50     
76        0.000951    0.000941    01:50     
Better model found at epoch 76 with valid_loss value: 0.0009408422629348934.
77        0.000962    0.000961    01:50     
78        0.000962    0.000980    01:50     
79        0.000955    0.000983    01:50     
80        0.000942    0.000935    01:50     
Better model found at epoch 80 with valid_loss value: 0.0009352268534712493.
81        0.000952    0.000997    01:50     
82        0.000940    0.000946    01:50     
83        0.000950    0.000958    01:50     
84        0.000931    0.000935    01:50     
85        0.000944    0.000975    01:50     
86        0.000934    0.000950    01:50     
87        0.000931    0.000995    01:50     
88        0.000976    0.000938    01:50     
89        0.000928    0.000965    01:50     
90        0.000937    0.000935    01:50     
91        0.000923    0.000963    01:50     
92        0.000925    0.000905    01:51     
Better model found at epoch 92 with valid_loss value: 0.0009053164394572377.
93        0.000911    0.000962    01:50     
94        0.000922    0.000928    01:51     
95        0.000919    0.000955    01:51     
96        0.000917    0.000918    01:51     
97        0.000924    0.000937    01:51     
98        0.000933    0.000989    01:51     
99        0.000899    0.000925    01:51     
100       0.000921    0.000987    01:51     
101       0.000916    0.000894    01:51     
Better model found at epoch 101 with valid_loss value: 0.0008941743290051818.
102       0.000915    0.000923    01:51     
103       0.000896    0.000984    01:51     
104       0.001032    0.001365    01:51     
105       0.000900    0.000910    01:51     
106       0.000897    0.000932    01:51     
107       0.000888    0.000902    01:51     
108       0.000916    0.000952    01:51     
109       0.000876    0.001000    01:51     
110       0.000881    0.001058    01:51     
111       0.000896    0.000959    01:51     
112       0.000895    0.000921    01:51     
113       0.000884    0.000885    01:51     
Better model found at epoch 113 with valid_loss value: 0.0008854714687913656.
114       0.000899    0.001123    01:51     
115       0.000893    0.000983    01:51     
116       0.000955    0.000953    01:51     
117       0.000893    0.000932    01:51     
118       0.000882    0.000887    01:52     
119       0.000876    0.000994    01:51     
120       0.000868    0.000908    01:51     
121       0.000869    0.000884    01:52     
Better model found at epoch 121 with valid_loss value: 0.0008836207562126219.
122       0.000873    0.000912    01:51     
123       0.000871    0.000892    01:51     
124       0.000869    0.000838    01:51     
Better model found at epoch 124 with valid_loss value: 0.0008377172634936869.
125       0.000847    0.000949    01:51     
126       0.000803    0.000829    01:51     
Better model found at epoch 126 with valid_loss value: 0.0008287567761726677.
127       0.000770    0.000781    01:52     
Better model found at epoch 127 with valid_loss value: 0.0007809712551534176.
128       0.000775    0.000883    01:51     
129       0.000774    0.000818    01:52     
130       0.000768    0.000803    01:52     
131       0.000768    0.000769    01:51     
Better model found at epoch 131 with valid_loss value: 0.000769006903283298.
132       0.000782    0.000886    01:51     
133       0.000770    0.000752    01:51     
Better model found at epoch 133 with valid_loss value: 0.0007524880347773433.
134       0.000772    0.000807    01:51     
135       0.000769    0.000883    01:52     
136       0.000787    0.000793    01:51     
137       0.000789    0.000895    01:51     
138       0.000792    0.000818    01:52     
139       0.000764    0.000782    01:52     
140       0.000757    0.000857    01:52     
141       0.000762    0.000783    01:52     
142       0.000758    0.000887    01:51     
143       0.000764    0.000895    01:51     
144       0.000765    0.000754    01:52     
145       0.000773    0.000857    01:51     
146       0.000766    0.000805    01:52     
147       0.000752    0.000808    01:52     
148       0.000759    0.000792    01:52     
149       0.000755    0.000779    01:52     
150       0.000775    0.001023    01:52     
151       0.000760    0.000896    01:52     
152       0.000742    0.000792    01:52     
153       0.000760    0.000791    01:52     
154       0.000753    0.000857    01:52     
155       0.000749    0.000792    01:52     
156       0.000739    0.000855    01:52     
157       0.000765    0.000811    01:52     
158       0.000749    0.000796    01:52     
159       0.000745    0.000908    01:52     
160       0.000753    0.000813    01:52     
161       0.000755    0.000824    01:52     
162       0.000749    0.000756    01:53     
163       0.000751    0.001047    01:52     
164       0.000740    0.000788    01:52     
165       0.000728    0.000796    01:52     
166       0.000728    0.000861    01:52     
167       0.000737    0.000779    01:52     
168       0.000743    0.000846    01:52     
169       0.000735    0.000797    01:52     
170       0.000755    0.000854    01:52     
171       0.000748    0.000864    01:52     
172       0.000732    0.000901    01:52     
173       0.000726    0.000812    01:52     
174       0.000737    0.000776    01:52     
175       0.000751    0.000964    01:52     
176       0.000743    0.000882    01:52     
177       0.000744    0.000901    01:52     
178       0.000726    0.000734    01:52     
Better model found at epoch 178 with valid_loss value: 0.0007337871356867254.
179       0.000737    0.000770    01:53     
180       0.000733    0.000758    01:52     
181       0.000720    0.000743    01:52     
182       0.000737    0.000763    01:53     
183       0.000726    0.000912    01:52     
184       0.000724    0.000817    01:52     
185       0.000732    0.000774    01:53     
186       0.000732    0.000823    01:52     
187       0.000720    0.000742    01:52     
188       0.000733    0.000828    01:52     
189       0.000730    0.000888    01:52     
190       0.000732    0.000811    01:52     
191       0.000735    0.000907    01:52     
192       0.000721    0.000778    01:52     
193       0.000740    0.001037    01:52     
194       0.000716    0.000880    01:52     
195       0.000729    0.000874    01:52     
196       0.000725    0.000736    01:53     
197       0.000723    0.000707    01:53     
Better model found at epoch 197 with valid_loss value: 0.0007070214487612247.
198       0.000728    0.000785    01:53     
199       0.000726    0.000743    01:53     
200       0.000738    0.001025    01:53     
201       0.000721    0.000779    01:53     
202       0.000741    0.000746    01:53     
203       0.000729    0.000962    01:53     
204       0.000727    0.000742    01:53     
205       0.000729    0.000779    01:53     
206       0.000720    0.000939    01:53     
207       0.000730    0.001001    01:53     
208       0.000731    0.000783    01:53     
209       0.000746    0.000843    01:53     
210       0.000721    0.000752    01:53     
211       0.000718    0.000930    01:53     
212       0.000717    0.000880    01:53     
213       0.000733    0.001491    01:53     
214       0.000731    0.000884    01:53     
215       0.000719    0.000792    01:53     
216       0.000733    0.000904    01:53     
217       0.000714    0.000728    01:53     
218       0.000701    0.000822    01:53     
219       0.000705    0.000820    01:53     
220       0.000710    0.001130    01:53     
221       0.000701    0.000891    01:53     
222       0.000716    0.000970    01:53     
223       0.000714    0.000954    01:53     
224       0.000710    0.000849    01:53     
225       0.000717    0.000856    01:53     
226       0.000723    0.001222    01:53     
227       0.000723    0.000949    01:53     
228       0.000718    0.000946    01:53     
229       0.000703    0.001105    01:53     
230       0.000720    0.000899    01:53     
231       0.000726    0.000759    01:53     
232       0.000703    0.000938    01:53     
233       0.000700    0.000844    01:53     
234       0.000721    0.000874    01:53     
235       0.000722    0.001303    01:53     
236       0.000728    0.000870    01:54     
237       0.000716    0.000840    01:54     
238       0.000704    0.000872    01:54     
239       0.000701    0.000745    01:54     
240       0.000709    0.000837    01:54     
241       0.000689    0.000814    01:54     
242       0.000683    0.000751    01:54     
243       0.000710    0.000947    01:53     
244       0.000704    0.000809    01:53     
245       0.000704    0.000844    01:54     
246       0.000707    0.000987    01:53     
247       0.000708    0.001195    01:53     
248       0.000702    0.000989    01:54     
249       0.000708    0.000784    01:54     
250       0.000706    0.000864    01:53     
251       0.000696    0.000983    01:54     
252       0.000691    0.000883    01:53     
253       0.000701    0.000902    01:53     
254       0.000707    0.001337    01:54     
255       0.000710    0.000839    01:54     
256       0.000699    0.000851    01:54     
257       0.000702    0.000918    01:54     
258       0.000699    0.000935    01:54     
259       0.000698    0.000935    01:54     
260       0.000703    0.000905    01:54     
261       0.000703    0.000819    01:54     
262       0.000703    0.001077    01:54     
263       0.000716    0.000893    01:54     
264       0.000699    0.000980    01:54     
265       0.000710    0.000931    01:54     
266       0.000711    0.001513    01:54     
267       0.000724    0.002110    01:54     
268       0.000716    0.000972    01:54     
269       0.000706    0.001053    01:54     
270       0.000710    0.000787    01:54     
271       0.000700    0.000807    01:54     
272       0.000695    0.001004    01:54     
273       0.000698    0.000958    01:54     
274       0.000713    0.000930    01:54     
275       0.000699    0.000910    01:54     
276       0.000700    0.000895    01:54     
277       0.000698    0.000907    01:54     
278       0.000693    0.000713    01:54     
279       0.000693    0.000882    01:54     
280       0.000698    0.000778    01:54     
281       0.000698    0.000829    01:55     
282       0.000707    0.000865    01:54     
283       0.000696    0.000880    01:55     
284       0.000708    0.000881    01:54     
285       0.000702    0.000808    01:54     
286       0.000693    0.001273    01:55     
287       0.000691    0.000920    01:55     
288       0.000691    0.000774    01:55     
289       0.000687    0.000806    01:55     
290       0.000681    0.000856    01:55     
291       0.000694    0.001123    01:54     
292       0.000699    0.000962    01:55     
293       0.000728    0.000833    01:55     
294       0.000709    0.000916    01:55     
295       0.000702    0.000886    01:55     
296       0.000700    0.000852    01:55     
297       0.000692    0.000725    01:55     
298       0.000703    0.001103    01:55     
299       0.000688    0.000919    01:55     
300       0.000694    0.000778    01:55     
301       0.000724    0.001052    01:55     
302       0.000712    0.000867    01:55     
303       0.000718    0.000899    01:55     
304       0.000726    0.000777    01:55     
305       0.000705    0.000871    01:55     
306       0.000709    0.001015    01:55     
307       0.000724    0.001128    01:55     
308       0.000707    0.000965    01:55     
309       0.000704    0.000947    01:55     
310       0.000702    0.000790    01:55     
311       0.000709    0.000820    01:55     
312       0.000690    0.000715    01:55     
313       0.000692    0.001003    01:55     
314       0.000687    0.001228    01:55     
315       0.000708    0.000777    01:55     
316       0.000689    0.000824    01:55     
317       0.000694    0.000771    01:55     
318       0.000684    0.000865    01:55     
319       0.000706    0.001389    01:55     
320       0.000688    0.001060    01:55     
321       0.000679    0.000921    01:55     
322       0.000685    0.000955    01:55     
323       0.000690    0.001121    01:55     
324       0.000704    0.000746    01:55     
325       0.000699    0.000893    01:55     
326       0.000720    0.001007    01:55     
327       0.000694    0.000892    01:55     
328       0.000691    0.000903    01:55     
329       0.000693    0.000799    01:55     
330       0.000686    0.000715    01:55     
331       0.000694    0.000997    01:55     
332       0.000686    0.001007    01:55     
333       0.000684    0.001016    01:55     
334       0.000688    0.000930    01:55     
335       0.000693    0.000945    01:55     
336       0.000701    0.001397    01:55     
337       0.000688    0.001145    01:55     
338       0.000690    0.000944    01:55     
339       0.000700    0.001021    01:55     
340       0.000690    0.000744    01:55     
341       0.000714    0.000867    01:55     
342       0.000695    0.000787    01:55     
343       0.000701    0.001003    01:55     
344       0.000679    0.001408    01:55     
345       0.000674    0.000989    01:55     
346       0.000692    0.000968    01:55     
347       0.000686    0.001084    01:56     
348       0.000682    0.000905    01:55     
349       0.000686    0.004964    01:55     
350       0.000694    0.001013    01:56     
351       0.000692    0.000842    01:56     
352       0.000709    0.001175    01:55     
353       0.000695    0.000931    01:56     
354       0.000707    0.000929    01:56     
355       0.000700    0.000835    01:55     
356       0.000678    0.001024    01:55     
357       0.000682    0.001567    01:56     
358       0.000695    0.001120    01:56     
359       0.000683    0.000955    01:56     
360       0.000676    0.000965    01:56     
361       0.000674    0.000777    01:56     
362       0.000687    0.000874    01:56     
363       0.000692    0.000868    01:56     
364       0.000681    0.001329    01:56     
365       0.000676    0.000980    01:56     
366       0.000673    0.000920    01:56     
367       0.000684    0.000925    01:56     
368       0.000674    0.001409    01:56     
369       0.000686    0.000896    01:56     
370       0.000683    0.000881    01:56     
371       0.000678    0.000868    01:56     
372       0.000674    0.000873    01:56     
373       0.000681    0.000776    01:56     
374       0.000683    0.001161    01:56     
375       0.000673    0.000814    01:56     
376       0.000667    0.000987    01:56     
377       0.000672    0.001072    01:56     
378       0.000692    0.000900    01:56     
379       0.000700    0.001308    01:56     
380       0.000693    0.000864    01:56     
381       0.000696    0.000759    01:56     
382       0.000704    0.001107    01:56     
383       0.000690    0.000761    01:56     
384       0.000694    0.001180    01:56     
385       0.000692    0.001037    01:56     
386       0.000682    0.000882    01:56     
387       0.000682    0.001057    01:56     
388       0.000675    0.001051    01:56     
389       0.000687    0.001508    01:56     
390       0.000684    0.000821    01:56     
391       0.000668    0.000735    01:56     
392       0.000682    0.000836    01:56     
393       0.000682    0.000791    01:56     
394       0.000678    0.000700    01:56     
Better model found at epoch 394 with valid_loss value: 0.0007000102777965367.
395       0.000676    0.001035    01:56     
396       0.000696    0.000805    01:56     
397       0.000683    0.001272    01:57     
398       0.000681    0.000786    01:56     
399       0.000675    0.000806    01:57     
400       0.000698    0.001074    01:56     
401       0.000652    0.000805    01:56     
402       0.000669    0.001062    01:56     
403       0.000672    0.000766    01:56     
404       0.000672    0.001022    01:57     
405       0.000669    0.001076    01:56     
406       0.000676    0.001104    01:57     
407       0.000671    0.001148    01:56     
408       0.000690    0.000987    01:57     
409       0.000673    0.000907    01:57     
410       0.000671    0.001011    01:57     
411       0.000668    0.000807    01:57     
412       0.000672    0.000824    01:56     
413       0.000667    0.000918    01:57     
414       0.000675    0.000942    01:57     
415       0.000668    0.001254    01:57     
416       0.000679    0.001000    01:57     
417       0.000666    0.000962    01:57     
418       0.000672    0.000895    01:56     
419       0.000669    0.000721    01:56     
420       0.000673    0.000875    01:57     
421       0.000679    0.000827    01:57     
422       0.000664    0.000929    01:56     
423       0.000668    0.000909    01:57     
424       0.000672    0.000768    01:57     
425       0.000654    0.000820    01:56     
426       0.000671    0.001095    01:57     
427       0.000677    0.005070    01:57     
428       0.000674    0.000884    01:57     
429       0.000669    0.000866    01:56     
430       0.000681    0.000762    01:57     
431       0.000675    0.000865    01:57     
432       0.000664    0.001202    01:57     
433       0.000673    0.000770    01:56     
434       0.000668    0.000822    01:57     
435       0.000668    0.001090    01:57     
436       0.000681    0.001039    01:57     
437       0.000665    0.000720    01:57     
438       0.000672    0.001286    01:57     
439       0.000671    0.000776    01:57     
440       0.000684    0.000760    01:57     
441       0.000675    0.000737    01:56     
442       0.000665    0.000768    01:57     
443       0.000659    0.000672    01:56     
Better model found at epoch 443 with valid_loss value: 0.000671595917083323.
444       0.000657    0.000719    01:57     
445       0.000671    0.000968    01:58     
446       0.000664    0.000800    01:57     
447       0.000672    0.000880    01:58     
448       0.000654    0.000778    01:57     
449       0.000653    0.000843    01:57     
450       0.000667    0.000728    01:58     
451       0.000664    0.000709    01:57     
452       0.000663    0.000796    01:57     
453       0.000658    0.000808    01:57     
454       0.000670    0.001481    01:57     
455       0.000655    0.000980    01:57     
456       0.000664    0.001197    01:57     
457       0.000658    0.000755    01:57     
458       0.000668    0.000802    01:57     
459       0.000710    0.000872    01:57     
460       0.000665    0.000794    01:57     
461       0.000663    0.000923    01:57     
462       0.000669    0.000849    01:57     
463       0.000668    0.000949    01:56     
464       0.000675    0.000764    01:56     
465       0.000666    0.000873    01:56     
466       0.000663    0.001035    01:56     
467       0.000652    0.001178    01:56     
468       0.000652    0.001002    01:56     
469       0.000668    0.000847    01:57     
470       0.000679    0.000840    01:57     
471       0.000671    0.000945    01:57     
472       0.000680    0.000950    01:57     
473       0.000670    0.000854    01:56     
474       0.000671    0.000943    01:57     
475       0.000660    0.000920    01:57     
476       0.000662    0.000737    01:57     
477       0.000673    0.000720    01:57     
478       0.000656    0.000766    01:57     
479       0.000672    0.000816    01:57     
480       0.000655    0.000945    01:57     
481       0.000647    0.000788    01:57     
482       0.000660    0.000697    01:57     
483       0.000667    0.001123    01:57     
484       0.000662    0.000948    01:57     
485       0.000671    0.000805    01:57     
486       0.000655    0.000779    01:57     
487       0.000651    0.000772    01:57     
488       0.000655    0.001191    01:56     
489       0.000653    0.000738    01:57     
490       0.000653    0.001027    01:57     
491       0.000661    0.000713    01:57     
492       0.000643    0.001000    01:56     
493       0.000645    0.000955    01:57     
494       0.000644    0.000757    01:57     
495       0.000646    0.000693    01:57     
496       0.000644    0.000717    01:57     
497       0.000652    0.000711    01:57     
498       0.000647    0.000710    01:57     
499       0.000662    0.000840    01:57     
500       0.000647    0.000782    01:57     
501       0.000653    0.000813    01:57     
502       0.000635    0.000939    01:57     
503       0.000643    0.000874    01:57     
504       0.000649    0.001180    01:57     
505       0.000654    0.000688    01:57     
506       0.000657    0.000835    01:57     
507       0.000644    0.000988    01:57     
508       0.000654    0.000795    01:57     
509       0.000647    0.000707    01:57     
510       0.000667    0.000704    01:57     
511       0.000652    0.000751    01:57     
512       0.000656    0.000781    01:57     
513       0.000650    0.000731    01:57     
514       0.000654    0.000779    01:57     
515       0.000662    0.000716    01:57     
516       0.000660    0.000700    01:57     
517       0.000654    0.000791    01:57     
518       0.000645    0.001170    01:57     
519       0.000656    0.000695    01:57     
520       0.000664    0.000770    01:57     
521       0.000647    0.000743    01:57     
522       0.000652    0.000844    01:57     
523       0.000656    0.000759    01:57     
524       0.000646    0.000715    01:57     
525       0.000647    0.001011    01:57     
526       0.000651    0.001098    01:57     
527       0.000646    0.000844    01:57     
528       0.000648    0.000949    01:57     
529       0.000640    0.000965    01:57     
530       0.000648    0.000854    01:57     
531       0.000653    0.001486    01:57     
532       0.000659    0.000828    01:57     
533       0.000663    0.000810    01:57     
534       0.000657    0.000763    01:57     
535       0.000653    0.001033    01:57     
536       0.000657    0.000774    01:57     
537       0.000647    0.000815    01:57     
538       0.000659    0.000925    01:57     
539       0.000664    0.001302    01:57     
540       0.000659    0.000735    01:57     
541       0.000650    0.000787    01:57     
542       0.000653    0.000792    01:57     
543       0.000642    0.001654    01:57     
544       0.000661    0.000761    01:57     
545       0.000654    0.000854    01:57     
546       0.000645    0.000727    01:57     
547       0.000642    0.000800    01:57     
548       0.000646    0.000720    01:57     
549       0.000661    0.000721    01:57     
550       0.000649    0.000749    01:57     
551       0.000643    0.000819    01:57     
552       0.000646    0.000705    01:57     
553       0.000639    0.001558    01:57     
554       0.000640    0.000876    01:57     
555       0.000653    0.000936    01:57     
556       0.000640    0.000855    01:57     
557       0.000657    0.000886    01:57     
558       0.000641    0.000651    01:57     
Better model found at epoch 558 with valid_loss value: 0.0006509285885840654.
559       0.000646    0.000636    01:57     
Better model found at epoch 559 with valid_loss value: 0.000635550357401371.
560       0.000644    0.000658    01:57     
561       0.000657    0.000705    01:57     
562       0.000645    0.001557    01:57     
563       0.000644    0.000700    01:57     
564       0.000653    0.001036    01:57     
565       0.000654    0.001065    01:57     
566       0.000644    0.000858    01:57     
567       0.000656    0.000788    01:57     
568       0.000653    0.000763    01:57     
569       0.000647    0.001067    01:57     
570       0.000638    0.001159    01:57     
571       0.000635    0.001318    01:57     
572       0.000644    0.000850    01:57     
573       0.000640    0.000737    01:57     
574       0.000649    0.000784    01:57     
575       0.000640    0.000922    01:57     
576       0.000649    0.000774    01:57     
577       0.000634    0.000728    01:57     
578       0.000639    0.000797    01:57     
579       0.000646    0.000949    01:57     
580       0.000655    0.000938    01:57     
581       0.000651    0.000881    01:57     
582       0.000653    0.000684    01:57     
583       0.000638    0.000770    01:57     
584       0.000660    0.000715    01:57     
585       0.000634    0.000715    01:57     
586       0.000640    0.000725    01:57     
587       0.000643    0.000713    01:57     
588       0.000643    0.000709    01:57     
589       0.000635    0.000718    01:57     
590       0.000649    0.001001    01:57     
591       0.000642    0.000836    01:57     
592       0.000640    0.002265    01:57     
593       0.000633    0.000731    01:57     
594       0.000630    0.000874    01:57     
595       0.000634    0.000708    01:57     
596       0.000638    0.000798    01:57     
597       0.000628    0.000762    01:57     
598       0.000636    0.000722    01:57     
599       0.000643    0.000996    01:57     
600       0.000653    0.001153    01:57     
601       0.000632    0.000657    01:57     
602       0.000641    0.000691    01:57     
603       0.000640    0.000656    01:57     
604       0.000636    0.000728    01:57     
605       0.000635    0.000644    01:57     
606       0.000636    0.000750    01:57     
607       0.000631    0.000802    01:58     
608       0.000647    0.000693    01:57     
609       0.000635    0.000853    01:58     
610       0.000644    0.000875    01:58     
611       0.000628    0.000894    01:58     
612       0.000633    0.000721    01:58     
613       0.000644    0.000743    01:58     
614       0.000640    0.000773    01:57     
615       0.000626    0.000719    01:58     
616       0.000645    0.000667    01:58     
617       0.000639    0.000712    01:57     
618       0.000629    0.000728    01:58     
619       0.000636    0.000722    01:58     
620       0.000626    0.000842    01:57     
621       0.000630    0.001618    01:58     
622       0.000631    0.000971    01:58     
623       0.000636    0.000886    01:57     
624       0.000637    0.000739    01:57     
625       0.000634    0.001155    01:57     
626       0.000639    0.000672    01:57     
627       0.000627    0.000630    01:58     
Better model found at epoch 627 with valid_loss value: 0.0006304566632024944.
628       0.000637    0.000748    01:58     
629       0.000636    0.000921    01:57     
630       0.000633    0.000691    01:57     
631       0.000634    0.001212    01:57     
632       0.000629    0.000969    01:57     
633       0.000618    0.001173    01:57     
634       0.000636    0.000636    01:57     
635       0.000627    0.000640    01:58     
636       0.000626    0.000691    01:58     
637       0.000639    0.000882    01:58     
638       0.000633    0.000700    01:58     
639       0.000629    0.000670    01:58     
640       0.000629    0.000866    01:58     
641       0.000621    0.000999    01:58     
642       0.000630    0.000748    01:58     
643       0.000634    0.000731    01:58     
644       0.000625    0.000707    01:58     
645       0.000628    0.000799    01:58     
646       0.000615    0.000672    01:58     
647       0.000617    0.001082    01:58     
648       0.000627    0.000940    01:58     
649       0.000618    0.000797    01:58     
650       0.000622    0.000738    01:58     
651       0.000637    0.000657    01:58     
652       0.000625    0.000688    01:58     
653       0.000624    0.000766    01:58     
654       0.000623    0.000649    01:58     
655       0.000635    0.000683    01:58     
656       0.000631    0.000676    01:57     
657       0.000629    0.000713    01:57     
658       0.000646    0.000716    01:57     
659       0.000632    0.000761    01:57     
660       0.000633    0.000796    01:57     
661       0.000624    0.000667    01:58     
662       0.000633    0.001281    01:57     
663       0.000632    0.001401    01:57     
664       0.000621    0.000714    01:57     
665       0.000632    0.000682    01:57     
666       0.000631    0.000669    01:57     
667       0.000629    0.000752    01:57     
668       0.000628    0.001054    01:57     
669       0.000625    0.000675    01:57     
670       0.000622    0.001055    01:57     
671       0.000624    0.000659    01:57     
672       0.000621    0.000962    01:57     
673       0.000619    0.000700    01:57     
674       0.000632    0.000778    01:57     
675       0.000620    0.000823    01:58     
676       0.000611    0.000631    01:57     
677       0.000618    0.000645    01:57     
678       0.000621    0.000885    01:57     
679       0.000624    0.000643    01:57     
680       0.000629    0.000902    01:57     
681       0.000614    0.000655    01:57     
682       0.000611    0.000826    01:57     
683       0.000613    0.000818    01:58     
684       0.000602    0.000643    01:57     
685       0.000625    0.001049    01:58     
686       0.000620    0.000770    01:58     
687       0.000613    0.000739    01:57     
688       0.000618    0.001093    01:57     
689       0.000613    0.000661    01:58     
690       0.000608    0.000757    01:57     
691       0.000608    0.000654    01:56     
692       0.000605    0.000838    01:56     
693       0.000608    0.000755    01:56     
694       0.000609    0.000612    01:57     
Better model found at epoch 694 with valid_loss value: 0.0006115730502642691.
695       0.000616    0.000673    01:56     
696       0.000612    0.001204    01:56     
697       0.000616    0.000920    01:57     
698       0.000614    0.000672    01:56     
699       0.000612    0.000722    01:56     
700       0.000627    0.000760    01:56     
701       0.000619    0.000716    01:57     
702       0.000614    0.000698    01:56     
703       0.000608    0.000729    01:56     
704       0.000606    0.000647    01:56     
705       0.000622    0.000851    01:57     
706       0.000619    0.001017    01:56     
707       0.000604    0.000962    01:56     
708       0.000605    0.000795    01:57     
709       0.000615    0.000634    01:56     
710       0.000614    0.000807    01:57     
711       0.000623    0.000647    01:56     
712       0.000621    0.000815    01:57     
713       0.000608    0.000732    01:57     
714       0.000616    0.000692    01:56     
715       0.000622    0.000706    01:56     
716       0.000608    0.000966    01:57     
717       0.000614    0.001041    01:56     
718       0.000614    0.000669    01:57     
719       0.000613    0.000680    01:57     
720       0.000618    0.000765    01:56     
721       0.000614    0.000702    01:57     
722       0.000615    0.000678    01:57     
723       0.000611    0.000865    01:56     
724       0.000622    0.000742    01:57     
725       0.000611    0.000733    01:57     
726       0.000611    0.000707    01:56     
727       0.000621    0.000679    01:56     
728       0.000612    0.000795    01:56     
729       0.000599    0.000633    01:56     
730       0.000599    0.000605    01:57     
Better model found at epoch 730 with valid_loss value: 0.0006048186332918704.
731       0.000597    0.000603    01:57     
Better model found at epoch 731 with valid_loss value: 0.0006029232172295451.
732       0.000607    0.000640    01:57     
733       0.000605    0.000627    01:57     
734       0.000605    0.000955    01:57     
735       0.000604    0.000632    01:57     
736       0.000606    0.000637    01:57     
737       0.000600    0.000653    01:57     
738       0.000607    0.000662    01:57     
739       0.000612    0.000733    01:57     
740       0.000619    0.000658    01:57     
741       0.000604    0.000822    01:57     
742       0.000619    0.000595    01:57     
Better model found at epoch 742 with valid_loss value: 0.0005946010933257639.
743       0.000612    0.000664    01:57     
744       0.000605    0.000684    01:57     
745       0.000603    0.000915    01:57     
746       0.000612    0.000665    01:57     
747       0.000597    0.000782    01:56     
748       0.000607    0.000648    01:57     
749       0.000602    0.000967    01:57     
750       0.000603    0.000690    01:56     
751       0.000613    0.000669    01:57     
752       0.000608    0.000869    01:57     
753       0.000607    0.000825    01:56     
754       0.000598    0.000773    01:57     
755       0.000600    0.000680    01:56     
756       0.000594    0.000731    01:57     
757       0.000598    0.000899    01:56     
758       0.000600    0.000684    01:57     
759       0.000596    0.000631    01:57     
760       0.000612    0.000682    01:56     
761       0.000595    0.000604    01:57     
762       0.000608    0.000752    01:56     
763       0.000604    0.000718    01:57     
764       0.000603    0.000731    01:57     
765       0.000596    0.001026    01:57     
766       0.000603    0.000935    01:57     
767       0.000595    0.000718    01:57     
768       0.000599    0.000605    01:57     
769       0.000603    0.000662    01:56     
770       0.000612    0.000662    01:55     
771       0.000609    0.000818    01:55     
772       0.000605    0.000618    01:55     
773       0.000600    0.001019    01:55     
774       0.000602    0.000649    01:55     
775       0.000603    0.000591    01:55     
Better model found at epoch 775 with valid_loss value: 0.0005910875042900443.
776       0.000609    0.000634    01:55     
777       0.000598    0.000694    01:55     
778       0.000590    0.000690    01:55     
779       0.000600    0.000664    01:55     
780       0.000601    0.000741    01:55     
781       0.000594    0.000664    01:55     
782       0.000596    0.000648    01:55     
783       0.000599    0.001075    01:55     
784       0.000597    0.000769    01:55     
785       0.000599    0.000638    01:55     
786       0.000590    0.000841    01:55     
787       0.000595    0.000662    01:55     
788       0.000596    0.000635    01:55     
789       0.000593    0.000607    01:55     
790       0.000595    0.001033    01:55     
791       0.000597    0.000704    01:55     
792       0.000598    0.000628    01:55     
793       0.000586    0.000834    01:55     
794       0.000596    0.000673    01:55     
795       0.000593    0.000651    01:55     
796       0.000594    0.000598    01:55     
797       0.000598    0.000638    01:55     
798       0.000591    0.000758    01:55     
799       0.000588    0.000767    01:55     
800       0.000581    0.000626    01:55     
801       0.000586    0.000805    01:55     
802       0.000581    0.000609    01:55     
803       0.000586    0.000656    01:55     
804       0.000590    0.000583    01:55     
Better model found at epoch 804 with valid_loss value: 0.0005826936103403568.
805       0.000586    0.000621    01:55     
806       0.000594    0.000785    01:55     
807       0.000592    0.000644    01:55     
808       0.000589    0.000622    01:55     
809       0.000586    0.000579    01:55     
Better model found at epoch 809 with valid_loss value: 0.0005794494063593447.
810       0.000595    0.000606    01:55     
811       0.000587    0.001206    01:55     
812       0.000579    0.000710    01:55     
813       0.000590    0.000646    01:55     
814       0.000585    0.000689    01:55     
815       0.000588    0.000579    01:55     
Better model found at epoch 815 with valid_loss value: 0.0005794477183371782.
816       0.000586    0.000806    01:55     
817       0.000587    0.000646    01:55     
818       0.000596    0.000770    01:55     
819       0.000593    0.000838    01:55     
820       0.000587    0.000620    01:55     
821       0.000589    0.000958    01:55     
822       0.000586    0.000641    01:55     
823       0.000591    0.000802    01:55     
824       0.000584    0.000758    01:55     
825       0.000584    0.000631    01:55     
826       0.000580    0.001070    01:55     
827       0.000587    0.000656    01:55     
828       0.000579    0.000641    01:55     
829       0.000576    0.000873    01:55     
830       0.000580    0.000920    01:55     
831       0.000577    0.000660    01:55     
832       0.000587    0.000687    01:55     
833       0.000579    0.000614    01:55     
834       0.000577    0.000598    01:55     
835       0.000587    0.000657    01:55     
836       0.000579    0.000602    01:55     
837       0.000580    0.000603    01:55     
838       0.000579    0.000729    01:55     
839       0.000576    0.000949    01:55     
840       0.000576    0.000635    01:55     
841       0.000587    0.000582    01:55     
842       0.000577    0.000652    01:55     
843       0.000582    0.000635    01:55     
844       0.000587    0.000646    01:55     
845       0.000588    0.000594    01:55     
846       0.000587    0.000780    01:56     
847       0.000586    0.000711    01:55     
848       0.000588    0.000609    01:55     
849       0.000581    0.000793    01:55     
850       0.000581    0.000618    01:55     
851       0.000587    0.001327    01:56     
852       0.000582    0.000685    01:55     
853       0.000585    0.000720    01:55     
854       0.000597    0.000640    01:55     
855       0.000581    0.000838    01:55     
856       0.000583    0.000839    01:55     
857       0.000585    0.000700    01:55     
858       0.000579    0.000700    01:55     
859       0.000572    0.000630    01:55     
860       0.000569    0.000589    01:55     
861       0.000570    0.000912    01:55     
862       0.000570    0.000621    01:55     
863       0.000572    0.000580    01:55     
864       0.000574    0.000571    01:55     
Better model found at epoch 864 with valid_loss value: 0.0005708986427634954.
865       0.000574    0.000958    01:55     
866       0.000580    0.000579    01:55     
867       0.000589    0.000596    01:55     
868       0.000579    0.000680    01:55     
869       0.000582    0.000604    01:55     
870       0.000580    0.000578    01:55     
871       0.000578    0.000572    01:55     
872       0.000584    0.000578    01:56     
873       0.000582    0.000620    01:55     
874       0.000589    0.000597    01:55     
875       0.000575    0.000602    01:55     
876       0.000578    0.000594    01:55     
877       0.000566    0.000689    01:55     
878       0.000570    0.000572    01:55     
879       0.000568    0.000617    01:55     
880       0.000561    0.000561    01:55     
Better model found at epoch 880 with valid_loss value: 0.0005606905906461179.
881       0.000563    0.000814    01:55     
882       0.000563    0.000657    01:55     
883       0.000567    0.000576    01:55     
884       0.000574    0.000627    01:55     
885       0.000575    0.000713    01:55     
886       0.000572    0.000655    01:55     
887       0.000579    0.000580    01:55     
888       0.000569    0.000593    01:55     
889       0.000572    0.000586    01:55     
890       0.000565    0.000794    01:55     
891       0.000573    0.000574    01:55     
892       0.000563    0.000558    01:56     
Better model found at epoch 892 with valid_loss value: 0.0005580486613325775.
893       0.000567    0.000587    01:55     
894       0.000576    0.000671    01:55     
895       0.000569    0.000604    01:55     
896       0.000576    0.000594    01:55     
897       0.000585    0.000601    01:55     
898       0.000577    0.000593    01:55     
899       0.000570    0.000591    01:56     
900       0.000573    0.000611    01:55     
901       0.000565    0.000650    01:55     
902       0.000562    0.000634    01:55     
903       0.000575    0.000865    01:55     
904       0.000576    0.000661    01:55     
905       0.000573    0.000663    01:55     
906       0.000570    0.000658    01:55     
907       0.000564    0.000614    01:55     
908       0.000563    0.000937    01:55     
909       0.000561    0.000594    01:55     
910       0.000562    0.000608    01:56     
911       0.000562    0.000609    01:55     
912       0.000567    0.000677    01:55     
913       0.000567    0.000567    01:55     
914       0.000558    0.000614    01:55     
915       0.000555    0.000804    01:55     
916       0.000559    0.000644    01:55     
917       0.000556    0.000555    01:55     
Better model found at epoch 917 with valid_loss value: 0.0005547060864046216.
918       0.000558    0.000631    01:55     
919       0.000557    0.000548    01:55     
Better model found at epoch 919 with valid_loss value: 0.0005475124926306307.
920       0.000558    0.000563    01:55     
921       0.000561    0.000551    01:55     
922       0.000561    0.000657    01:55     
923       0.000558    0.000614    01:55     
924       0.000565    0.000766    01:55     
925       0.000560    0.000565    01:55     
926       0.000558    0.000545    01:55     
Better model found at epoch 926 with valid_loss value: 0.0005452388431876898.
927       0.000555    0.000546    01:55     
928       0.000561    0.000543    01:55     
Better model found at epoch 928 with valid_loss value: 0.0005425084964372218.
929       0.000556    0.000597    01:55     
930       0.000556    0.000568    01:55     
931       0.000564    0.000653    01:55     
932       0.000559    0.000591    01:55     
933       0.000571    0.000651    01:55     
934       0.000560    0.000713    01:55     
935       0.000553    0.000596    01:55     
936       0.000556    0.000577    01:55     
937       0.000557    0.000557    01:55     
938       0.000557    0.000532    01:55     
Better model found at epoch 938 with valid_loss value: 0.0005323657533153892.
939       0.000555    0.000568    01:55     
940       0.000556    0.000695    01:55     
941       0.000556    0.000578    01:56     
942       0.000554    0.000731    01:55     
943       0.000554    0.000661    01:55     
944       0.000554    0.000554    01:55     
945       0.000552    0.000675    01:55     
946       0.000544    0.000749    01:55     
947       0.000552    0.000666    01:55     
948       0.000547    0.000577    01:55     
949       0.000552    0.000598    01:55     
950       0.000559    0.000692    01:55     
951       0.000553    0.000832    01:55     
952       0.000550    0.000659    01:55     
953       0.000554    0.000559    01:55     
954       0.000550    0.000574    01:55     
955       0.000559    0.000568    01:55     
956       0.000557    0.000589    01:55     
957       0.000552    0.000540    01:55     
958       0.000552    0.000682    01:55     
959       0.000547    0.000583    01:55     
960       0.000546    0.000725    01:56     
961       0.000557    0.000548    01:55     
962       0.000553    0.000557    01:55     
963       0.000551    0.000653    01:55     
964       0.000552    0.000548    01:55     
965       0.000556    0.000608    01:55     
966       0.000549    0.000555    01:56     
967       0.000551    0.000544    01:55     
968       0.000551    0.000598    01:55     
969       0.000549    0.000542    01:55     
970       0.000553    0.000532    01:55     
Better model found at epoch 970 with valid_loss value: 0.0005316874012351036.
971       0.000549    0.000573    01:56     
972       0.000549    0.000615    01:55     
973       0.000550    0.000635    01:55     
974       0.000552    0.000605    01:55     
975       0.000549    0.000540    01:55     
976       0.000546    0.000534    01:55     
977       0.000550    0.000573    01:56     
978       0.000553    0.000583    01:56     
979       0.000556    0.000590    01:55     
980       0.000558    0.000620    01:56     
981       0.000552    0.000586    01:56     
982       0.000549    0.000534    01:55     
983       0.000544    0.000556    01:56     
984       0.000548    0.000548    01:56     
985       0.000552    0.000576    01:55     
986       0.000552    0.000577    01:56     
987       0.000548    0.000648    01:56     
988       0.000565    0.000549    01:55     
989       0.000554    0.000592    01:56     
990       0.000556    0.000613    01:55     
991       0.000551    0.000543    01:56     
992       0.000555    0.000583    01:56     
993       0.000554    0.000583    01:55     
994       0.000555    0.000567    01:55     
995       0.000554    0.000580    01:56     
996       0.000551    0.000537    01:55     
997       0.000550    0.000583    01:56     
998       0.000553    0.000587    01:56     
999       0.000547    0.000535    01:56     
1000      0.000548    0.000573    01:56     
1001      0.000543    0.000564    01:56     
1002      0.000539    0.000537    01:55     
1003      0.000547    0.000531    01:55     
Better model found at epoch 1003 with valid_loss value: 0.0005310180131345987.
1004      0.000544    0.000542    01:56     
1005      0.000541    0.000536    01:55     
1006      0.000543    0.000582    01:55     
1007      0.000542    0.000574    01:55     
1008      0.000541    0.000567    01:56     
1009      0.000541    0.000654    01:56     
1010      0.000540    0.000539    01:56     
1011      0.000540    0.000575    01:56     
1012      0.000540    0.000524    01:55     
Better model found at epoch 1012 with valid_loss value: 0.0005238232552073896.
1013      0.000534    0.000665    01:56     
1014      0.000535    0.000518    01:56     
Better model found at epoch 1014 with valid_loss value: 0.0005183522589504719.
1015      0.000547    0.000563    01:55     
1016      0.000540    0.000600    01:56     
1017      0.000543    0.000697    01:56     
1018      0.000546    0.000549    01:55     
1019      0.000539    0.000549    01:56     
1020      0.000542    0.000559    01:55     
1021      0.000541    0.000577    01:56     
1022      0.000540    0.000541    01:56     
1023      0.000540    0.000661    01:55     
1024      0.000538    0.000590    01:56     
1025      0.000540    0.000581    01:56     
1026      0.000539    0.000536    01:55     
1027      0.000537    0.000543    01:56     
1028      0.000537    0.000641    01:56     
1029      0.000537    0.000513    01:56     
Better model found at epoch 1029 with valid_loss value: 0.000513311184477061.
1030      0.000539    0.000599    01:56     
1031      0.000534    0.000800    01:55     
1032      0.000541    0.000680    01:55     
1033      0.000545    0.000546    01:56     
1034      0.000536    0.000514    01:56     
1035      0.000545    0.000659    01:55     
1036      0.000545    0.000526    01:56     
1037      0.000541    0.000745    01:56     
1038      0.000542    0.000541    01:56     
1039      0.000538    0.000545    01:56     
1040      0.000534    0.000666    01:56     
1041      0.000533    0.000556    01:56     
1042      0.000539    0.000608    01:56     
1043      0.000544    0.000549    01:56     
1044      0.000536    0.000541    01:55     
1045      0.000537    0.000589    01:56     
1046      0.000537    0.000513    01:55     
1047      0.000538    0.000569    01:56     
1048      0.000536    0.000560    01:56     
1049      0.000532    0.000566    01:56     
1050      0.000525    0.000575    01:55     
1051      0.000534    0.000507    01:55     
Better model found at epoch 1051 with valid_loss value: 0.0005073648644611239.
1052      0.000535    0.000604    01:56     
1053      0.000536    0.000536    01:55     
1054      0.000533    0.000570    01:56     
1055      0.000534    0.000547    01:56     
1056      0.000531    0.000564    01:56     
1057      0.000539    0.000542    01:56     
1058      0.000537    0.000530    01:56     
1059      0.000541    0.000570    01:56     
1060      0.000535    0.000534    01:55     
1061      0.000532    0.000533    01:56     
1062      0.000540    0.000544    01:56     
1063      0.000527    0.000508    01:55     
1064      0.000531    0.000593    01:55     
1065      0.000534    0.000524    01:56     
1066      0.000537    0.000543    01:55     
1067      0.000535    0.000543    01:56     
1068      0.000536    0.000529    01:55     
1069      0.000535    0.000513    01:56     
1070      0.000529    0.000609    01:56     
1071      0.000533    0.000505    01:56     
Better model found at epoch 1071 with valid_loss value: 0.0005050410982221365.
1072      0.000535    0.000508    01:56     
1073      0.000533    0.000507    01:56     
1074      0.000532    0.000531    01:56     
1075      0.000526    0.000514    01:56     
1076      0.000525    0.000671    01:55     
1077      0.000529    0.000531    01:56     
1078      0.000527    0.000503    01:56     
Better model found at epoch 1078 with valid_loss value: 0.000502857961691916.
1079      0.000525    0.000560    01:56     
1080      0.000529    0.000555    01:56     
1081      0.000521    0.000561    01:56     
1082      0.000526    0.000534    01:56     
1083      0.000523    0.000583    01:56     
1084      0.000532    0.000529    01:56     
1085      0.000528    0.000606    01:55     
1086      0.000525    0.000513    01:56     
1087      0.000530    0.000610    01:56     
1088      0.000527    0.000513    01:55     
1089      0.000520    0.000524    01:56     
1090      0.000522    0.000503    01:56     
1091      0.000526    0.000503    01:56     
1092      0.000525    0.000503    01:56     
1093      0.000526    0.000550    01:56     
1094      0.000528    0.000504    01:56     
1095      0.000527    0.000520    01:56     
1096      0.000520    0.000545    01:56     
1097      0.000522    0.000516    01:56     
1098      0.000519    0.000571    01:55     
1099      0.000522    0.000548    01:56     
1100      0.000526    0.000545    01:56     
1101      0.000522    0.000519    01:56     
1102      0.000522    0.000514    01:56     
1103      0.000523    0.000514    01:56     
1104      0.000524    0.000516    01:56     
1105      0.000529    0.000510    01:56     
1106      0.000526    0.000533    01:56     
1107      0.000523    0.000543    01:56     
1108      0.000522    0.000496    01:56     
Better model found at epoch 1108 with valid_loss value: 0.0004962170496582985.
1109      0.000524    0.000499    01:56     
1110      0.000525    0.000505    01:56     
1111      0.000524    0.000498    01:56     
1112      0.000521    0.000518    01:56     
1113      0.000524    0.000548    01:56     
1114      0.000518    0.000511    01:56     
1115      0.000519    0.000517    01:56     
1116      0.000517    0.000509    01:56     
1117      0.000520    0.000563    01:56     
1118      0.000518    0.000500    01:56     
1119      0.000518    0.000524    01:56     
1120      0.000527    0.000500    01:56     
1121      0.000520    0.000510    01:56     
1122      0.000524    0.000507    01:56     
1123      0.000517    0.000520    01:56     
1124      0.000520    0.000523    01:56     
1125      0.000516    0.000506    01:56     
1126      0.000514    0.000509    01:56     
1127      0.000515    0.000505    01:56     
1128      0.000514    0.000507    01:56     
1129      0.000522    0.000511    01:56     
1130      0.000517    0.000498    01:56     
1131      0.000520    0.000583    01:56     
1132      0.000521    0.000498    01:56     
1133      0.000518    0.000514    01:56     
1134      0.000524    0.000504    01:56     
1135      0.000520    0.000527    01:56     
1136      0.000518    0.000511    01:56     
1137      0.000524    0.000529    01:56     
1138      0.000523    0.000525    01:56     
1139      0.000519    0.000542    01:56     
1140      0.000517    0.000494    01:56     
Better model found at epoch 1140 with valid_loss value: 0.000493534142151475.
1141      0.000517    0.000519    01:56     
1142      0.000520    0.000515    01:56     
1143      0.000519    0.000495    01:56     
1144      0.000514    0.000489    01:56     
Better model found at epoch 1144 with valid_loss value: 0.0004893286386504769.
1145      0.000518    0.000491    01:56     
1146      0.000522    0.000501    01:55     
1147      0.000516    0.000505    01:56     
1148      0.000511    0.000522    01:56     
1149      0.000516    0.000493    01:56     
1150      0.000515    0.000514    01:56     
1151      0.000514    0.000492    01:56     
1152      0.000510    0.000537    01:56     
1153      0.000513    0.000521    01:56     
1154      0.000515    0.000495    01:56     
1155      0.000510    0.000493    01:56     
1156      0.000511    0.000505    01:56     
1157      0.000511    0.000499    01:56     
1158      0.000512    0.000496    01:56     
1159      0.000514    0.000493    01:56     
1160      0.000516    0.000502    01:56     
1161      0.000513    0.000495    01:56     
1162      0.000515    0.000581    01:55     
1163      0.000513    0.000508    01:56     
1164      0.000512    0.000501    01:56     
1165      0.000511    0.000526    01:56     
1166      0.000509    0.000496    01:56     
1167      0.000513    0.000492    01:56     
1168      0.000513    0.000486    01:56     
Better model found at epoch 1168 with valid_loss value: 0.00048586938646622.
1169      0.000506    0.000488    01:56     
1170      0.000516    0.000498    01:56     
1171      0.000517    0.000491    01:56     
1172      0.000512    0.000498    01:56     
1173      0.000511    0.000494    01:56     
1174      0.000511    0.000497    01:56     
1175      0.000506    0.000505    01:56     
1176      0.000510    0.000504    01:56     
1177      0.000512    0.000495    01:56     
1178      0.000516    0.000504    01:56     
1179      0.000511    0.000493    01:56     
1180      0.000511    0.000502    01:55     
1181      0.000510    0.000516    01:56     
1182      0.000513    0.000504    01:56     
1183      0.000510    0.000533    01:56     
1184      0.000506    0.000481    01:56     
Better model found at epoch 1184 with valid_loss value: 0.0004808929516002536.
1185      0.000510    0.000502    01:56     
1186      0.000509    0.000484    01:56     
1187      0.000505    0.000488    01:56     
1188      0.000507    0.000489    01:56     
1189      0.000505    0.000488    01:56     
1190      0.000513    0.000495    01:56     
1191      0.000506    0.000543    01:55     
1192      0.000507    0.000489    01:56     
1193      0.000505    0.000532    01:56     
1194      0.000506    0.000488    01:56     
1195      0.000507    0.000481    01:56     
Better model found at epoch 1195 with valid_loss value: 0.0004807812219951302.
1196      0.000514    0.000491    01:56     
1197      0.000508    0.000491    01:56     
1198      0.000505    0.000508    01:56     
1199      0.000503    0.000484    01:56     
1200      0.000504    0.000479    01:56     
Better model found at epoch 1200 with valid_loss value: 0.000479146430734545.
1201      0.000508    0.000486    01:56     
1202      0.000507    0.000483    01:56     
1203      0.000508    0.000491    01:56     
1204      0.000507    0.000484    01:56     
1205      0.000507    0.000486    01:56     
1206      0.000504    0.000493    01:56     
1207      0.000503    0.000486    01:56     
1208      0.000503    0.000482    01:56     
1209      0.000505    0.000500    01:56     
1210      0.000502    0.000485    01:56     
1211      0.000503    0.000480    01:56     
1212      0.000504    0.000477    01:56     
Better model found at epoch 1212 with valid_loss value: 0.000476936053019017.
1213      0.000503    0.000472    01:56     
Better model found at epoch 1213 with valid_loss value: 0.00047216174425557256.
1214      0.000503    0.000489    01:56     
1215      0.000507    0.000489    01:56     
1216      0.000510    0.000499    01:56     
1217      0.000503    0.000507    01:56     
1218      0.000501    0.000498    01:56     
1219      0.000503    0.000494    01:56     
1220      0.000503    0.000498    01:56     
1221      0.000502    0.000481    01:57     
1222      0.000505    0.000495    01:56     
1223      0.000502    0.000477    01:56     
1224      0.000498    0.000479    01:56     
1225      0.000500    0.000498    01:56     
1226      0.000505    0.000496    01:56     
1227      0.000503    0.000476    01:56     
1228      0.000498    0.000477    01:56     
1229      0.000501    0.000479    01:56     
1230      0.000506    0.000488    01:56     
1231      0.000503    0.000489    01:56     
1232      0.000501    0.000483    01:56     
1233      0.000496    0.000485    01:56     
1234      0.000502    0.000487    01:57     
1235      0.000498    0.000502    01:56     
1236      0.000500    0.000481    01:56     
1237      0.000500    0.000487    01:56     
1238      0.000495    0.000473    01:56     
1239      0.000496    0.000470    01:57     
Better model found at epoch 1239 with valid_loss value: 0.0004701456637121737.
1240      0.000500    0.000481    01:57     
1241      0.000496    0.000480    01:56     
1242      0.000496    0.000479    01:56     
1243      0.000500    0.000485    01:56     
1244      0.000498    0.000478    01:56     
1245      0.000496    0.000471    01:56     
1246      0.000496    0.000482    01:56     
1247      0.000494    0.000471    01:56     
1248      0.000494    0.000475    01:56     
1249      0.000499    0.000482    01:56     
1250      0.000498    0.000471    01:56     
1251      0.000499    0.000476    01:56     
1252      0.000500    0.000479    01:56     
1253      0.000498    0.000495    01:56     
1254      0.000496    0.000476    01:56     
1255      0.000496    0.000482    01:56     
1256      0.000497    0.000476    01:56     
1257      0.000494    0.000475    01:56     
1258      0.000498    0.000478    01:56     
1259      0.000495    0.000481    01:56     
1260      0.000495    0.000472    01:56     
1261      0.000491    0.000466    01:56     
Better model found at epoch 1261 with valid_loss value: 0.0004662393475882709.
1262      0.000492    0.000473    01:57     
1263      0.000493    0.000473    01:56     
1264      0.000496    0.000472    01:56     
1265      0.000494    0.000479    01:57     
1266      0.000493    0.000475    01:56     
1267      0.000492    0.000475    01:56     
1268      0.000494    0.000480    01:56     
1269      0.000496    0.000478    01:56     
1270      0.000494    0.000472    01:57     
1271      0.000495    0.000476    01:56     
1272      0.000496    0.000478    01:56     
1273      0.000491    0.000470    01:57     
1274      0.000491    0.000477    01:56     
1275      0.000493    0.000477    01:57     
1276      0.000492    0.000467    01:56     
1277      0.000494    0.000476    01:56     
1278      0.000492    0.000471    01:57     
1279      0.000490    0.000474    01:56     
1280      0.000493    0.000467    01:56     
1281      0.000494    0.000470    01:56     
1282      0.000493    0.000483    01:56     
1283      0.000495    0.000475    01:57     
1284      0.000491    0.000473    01:56     
1285      0.000493    0.000477    01:56     
1286      0.000492    0.000484    01:56     
1287      0.000493    0.000468    01:56     
1288      0.000492    0.000472    01:56     
1289      0.000492    0.000469    01:56     
1290      0.000493    0.000470    01:56     
1291      0.000492    0.000472    01:56     
1292      0.000492    0.000466    01:56     
Better model found at epoch 1292 with valid_loss value: 0.00046572231804020703.
1293      0.000492    0.000472    01:56     
1294      0.000489    0.000469    01:56     
1295      0.000487    0.000467    01:56     
1296      0.000490    0.000468    01:56     
1297      0.000492    0.000465    01:56     
Better model found at epoch 1297 with valid_loss value: 0.0004649538896046579.
1298      0.000492    0.000474    01:56     
1299      0.000490    0.000474    01:57     
1300      0.000494    0.000470    01:56     
1301      0.000491    0.000482    01:56     
1302      0.000489    0.000468    01:56     
1303      0.000491    0.000468    01:56     
1304      0.000489    0.000468    01:57     
1305      0.000488    0.000471    01:56     
1306      0.000489    0.000466    01:56     
1307      0.000487    0.000471    01:56     
1308      0.000490    0.000469    01:56     
1309      0.000490    0.000472    01:57     
1310      0.000490    0.000468    01:56     
1311      0.000488    0.000467    01:56     
1312      0.000489    0.000470    01:57     
1313      0.000488    0.000469    01:56     
1314      0.000490    0.000469    01:57     
1315      0.000492    0.000467    01:56     
1316      0.000489    0.000466    01:56     
1317      0.000487    0.000468    01:57     
1318      0.000489    0.000467    01:56     
1319      0.000495    0.000467    01:57     
1320      0.000488    0.000464    01:56     
Better model found at epoch 1320 with valid_loss value: 0.00046385329915210605.
1321      0.000490    0.000466    01:56     
1322      0.000488    0.000468    01:57     
1323      0.000491    0.000464    01:56     
1324      0.000494    0.000468    01:56     
1325      0.000488    0.000467    01:57     
1326      0.000487    0.000465    01:57     
1327      0.000488    0.000462    01:56     
Better model found at epoch 1327 with valid_loss value: 0.0004624110006261617.
1328      0.000486    0.000467    01:56     
1329      0.000489    0.000465    01:56     
1330      0.000487    0.000465    01:56     
1331      0.000490    0.000474    01:56     
1332      0.000484    0.000465    01:56     
1333      0.000487    0.000466    01:56     
1334      0.000487    0.000469    01:56     
1335      0.000486    0.000464    01:56     
1336      0.000485    0.000465    01:56     
1337      0.000485    0.000462    01:56     
Better model found at epoch 1337 with valid_loss value: 0.00046235008630901575.
1338      0.000487    0.000464    01:56     
1339      0.000484    0.000464    01:56     
1340      0.000485    0.000462    01:56     
Better model found at epoch 1340 with valid_loss value: 0.00046181477955542505.
1341      0.000486    0.000465    01:56     
1342      0.000484    0.000463    01:56     
1343      0.000486    0.000469    01:56     
1344      0.000485    0.000461    01:56     
Better model found at epoch 1344 with valid_loss value: 0.0004611169279087335.
1345      0.000483    0.000461    01:56     
1346      0.000485    0.000464    01:56     
1347      0.000481    0.000460    01:56     
Better model found at epoch 1347 with valid_loss value: 0.00045991712249815464.
1348      0.000483    0.000463    01:56     
1349      0.000483    0.000460    01:56     
1350      0.000482    0.000462    01:56     
1351      0.000484    0.000462    01:56     
1352      0.000482    0.000460    01:56     
1353      0.000487    0.000464    01:56     
1354      0.000484    0.000465    01:56     
1355      0.000485    0.000463    01:56     
1356      0.000481    0.000461    01:56     
1357      0.000485    0.000461    01:56     
1358      0.000479    0.000461    01:56     
1359      0.000483    0.000461    01:56     
1360      0.000482    0.000461    01:56     
1361      0.000487    0.000461    01:56     
1362      0.000483    0.000460    01:56     
Better model found at epoch 1362 with valid_loss value: 0.0004598993982654065.
1363      0.000483    0.000463    01:56     
1364      0.000483    0.000460    01:57     
Better model found at epoch 1364 with valid_loss value: 0.0004595565260387957.
1365      0.000479    0.000462    01:56     
1366      0.000484    0.000459    01:56     
Better model found at epoch 1366 with valid_loss value: 0.0004594483179971576.
1367      0.000481    0.000459    01:56     
Better model found at epoch 1367 with valid_loss value: 0.00045901621342636645.
1368      0.000486    0.000462    01:56     
1369      0.000481    0.000460    01:56     
1370      0.000483    0.000460    01:56     
1371      0.000482    0.000458    01:56     
Better model found at epoch 1371 with valid_loss value: 0.0004583866975735873.
1372      0.000481    0.000458    01:56     
Better model found at epoch 1372 with valid_loss value: 0.0004577333165798336.
1373      0.000481    0.000458    01:56     
1374      0.000482    0.000458    01:57     
1375      0.000480    0.000458    01:56     
1376      0.000480    0.000458    01:56     
1377      0.000483    0.000458    01:56     
Better model found at epoch 1377 with valid_loss value: 0.0004576509818434715.
1378      0.000484    0.000459    01:56     
1379      0.000485    0.000458    01:56     
1380      0.000480    0.000458    01:56     
1381      0.000482    0.000458    01:56     
1382      0.000480    0.000458    01:56     
1383      0.000479    0.000457    01:56     
Better model found at epoch 1383 with valid_loss value: 0.0004574216727633029.
1384      0.000483    0.000459    01:56     
1385      0.000480    0.000458    01:57     
1386      0.000481    0.000459    01:56     
1387      0.000478    0.000457    01:57     
Better model found at epoch 1387 with valid_loss value: 0.00045712041901424527.
1388      0.000478    0.000457    01:56     
1389      0.000479    0.000458    01:56     
1390      0.000483    0.000459    01:57     
1391      0.000480    0.000457    01:56     
Better model found at epoch 1391 with valid_loss value: 0.0004569173906929791.
1392      0.000478    0.000456    01:55     
Better model found at epoch 1392 with valid_loss value: 0.00045630286331288517.
1393      0.000479    0.000457    01:54     
1394      0.000476    0.000457    01:54     
1395      0.000480    0.000458    01:55     
1396      0.000482    0.000458    01:54     
1397      0.000480    0.000459    01:54     
1398      0.000479    0.000456    01:54     
1399      0.000478    0.000457    01:53     
1400      0.000481    0.000456    01:54     
Better model found at epoch 1400 with valid_loss value: 0.00045614325790666044.
1401      0.000477    0.000455    01:54     
Better model found at epoch 1401 with valid_loss value: 0.0004554833867587149.
1402      0.000476    0.000455    01:54     
Better model found at epoch 1402 with valid_loss value: 0.00045509866322390735.
1403      0.000478    0.000457    01:55     
1404      0.000479    0.000456    01:54     
1405      0.000478    0.000456    01:54     
1406      0.000476    0.000457    01:54     
1407      0.000481    0.000458    01:54     
1408      0.000476    0.000455    01:54     
Better model found at epoch 1408 with valid_loss value: 0.00045478835818357766.
1409      0.000477    0.000456    01:54     
1410      0.000479    0.000457    01:54     
1411      0.000478    0.000457    01:55     
1412      0.000478    0.000456    01:54     
1413      0.000481    0.000460    01:54     
1414      0.000476    0.000456    01:54     
1415      0.000475    0.000456    01:54     
1416      0.000478    0.000458    01:54     
1417      0.000479    0.000457    01:54     
1418      0.000477    0.000456    01:55     
1419      0.000479    0.000456    01:54     
1420      0.000477    0.000456    01:54     
1421      0.000475    0.000458    01:54     
1422      0.000479    0.000456    01:54     
1423      0.000477    0.000457    01:54     
1424      0.000478    0.000456    01:54     
1425      0.000475    0.000458    01:54     
1426      0.000478    0.000457    01:52     
1427      0.000478    0.000455    01:51     
Better model found at epoch 1427 with valid_loss value: 0.00045459356624633074.
1428      0.000478    0.000460    01:51     
1429      0.000477    0.000457    01:51     
1430      0.000476    0.000455    01:51     
1431      0.000477    0.000456    01:51     
1432      0.000474    0.000455    01:52     
1433      0.000478    0.000456    01:51     
1434      0.000477    0.000456    01:51     
1435      0.000478    0.000456    01:51     
1436      0.000477    0.000454    01:51     
Better model found at epoch 1436 with valid_loss value: 0.00045391113962978125.
1437      0.000477    0.000456    01:51     
1438      0.000476    0.000454    01:51     
Better model found at epoch 1438 with valid_loss value: 0.0004536963242571801.
1439      0.000475    0.000454    01:50     
1440      0.000476    0.000454    01:51     
1441      0.000477    0.000457    01:51     
1442      0.000476    0.000455    01:51     
1443      0.000473    0.000454    01:50     
1444      0.000478    0.000455    01:51     
1445      0.000477    0.000454    01:51     
1446      0.000476    0.000458    01:51     
1447      0.000475    0.000454    01:51     
1448      0.000477    0.000456    01:51     
1449      0.000475    0.000455    01:51     
1450      0.000473    0.000456    01:51     
1451      0.000472    0.000454    01:51     
1452      0.000473    0.000454    01:51     
1453      0.000476    0.000455    01:51     
1454      0.000479    0.000456    01:51     
1455      0.000474    0.000455    01:51     
1456      0.000476    0.000454    01:51     
1457      0.000477    0.000457    01:51     
1458      0.000476    0.000456    01:51     
1459      0.000476    0.000455    01:51     
1460      0.000476    0.000455    01:51     
1461      0.000478    0.000457    01:51     
1462      0.000476    0.000455    01:51     
1463      0.000476    0.000455    01:51     
1464      0.000476    0.000455    01:51     
1465      0.000475    0.000457    01:51     
1466      0.000475    0.000454    01:51     
1467      0.000475    0.000455    01:51     
1468      0.000477    0.000453    01:51     
Better model found at epoch 1468 with valid_loss value: 0.00045339137432165444.
1469      0.000477    0.000456    01:51     
1470      0.000478    0.000454    01:51     
1471      0.000475    0.000455    01:51     
1472      0.000476    0.000458    01:51     
1473      0.000475    0.000454    01:51     
1474      0.000477    0.000456    01:51     
1475      0.000473    0.000456    01:52     
1476      0.000475    0.000457    01:51     
1477      0.000474    0.000454    01:51     
1478      0.000476    0.000454    01:52     
1479      0.000475    0.000456    01:51     
1480      0.000475    0.000459    01:51     
1481      0.000473    0.000454    01:51     
1482      0.000478    0.000459    01:51     
1483      0.000476    0.000456    01:51     
1484      0.000475    0.000455    01:51     
1485      0.000473    0.000457    01:52     
1486      0.000477    0.000456    01:51     
1487      0.000471    0.000454    01:51     
1488      0.000476    0.000453    01:51     
1489      0.000472    0.000453    01:52     
Better model found at epoch 1489 with valid_loss value: 0.00045333156595006585.
1490      0.000475    0.000455    01:51     
1491      0.000474    0.000456    01:51     
1492      0.000477    0.000457    01:51     
1493      0.000476    0.000455    01:51     
1494      0.000474    0.000455    01:44     
1495      0.000474    0.000456    01:43     
1496      0.000474    0.000455    01:43     
1497      0.000478    0.000455    01:43     
1498      0.000476    0.000455    01:44     
1499      0.000475    0.000456    01:43     
...done
Grid search ended.
End of job.
