#!/bin/bash
#SBATCH -A HEP2016-1-4
#SBATCH -p hep
#SBATCH -t 71:59:59
#SBATCH -o AE_3D_bs4096_lr1e-03_wd1e-02_pp0e+00_.out
#SBATCH -e AE_3D_bs4096_lr1e-03_wd1e-02_pp0e+00_.err

cat $0

ml GCC/8.2.0-2.31.1  OpenMPI/3.1.3
ml PyTorch/1.1.0-Python-3.7.2

pwd

## My virtualenv with fastai installation
source /home/erwulff/vpyenv/bin/activate

## Initial checks
which python
python --version

##cd lth_thesis_project/jet_by_jet_compression/grid_search/
echo "Starting grid search..."
python 001_train_25aodbs4096_lr1e-03_wd1e-02_pp0e+00_.py
echo "Grid search ended."

##cp -p -r grid_search_001 $SLURM_SUBMIT_DIR

echo "End of job."
/home/erwulff/nobackup/lth_thesis_project/jet_by_jet_compression/grid_search/AE_bn_LeakyReLU_25AOD_grid_search_custom_normalization_1500epochs/AE_25_200_200_200_10_200_200_200_25
/home/erwulff/vpyenv/bin/python
Python 3.7.2
Starting grid search...
torch.cuda.is_available(): False
Training AE_bn_LeakyReLU with lr=1.0e-03, p=None, wd=1.0e-02 ...
epoch     train_loss  valid_loss  time    
0         0.163374    0.154312    01:47     
Better model found at epoch 0 with valid_loss value: 0.1543119102716446.
1         0.122974    0.113698    01:47     
Better model found at epoch 1 with valid_loss value: 0.113697849214077.
2         0.078628    0.068934    01:47     
Better model found at epoch 2 with valid_loss value: 0.06893391907215118.
3         0.040637    0.033988    01:48     
Better model found at epoch 3 with valid_loss value: 0.03398807346820831.
4         0.017578    0.014127    01:47     
Better model found at epoch 4 with valid_loss value: 0.014126519672572613.
5         0.007675    0.006403    01:47     
Better model found at epoch 5 with valid_loss value: 0.0064027151092886925.
6         0.004678    0.004297    01:47     
Better model found at epoch 6 with valid_loss value: 0.00429728627204895.
7         0.003932    0.003747    01:47     
Better model found at epoch 7 with valid_loss value: 0.003747252281755209.
8         0.003552    0.003394    01:47     
Better model found at epoch 8 with valid_loss value: 0.003394179278984666.
9         0.003239    0.003092    01:47     
Better model found at epoch 9 with valid_loss value: 0.0030923590529710054.
10        0.002961    0.002819    01:47     
Better model found at epoch 10 with valid_loss value: 0.00281874043866992.
11        0.002724    0.002605    01:47     
Better model found at epoch 11 with valid_loss value: 0.002604690147563815.
12        0.002556    0.002432    01:47     
Better model found at epoch 12 with valid_loss value: 0.0024318837095052004.
13        0.002389    0.002273    01:47     
Better model found at epoch 13 with valid_loss value: 0.002273131627589464.
14        0.002251    0.002144    01:47     
Better model found at epoch 14 with valid_loss value: 0.0021440493874251842.
15        0.002129    0.002030    01:47     
Better model found at epoch 15 with valid_loss value: 0.0020297381561249495.
16        0.002021    0.001929    01:48     
Better model found at epoch 16 with valid_loss value: 0.0019285667221993208.
17        0.001931    0.001845    01:48     
Better model found at epoch 17 with valid_loss value: 0.0018447964685037732.
18        0.001851    0.001766    01:48     
Better model found at epoch 18 with valid_loss value: 0.001766316476278007.
19        0.001780    0.001695    01:48     
Better model found at epoch 19 with valid_loss value: 0.0016951686702668667.
20        0.001712    0.001636    01:48     
Better model found at epoch 20 with valid_loss value: 0.0016362452879548073.
21        0.001644    0.001575    01:48     
Better model found at epoch 21 with valid_loss value: 0.0015754766063764691.
22        0.001614    0.001523    01:48     
Better model found at epoch 22 with valid_loss value: 0.0015232295263558626.
23        0.001556    0.001478    01:48     
Better model found at epoch 23 with valid_loss value: 0.001478202873840928.
24        0.001506    0.001429    01:48     
Better model found at epoch 24 with valid_loss value: 0.0014290149556472898.
25        0.001474    0.001388    01:48     
Better model found at epoch 25 with valid_loss value: 0.0013878104509785771.
26        0.001429    0.001351    01:48     
Better model found at epoch 26 with valid_loss value: 0.0013514852616935968.
27        0.001381    0.001309    01:48     
Better model found at epoch 27 with valid_loss value: 0.0013085437240079045.
28        0.001350    0.001278    01:48     
Better model found at epoch 28 with valid_loss value: 0.0012783227721229196.
29        0.001310    0.001247    01:48     
Better model found at epoch 29 with valid_loss value: 0.0012467694468796253.
30        0.001281    0.001215    01:48     
Better model found at epoch 30 with valid_loss value: 0.0012147676898166537.
31        0.001261    0.001193    01:48     
Better model found at epoch 31 with valid_loss value: 0.00119250756688416.
32        0.001226    0.001175    01:48     
Better model found at epoch 32 with valid_loss value: 0.0011751638958230615.
33        0.001200    0.001131    01:49     
Better model found at epoch 33 with valid_loss value: 0.0011314154835417867.
34        0.001178    0.001110    01:49     
Better model found at epoch 34 with valid_loss value: 0.0011102717835456133.
35        0.001157    0.001089    01:49     
Better model found at epoch 35 with valid_loss value: 0.0010886769741773605.
36        0.001136    0.001066    01:49     
Better model found at epoch 36 with valid_loss value: 0.0010657348902896047.
37        0.001113    0.001043    01:49     
Better model found at epoch 37 with valid_loss value: 0.0010429245885461569.
38        0.001096    0.001033    01:49     
Better model found at epoch 38 with valid_loss value: 0.0010325879557058215.
39        0.001080    0.001025    01:49     
Better model found at epoch 39 with valid_loss value: 0.0010248922044411302.
40        0.001066    0.000996    01:49     
Better model found at epoch 40 with valid_loss value: 0.0009959522867575288.
41        0.001043    0.000986    01:49     
Better model found at epoch 41 with valid_loss value: 0.0009863938903436065.
42        0.001032    0.000968    01:49     
Better model found at epoch 42 with valid_loss value: 0.0009680211078375578.
43        0.001021    0.000958    01:49     
Better model found at epoch 43 with valid_loss value: 0.0009577332530170679.
44        0.001015    0.000944    01:49     
Better model found at epoch 44 with valid_loss value: 0.000944386818446219.
45        0.001001    0.000936    01:49     
Better model found at epoch 45 with valid_loss value: 0.0009357305825687945.
46        0.000985    0.000924    01:49     
Better model found at epoch 46 with valid_loss value: 0.0009244034299626946.
47        0.000981    0.000922    01:49     
Better model found at epoch 47 with valid_loss value: 0.0009223184897564352.
48        0.000964    0.000908    01:49     
Better model found at epoch 48 with valid_loss value: 0.0009077691938728094.
49        0.000953    0.000891    01:49     
Better model found at epoch 49 with valid_loss value: 0.0008907585288397968.
50        0.000939    0.000880    01:49     
Better model found at epoch 50 with valid_loss value: 0.000879703788086772.
51        0.000936    0.000874    01:49     
Better model found at epoch 51 with valid_loss value: 0.0008738657925277948.
52        0.000929    0.000868    01:49     
Better model found at epoch 52 with valid_loss value: 0.0008677871082909405.
53        0.000917    0.000855    01:49     
Better model found at epoch 53 with valid_loss value: 0.000854529207572341.
54        0.000911    0.000850    01:49     
Better model found at epoch 54 with valid_loss value: 0.0008497568778693676.
55        0.000900    0.000838    01:49     
Better model found at epoch 55 with valid_loss value: 0.000838331994600594.
56        0.000897    0.000832    01:49     
Better model found at epoch 56 with valid_loss value: 0.0008317218744195998.
57        0.000884    0.000826    01:49     
Better model found at epoch 57 with valid_loss value: 0.0008261867915280163.
58        0.000880    0.000831    01:49     
59        0.000870    0.000813    01:49     
Better model found at epoch 59 with valid_loss value: 0.0008134312229231.
60        0.000863    0.000801    01:49     
Better model found at epoch 60 with valid_loss value: 0.0008007194264791906.
61        0.000852    0.000796    01:49     
Better model found at epoch 61 with valid_loss value: 0.0007963454117998481.
62        0.000853    0.000788    01:49     
Better model found at epoch 62 with valid_loss value: 0.0007879794575273991.
63        0.000841    0.000783    01:49     
Better model found at epoch 63 with valid_loss value: 0.0007830602116882801.
64        0.000832    0.000776    01:49     
Better model found at epoch 64 with valid_loss value: 0.0007755093974992633.
65        0.000825    0.000774    01:49     
Better model found at epoch 65 with valid_loss value: 0.00077440106542781.
66        0.000822    0.000770    01:49     
Better model found at epoch 66 with valid_loss value: 0.0007700981223024428.
67        0.000813    0.000754    01:49     
Better model found at epoch 67 with valid_loss value: 0.0007540466613136232.
68        0.000809    0.000753    01:49     
Better model found at epoch 68 with valid_loss value: 0.0007532027666456997.
69        0.000802    0.000746    01:49     
Better model found at epoch 69 with valid_loss value: 0.0007463285000994802.
70        0.000793    0.000757    01:49     
71        0.000800    0.000739    01:49     
Better model found at epoch 71 with valid_loss value: 0.0007392117404378951.
72        0.000792    0.000739    01:50     
Better model found at epoch 72 with valid_loss value: 0.0007389065576717257.
73        0.000779    0.000719    01:49     
Better model found at epoch 73 with valid_loss value: 0.0007191416807472706.
74        0.000771    0.000721    01:50     
75        0.000777    0.000726    01:49     
76        0.000763    0.000716    01:49     
Better model found at epoch 76 with valid_loss value: 0.000715834554284811.
77        0.000755    0.000706    01:49     
Better model found at epoch 77 with valid_loss value: 0.0007058689370751381.
78        0.000749    0.000695    01:49     
Better model found at epoch 78 with valid_loss value: 0.0006953943520784378.
79        0.000742    0.000700    01:50     
80        0.000750    0.000704    01:50     
81        0.000744    0.000699    01:50     
82        0.000733    0.000689    01:50     
Better model found at epoch 82 with valid_loss value: 0.0006888228817842901.
83        0.000736    0.000673    01:50     
Better model found at epoch 83 with valid_loss value: 0.0006728774169459939.
84        0.000727    0.000682    01:50     
85        0.000728    0.000670    01:50     
Better model found at epoch 85 with valid_loss value: 0.0006702191312797368.
86        0.000722    0.000671    01:50     
87        0.000721    0.000667    01:50     
Better model found at epoch 87 with valid_loss value: 0.0006667902343906462.
88        0.000712    0.000657    01:50     
Better model found at epoch 88 with valid_loss value: 0.0006568457465618849.
89        0.000701    0.000653    01:50     
Better model found at epoch 89 with valid_loss value: 0.0006534206913784146.
90        0.000704    0.000660    01:50     
91        0.000697    0.000660    01:50     
92        0.000702    0.000649    01:50     
Better model found at epoch 92 with valid_loss value: 0.0006492037209682167.
93        0.000685    0.000653    01:50     
94        0.000691    0.000635    01:50     
Better model found at epoch 94 with valid_loss value: 0.0006350096082314849.
95        0.000688    0.000649    01:50     
96        0.000680    0.000651    01:50     
97        0.000677    0.000629    01:50     
Better model found at epoch 97 with valid_loss value: 0.0006289125885814428.
98        0.000674    0.000632    01:50     
99        0.000672    0.000623    01:50     
Better model found at epoch 99 with valid_loss value: 0.0006231558509171009.
100       0.000665    0.000627    01:50     
101       0.000663    0.000622    01:50     
Better model found at epoch 101 with valid_loss value: 0.0006219616625458002.
102       0.000662    0.000605    01:50     
Better model found at epoch 102 with valid_loss value: 0.0006054451805539429.
103       0.000659    0.000607    01:51     
104       0.000659    0.000640    01:51     
105       0.000646    0.000612    01:51     
106       0.000651    0.000613    01:50     
107       0.000645    0.000592    01:50     
Better model found at epoch 107 with valid_loss value: 0.0005924859433434904.
108       0.000652    0.000627    01:50     
109       0.000634    0.000596    01:51     
110       0.000641    0.000602    01:50     
111       0.000636    0.000606    01:51     
112       0.000627    0.000597    01:51     
113       0.000635    0.000585    01:51     
Better model found at epoch 113 with valid_loss value: 0.0005852593458257616.
114       0.000624    0.000582    01:51     
Better model found at epoch 114 with valid_loss value: 0.000582115026190877.
115       0.000623    0.000612    01:51     
116       0.000621    0.000572    01:51     
Better model found at epoch 116 with valid_loss value: 0.0005718987667933106.
117       0.000616    0.000565    01:51     
Better model found at epoch 117 with valid_loss value: 0.0005652453401125968.
118       0.000614    0.000590    01:51     
119       0.000609    0.000570    01:51     
120       0.000607    0.000579    01:51     
121       0.000608    0.000567    01:51     
122       0.000609    0.000581    01:51     
123       0.000598    0.000544    01:51     
Better model found at epoch 123 with valid_loss value: 0.0005442861584015191.
124       0.000605    0.000573    01:51     
125       0.000591    0.000549    01:51     
126       0.000590    0.000550    01:51     
127       0.000588    0.000550    01:51     
128       0.000588    0.000548    01:51     
129       0.000587    0.000545    01:51     
130       0.000588    0.000547    01:51     
131       0.000583    0.000552    01:51     
132       0.000584    0.000577    01:51     
133       0.000582    0.000567    01:51     
134       0.000570    0.000528    01:51     
Better model found at epoch 134 with valid_loss value: 0.0005283032078295946.
135       0.000570    0.000537    01:52     
136       0.000572    0.000531    01:51     
137       0.000569    0.000527    01:51     
Better model found at epoch 137 with valid_loss value: 0.0005268830573186278.
138       0.000569    0.000528    01:51     
139       0.000564    0.000534    01:51     
140       0.000565    0.000522    01:51     
Better model found at epoch 140 with valid_loss value: 0.0005224969936534762.
141       0.000557    0.000524    01:51     
142       0.000559    0.000518    01:51     
Better model found at epoch 142 with valid_loss value: 0.0005182107561267912.
143       0.000558    0.000529    01:52     
144       0.000556    0.000541    01:51     
145       0.000548    0.000511    01:52     
Better model found at epoch 145 with valid_loss value: 0.0005112121580168605.
146       0.000544    0.000518    01:52     
147       0.000550    0.000529    01:52     
148       0.000541    0.000509    01:52     
Better model found at epoch 148 with valid_loss value: 0.0005091022467240691.
149       0.000545    0.000504    01:52     
Better model found at epoch 149 with valid_loss value: 0.0005041385302320123.
150       0.000539    0.000513    01:52     
151       0.000534    0.000497    01:51     
Better model found at epoch 151 with valid_loss value: 0.0004973181639797986.
152       0.000539    0.000505    01:52     
153       0.000540    0.000510    01:52     
154       0.000532    0.000497    01:52     
Better model found at epoch 154 with valid_loss value: 0.0004965807893313468.
155       0.000533    0.000499    01:52     
156       0.000529    0.000503    01:52     
157       0.000523    0.000487    01:52     
Better model found at epoch 157 with valid_loss value: 0.00048729294212535024.
158       0.000527    0.000486    01:52     
Better model found at epoch 158 with valid_loss value: 0.0004863429057877511.
159       0.000528    0.000499    01:52     
160       0.000526    0.000506    01:52     
161       0.000522    0.000521    01:52     
162       0.000523    0.000506    01:52     
163       0.000514    0.000487    01:52     
164       0.000519    0.000476    01:52     
Better model found at epoch 164 with valid_loss value: 0.0004761625314131379.
165       0.000518    0.000492    01:52     
166       0.000512    0.000483    01:52     
167       0.000515    0.000478    01:52     
168       0.000510    0.000480    01:52     
169       0.000509    0.000479    01:52     
170       0.000503    0.000462    01:52     
Better model found at epoch 170 with valid_loss value: 0.000461983639979735.
171       0.000507    0.000492    01:52     
172       0.000508    0.000474    01:52     
173       0.000502    0.000468    01:52     
174       0.000501    0.000464    01:52     
175       0.000495    0.000464    01:53     
176       0.000494    0.000490    01:52     
177       0.000497    0.000480    01:53     
178       0.000491    0.000456    01:53     
Better model found at epoch 178 with valid_loss value: 0.00045561770093627274.
179       0.000495    0.000459    01:52     
180       0.000491    0.000492    01:52     
181       0.000490    0.000487    01:53     
182       0.000494    0.000479    01:53     
183       0.000489    0.000451    01:52     
Better model found at epoch 183 with valid_loss value: 0.0004509475256782025.
184       0.000496    0.000459    01:52     
185       0.000486    0.000447    01:52     
Better model found at epoch 185 with valid_loss value: 0.0004465523816179484.
186       0.000484    0.000462    01:52     
187       0.000479    0.000471    01:52     
188       0.000494    0.000461    01:52     
189       0.000480    0.000443    01:53     
Better model found at epoch 189 with valid_loss value: 0.00044349298696033657.
190       0.000481    0.000462    01:52     
191       0.000477    0.000440    01:53     
Better model found at epoch 191 with valid_loss value: 0.00043975081644020975.
192       0.000485    0.000454    01:52     
193       0.000480    0.000455    01:52     
194       0.000477    0.000454    01:53     
195       0.000478    0.000443    01:52     
196       0.000472    0.000448    01:52     
197       0.000470    0.000434    01:53     
Better model found at epoch 197 with valid_loss value: 0.00043405775795690715.
198       0.000472    0.000446    01:53     
199       0.000467    0.000447    01:53     
200       0.000471    0.000458    01:53     
201       0.000468    0.000435    01:53     
202       0.000467    0.000451    01:53     
203       0.000471    0.000447    01:53     
204       0.000466    0.000443    01:53     
205       0.000464    0.000453    01:53     
206       0.000459    0.000435    01:53     
207       0.000461    0.000434    01:53     
208       0.000461    0.000443    01:53     
209       0.000465    0.000428    01:53     
Better model found at epoch 209 with valid_loss value: 0.00042767569539137185.
210       0.000456    0.000427    01:53     
Better model found at epoch 210 with valid_loss value: 0.0004271925427019596.
211       0.000458    0.000450    01:53     
212       0.000456    0.000450    01:53     
213       0.000457    0.000436    01:53     
214       0.000454    0.000438    01:53     
215       0.000459    0.000449    01:53     
216       0.000454    0.000453    01:53     
217       0.000457    0.000436    01:53     
218       0.000458    0.000454    01:53     
219       0.000451    0.000441    01:53     
220       0.000451    0.000442    01:53     
221       0.000447    0.000404    01:54     
Better model found at epoch 221 with valid_loss value: 0.00040369023918174207.
222       0.000450    0.000432    01:53     
223       0.000452    0.000416    01:54     
224       0.000446    0.000416    01:53     
225       0.000444    0.000421    01:53     
226       0.000444    0.000450    01:53     
227       0.000448    0.000436    01:54     
228       0.000440    0.000408    01:53     
229       0.000443    0.000422    01:53     
230       0.000438    0.000411    01:53     
231       0.000434    0.000413    01:54     
232       0.000443    0.000425    01:53     
233       0.000443    0.000449    01:54     
234       0.000439    0.000434    01:53     
235       0.000440    0.000436    01:54     
236       0.000437    0.000413    01:54     
237       0.000442    0.000420    01:54     
238       0.000434    0.000426    01:54     
239       0.000433    0.000406    01:54     
240       0.000432    0.000415    01:54     
241       0.000426    0.000412    01:54     
242       0.000437    0.000438    01:54     
243       0.000428    0.000423    01:54     
244       0.000429    0.000412    01:54     
245       0.000427    0.000452    01:54     
246       0.000428    0.000398    01:54     
Better model found at epoch 246 with valid_loss value: 0.0003983223286923021.
247       0.000425    0.000400    01:54     
248       0.000429    0.000407    01:54     
249       0.000430    0.000392    01:54     
Better model found at epoch 249 with valid_loss value: 0.0003921281604561955.
250       0.000425    0.000405    01:54     
251       0.000426    0.000405    01:54     
252       0.000426    0.000404    01:54     
253       0.000427    0.000403    01:55     
254       0.000430    0.000426    01:54     
255       0.000422    0.000402    01:54     
256       0.000420    0.000409    01:54     
257       0.000417    0.000399    01:54     
258       0.000420    0.000398    01:54     
259       0.000422    0.000390    01:54     
Better model found at epoch 259 with valid_loss value: 0.00039028338505886495.
260       0.000422    0.000384    01:55     
Better model found at epoch 260 with valid_loss value: 0.0003836278337985277.
261       0.000415    0.000399    01:54     
262       0.000413    0.000394    01:54     
263       0.000412    0.000384    01:54     
264       0.000409    0.000394    01:54     
265       0.000413    0.000403    01:55     
266       0.000410    0.000389    01:54     
267       0.000410    0.000397    01:55     
268       0.000413    0.000400    01:55     
269       0.000412    0.000387    01:55     
270       0.000409    0.000374    01:55     
Better model found at epoch 270 with valid_loss value: 0.0003741208929568529.
271       0.000407    0.000393    01:55     
272       0.000406    0.000387    01:55     
273       0.000405    0.000383    01:55     
274       0.000413    0.000396    01:55     
275       0.000410    0.000397    01:55     
276       0.000412    0.000394    01:55     
277       0.000410    0.000391    01:55     
278       0.000403    0.000397    01:55     
279       0.000405    0.000394    01:55     
280       0.000400    0.000389    01:55     
281       0.000402    0.000384    01:55     
282       0.000403    0.000387    01:55     
283       0.000404    0.000390    01:55     
284       0.000396    0.000378    01:55     
285       0.000401    0.000375    01:56     
286       0.000397    0.000407    01:55     
287       0.000398    0.000374    01:55     
Better model found at epoch 287 with valid_loss value: 0.0003736801736522466.
288       0.000395    0.000379    01:56     
289       0.000393    0.000391    01:55     
290       0.000400    0.000382    01:56     
291       0.000396    0.000387    01:56     
292       0.000398    0.000394    01:56     
293       0.000392    0.000381    01:56     
294       0.000389    0.000384    01:56     
295       0.000394    0.000368    01:56     
Better model found at epoch 295 with valid_loss value: 0.0003683044924400747.
296       0.000389    0.000375    01:56     
297       0.000393    0.000423    01:56     
298       0.000391    0.000390    01:56     
299       0.000396    0.000381    01:56     
300       0.000394    0.000397    01:56     
301       0.000393    0.000372    01:56     
302       0.000393    0.000416    01:56     
303       0.000395    0.000384    01:56     
304       0.000386    0.000373    01:56     
305       0.000388    0.000375    01:56     
306       0.000384    0.000409    01:56     
307       0.000388    0.000391    01:56     
308       0.000389    0.000387    01:56     
309       0.000389    0.000370    01:56     
310       0.000386    0.000366    01:56     
Better model found at epoch 310 with valid_loss value: 0.0003661986265797168.
311       0.000391    0.000361    01:56     
Better model found at epoch 311 with valid_loss value: 0.00036120053846389055.
312       0.000382    0.000375    01:56     
313       0.000379    0.000353    01:56     
Better model found at epoch 313 with valid_loss value: 0.0003532573755364865.
314       0.000384    0.000388    01:55     
315       0.000383    0.000384    01:55     
316       0.000384    0.000404    01:56     
317       0.000379    0.000366    01:56     
318       0.000384    0.000364    01:56     
319       0.000384    0.000374    01:56     
320       0.000377    0.000371    01:56     
321       0.000382    0.000360    01:56     
322       0.000376    0.000358    01:56     
323       0.000375    0.000399    01:56     
324       0.000375    0.000367    01:56     
325       0.000378    0.000374    01:56     
326       0.000378    0.000363    01:56     
327       0.000380    0.000372    01:56     
328       0.000378    0.000370    01:56     
329       0.000375    0.000372    01:56     
330       0.000378    0.000374    01:56     
331       0.000375    0.000381    01:56     
332       0.000379    0.000402    01:56     
333       0.000392    0.000402    01:56     
334       0.000378    0.000367    01:56     
335       0.000376    0.000376    01:56     
336       0.000375    0.000355    01:56     
337       0.000369    0.000354    01:56     
338       0.000379    0.000388    01:56     
339       0.000369    0.000346    01:56     
Better model found at epoch 339 with valid_loss value: 0.0003455867408774793.
340       0.000370    0.000353    01:56     
341       0.000371    0.000426    01:56     
342       0.000370    0.000349    01:56     
343       0.000376    0.000349    01:56     
344       0.000367    0.000384    01:56     
345       0.000372    0.000344    01:56     
Better model found at epoch 345 with valid_loss value: 0.00034447654616087675.
346       0.000369    0.000365    01:56     
347       0.000373    0.000372    01:56     
348       0.000369    0.000352    01:56     
349       0.000369    0.000355    01:56     
350       0.000375    0.000372    01:56     
351       0.000369    0.000358    01:56     
352       0.000367    0.000333    01:56     
Better model found at epoch 352 with valid_loss value: 0.0003332766646053642.
353       0.000367    0.000360    01:56     
354       0.000368    0.000346    01:56     
355       0.000370    0.000352    01:56     
356       0.000362    0.000347    01:56     
357       0.000368    0.000365    01:56     
358       0.000361    0.000417    01:56     
359       0.000365    0.000359    01:56     
360       0.000365    0.000356    01:56     
361       0.000365    0.000385    01:56     
362       0.000369    0.000361    01:56     
363       0.000369    0.000358    01:56     
364       0.000364    0.000357    01:56     
365       0.000364    0.000360    01:57     
366       0.000364    0.000362    01:57     
367       0.000364    0.000366    01:57     
368       0.000359    0.000358    01:57     
369       0.000359    0.000362    01:57     
370       0.000362    0.000349    01:57     
371       0.000360    0.000348    01:57     
372       0.000359    0.000359    01:57     
373       0.000358    0.000381    01:57     
374       0.000362    0.000342    01:57     
375       0.000358    0.000341    01:57     
376       0.000357    0.000336    01:57     
377       0.000364    0.000343    01:57     
378       0.000358    0.000334    01:57     
379       0.000361    0.000362    01:57     
380       0.000362    0.000344    01:57     
381       0.000353    0.000327    01:56     
Better model found at epoch 381 with valid_loss value: 0.0003270282759331167.
382       0.000357    0.000371    01:57     
383       0.000353    0.000342    01:57     
384       0.000359    0.000366    01:57     
385       0.000357    0.000340    01:57     
386       0.000356    0.000340    01:57     
387       0.000356    0.000350    01:57     
388       0.000357    0.000356    01:57     
389       0.000356    0.000336    01:57     
390       0.000351    0.000340    01:57     
391       0.000358    0.000371    01:57     
392       0.000357    0.000349    01:57     
393       0.000349    0.000342    01:57     
394       0.000347    0.000336    01:57     
395       0.000352    0.000353    01:57     
396       0.000354    0.000352    01:57     
397       0.000352    0.000342    01:57     
398       0.000349    0.000341    01:57     
399       0.000353    0.000359    01:57     
400       0.000353    0.000350    01:57     
401       0.000351    0.000335    01:57     
402       0.000346    0.000337    01:57     
403       0.000353    0.000343    01:57     
404       0.000349    0.000352    01:57     
405       0.000343    0.000329    01:57     
406       0.000350    0.000333    01:57     
407       0.000349    0.000337    01:58     
408       0.000350    0.000337    01:57     
409       0.000347    0.000338    01:57     
410       0.000343    0.000348    01:57     
411       0.000349    0.000338    01:58     
412       0.000345    0.000386    01:57     
413       0.000348    0.000343    01:58     
414       0.000350    0.000331    01:58     
415       0.000349    0.000347    01:57     
416       0.000350    0.000357    01:57     
417       0.000344    0.000330    01:58     
418       0.000348    0.000341    01:57     
419       0.000344    0.000351    01:57     
420       0.000352    0.000367    01:58     
421       0.000342    0.000333    01:57     
422       0.000344    0.000338    01:57     
423       0.000341    0.000319    01:58     
Better model found at epoch 423 with valid_loss value: 0.00031948828836902976.
424       0.000346    0.000362    01:58     
425       0.000340    0.000335    01:58     
426       0.000344    0.000333    01:58     
427       0.000345    0.000338    01:58     
428       0.000341    0.000365    01:58     
429       0.000341    0.000315    01:58     
Better model found at epoch 429 with valid_loss value: 0.0003150319680571556.
430       0.000341    0.000342    01:58     
431       0.000343    0.000379    01:58     
432       0.000343    0.000330    01:57     
433       0.000343    0.000336    01:58     
434       0.000347    0.000359    01:57     
435       0.000340    0.000318    01:58     
436       0.000337    0.000343    01:58     
437       0.000335    0.000333    01:58     
438       0.000342    0.000330    01:58     
439       0.000336    0.000325    01:57     
440       0.000339    0.000334    01:58     
441       0.000338    0.000327    01:58     
442       0.000336    0.000323    01:58     
443       0.000338    0.000317    01:58     
444       0.000341    0.000334    01:58     
445       0.000339    0.000344    01:58     
446       0.000341    0.000338    01:58     
447       0.000334    0.000326    01:58     
448       0.000337    0.000327    01:58     
449       0.000335    0.000322    01:58     
450       0.000336    0.000329    01:58     
451       0.000335    0.000323    01:58     
452       0.000335    0.000313    01:58     
Better model found at epoch 452 with valid_loss value: 0.00031263698474504054.
453       0.000334    0.000334    01:58     
454       0.000330    0.000331    01:58     
455       0.000334    0.000318    01:58     
456       0.000332    0.000335    01:58     
457       0.000333    0.000336    01:58     
458       0.000329    0.000314    01:58     
459       0.000330    0.000308    01:58     
Better model found at epoch 459 with valid_loss value: 0.00030826989677734673.
460       0.000330    0.000328    01:58     
461       0.000329    0.000328    01:58     
462       0.000330    0.000334    01:58     
463       0.000333    0.000342    01:58     
464       0.000331    0.000317    01:57     
465       0.000334    0.000347    01:57     
466       0.000340    0.000339    01:58     
467       0.000331    0.000325    01:57     
468       0.000330    0.000310    01:57     
469       0.000334    0.000326    01:57     
470       0.000328    0.000327    01:57     
471       0.000331    0.000323    01:57     
472       0.000335    0.000337    01:57     
473       0.000329    0.000317    01:58     
474       0.000332    0.000321    01:57     
475       0.000334    0.000332    01:57     
476       0.000331    0.000340    01:58     
477       0.000345    0.000327    01:58     
478       0.000341    0.000334    01:58     
479       0.000332    0.000342    01:58     
480       0.000333    0.000332    01:58     
481       0.000328    0.000313    01:58     
482       0.000335    0.000323    01:58     
483       0.000329    0.000320    01:58     
484       0.000328    0.000317    01:58     
485       0.000329    0.000315    01:58     
486       0.000337    0.000343    01:58     
487       0.000323    0.000325    01:58     
488       0.000330    0.000329    01:58     
489       0.000337    0.000316    01:58     
490       0.000326    0.000361    01:58     
491       0.000325    0.000309    01:58     
492       0.000331    0.000312    01:57     
493       0.000326    0.000330    01:58     
494       0.000324    0.000336    01:57     
495       0.000327    0.000331    01:57     
496       0.000323    0.000319    01:58     
497       0.000326    0.000323    01:58     
498       0.000324    0.000321    01:58     
499       0.000323    0.000305    01:58     
Better model found at epoch 499 with valid_loss value: 0.0003050298255402595.
500       0.000324    0.000326    01:58     
501       0.000325    0.000318    01:58     
502       0.000321    0.000332    01:58     
503       0.000320    0.000305    01:58     
Better model found at epoch 503 with valid_loss value: 0.00030461300048045814.
504       0.000325    0.000334    01:58     
505       0.000327    0.000344    01:57     
506       0.000325    0.000306    01:58     
507       0.000322    0.000309    01:58     
508       0.000327    0.000310    01:58     
509       0.000326    0.000321    01:58     
510       0.000326    0.000316    01:58     
511       0.000323    0.000317    01:58     
512       0.000326    0.000319    01:58     
513       0.000323    0.000304    01:58     
Better model found at epoch 513 with valid_loss value: 0.0003040594165213406.
514       0.000324    0.000312    01:58     
515       0.000321    0.000314    01:58     
516       0.000319    0.000318    01:58     
517       0.000328    0.000312    01:58     
518       0.000322    0.000334    01:58     
519       0.000322    0.000315    01:58     
520       0.000319    0.000303    01:58     
Better model found at epoch 520 with valid_loss value: 0.0003025103942491114.
521       0.000322    0.000311    01:58     
522       0.000320    0.000310    01:58     
523       0.000321    0.000299    01:58     
Better model found at epoch 523 with valid_loss value: 0.0002986328618135303.
524       0.000325    0.000323    01:58     
525       0.000321    0.000332    01:58     
526       0.000320    0.000305    01:58     
527       0.000318    0.000305    01:58     
528       0.000321    0.000304    01:58     
529       0.000321    0.000303    01:58     
530       0.000324    0.000327    01:58     
531       0.000320    0.000348    01:58     
532       0.000320    0.000317    01:58     
533       0.000320    0.000301    01:58     
534       0.000322    0.000311    01:58     
535       0.000321    0.000297    01:58     
Better model found at epoch 535 with valid_loss value: 0.00029714731499552727.
536       0.000314    0.000324    01:58     
537       0.000318    0.000308    01:58     
538       0.000317    0.000319    01:58     
539       0.000317    0.000305    01:58     
540       0.000318    0.000316    01:58     
541       0.000323    0.000313    01:58     
542       0.000317    0.000308    01:58     
543       0.000321    0.000304    01:58     
544       0.000312    0.000306    01:58     
545       0.000317    0.000310    01:58     
546       0.000317    0.000305    01:58     
547       0.000314    0.000315    01:58     
548       0.000315    0.000304    01:58     
549       0.000314    0.000314    01:58     
550       0.000314    0.000338    01:58     
551       0.000321    0.000322    01:58     
552       0.000319    0.000305    01:58     
553       0.000314    0.000310    01:58     
554       0.000319    0.000316    01:58     
555       0.000313    0.000324    01:58     
556       0.000317    0.000321    01:58     
557       0.000317    0.000292    01:58     
Better model found at epoch 557 with valid_loss value: 0.0002921000705100596.
558       0.000316    0.000301    01:58     
559       0.000314    0.000311    01:58     
560       0.000315    0.000304    01:58     
561       0.000314    0.000315    01:58     
562       0.000312    0.000313    01:58     
563       0.000312    0.000304    01:58     
564       0.000311    0.000297    01:58     
565       0.000314    0.000308    01:58     
566       0.000317    0.000299    01:58     
567       0.000311    0.000292    01:58     
568       0.000314    0.000316    01:58     
569       0.000312    0.000305    01:58     
570       0.000317    0.000298    01:58     
571       0.000309    0.000312    01:58     
572       0.000313    0.000295    01:58     
573       0.000312    0.000310    01:58     
574       0.000311    0.000348    01:58     
575       0.000309    0.000293    01:58     
576       0.000311    0.000308    01:58     
577       0.000313    0.000311    01:58     
578       0.000312    0.000302    01:58     
579       0.000313    0.000309    01:58     
580       0.000310    0.000305    01:58     
581       0.000308    0.000301    01:59     
582       0.000311    0.000292    01:58     
Better model found at epoch 582 with valid_loss value: 0.000291871780063957.
583       0.000308    0.000312    01:58     
584       0.000309    0.000318    01:58     
585       0.000315    0.000322    01:58     
586       0.000311    0.000296    01:58     
587       0.000316    0.000305    01:58     
588       0.000307    0.000326    01:58     
589       0.000309    0.000304    01:58     
590       0.000309    0.000303    01:58     
591       0.000308    0.000315    01:58     
592       0.000310    0.000298    01:58     
593       0.000308    0.000295    01:58     
594       0.000311    0.000305    01:58     
595       0.000310    0.000295    01:58     
596       0.000312    0.000312    01:58     
597       0.000313    0.000309    01:58     
598       0.000305    0.000286    01:58     
Better model found at epoch 598 with valid_loss value: 0.00028647840372286737.
599       0.000307    0.000330    01:58     
600       0.000311    0.000303    01:58     
601       0.000311    0.000306    01:58     
602       0.000307    0.000293    01:58     
603       0.000307    0.000299    01:58     
604       0.000302    0.000288    01:59     
605       0.000305    0.000286    01:58     
Better model found at epoch 605 with valid_loss value: 0.00028576047043316066.
606       0.000306    0.000306    01:58     
607       0.000306    0.000288    01:59     
608       0.000307    0.000300    01:58     
609       0.000306    0.000289    01:58     
610       0.000305    0.000304    01:59     
611       0.000305    0.000291    01:58     
612       0.000304    0.000291    01:58     
613       0.000309    0.000287    01:59     
614       0.000306    0.000294    01:59     
615       0.000309    0.000294    01:59     
616       0.000308    0.000288    01:58     
617       0.000301    0.000293    01:58     
618       0.000304    0.000315    01:58     
619       0.000307    0.000288    01:58     
620       0.000302    0.000294    01:58     
621       0.000307    0.000295    01:58     
622       0.000308    0.000296    01:58     
623       0.000301    0.000288    01:59     
624       0.000303    0.000291    01:58     
625       0.000301    0.000303    01:58     
626       0.000302    0.000300    01:58     
627       0.000301    0.000293    01:58     
628       0.000304    0.000300    01:58     
629       0.000303    0.000290    01:58     
630       0.000306    0.000290    01:58     
631       0.000301    0.000300    01:58     
632       0.000300    0.000292    01:58     
633       0.000303    0.000309    01:58     
634       0.000303    0.000299    01:58     
635       0.000312    0.000314    01:58     
636       0.000313    0.000305    01:59     
637       0.000301    0.000308    01:59     
638       0.000305    0.000287    01:59     
639       0.000303    0.000311    01:59     
640       0.000304    0.000315    01:59     
641       0.000302    0.000310    01:59     
642       0.000302    0.000295    01:59     
643       0.000302    0.000313    01:59     
644       0.000301    0.000300    01:59     
645       0.000302    0.000292    01:59     
646       0.000304    0.000299    01:59     
647       0.000297    0.000303    01:59     
648       0.000298    0.000291    01:59     
649       0.000301    0.000281    01:59     
Better model found at epoch 649 with valid_loss value: 0.0002814375329762697.
650       0.000306    0.000286    01:59     
651       0.000300    0.000282    01:59     
652       0.000302    0.000288    01:59     
653       0.000296    0.000286    01:58     
654       0.000301    0.000298    01:59     
655       0.000299    0.000287    01:58     
656       0.000295    0.000303    01:59     
657       0.000299    0.000289    01:58     
658       0.000299    0.000310    01:58     
659       0.000297    0.000283    01:58     
660       0.000302    0.000294    01:58     
661       0.000299    0.000295    01:58     
662       0.000298    0.000284    01:58     
663       0.000303    0.000295    01:58     
664       0.000303    0.000297    01:58     
665       0.000300    0.000305    01:58     
666       0.000302    0.000285    01:58     
667       0.000304    0.000291    01:58     
668       0.000306    0.000306    01:58     
669       0.000302    0.000296    01:58     
670       0.000297    0.000292    01:58     
671       0.000299    0.000328    01:59     
672       0.000301    0.000306    01:58     
673       0.000299    0.000302    01:58     
674       0.000298    0.000291    01:58     
675       0.000300    0.000298    01:58     
676       0.000294    0.000294    01:58     
677       0.000301    0.000279    01:58     
Better model found at epoch 677 with valid_loss value: 0.0002792617306113243.
678       0.000295    0.000286    01:58     
679       0.000299    0.000300    01:58     
680       0.000298    0.000287    01:58     
681       0.000301    0.000302    01:59     
682       0.000296    0.000272    01:58     
Better model found at epoch 682 with valid_loss value: 0.00027223702636547387.
683       0.000299    0.000286    01:58     
684       0.000297    0.000312    01:58     
685       0.000299    0.000287    01:59     
686       0.000299    0.000293    01:59     
687       0.000298    0.000290    01:58     
688       0.000297    0.000288    01:58     
689       0.000295    0.000281    01:57     
690       0.000297    0.000281    01:58     
691       0.000300    0.000288    01:57     
692       0.000293    0.000277    01:57     
693       0.000296    0.000280    01:57     
694       0.000297    0.000283    01:57     
695       0.000296    0.000284    01:58     
696       0.000302    0.000296    01:57     
697       0.000299    0.000307    01:58     
698       0.000296    0.000285    01:57     
699       0.000294    0.000288    01:57     
700       0.000293    0.000292    01:57     
701       0.000295    0.000281    01:57     
702       0.000292    0.000281    01:57     
703       0.000295    0.000275    01:57     
704       0.000293    0.000286    01:57     
705       0.000294    0.000276    01:58     
706       0.000295    0.000282    01:58     
707       0.000300    0.000274    01:57     
708       0.000296    0.000301    01:58     
709       0.000292    0.000276    01:57     
710       0.000290    0.000276    01:57     
711       0.000293    0.000285    01:58     
712       0.000295    0.000291    01:57     
713       0.000297    0.000305    01:57     
714       0.000295    0.000311    01:58     
715       0.000293    0.000305    01:57     
716       0.000296    0.000287    01:58     
717       0.000296    0.000296    01:58     
718       0.000294    0.000280    01:57     
719       0.000287    0.000286    01:58     
720       0.000301    0.000315    01:58     
721       0.000296    0.000277    01:57     
722       0.000295    0.000287    01:58     
723       0.000295    0.000284    01:57     
724       0.000299    0.000300    01:57     
725       0.000294    0.000273    01:57     
726       0.000295    0.000295    01:57     
727       0.000298    0.000299    01:58     
728       0.000300    0.000298    01:57     
729       0.000302    0.000285    01:57     
730       0.000297    0.000282    01:58     
731       0.000295    0.000283    01:57     
732       0.000295    0.000293    01:58     
733       0.000298    0.000293    01:58     
734       0.000297    0.000288    01:57     
735       0.000308    0.000313    01:58     
736       0.000292    0.000279    01:58     
737       0.000290    0.000277    01:57     
738       0.000289    0.000300    01:58     
739       0.000295    0.000292    01:58     
740       0.000296    0.000286    01:57     
741       0.000292    0.000286    01:58     
742       0.000293    0.000288    01:58     
743       0.000295    0.000283    01:57     
744       0.000291    0.000284    01:58     
745       0.000291    0.000300    01:57     
746       0.000294    0.000276    01:58     
747       0.000291    0.000276    01:57     
748       0.000288    0.000299    01:57     
749       0.000295    0.000293    01:57     
750       0.000292    0.000290    01:57     
751       0.000289    0.000290    01:57     
752       0.000295    0.000294    01:57     
753       0.000297    0.000377    01:57     
754       0.000291    0.000283    01:58     
755       0.000289    0.000307    01:58     
756       0.000292    0.000270    01:57     
Better model found at epoch 756 with valid_loss value: 0.0002700852055568248.
757       0.000289    0.000307    01:58     
758       0.000296    0.000298    01:58     
759       0.000299    0.000297    01:57     
760       0.000291    0.000290    01:58     
761       0.000289    0.000281    01:57     
762       0.000290    0.000280    01:58     
763       0.000291    0.000276    01:57     
764       0.000291    0.000277    01:58     
765       0.000291    0.000279    01:57     
766       0.000287    0.000281    01:57     
767       0.000288    0.000281    01:56     
768       0.000287    0.000277    01:56     
769       0.000289    0.000277    01:56     
770       0.000289    0.000290    01:56     
771       0.000289    0.000276    01:56     
772       0.000290    0.000282    01:56     
773       0.000287    0.000310    01:56     
774       0.000291    0.000272    01:56     
775       0.000290    0.000292    01:56     
776       0.000287    0.000274    01:56     
777       0.000288    0.000281    01:57     
778       0.000289    0.000274    01:56     
779       0.000286    0.000278    01:56     
780       0.000289    0.000292    01:56     
781       0.000285    0.000278    01:56     
782       0.000285    0.000269    01:56     
Better model found at epoch 782 with valid_loss value: 0.0002687154046725482.
783       0.000286    0.000278    01:56     
784       0.000287    0.000294    01:56     
785       0.000287    0.000286    01:56     
786       0.000283    0.000279    01:56     
787       0.000290    0.000272    01:56     
788       0.000293    0.000272    01:56     
789       0.000287    0.000280    01:56     
790       0.000287    0.000266    01:56     
Better model found at epoch 790 with valid_loss value: 0.0002657471923157573.
791       0.000286    0.000273    01:56     
792       0.000286    0.000283    01:57     
793       0.000283    0.000266    01:56     
794       0.000286    0.000270    01:56     
795       0.000286    0.000266    01:56     
796       0.000291    0.000278    01:56     
797       0.000284    0.000298    01:56     
798       0.000283    0.000271    01:56     
799       0.000283    0.000288    01:56     
800       0.000285    0.000273    01:56     
801       0.000287    0.000275    01:56     
802       0.000281    0.000272    01:56     
803       0.000286    0.000279    01:56     
804       0.000283    0.000282    01:56     
805       0.000283    0.000268    01:56     
806       0.000283    0.000279    01:56     
807       0.000286    0.000275    01:56     
808       0.000285    0.000280    01:56     
809       0.000286    0.000273    01:56     
810       0.000287    0.000281    01:56     
811       0.000283    0.000272    01:56     
812       0.000286    0.000270    01:56     
813       0.000289    0.000275    01:56     
814       0.000281    0.000272    01:56     
815       0.000281    0.000312    01:56     
816       0.000283    0.000274    01:56     
817       0.000282    0.000275    01:56     
818       0.000284    0.000267    01:56     
819       0.000283    0.000295    01:56     
820       0.000282    0.000281    01:56     
821       0.000285    0.000270    01:56     
822       0.000282    0.000266    01:56     
823       0.000284    0.000273    01:56     
824       0.000282    0.000269    01:56     
825       0.000285    0.000289    01:56     
826       0.000281    0.000310    01:56     
827       0.000282    0.000270    01:56     
828       0.000286    0.000278    01:56     
829       0.000285    0.000291    01:56     
830       0.000280    0.000266    01:56     
831       0.000283    0.000263    01:56     
Better model found at epoch 831 with valid_loss value: 0.0002629665832500905.
832       0.000287    0.000279    01:56     
833       0.000287    0.000281    01:56     
834       0.000281    0.000273    01:56     
835       0.000279    0.000272    01:56     
836       0.000282    0.000280    01:56     
837       0.000278    0.000263    01:56     
Better model found at epoch 837 with valid_loss value: 0.00026255816919729114.
838       0.000282    0.000268    01:56     
839       0.000283    0.000275    01:56     
840       0.000283    0.000270    01:56     
841       0.000281    0.000273    01:56     
842       0.000282    0.000271    01:56     
843       0.000281    0.000268    01:56     
844       0.000282    0.000274    01:56     
845       0.000282    0.000279    01:56     
846       0.000279    0.000270    01:56     
847       0.000283    0.000266    01:56     
848       0.000279    0.000261    01:56     
Better model found at epoch 848 with valid_loss value: 0.0002613395336084068.
849       0.000279    0.000265    01:56     
850       0.000279    0.000268    01:56     
851       0.000282    0.000277    01:56     
852       0.000282    0.000296    01:56     
853       0.000284    0.000271    01:56     
854       0.000281    0.000267    01:56     
855       0.000277    0.000264    01:56     
856       0.000277    0.000263    01:56     
857       0.000280    0.000268    01:56     
858       0.000278    0.000282    01:56     
859       0.000279    0.000272    01:56     
860       0.000282    0.000267    01:56     
861       0.000277    0.000266    01:56     
862       0.000284    0.000271    01:56     
863       0.000279    0.000262    01:56     
864       0.000282    0.000266    01:56     
865       0.000283    0.000267    01:56     
866       0.000280    0.000283    01:56     
867       0.000279    0.000266    01:56     
868       0.000281    0.000260    01:56     
Better model found at epoch 868 with valid_loss value: 0.00025979819474741817.
869       0.000284    0.000267    01:56     
870       0.000280    0.000283    01:56     
871       0.000279    0.000262    01:56     
872       0.000281    0.000262    01:56     
873       0.000279    0.000266    01:56     
874       0.000281    0.000265    01:56     
875       0.000276    0.000260    01:56     
876       0.000284    0.000280    01:55     
877       0.000278    0.000268    01:56     
878       0.000279    0.000269    01:56     
879       0.000277    0.000266    01:56     
880       0.000279    0.000287    01:56     
881       0.000281    0.000265    01:56     
882       0.000285    0.000270    01:56     
883       0.000277    0.000265    01:55     
884       0.000280    0.000264    01:56     
885       0.000277    0.000261    01:56     
886       0.000278    0.000267    01:55     
887       0.000279    0.000268    01:56     
888       0.000278    0.000278    01:56     
889       0.000273    0.000262    01:56     
890       0.000278    0.000269    01:56     
891       0.000276    0.000281    01:56     
892       0.000282    0.000262    01:56     
893       0.000280    0.000269    01:56     
894       0.000276    0.000262    01:56     
895       0.000277    0.000264    01:56     
896       0.000275    0.000263    01:56     
897       0.000275    0.000262    01:56     
898       0.000276    0.000262    01:56     
899       0.000275    0.000257    01:56     
Better model found at epoch 899 with valid_loss value: 0.00025724899023771286.
900       0.000274    0.000256    01:56     
Better model found at epoch 900 with valid_loss value: 0.0002563593443483114.
901       0.000280    0.000311    01:56     
902       0.000274    0.000279    01:56     
903       0.000278    0.000265    01:56     
904       0.000277    0.000293    01:56     
905       0.000274    0.000275    01:56     
906       0.000274    0.000265    01:56     
907       0.000272    0.000260    01:56     
908       0.000273    0.000257    01:56     
909       0.000273    0.000269    01:56     
910       0.000280    0.000268    01:56     
911       0.000277    0.000267    01:56     
912       0.000278    0.000267    01:56     
913       0.000278    0.000268    01:55     
914       0.000278    0.000269    01:56     
915       0.000276    0.000259    01:55     
916       0.000277    0.000265    01:56     
917       0.000274    0.000262    01:56     
918       0.000273    0.000255    01:56     
Better model found at epoch 918 with valid_loss value: 0.00025509551051072776.
919       0.000277    0.000268    01:56     
920       0.000275    0.000257    01:56     
921       0.000275    0.000261    01:56     
922       0.000274    0.000266    01:56     
923       0.000273    0.000255    01:56     
Better model found at epoch 923 with valid_loss value: 0.0002549207129050046.
924       0.000273    0.000259    01:55     
925       0.000273    0.000257    01:56     
926       0.000277    0.000269    01:56     
927       0.000273    0.000260    01:55     
928       0.000273    0.000256    01:55     
929       0.000277    0.000257    01:56     
930       0.000271    0.000264    01:55     
931       0.000268    0.000257    01:56     
932       0.000270    0.000257    01:56     
933       0.000275    0.000262    01:56     
934       0.000272    0.000275    01:56     
935       0.000272    0.000257    01:56     
936       0.000271    0.000258    01:56     
937       0.000273    0.000253    01:56     
Better model found at epoch 937 with valid_loss value: 0.00025258035748265684.
938       0.000272    0.000252    01:56     
Better model found at epoch 938 with valid_loss value: 0.0002523444127291441.
939       0.000272    0.000254    01:56     
940       0.000276    0.000266    01:56     
941       0.000270    0.000247    01:56     
Better model found at epoch 941 with valid_loss value: 0.0002467113081365824.
942       0.000276    0.000250    01:56     
943       0.000277    0.000271    01:56     
944       0.000277    0.000259    01:56     
945       0.000273    0.000271    01:56     
946       0.000271    0.000258    01:56     
947       0.000273    0.000253    01:56     
948       0.000270    0.000261    01:56     
949       0.000275    0.000259    01:56     
950       0.000269    0.000249    01:56     
951       0.000270    0.000267    01:56     
952       0.000270    0.000253    01:56     
953       0.000268    0.000258    01:56     
954       0.000270    0.000249    01:56     
955       0.000273    0.000261    01:56     
956       0.000273    0.000270    01:56     
957       0.000272    0.000255    01:56     
958       0.000269    0.000253    01:56     
959       0.000266    0.000250    01:56     
960       0.000269    0.000257    01:56     
961       0.000266    0.000251    01:56     
962       0.000271    0.000251    01:56     
963       0.000269    0.000250    01:56     
964       0.000267    0.000261    01:56     
965       0.000269    0.000253    01:56     
966       0.000270    0.000257    01:56     
967       0.000271    0.000254    01:56     
968       0.000272    0.000262    01:56     
969       0.000271    0.000255    01:56     
970       0.000272    0.000254    01:56     
971       0.000268    0.000255    01:56     
972       0.000266    0.000256    01:56     
973       0.000266    0.000254    01:56     
974       0.000267    0.000249    01:56     
975       0.000269    0.000253    01:56     
976       0.000267    0.000253    01:56     
977       0.000267    0.000264    01:56     
978       0.000267    0.000262    01:56     
979       0.000269    0.000252    01:56     
980       0.000269    0.000247    01:56     
981       0.000268    0.000253    01:56     
982       0.000267    0.000254    01:56     
983       0.000269    0.000257    01:56     
984       0.000270    0.000256    01:56     
985       0.000267    0.000260    01:56     
986       0.000269    0.000260    01:56     
987       0.000269    0.000251    01:56     
988       0.000265    0.000249    01:56     
989       0.000272    0.000252    01:56     
990       0.000269    0.000258    01:57     
991       0.000265    0.000263    01:56     
992       0.000265    0.000251    01:56     
993       0.000266    0.000247    01:56     
Better model found at epoch 993 with valid_loss value: 0.0002465499273966998.
994       0.000268    0.000246    01:56     
Better model found at epoch 994 with valid_loss value: 0.0002458615927025676.
995       0.000266    0.000251    01:56     
996       0.000266    0.000246    01:56     
997       0.000267    0.000249    01:56     
998       0.000269    0.000257    01:56     
999       0.000265    0.000252    01:56     
1000      0.000266    0.000253    01:56     
1001      0.000266    0.000251    01:56     
1002      0.000268    0.000248    01:57     
1003      0.000266    0.000258    01:56     
1004      0.000268    0.000250    01:56     
1005      0.000263    0.000242    01:56     
Better model found at epoch 1005 with valid_loss value: 0.0002421167737338692.
1006      0.000266    0.000253    01:56     
1007      0.000264    0.000251    01:56     
1008      0.000266    0.000253    01:56     
1009      0.000266    0.000248    01:56     
1010      0.000265    0.000253    01:56     
1011      0.000265    0.000254    01:57     
1012      0.000267    0.000250    01:57     
1013      0.000267    0.000260    01:56     
1014      0.000270    0.000263    01:57     
1015      0.000266    0.000249    01:56     
1016      0.000265    0.000249    01:56     
1017      0.000265    0.000246    01:56     
1018      0.000264    0.000250    01:56     
1019      0.000264    0.000256    01:56     
1020      0.000265    0.000250    01:56     
1021      0.000263    0.000245    01:56     
1022      0.000260    0.000251    01:57     
1023      0.000262    0.000248    01:57     
1024      0.000263    0.000248    01:56     
1025      0.000262    0.000244    01:57     
1026      0.000262    0.000250    01:56     
1027      0.000263    0.000247    01:56     
1028      0.000263    0.000250    01:56     
1029      0.000264    0.000246    01:56     
1030      0.000260    0.000254    01:56     
1031      0.000261    0.000249    01:57     
1032      0.000262    0.000250    01:56     
1033      0.000262    0.000255    01:56     
1034      0.000263    0.000252    01:56     
1035      0.000263    0.000254    01:56     
1036      0.000264    0.000250    01:56     
1037      0.000263    0.000245    01:56     
1038      0.000261    0.000253    01:57     
1039      0.000261    0.000249    01:56     
1040      0.000260    0.000247    01:57     
1041      0.000261    0.000257    01:56     
1042      0.000263    0.000246    01:57     
1043      0.000262    0.000252    01:57     
1044      0.000260    0.000245    01:56     
1045      0.000260    0.000243    01:57     
1046      0.000263    0.000240    01:56     
Better model found at epoch 1046 with valid_loss value: 0.00023987062741070986.
1047      0.000263    0.000247    01:56     
1048      0.000263    0.000241    01:56     
1049      0.000263    0.000251    01:56     
1050      0.000262    0.000244    01:56     
1051      0.000262    0.000248    01:56     
1052      0.000261    0.000247    01:56     
1053      0.000263    0.000254    01:56     
1054      0.000265    0.000258    01:56     
1055      0.000261    0.000245    01:56     
1056      0.000262    0.000253    01:56     
1057      0.000261    0.000244    01:56     
1058      0.000261    0.000241    01:56     
1059      0.000260    0.000240    01:56     
Better model found at epoch 1059 with valid_loss value: 0.00023984721337910742.
1060      0.000264    0.000246    01:56     
1061      0.000265    0.000249    01:56     
1062      0.000257    0.000244    01:56     
1063      0.000262    0.000242    01:57     
1064      0.000260    0.000245    01:56     
1065      0.000264    0.000245    01:56     
1066      0.000262    0.000246    01:57     
1067      0.000256    0.000240    01:56     
Better model found at epoch 1067 with valid_loss value: 0.0002398134965915233.
1068      0.000256    0.000244    01:56     
1069      0.000261    0.000244    01:56     
1070      0.000262    0.000244    01:56     
1071      0.000259    0.000247    01:56     
1072      0.000261    0.000251    01:56     
1073      0.000257    0.000245    01:56     
1074      0.000257    0.000241    01:56     
1075      0.000258    0.000245    01:56     
1076      0.000257    0.000238    01:56     
Better model found at epoch 1076 with valid_loss value: 0.0002380371151957661.
1077      0.000262    0.000241    01:56     
1078      0.000258    0.000241    01:56     
1079      0.000257    0.000239    01:56     
1080      0.000259    0.000242    01:56     
1081      0.000258    0.000245    01:56     
1082      0.000255    0.000246    01:56     
1083      0.000259    0.000246    01:56     
1084      0.000261    0.000247    01:56     
1085      0.000254    0.000246    01:56     
1086      0.000256    0.000240    01:56     
1087      0.000260    0.000238    01:56     
Better model found at epoch 1087 with valid_loss value: 0.0002375021722400561.
1088      0.000254    0.000240    01:56     
1089      0.000260    0.000243    01:56     
1090      0.000259    0.000241    01:56     
1091      0.000259    0.000242    01:56     
1092      0.000260    0.000240    01:56     
1093      0.000255    0.000241    01:56     
1094      0.000258    0.000238    01:56     
1095      0.000258    0.000243    01:57     
1096      0.000257    0.000241    01:56     
1097      0.000260    0.000246    01:57     
1098      0.000259    0.000241    01:56     
1099      0.000257    0.000256    01:56     
1100      0.000258    0.000240    01:56     
1101      0.000258    0.000253    01:56     
1102      0.000258    0.000245    01:56     
1103      0.000256    0.000247    01:56     
1104      0.000257    0.000246    01:56     
1105      0.000256    0.000236    01:56     
Better model found at epoch 1105 with valid_loss value: 0.00023629132192581892.
1106      0.000258    0.000239    01:56     
1107      0.000256    0.000238    01:56     
1108      0.000255    0.000246    01:56     
1109      0.000257    0.000243    01:56     
1110      0.000255    0.000238    01:56     
1111      0.000254    0.000240    01:56     
1112      0.000258    0.000241    01:56     
1113      0.000255    0.000239    01:56     
1114      0.000256    0.000241    01:56     
1115      0.000256    0.000239    01:57     
1116      0.000254    0.000236    01:56     
1117      0.000254    0.000238    01:57     
1118      0.000258    0.000247    01:56     
1119      0.000255    0.000241    01:56     
1120      0.000257    0.000236    01:56     
1121      0.000255    0.000235    01:56     
Better model found at epoch 1121 with valid_loss value: 0.0002345962857361883.
1122      0.000253    0.000239    01:56     
1123      0.000260    0.000242    01:57     
1124      0.000256    0.000241    01:56     
1125      0.000254    0.000240    01:56     
1126      0.000254    0.000240    01:56     
1127      0.000255    0.000239    01:56     
1128      0.000253    0.000234    01:56     
Better model found at epoch 1128 with valid_loss value: 0.0002338626072742045.
1129      0.000252    0.000235    01:56     
1130      0.000251    0.000239    01:56     
1131      0.000255    0.000241    01:56     
1132      0.000253    0.000234    01:56     
1133      0.000251    0.000235    01:56     
1134      0.000255    0.000236    01:56     
1135      0.000256    0.000234    01:56     
1136      0.000255    0.000237    01:56     
1137      0.000254    0.000235    01:56     
1138      0.000252    0.000233    01:56     
Better model found at epoch 1138 with valid_loss value: 0.0002333354641450569.
1139      0.000252    0.000232    01:56     
Better model found at epoch 1139 with valid_loss value: 0.00023214073735289276.
1140      0.000252    0.000232    01:56     
1141      0.000252    0.000235    01:56     
1142      0.000253    0.000234    01:56     
1143      0.000254    0.000233    01:56     
1144      0.000253    0.000236    01:57     
1145      0.000252    0.000238    01:56     
1146      0.000252    0.000233    01:56     
1147      0.000253    0.000237    01:56     
1148      0.000253    0.000238    01:56     
1149      0.000254    0.000233    01:56     
1150      0.000252    0.000236    01:56     
1151      0.000251    0.000234    01:56     
1152      0.000252    0.000230    01:56     
Better model found at epoch 1152 with valid_loss value: 0.00022987628472037613.
1153      0.000254    0.000236    01:56     
1154      0.000251    0.000234    01:56     
1155      0.000250    0.000235    01:56     
1156      0.000251    0.000242    01:56     
1157      0.000252    0.000235    01:56     
1158      0.000250    0.000238    01:56     
1159      0.000254    0.000235    01:57     
1160      0.000252    0.000242    01:56     
1161      0.000251    0.000238    01:56     
1162      0.000254    0.000233    01:56     
1163      0.000250    0.000238    01:56     
1164      0.000251    0.000238    01:56     
1165      0.000252    0.000238    01:56     
1166      0.000251    0.000235    01:56     
1167      0.000250    0.000238    01:56     
1168      0.000252    0.000238    01:56     
1169      0.000249    0.000232    01:56     
1170      0.000251    0.000237    01:56     
1171      0.000252    0.000235    01:56     
1172      0.000252    0.000237    01:56     
1173      0.000250    0.000236    01:56     
1174      0.000249    0.000232    01:56     
1175      0.000251    0.000235    01:56     
1176      0.000252    0.000232    01:56     
1177      0.000250    0.000233    01:56     
1178      0.000250    0.000234    01:56     
1179      0.000253    0.000238    01:57     
1180      0.000250    0.000230    01:56     
1181      0.000253    0.000239    01:56     
1182      0.000252    0.000236    01:57     
1183      0.000247    0.000232    01:56     
1184      0.000250    0.000235    01:57     
1185      0.000248    0.000236    01:57     
1186      0.000252    0.000231    01:57     
1187      0.000248    0.000238    01:57     
1188      0.000247    0.000249    01:56     
1189      0.000252    0.000233    01:56     
1190      0.000250    0.000228    01:56     
Better model found at epoch 1190 with valid_loss value: 0.0002281946362927556.
1191      0.000249    0.000232    01:56     
1192      0.000250    0.000243    01:56     
1193      0.000250    0.000237    01:56     
1194      0.000246    0.000245    01:57     
1195      0.000249    0.000230    01:56     
1196      0.000249    0.000232    01:57     
1197      0.000248    0.000229    01:57     
1198      0.000248    0.000233    01:56     
1199      0.000245    0.000231    01:57     
1200      0.000248    0.000230    01:57     
1201      0.000249    0.000229    01:56     
1202      0.000247    0.000229    01:56     
1203      0.000250    0.000230    01:56     
1204      0.000249    0.000242    01:56     
1205      0.000249    0.000237    01:57     
1206      0.000246    0.000238    01:56     
1207      0.000253    0.000234    01:56     
1208      0.000251    0.000230    01:56     
1209      0.000247    0.000232    01:56     
1210      0.000250    0.000231    01:57     
1211      0.000245    0.000241    01:56     
1212      0.000249    0.000241    01:57     
1213      0.000248    0.000241    01:56     
1214      0.000248    0.000238    01:56     
1215      0.000247    0.000241    01:56     
1216      0.000248    0.000243    01:57     
1217      0.000246    0.000242    01:57     
1218      0.000249    0.000244    01:57     
1219      0.000249    0.000234    01:57     
1220      0.000248    0.000240    01:57     
1221      0.000246    0.000236    01:57     
1222      0.000248    0.000239    01:56     
1223      0.000249    0.000245    01:56     
1224      0.000249    0.000240    01:56     
1225      0.000245    0.000240    01:56     
1226      0.000246    0.000230    01:56     
1227      0.000248    0.000238    01:56     
1228      0.000246    0.000244    01:57     
1229      0.000245    0.000231    01:57     
1230      0.000246    0.000239    01:57     
1231      0.000248    0.000245    01:57     
1232      0.000248    0.000227    01:56     
Better model found at epoch 1232 with valid_loss value: 0.00022697701933793724.
1233      0.000247    0.000250    01:57     
1234      0.000246    0.000255    01:56     
1235      0.000249    0.000237    01:56     
1236      0.000246    0.000242    01:57     
1237      0.000246    0.000240    01:56     
1238      0.000246    0.000229    01:57     
1239      0.000248    0.000239    01:57     
1240      0.000244    0.000252    01:57     
1241      0.000247    0.000245    01:57     
1242      0.000245    0.000225    01:56     
Better model found at epoch 1242 with valid_loss value: 0.00022495839220937341.
1243      0.000245    0.000225    01:56     
1244      0.000244    0.000230    01:56     
1245      0.000245    0.000248    01:56     
1246      0.000246    0.000233    01:57     
1247      0.000245    0.000223    01:57     
Better model found at epoch 1247 with valid_loss value: 0.00022324081510305405.
1248      0.000245    0.000231    01:57     
1249      0.000244    0.000245    01:57     
1250      0.000247    0.000235    01:56     
1251      0.000247    0.000231    01:56     
1252      0.000247    0.000226    01:57     
1253      0.000248    0.000234    01:57     
1254      0.000244    0.000243    01:57     
1255      0.000244    0.000238    01:57     
1256      0.000245    0.000245    01:56     
1257      0.000243    0.000234    01:57     
1258      0.000245    0.000238    01:57     
1259      0.000244    0.000239    01:57     
1260      0.000243    0.000233    01:57     
1261      0.000247    0.000231    01:56     
1262      0.000243    0.000242    01:57     
1263      0.000243    0.000240    01:57     
1264      0.000243    0.000235    01:56     
1265      0.000244    0.000239    01:57     
1266      0.000242    0.000229    01:57     
1267      0.000244    0.000232    01:56     
1268      0.000243    0.000231    01:57     
1269      0.000243    0.000234    01:56     
1270      0.000247    0.000233    01:57     
1271      0.000244    0.000232    01:57     
1272      0.000243    0.000238    01:57     
1273      0.000242    0.000224    01:57     
1274      0.000243    0.000243    01:57     
1275      0.000241    0.000248    01:56     
1276      0.000241    0.000232    01:56     
1277      0.000242    0.000236    01:56     
1278      0.000242    0.000228    01:57     
1279      0.000240    0.000237    01:56     
1280      0.000241    0.000229    01:56     
1281      0.000245    0.000240    01:56     
1282      0.000241    0.000239    01:56     
1283      0.000240    0.000245    01:56     
1284      0.000242    0.000227    01:56     
1285      0.000242    0.000244    01:57     
1286      0.000242    0.000232    01:56     
1287      0.000240    0.000243    01:56     
1288      0.000244    0.000232    01:56     
1289      0.000243    0.000224    01:56     
1290      0.000243    0.000237    01:57     
1291      0.000241    0.000230    01:56     
1292      0.000242    0.000230    01:56     
1293      0.000241    0.000238    01:57     
1294      0.000240    0.000238    01:56     
1295      0.000240    0.000229    01:57     
1296      0.000242    0.000238    01:57     
1297      0.000240    0.000222    01:57     
Better model found at epoch 1297 with valid_loss value: 0.00022241330589167774.
1298      0.000239    0.000236    01:57     
1299      0.000241    0.000224    01:56     
1300      0.000240    0.000245    01:56     
1301      0.000240    0.000236    01:57     
1302      0.000242    0.000223    01:56     
1303      0.000239    0.000233    01:57     
1304      0.000241    0.000245    01:57     
1305      0.000245    0.000244    01:56     
1306      0.000242    0.000234    01:57     
1307      0.000242    0.000234    01:57     
1308      0.000242    0.000228    01:57     
1309      0.000239    0.000228    01:56     
1310      0.000240    0.000236    01:56     
1311      0.000239    0.000239    01:57     
1312      0.000242    0.000231    01:57     
1313      0.000240    0.000241    01:57     
1314      0.000238    0.000236    01:57     
1315      0.000241    0.000224    01:56     
1316      0.000243    0.000239    01:57     
1317      0.000238    0.000231    01:56     
1318      0.000238    0.000225    01:57     
1319      0.000239    0.000227    01:57     
1320      0.000241    0.000239    01:56     
1321      0.000239    0.000221    01:57     
Better model found at epoch 1321 with valid_loss value: 0.00022117035405244678.
1322      0.000243    0.000223    01:56     
1323      0.000238    0.000240    01:57     
1324      0.000239    0.000237    01:57     
1325      0.000239    0.000227    01:56     
1326      0.000242    0.000247    01:57     
1327      0.000237    0.000243    01:57     
1328      0.000240    0.000245    01:56     
1329      0.000241    0.000220    01:57     
Better model found at epoch 1329 with valid_loss value: 0.00021992273104842752.
1330      0.000238    0.000240    01:57     
1331      0.000239    0.000223    01:56     
1332      0.000239    0.000249    01:57     
1333      0.000238    0.000228    01:57     
1334      0.000237    0.000251    01:57     
1335      0.000238    0.000232    01:56     
1336      0.000240    0.000225    01:57     
1337      0.000238    0.000240    01:57     
1338      0.000239    0.000230    01:56     
1339      0.000242    0.000220    01:56     
Better model found at epoch 1339 with valid_loss value: 0.000219664114410989.
1340      0.000238    0.000229    01:56     
1341      0.000239    0.000239    01:56     
1342      0.000240    0.000242    01:57     
1343      0.000239    0.000240    01:56     
1344      0.000240    0.000237    01:56     
1345      0.000237    0.000230    01:56     
1346      0.000236    0.000231    01:56     
1347      0.000236    0.000223    01:56     
1348      0.000239    0.000222    01:56     
1349      0.000237    0.000234    01:56     
1350      0.000238    0.000243    01:56     
1351      0.000240    0.000225    01:56     
1352      0.000239    0.000227    01:56     
1353      0.000238    0.000234    01:57     
1354      0.000237    0.000218    01:56     
Better model found at epoch 1354 with valid_loss value: 0.00021787729929201305.
1355      0.000237    0.000231    01:57     
1356      0.000240    0.000243    01:56     
1357      0.000238    0.000237    01:57     
1358      0.000237    0.000232    01:57     
1359      0.000238    0.000228    01:56     
1360      0.000239    0.000234    01:57     
1361      0.000238    0.000227    01:57     
1362      0.000235    0.000242    01:56     
1363      0.000236    0.000233    01:57     
1364      0.000237    0.000227    01:56     
1365      0.000235    0.000217    01:56     
Better model found at epoch 1365 with valid_loss value: 0.00021735923655796796.
1366      0.000239    0.000225    01:57     
1367      0.000236    0.000234    01:57     
1368      0.000239    0.000231    01:57     
1369      0.000236    0.000237    01:56     
1370      0.000234    0.000227    01:57     
1371      0.000236    0.000238    01:57     
1372      0.000238    0.000234    01:56     
1373      0.000238    0.000240    01:57     
1374      0.000236    0.000238    01:57     
1375      0.000236    0.000233    01:56     
1376      0.000236    0.000226    01:57     
1377      0.000235    0.000232    01:56     
1378      0.000236    0.000225    01:57     
1379      0.000239    0.000225    01:57     
1380      0.000238    0.000225    01:56     
1381      0.000235    0.000232    01:57     
1382      0.000238    0.000230    01:57     
1383      0.000239    0.000237    01:56     
1384      0.000235    0.000234    01:57     
1385      0.000237    0.000220    01:57     
1386      0.000234    0.000216    01:56     
Better model found at epoch 1386 with valid_loss value: 0.00021615663717966527.
1387      0.000235    0.000222    01:55     
1388      0.000237    0.000218    01:55     
1389      0.000235    0.000239    01:54     
1390      0.000239    0.000220    01:55     
1391      0.000236    0.000235    01:55     
1392      0.000236    0.000223    01:54     
1393      0.000237    0.000237    01:55     
1394      0.000235    0.000241    01:54     
1395      0.000237    0.000232    01:54     
1396      0.000236    0.000224    01:55     
1397      0.000235    0.000241    01:54     
1398      0.000236    0.000236    01:55     
1399      0.000236    0.000237    01:54     
1400      0.000234    0.000238    01:55     
1401      0.000234    0.000239    01:54     
1402      0.000233    0.000220    01:55     
1403      0.000235    0.000232    01:55     
1404      0.000235    0.000233    01:54     
1405      0.000232    0.000229    01:54     
1406      0.000235    0.000235    01:55     
1407      0.000237    0.000245    01:54     
1408      0.000234    0.000226    01:55     
1409      0.000238    0.000232    01:54     
1410      0.000233    0.000218    01:55     
1411      0.000236    0.000248    01:54     
1412      0.000234    0.000234    01:55     
1413      0.000234    0.000228    01:54     
1414      0.000235    0.000231    01:55     
1415      0.000235    0.000228    01:55     
1416      0.000236    0.000241    01:55     
1417      0.000234    0.000233    01:54     
1418      0.000233    0.000239    01:55     
1419      0.000237    0.000237    01:54     
1420      0.000235    0.000221    01:53     
1421      0.000238    0.000218    01:51     
1422      0.000235    0.000227    01:51     
1423      0.000233    0.000224    01:52     
1424      0.000235    0.000221    01:51     
1425      0.000235    0.000242    01:51     
1426      0.000235    0.000219    01:52     
1427      0.000233    0.000228    01:51     
1428      0.000235    0.000234    01:51     
1429      0.000235    0.000232    01:51     
1430      0.000235    0.000220    01:52     
1431      0.000232    0.000223    01:52     
1432      0.000233    0.000218    01:51     
1433      0.000235    0.000237    01:51     
1434      0.000236    0.000218    01:52     
1435      0.000234    0.000227    01:51     
1436      0.000235    0.000236    01:52     
1437      0.000235    0.000245    01:52     
1438      0.000234    0.000234    01:51     
1439      0.000235    0.000238    01:51     
1440      0.000235    0.000226    01:52     
1441      0.000236    0.000238    01:51     
1442      0.000234    0.000224    01:52     
1443      0.000233    0.000221    01:51     
1444      0.000233    0.000219    01:51     
1445      0.000233    0.000236    01:52     
1446      0.000235    0.000231    01:51     
1447      0.000234    0.000229    01:52     
1448      0.000234    0.000233    01:51     
1449      0.000235    0.000218    01:52     
1450      0.000234    0.000229    01:52     
1451      0.000233    0.000234    01:51     
1452      0.000236    0.000238    01:52     
1453      0.000235    0.000225    01:51     
1454      0.000233    0.000217    01:52     
1455      0.000232    0.000231    01:52     
1456      0.000233    0.000236    01:51     
1457      0.000233    0.000236    01:52     
1458      0.000234    0.000229    01:51     
1459      0.000235    0.000242    01:52     
1460      0.000235    0.000226    01:52     
1461      0.000234    0.000235    01:51     
1462      0.000233    0.000217    01:52     
1463      0.000234    0.000228    01:51     
1464      0.000233    0.000235    01:52     
1465      0.000240    0.000235    01:51     
1466      0.000235    0.000228    01:51     
1467      0.000237    0.000226    01:52     
1468      0.000234    0.000228    01:51     
1469      0.000232    0.000234    01:52     
1470      0.000235    0.000220    01:51     
1471      0.000232    0.000228    01:51     
1472      0.000231    0.000224    01:52     
1473      0.000234    0.000231    01:51     
1474      0.000233    0.000236    01:51     
1475      0.000233    0.000218    01:52     
1476      0.000233    0.000237    01:51     
1477      0.000235    0.000218    01:51     
1478      0.000235    0.000235    01:51     
1479      0.000234    0.000223    01:52     
1480      0.000235    0.000240    01:51     
1481      0.000235    0.000231    01:51     
1482      0.000234    0.000226    01:52     
1483      0.000232    0.000242    01:52     
1484      0.000235    0.000245    01:51     
1485      0.000234    0.000228    01:51     
1486      0.000235    0.000241    01:52     
1487      0.000234    0.000220    01:51     
1488      0.000232    0.000217    01:43     
1489      0.000234    0.000229    01:43     
1490      0.000233    0.000228    01:42     
1491      0.000233    0.000233    01:41     
1492      0.000234    0.000250    01:41     
1493      0.000234    0.000244    01:41     
1494      0.000235    0.000218    01:38     
1495      0.000234    0.000220    01:37     
1496      0.000235    0.000238    01:37     
1497      0.000236    0.000234    01:37     
1498      0.000235    0.000216    01:37     
1499      0.000235    0.000242    01:37     
...done
Grid search ended.
End of job.
