#!/bin/bash
#SBATCH -A HEP2016-1-4
#SBATCH -p hep
#SBATCH -t 71:59:59
#SBATCH -o AE_3D_bs4096_lr1e-02_wd1e-02_pp0e+00_.out
#SBATCH -e AE_3D_bs4096_lr1e-02_wd1e-02_pp0e+00_.err

cat $0

ml GCC/8.2.0-2.31.1  OpenMPI/3.1.3
ml PyTorch/1.1.0-Python-3.7.2

pwd

## My virtualenv with fastai installation
source /home/erwulff/vpyenv/bin/activate

## Initial checks
which python
python --version

##cd lth_thesis_project/jet_by_jet_compression/grid_search/
echo "Starting grid search..."
python 001_train_25aodbs4096_lr1e-02_wd1e-02_pp0e+00_.py
echo "Grid search ended."

##cp -p -r grid_search_001 $SLURM_SUBMIT_DIR

echo "End of job."
/home/erwulff/nobackup/lth_thesis_project/jet_by_jet_compression/grid_search/AE_bn_LeakyReLU_25AOD_grid_search_custom_normalization_1500epochs/AE_25_200_200_200_20_200_200_200_25
/home/erwulff/vpyenv/bin/python
Python 3.7.2
Starting grid search...
torch.cuda.is_available(): False
Training AE_bn_LeakyReLU with lr=1.0e-02, p=None, wd=1.0e-02 ...
epoch     train_loss  valid_loss  time    
0         0.012218    0.004296    01:45     
Better model found at epoch 0 with valid_loss value: 0.004296345170587301.
1         0.002431    0.002014    01:45     
Better model found at epoch 1 with valid_loss value: 0.0020136507228016853.
2         0.001409    0.001244    01:44     
Better model found at epoch 2 with valid_loss value: 0.001243926351889968.
3         0.000951    0.000867    01:44     
Better model found at epoch 3 with valid_loss value: 0.0008665683562867343.
4         0.000728    0.000672    01:46     
Better model found at epoch 4 with valid_loss value: 0.000672265246976167.
5         0.000598    0.000544    01:48     
Better model found at epoch 5 with valid_loss value: 0.0005438784137368202.
6         0.000492    0.000450    01:48     
Better model found at epoch 6 with valid_loss value: 0.00045019740355201066.
7         0.000439    0.000411    01:48     
Better model found at epoch 7 with valid_loss value: 0.00041051412699744105.
8         0.000383    0.000338    01:48     
Better model found at epoch 8 with valid_loss value: 0.000338174490025267.
9         0.000349    0.000344    01:48     
10        0.000318    0.000329    01:48     
Better model found at epoch 10 with valid_loss value: 0.0003292894398327917.
11        0.000304    0.000287    01:48     
Better model found at epoch 11 with valid_loss value: 0.0002872121403925121.
12        0.000293    0.000263    01:48     
Better model found at epoch 12 with valid_loss value: 0.0002628732763696462.
13        0.000266    0.000269    01:48     
14        0.000253    0.000214    01:47     
Better model found at epoch 14 with valid_loss value: 0.00021414717775769532.
15        0.000235    0.000199    01:47     
Better model found at epoch 15 with valid_loss value: 0.00019891111878678203.
16        0.000220    0.000183    01:47     
Better model found at epoch 16 with valid_loss value: 0.00018284549878444523.
17        0.000228    0.000199    01:47     
18        0.000208    0.000164    01:47     
Better model found at epoch 18 with valid_loss value: 0.00016377212887164205.
19        0.000199    0.000186    01:47     
20        0.000188    0.000214    01:47     
21        0.000182    0.000236    01:47     
22        0.000170    0.000194    01:47     
23        0.000184    0.000187    01:47     
24        0.000171    0.000220    01:47     
25        0.000164    0.000142    01:47     
Better model found at epoch 25 with valid_loss value: 0.00014248499064706266.
26        0.000172    0.000159    01:47     
27        0.000161    0.000128    01:47     
Better model found at epoch 27 with valid_loss value: 0.00012805340520571917.
28        0.000159    0.000123    01:47     
Better model found at epoch 28 with valid_loss value: 0.00012319292000029236.
29        0.000156    0.000185    01:47     
30        0.000154    0.000185    01:47     
31        0.000157    0.000184    01:47     
32        0.000151    0.000143    01:47     
33        0.000138    0.000120    01:47     
Better model found at epoch 33 with valid_loss value: 0.00012018893903587013.
34        0.000148    0.000113    01:47     
Better model found at epoch 34 with valid_loss value: 0.00011334920418448746.
35        0.000143    0.000154    01:47     
36        0.000141    0.000180    01:47     
37        0.000140    0.000149    01:47     
38        0.000150    0.000195    01:47     
39        0.000148    0.000161    01:47     
40        0.000130    0.000130    01:47     
41        0.000138    0.000175    01:47     
42        0.000128    0.000158    01:47     
43        0.000132    0.000141    01:47     
44        0.000138    0.000143    01:47     
45        0.000132    0.000156    01:47     
46        0.000128    0.000098    01:47     
Better model found at epoch 46 with valid_loss value: 9.819793194765225e-05.
47        0.000130    0.000089    01:47     
Better model found at epoch 47 with valid_loss value: 8.862716640578583e-05.
48        0.000125    0.000153    01:47     
49        0.000127    0.000094    01:47     
50        0.000140    0.000143    01:47     
51        0.000132    0.000157    01:47     
52        0.000138    0.000142    01:47     
53        0.000128    0.000118    01:47     
54        0.000130    0.000110    01:47     
55        0.000114    0.000159    01:47     
56        0.000136    0.000129    01:47     
57        0.000127    0.000254    01:47     
58        0.000121    0.000111    01:47     
59        0.000128    0.000314    01:47     
60        0.000135    0.000131    01:47     
61        0.000137    0.000160    01:47     
62        0.000124    0.000169    01:47     
63        0.000129    0.000151    01:47     
64        0.000126    0.000111    01:47     
65        0.000122    0.000136    01:47     
66        0.000122    0.000113    01:47     
67        0.000125    0.000240    01:47     
68        0.000125    0.000148    01:47     
69        0.000130    0.000206    01:48     
70        0.000123    0.000107    01:47     
71        0.000123    0.000112    01:47     
72        0.000123    0.000159    01:47     
73        0.000126    0.000129    01:48     
74        0.000134    0.000279    01:48     
75        0.000129    0.000192    01:48     
76        0.000117    0.000133    01:48     
77        0.000116    0.000173    01:48     
78        0.000134    0.000242    01:48     
79        0.000120    0.000126    01:48     
80        0.000125    0.000114    01:48     
81        0.000122    0.000178    01:48     
82        0.000127    0.000109    01:48     
83        0.000113    0.000141    01:48     
84        0.000132    0.000168    01:48     
85        0.000124    0.000176    01:48     
86        0.000127    0.000133    01:48     
87        0.000135    0.000192    01:48     
88        0.000121    0.000136    01:48     
89        0.000119    0.000125    01:48     
90        0.000125    0.000161    01:48     
91        0.000113    0.000165    01:48     
92        0.000124    0.000204    01:48     
93        0.000124    0.000098    01:48     
94        0.000138    0.000167    01:48     
95        0.000121    0.000099    01:48     
96        0.000130    0.000139    01:48     
97        0.000116    0.000119    01:49     
98        0.000124    0.000141    01:49     
99        0.000111    0.000132    01:49     
100       0.000123    0.000144    01:49     
101       0.000118    0.000150    01:49     
102       0.000123    0.000120    01:49     
103       0.000127    0.000224    01:49     
104       0.000129    0.000148    01:49     
105       0.000106    0.000257    01:49     
106       0.000127    0.000159    01:49     
107       0.000111    0.000153    01:49     
108       0.000116    0.000151    01:49     
109       0.000120    0.000145    01:49     
110       0.000112    0.000194    01:49     
111       0.000112    0.000170    01:49     
112       0.000122    0.000122    01:49     
113       0.000112    0.000193    01:49     
114       0.000107    0.000145    01:49     
115       0.000113    0.000197    01:49     
116       0.000118    0.000115    01:50     
117       0.000108    0.000131    01:50     
118       0.000109    0.000087    01:50     
Better model found at epoch 118 with valid_loss value: 8.714882278582081e-05.
119       0.000106    0.000095    01:50     
120       0.000108    0.000118    01:49     
121       0.000118    0.000147    01:50     
122       0.000124    0.000213    01:50     
123       0.000097    0.000124    01:50     
124       0.000107    0.000139    01:50     
125       0.000108    0.000104    01:50     
126       0.000101    0.000187    01:50     
127       0.000107    0.000143    01:50     
128       0.000112    0.000149    01:50     
129       0.000102    0.000111    01:50     
130       0.000114    0.000115    01:50     
131       0.000105    0.000108    01:50     
132       0.000112    0.000106    01:50     
133       0.000093    0.000060    01:50     
Better model found at epoch 133 with valid_loss value: 6.0063262935727835e-05.
134       0.000110    0.000103    01:50     
135       0.000103    0.000112    01:50     
136       0.000099    0.000136    01:51     
137       0.000107    0.000183    01:51     
138       0.000102    0.000086    01:51     
139       0.000103    0.000096    01:51     
140       0.000099    0.000109    01:51     
141       0.000093    0.000073    01:51     
142       0.000091    0.000091    01:51     
143       0.000092    0.000083    01:51     
144       0.000097    0.000112    01:51     
145       0.000092    0.000088    01:51     
146       0.000088    0.000086    01:51     
147       0.000088    0.000117    01:51     
148       0.000088    0.000079    01:51     
149       0.000097    0.000063    01:51     
150       0.000089    0.000085    01:51     
151       0.000089    0.000065    01:51     
152       0.000092    0.000105    01:51     
153       0.000087    0.000161    01:51     
154       0.000096    0.000072    01:51     
155       0.000083    0.000068    01:51     
156       0.000087    0.000079    01:51     
157       0.000082    0.000082    01:51     
158       0.000090    0.000080    01:51     
159       0.000081    0.000065    01:51     
160       0.000082    0.000076    01:51     
161       0.000083    0.000118    01:51     
162       0.000082    0.000100    01:51     
163       0.000081    0.000075    01:51     
164       0.000079    0.000076    01:51     
165       0.000079    0.000075    01:51     
166       0.000092    0.000087    01:51     
167       0.000083    0.000114    01:51     
168       0.000089    0.000069    01:51     
169       0.000074    0.000060    01:51     
Better model found at epoch 169 with valid_loss value: 5.968198092887178e-05.
170       0.000080    0.000079    01:51     
171       0.000077    0.000096    01:51     
172       0.000083    0.000086    01:51     
173       0.000085    0.000058    01:51     
Better model found at epoch 173 with valid_loss value: 5.771515498054214e-05.
174       0.000078    0.000079    01:51     
175       0.000080    0.000060    01:51     
176       0.000074    0.000081    01:51     
177       0.000077    0.000073    01:51     
178       0.000075    0.000111    01:51     
179       0.000076    0.000070    01:51     
180       0.000074    0.000066    01:51     
181       0.000077    0.000087    01:51     
182       0.000078    0.000088    01:51     
183       0.000075    0.000063    01:51     
184       0.000077    0.000093    01:51     
185       0.000082    0.000072    01:51     
186       0.000073    0.000058    01:51     
187       0.000071    0.000098    01:51     
188       0.000069    0.000059    01:52     
189       0.000074    0.000116    01:51     
190       0.000076    0.000078    01:51     
191       0.000070    0.000069    01:51     
192       0.000074    0.000080    01:51     
193       0.000073    0.000090    01:52     
194       0.000075    0.000061    01:52     
195       0.000071    0.000103    01:51     
196       0.000076    0.000099    01:51     
197       0.000070    0.000073    01:52     
198       0.000073    0.000079    01:51     
199       0.000075    0.000049    01:52     
Better model found at epoch 199 with valid_loss value: 4.925906614516862e-05.
200       0.000078    0.000071    01:52     
201       0.000068    0.000186    01:52     
202       0.000069    0.000116    01:52     
203       0.000078    0.000076    01:52     
204       0.000073    0.000094    01:52     
205       0.000075    0.000121    01:52     
206       0.000068    0.000166    01:52     
207       0.000071    0.000080    01:52     
208       0.000071    0.000127    01:52     
209       0.000077    0.000095    01:52     
210       0.000070    0.000107    01:52     
211       0.000074    0.000175    01:52     
212       0.000076    0.000135    01:52     
213       0.000069    0.000151    01:52     
214       0.000081    0.000106    01:52     
215       0.000075    0.000206    01:52     
216       0.000070    0.000128    01:52     
217       0.000072    0.000112    01:52     
218       0.000073    0.000142    01:52     
219       0.000069    0.000112    01:52     
220       0.000070    0.000283    01:52     
221       0.000070    0.000223    01:52     
222       0.000072    0.000080    01:52     
223       0.000070    0.000058    01:52     
224       0.000067    0.000117    01:52     
225       0.000064    0.000057    01:52     
226       0.000066    0.000187    01:52     
227       0.000064    0.000115    01:52     
228       0.000083    0.000103    01:52     
229       0.000067    0.000055    01:52     
230       0.000069    0.000063    01:52     
231       0.000067    0.000176    01:52     
232       0.000067    0.000192    01:52     
233       0.000067    0.000043    01:52     
Better model found at epoch 233 with valid_loss value: 4.3025756895076483e-05.
234       0.000067    0.000115    01:52     
235       0.000074    0.000086    01:52     
236       0.000069    0.000316    01:52     
237       0.000068    0.000114    01:52     
238       0.000073    0.000169    01:52     
239       0.000068    0.000066    01:52     
240       0.000068    0.000298    01:52     
241       0.000063    0.000107    01:52     
242       0.000067    0.000180    01:51     
243       0.000063    0.000162    01:52     
244       0.000074    0.000117    01:52     
245       0.000072    0.000742    01:51     
246       0.000068    0.000213    01:52     
247       0.000061    0.000079    01:51     
248       0.000068    0.000483    01:51     
249       0.000067    0.000090    01:51     
250       0.000064    0.000123    01:51     
251       0.000068    0.000053    01:51     
252       0.000066    0.000249    01:51     
253       0.000067    0.000241    01:51     
254       0.000067    0.000230    01:51     
255       0.000065    0.000272    01:51     
256       0.000067    0.000077    01:51     
257       0.000071    0.000462    01:51     
258       0.000068    0.000297    01:51     
259       0.000067    0.000063    01:51     
260       0.000065    0.000245    01:51     
261       0.000071    0.000350    01:51     
262       0.000072    0.000082    01:51     
263       0.000073    0.000131    01:51     
264       0.000066    0.000117    01:51     
265       0.000065    0.000199    01:51     
266       0.000067    0.000186    01:51     
267       0.000072    0.000100    01:51     
268       0.000069    0.000099    01:51     
269       0.000066    0.000150    01:51     
270       0.000073    0.000313    01:51     
271       0.000064    0.000543    01:51     
272       0.000068    0.000628    01:51     
273       0.000067    0.000078    01:51     
274       0.000072    0.000292    01:51     
275       0.000066    0.000183    01:51     
276       0.000060    0.000096    01:51     
277       0.000064    0.000118    01:51     
278       0.000070    0.000215    01:51     
279       0.000071    0.000312    01:50     
280       0.000064    0.000372    01:51     
281       0.000068    0.000871    01:51     
282       0.000071    0.000277    01:50     
283       0.000061    0.000380    01:50     
284       0.000066    0.000211    01:50     
285       0.000061    0.000251    01:50     
286       0.000069    0.000119    01:50     
287       0.000063    0.000131    01:50     
288       0.000071    0.000115    01:50     
289       0.000062    0.000195    01:50     
290       0.000071    0.000095    01:50     
291       0.000074    0.000214    01:50     
292       0.000069    0.000625    01:50     
293       0.000069    0.000144    01:50     
294       0.000065    0.000409    01:50     
295       0.000064    0.000375    01:50     
296       0.000068    0.000219    01:50     
297       0.000064    0.000139    01:50     
298       0.000067    0.000091    01:50     
299       0.000064    0.000114    01:51     
300       0.000071    0.000085    01:50     
301       0.000068    0.000121    01:51     
302       0.000066    0.000764    01:50     
303       0.000063    0.000168    01:50     
304       0.000069    0.000090    01:50     
305       0.000067    0.000089    01:50     
306       0.000066    0.000362    01:50     
307       0.000066    0.000253    01:50     
308       0.000064    0.000080    01:50     
309       0.000067    0.000123    01:50     
310       0.000065    0.000233    01:50     
311       0.000068    0.000174    01:50     
312       0.000063    0.000176    01:50     
313       0.000066    0.000063    01:50     
314       0.000056    0.000232    01:49     
315       0.000074    0.000933    01:49     
316       0.000067    0.000664    01:49     
317       0.000065    0.000547    01:49     
318       0.000073    0.000101    01:49     
319       0.000070    0.000154    01:49     
320       0.000070    0.000255    01:49     
321       0.000070    0.000805    01:49     
322       0.000060    0.000622    01:49     
323       0.000065    0.001162    01:49     
324       0.000067    0.000546    01:49     
325       0.000070    0.000197    01:49     
326       0.000067    0.000178    01:49     
327       0.000067    0.000165    01:49     
328       0.000067    0.000356    01:49     
329       0.000067    0.000447    01:49     
330       0.000068    0.000092    01:49     
331       0.000066    0.000130    01:49     
332       0.000065    0.000170    01:49     
333       0.000070    0.000083    01:49     
334       0.000070    0.002314    01:49     
335       0.000067    0.000080    01:49     
336       0.000066    0.000111    01:49     
337       0.000069    0.000098    01:48     
338       0.000064    0.000724    01:49     
339       0.000071    0.000213    01:48     
340       0.000072    0.000150    01:49     
341       0.000070    0.000086    01:48     
342       0.000067    0.000171    01:48     
343       0.000070    0.000067    01:49     
344       0.000070    0.000310    01:49     
345       0.000072    0.000344    01:48     
346       0.000061    0.000286    01:48     
347       0.000069    0.000428    01:49     
348       0.000067    0.001728    01:48     
349       0.000070    0.000126    01:48     
350       0.000076    0.000289    01:49     
351       0.000065    0.000099    01:48     
352       0.000074    0.000174    01:48     
353       0.000068    0.000120    01:48     
354       0.000071    0.000331    01:48     
355       0.000062    0.000082    01:48     
356       0.000068    0.000063    01:49     
357       0.000066    0.000167    01:48     
358       0.000071    0.000420    01:48     
359       0.000071    0.002059    01:49     
360       0.000074    0.000121    01:48     
361       0.000069    0.000083    01:48     
362       0.000072    0.000182    01:48     
363       0.000073    0.000115    01:48     
364       0.000078    0.002291    01:48     
365       0.000072    0.000275    01:48     
366       0.000071    0.000298    01:48     
367       0.000064    0.000246    01:48     
368       0.000064    0.000285    01:48     
369       0.000072    0.000279    01:48     
370       0.000073    0.000308    01:48     
371       0.000067    0.000637    01:48     
372       0.000074    0.000160    01:48     
373       0.000069    0.000707    01:48     
374       0.000063    0.000145    01:48     
375       0.000068    0.000062    01:48     
376       0.000071    0.000098    01:48     
377       0.000068    0.000112    01:48     
378       0.000068    0.000147    01:48     
379       0.000069    0.000071    01:48     
380       0.000072    0.000342    01:48     
381       0.000068    0.000253    01:48     
382       0.000073    0.000145    01:48     
383       0.000072    0.000659    01:48     
384       0.000072    0.000436    01:48     
385       0.000079    0.000727    01:48     
386       0.000071    0.000113    01:49     
387       0.000064    0.000797    01:48     
388       0.000069    0.001496    01:48     
389       0.000073    0.000286    01:48     
390       0.000061    0.000093    01:48     
391       0.000068    0.000474    01:48     
392       0.000069    0.000114    01:49     
393       0.000070    0.000156    01:48     
394       0.000068    0.000277    01:49     
395       0.000061    0.000083    01:49     
396       0.000073    0.000104    01:48     
397       0.000069    0.000069    01:49     
398       0.000066    0.000477    01:48     
399       0.000066    0.000093    01:49     
400       0.000060    0.000602    01:49     
401       0.000062    0.000532    01:49     
402       0.000066    0.000106    01:49     
403       0.000059    0.000242    01:49     
404       0.000061    0.000071    01:49     
405       0.000067    0.000113    01:49     
406       0.000067    0.000205    01:49     
407       0.000071    0.000091    01:49     
408       0.000069    0.000352    01:49     
409       0.000067    0.000507    01:49     
410       0.000071    0.001536    01:49     
411       0.000064    0.000096    01:49     
412       0.000062    0.000205    01:48     
413       0.000069    0.000123    01:49     
414       0.000062    0.000098    01:49     
415       0.000070    0.000135    01:49     
416       0.000068    0.000964    01:48     
417       0.000068    0.000782    01:49     
418       0.000071    0.000567    01:48     
419       0.000069    0.000799    01:48     
420       0.000069    0.000171    01:49     
421       0.000066    0.000131    01:49     
422       0.000075    0.001637    01:49     
423       0.000067    0.000054    01:49     
424       0.000067    0.000617    01:49     
425       0.000070    0.000139    01:49     
426       0.000074    0.000423    01:49     
427       0.000065    0.000395    01:49     
428       0.000063    0.000097    01:49     
429       0.000066    0.000066    01:49     
430       0.000070    0.000318    01:49     
431       0.000070    0.000170    01:49     
432       0.000066    0.000098    01:49     
433       0.000062    0.000062    01:49     
434       0.000083    0.000328    01:49     
435       0.000072    0.000117    01:49     
436       0.000066    0.000127    01:49     
437       0.000076    0.000235    01:49     
438       0.000073    0.000162    01:49     
439       0.000070    0.000121    01:49     
440       0.000067    0.000316    01:49     
441       0.000075    0.000493    01:49     
442       0.000067    0.000170    01:50     
443       0.000069    0.000580    01:49     
444       0.000066    0.000105    01:49     
445       0.000062    0.000282    01:49     
446       0.000065    0.000377    01:49     
447       0.000068    0.000895    01:49     
448       0.000070    0.002937    01:49     
449       0.000068    0.000313    01:49     
450       0.000071    0.000189    01:49     
451       0.000059    0.000158    01:49     
452       0.000065    0.000364    01:49     
453       0.000063    0.000289    01:49     
454       0.000067    0.000185    01:49     
455       0.000066    0.001333    01:49     
456       0.000072    0.000252    01:49     
457       0.000061    0.000352    01:49     
458       0.000060    0.000243    01:49     
459       0.000070    0.000405    01:49     
460       0.000062    0.000473    01:49     
461       0.000070    0.000152    01:49     
462       0.000068    0.000221    01:49     
463       0.000065    0.000060    01:48     
464       0.000064    0.000204    01:48     
465       0.000070    0.000284    01:48     
466       0.000067    0.000224    01:48     
467       0.000075    0.000201    01:49     
468       0.000071    0.000241    01:48     
469       0.000059    0.000180    01:48     
470       0.000059    0.000288    01:48     
471       0.000066    0.000605    01:49     
472       0.000066    0.000161    01:49     
473       0.000070    0.000104    01:48     
474       0.000065    0.000320    01:49     
475       0.000064    0.000438    01:49     
476       0.000070    0.000236    01:48     
477       0.000068    0.000984    01:49     
478       0.000074    0.000141    01:49     
479       0.000069    0.002041    01:49     
480       0.000060    0.000103    01:49     
481       0.000066    0.000067    01:49     
482       0.000070    0.000362    01:48     
483       0.000073    0.000352    01:49     
484       0.000063    0.000941    01:48     
485       0.000074    0.000782    01:49     
486       0.000066    0.000268    01:49     
487       0.000061    0.000261    01:49     
488       0.000065    0.000133    01:49     
489       0.000072    0.000906    01:49     
490       0.000063    0.000078    01:48     
491       0.000078    0.000388    01:49     
492       0.000064    0.000103    01:48     
493       0.000071    0.000142    01:49     
494       0.000067    0.000312    01:48     
495       0.000063    0.000150    01:49     
496       0.000070    0.000069    01:49     
497       0.000062    0.000109    01:49     
498       0.000067    0.000341    01:49     
499       0.000063    0.000082    01:49     
500       0.000070    0.000137    01:49     
501       0.000060    0.000089    01:49     
502       0.000080    0.000447    01:49     
503       0.000067    0.000925    01:48     
504       0.000062    0.000417    01:49     
505       0.000074    0.000291    01:48     
506       0.000065    0.000155    01:49     
507       0.000062    0.000251    01:49     
508       0.000064    0.000415    01:49     
509       0.000062    0.001537    01:49     
510       0.000062    0.000171    01:49     
511       0.000064    0.000124    01:49     
512       0.000067    0.000123    01:49     
513       0.000063    0.000131    01:49     
514       0.000065    0.000316    01:49     
515       0.000064    0.000707    01:49     
516       0.000069    0.000727    01:49     
517       0.000061    0.000102    01:49     
518       0.000065    0.000160    01:49     
519       0.000066    0.000087    01:49     
520       0.000063    0.000201    01:49     
521       0.000074    0.000179    01:49     
522       0.000069    0.000085    01:49     
523       0.000061    0.000211    01:49     
524       0.000063    0.000137    01:49     
525       0.000058    0.000924    01:49     
526       0.000066    0.000505    01:49     
527       0.000063    0.000200    01:49     
528       0.000066    0.000543    01:49     
529       0.000067    0.000532    01:49     
530       0.000066    0.000175    01:49     
531       0.000061    0.000432    01:49     
532       0.000060    0.000129    01:49     
533       0.000070    0.000146    01:49     
534       0.000077    0.005424    01:49     
535       0.000069    0.000077    01:49     
536       0.000072    0.000126    01:49     
537       0.000073    0.000283    01:49     
538       0.000060    0.000361    01:49     
539       0.000065    0.001009    01:49     
540       0.000066    0.000232    01:49     
541       0.000062    0.000220    01:49     
542       0.000060    0.000159    01:49     
543       0.000066    0.000076    01:49     
544       0.000059    0.000228    01:49     
545       0.000063    0.000412    01:49     
546       0.000072    0.000335    01:49     
547       0.000062    0.000146    01:49     
548       0.000063    0.000159    01:49     
549       0.000068    0.000169    01:49     
550       0.000059    0.000171    01:49     
551       0.000067    0.000087    01:49     
552       0.000068    0.000243    01:49     
553       0.000060    0.000624    01:48     
554       0.000064    0.000209    01:49     
555       0.000065    0.001959    01:49     
556       0.000073    0.000409    01:49     
557       0.000059    0.000081    01:49     
558       0.000066    0.000086    01:49     
559       0.000062    0.000201    01:49     
560       0.000059    0.000497    01:49     
561       0.000061    0.000162    01:49     
562       0.000064    0.000342    01:49     
563       0.000071    0.000194    01:49     
564       0.000066    0.000077    01:49     
565       0.000064    0.000141    01:49     
566       0.000069    0.000217    01:49     
567       0.000063    0.000074    01:49     
568       0.000066    0.000735    01:49     
569       0.000063    0.000132    01:49     
570       0.000061    0.000918    01:49     
571       0.000064    0.000390    01:49     
572       0.000059    0.000323    01:49     
573       0.000066    0.000105    01:49     
574       0.000067    0.000268    01:49     
575       0.000064    0.000238    01:49     
576       0.000068    0.000277    01:49     
577       0.000063    0.000774    01:49     
578       0.000061    0.000135    01:49     
579       0.000063    0.000121    01:49     
580       0.000066    0.000408    01:49     
581       0.000072    0.000123    01:49     
582       0.000062    0.000437    01:49     
583       0.000069    0.000999    01:49     
584       0.000067    0.000095    01:49     
585       0.000059    0.000515    01:49     
586       0.000065    0.000619    01:49     
587       0.000060    0.000088    01:49     
588       0.000058    0.000214    01:49     
589       0.000057    0.000950    01:49     
590       0.000070    0.000410    01:49     
591       0.000063    0.000606    01:49     
592       0.000063    0.000130    01:49     
593       0.000068    0.000191    01:49     
594       0.000068    0.000131    01:49     
595       0.000061    0.000141    01:49     
596       0.000064    0.000130    01:49     
597       0.000063    0.000077    01:49     
598       0.000067    0.000093    01:49     
599       0.000065    0.000146    01:49     
600       0.000066    0.000158    01:49     
601       0.000064    0.000177    01:49     
602       0.000069    0.000161    01:49     
603       0.000059    0.000170    01:49     
604       0.000056    0.000088    01:49     
605       0.000068    0.000849    01:49     
606       0.000065    0.000094    01:49     
607       0.000067    0.000183    01:49     
608       0.000065    0.000499    01:49     
609       0.000071    0.000303    01:49     
610       0.000063    0.000212    01:49     
611       0.000066    0.001223    01:49     
612       0.000070    0.000256    01:49     
613       0.000063    0.000899    01:50     
614       0.000055    0.000612    01:49     
615       0.000066    0.000252    01:50     
616       0.000055    0.000202    01:49     
617       0.000059    0.000050    01:50     
618       0.000065    0.000168    01:50     
619       0.000061    0.000411    01:49     
620       0.000068    0.000380    01:49     
621       0.000057    0.000200    01:50     
622       0.000062    0.002470    01:49     
623       0.000059    0.000364    01:49     
624       0.000065    0.000134    01:49     
625       0.000063    0.000822    01:49     
626       0.000057    0.000086    01:49     
627       0.000063    0.000153    01:49     
628       0.000073    0.000664    01:49     
629       0.000053    0.000156    01:49     
630       0.000053    0.000162    01:49     
631       0.000058    0.000063    01:49     
632       0.000062    0.000066    01:49     
633       0.000060    0.000150    01:49     
634       0.000064    0.000089    01:49     
635       0.000067    0.000296    01:49     
636       0.000061    0.000080    01:49     
637       0.000059    0.000427    01:50     
638       0.000063    0.000076    01:50     
639       0.000060    0.000147    01:50     
640       0.000056    0.000044    01:50     
641       0.000063    0.000143    01:50     
642       0.000057    0.000078    01:50     
643       0.000060    0.000122    01:50     
644       0.000065    0.000255    01:50     
645       0.000056    0.000078    01:50     
646       0.000070    0.000133    01:50     
647       0.000061    0.000074    01:50     
648       0.000059    0.000142    01:50     
649       0.000060    0.000208    01:50     
650       0.000060    0.000184    01:50     
651       0.000057    0.000211    01:50     
652       0.000058    0.000151    01:49     
653       0.000058    0.000180    01:49     
654       0.000062    0.000229    01:49     
655       0.000060    0.000131    01:49     
656       0.000063    0.000135    01:49     
657       0.000058    0.000193    01:49     
658       0.000059    0.002174    01:49     
659       0.000062    0.000104    01:49     
660       0.000056    0.000106    01:49     
661       0.000057    0.000088    01:50     
662       0.000052    0.000299    01:49     
663       0.000059    0.000251    01:49     
664       0.000067    0.000108    01:50     
665       0.000061    0.000516    01:50     
666       0.000064    0.000394    01:49     
667       0.000064    0.000576    01:50     
668       0.000062    0.000079    01:49     
669       0.000064    0.000120    01:49     
670       0.000060    0.000101    01:50     
671       0.000067    0.000114    01:50     
672       0.000056    0.000084    01:50     
673       0.000069    0.000315    01:50     
674       0.000062    0.000099    01:50     
675       0.000054    0.000045    01:50     
676       0.000069    0.000099    01:50     
677       0.000064    0.000340    01:50     
678       0.000065    0.000117    01:50     
679       0.000056    0.000070    01:50     
680       0.000060    0.000086    01:50     
681       0.000058    0.000078    01:50     
682       0.000061    0.000126    01:50     
683       0.000067    0.000132    01:50     
684       0.000065    0.000113    01:50     
685       0.000058    0.000133    01:50     
686       0.000065    0.000165    01:50     
687       0.000073    0.000140    01:50     
688       0.000057    0.000137    01:50     
689       0.000065    0.000080    01:50     
690       0.000062    0.000170    01:50     
691       0.000064    0.000125    01:49     
692       0.000066    0.000129    01:49     
693       0.000057    0.000228    01:50     
694       0.000063    0.000790    01:49     
695       0.000062    0.000246    01:50     
696       0.000058    0.000140    01:49     
697       0.000057    0.001003    01:49     
698       0.000059    0.000098    01:49     
699       0.000056    0.000146    01:49     
700       0.000054    0.000588    01:49     
701       0.000054    0.000157    01:49     
702       0.000058    0.000984    01:49     
703       0.000062    0.000086    01:49     
704       0.000060    0.000124    01:49     
705       0.000067    0.001290    01:49     
706       0.000056    0.000078    01:49     
707       0.000054    0.000070    01:49     
708       0.000058    0.000257    01:49     
709       0.000053    0.000565    01:49     
710       0.000064    0.000198    01:49     
711       0.000060    0.000046    01:49     
712       0.000055    0.000088    01:49     
713       0.000062    0.000410    01:49     
714       0.000066    0.000182    01:49     
715       0.000052    0.000084    01:49     
716       0.000064    0.000113    01:49     
717       0.000058    0.000084    01:49     
718       0.000053    0.000169    01:49     
719       0.000054    0.000044    01:49     
720       0.000060    0.000054    01:49     
721       0.000055    0.000196    01:49     
722       0.000064    0.000100    01:49     
723       0.000059    0.000117    01:49     
724       0.000053    0.000104    01:49     
725       0.000064    0.001054    01:49     
726       0.000061    0.000084    01:49     
727       0.000062    0.000147    01:49     
728       0.000054    0.000057    01:48     
729       0.000061    0.000081    01:48     
730       0.000059    0.000177    01:48     
731       0.000054    0.000132    01:48     
732       0.000055    0.000093    01:48     
733       0.000061    0.000091    01:48     
734       0.000051    0.000116    01:48     
735       0.000057    0.000150    01:48     
736       0.000055    0.000144    01:48     
737       0.000059    0.000114    01:47     
738       0.000061    0.000050    01:48     
739       0.000059    0.000478    01:48     
740       0.000054    0.000093    01:48     
741       0.000062    0.000166    01:48     
742       0.000064    0.000212    01:48     
743       0.000057    0.000055    01:48     
744       0.000064    0.000080    01:48     
745       0.000060    0.000119    01:48     
746       0.000068    0.000646    01:48     
747       0.000055    0.000304    01:48     
748       0.000060    0.000064    01:47     
749       0.000061    0.000200    01:48     
750       0.000061    0.000066    01:48     
751       0.000058    0.000129    01:48     
752       0.000061    0.000189    01:48     
753       0.000057    0.000190    01:48     
754       0.000058    0.000496    01:48     
755       0.000052    0.000078    01:48     
756       0.000054    0.000336    01:48     
757       0.000057    0.000078    01:48     
758       0.000056    0.002333    01:48     
759       0.000054    0.000292    01:48     
760       0.000056    0.000052    01:48     
761       0.000064    0.000143    01:48     
762       0.000057    0.000077    01:48     
763       0.000071    0.000131    01:48     
764       0.000064    0.000345    01:48     
765       0.000054    0.000238    01:48     
766       0.000055    0.000143    01:48     
767       0.000050    0.001332    01:48     
768       0.000058    0.000097    01:48     
769       0.000052    0.000085    01:48     
770       0.000052    0.000054    01:48     
771       0.000056    0.001175    01:48     
772       0.000057    0.000503    01:48     
773       0.000056    0.000085    01:48     
774       0.000056    0.000168    01:48     
775       0.000056    0.000095    01:48     
776       0.000053    0.000103    01:48     
777       0.000056    0.000551    01:48     
778       0.000058    0.000121    01:48     
779       0.000056    0.000051    01:48     
780       0.000056    0.000417    01:48     
781       0.000057    0.000051    01:48     
782       0.000056    0.000443    01:48     
783       0.000054    0.000066    01:48     
784       0.000059    0.000281    01:48     
785       0.000054    0.000319    01:48     
786       0.000051    0.000068    01:48     
787       0.000060    0.000089    01:48     
788       0.000051    0.000085    01:48     
789       0.000052    0.000075    01:48     
790       0.000057    0.000048    01:48     
791       0.000051    0.000063    01:48     
792       0.000056    0.000098    01:48     
793       0.000057    0.000290    01:48     
794       0.000057    0.001818    01:48     
795       0.000052    0.001304    01:48     
796       0.000060    0.000064    01:48     
797       0.000057    0.000072    01:48     
798       0.000055    0.000088    01:48     
799       0.000055    0.001378    01:48     
800       0.000054    0.000046    01:48     
801       0.000051    0.000076    01:48     
802       0.000049    0.000082    01:48     
803       0.000051    0.000039    01:48     
Better model found at epoch 803 with valid_loss value: 3.901481250068173e-05.
804       0.000053    0.000030    01:48     
Better model found at epoch 804 with valid_loss value: 3.049340011784807e-05.
805       0.000057    0.000044    01:48     
806       0.000053    0.000076    01:48     
807       0.000054    0.000084    01:48     
808       0.000054    0.000075    01:48     
809       0.000053    0.000107    01:48     
810       0.000052    0.000080    01:48     
811       0.000058    0.000092    01:48     
812       0.000053    0.000102    01:48     
813       0.000054    0.000046    01:48     
814       0.000055    0.000068    01:47     
815       0.000051    0.000045    01:47     
816       0.000053    0.000449    01:47     
817       0.000054    0.000060    01:47     
818       0.000050    0.000122    01:47     
819       0.000054    0.000077    01:47     
820       0.000057    0.000121    01:47     
821       0.000053    0.000054    01:47     
822       0.000053    0.000077    01:47     
823       0.000051    0.000035    01:47     
824       0.000058    0.000050    01:47     
825       0.000061    0.000214    01:47     
826       0.000051    0.000787    01:47     
827       0.000054    0.000057    01:47     
828       0.000052    0.000064    01:47     
829       0.000048    0.001047    01:47     
830       0.000050    0.000505    01:47     
831       0.000056    0.000043    01:47     
832       0.000049    0.000043    01:47     
833       0.000049    0.000096    01:46     
834       0.000052    0.000057    01:47     
835       0.000053    0.000121    01:47     
836       0.000051    0.000158    01:47     
837       0.000053    0.000067    01:47     
838       0.000057    0.000140    01:47     
839       0.000053    0.000211    01:47     
840       0.000058    0.000099    01:47     
841       0.000049    0.000054    01:47     
842       0.000054    0.000403    01:47     
843       0.000052    0.000730    01:47     
844       0.000052    0.000292    01:47     
845       0.000053    0.000090    01:47     
846       0.000063    0.000060    01:47     
847       0.000051    0.000123    01:47     
848       0.000057    0.000063    01:47     
849       0.000050    0.000457    01:47     
850       0.000046    0.000035    01:47     
851       0.000056    0.000210    01:47     
852       0.000055    0.000082    01:47     
853       0.000056    0.000056    01:47     
854       0.000049    0.000077    01:46     
855       0.000049    0.000037    01:46     
856       0.000044    0.000049    01:47     
857       0.000052    0.001515    01:46     
858       0.000048    0.000064    01:46     
859       0.000051    0.000038    01:46     
860       0.000048    0.000057    01:46     
861       0.000047    0.000074    01:46     
862       0.000048    0.000037    01:46     
863       0.000052    0.000036    01:46     
864       0.000046    0.000081    01:46     
865       0.000052    0.000081    01:47     
866       0.000053    0.000134    01:47     
867       0.000044    0.000054    01:46     
868       0.000054    0.000029    01:46     
Better model found at epoch 868 with valid_loss value: 2.925532498920802e-05.
869       0.000050    0.000112    01:46     
870       0.000051    0.000043    01:46     
871       0.000050    0.000089    01:46     
872       0.000050    0.000057    01:46     
873       0.000048    0.000068    01:46     
874       0.000050    0.000155    01:46     
875       0.000052    0.000050    01:46     
876       0.000051    0.000045    01:46     
877       0.000055    0.000047    01:46     
878       0.000048    0.000680    01:47     
879       0.000051    0.000055    01:46     
880       0.000050    0.000155    01:46     
881       0.000050    0.000056    01:47     
882       0.000048    0.000043    01:46     
883       0.000056    0.003469    01:46     
884       0.000045    0.000046    01:46     
885       0.000051    0.000042    01:46     
886       0.000050    0.000071    01:46     
887       0.000053    0.000393    01:47     
888       0.000044    0.000038    01:46     
889       0.000045    0.000033    01:46     
890       0.000046    0.000208    01:47     
891       0.000046    0.001177    01:47     
892       0.000053    0.000059    01:46     
893       0.000045    0.000050    01:47     
894       0.000047    0.000060    01:46     
895       0.000050    0.000158    01:46     
896       0.000049    0.000057    01:47     
897       0.000044    0.000062    01:47     
898       0.000050    0.000040    01:47     
899       0.000050    0.000053    01:46     
900       0.000049    0.000035    01:47     
901       0.000047    0.000026    01:47     
Better model found at epoch 901 with valid_loss value: 2.618183134472929e-05.
902       0.000045    0.000625    01:47     
903       0.000050    0.000588    01:47     
904       0.000048    0.000061    01:47     
905       0.000051    0.000040    01:47     
906       0.000055    0.002803    01:47     
907       0.000044    0.000028    01:46     
908       0.000050    0.000048    01:46     
909       0.000048    0.000041    01:47     
910       0.000045    0.000048    01:47     
911       0.000044    0.000037    01:46     
912       0.000046    0.000080    01:47     
913       0.000048    0.000057    01:46     
914       0.000047    0.000050    01:46     
915       0.000056    0.000111    01:46     
916       0.000045    0.000034    01:46     
917       0.000044    0.000092    01:47     
918       0.000045    0.000042    01:46     
919       0.000048    0.000058    01:46     
920       0.000049    0.000035    01:46     
921       0.000049    0.000034    01:47     
922       0.000051    0.000075    01:47     
923       0.000043    0.000116    01:46     
924       0.000050    0.000034    01:47     
925       0.000045    0.000064    01:47     
926       0.000042    0.000028    01:46     
927       0.000046    0.000032    01:46     
928       0.000050    0.000077    01:47     
929       0.000051    0.000130    01:46     
930       0.000044    0.000029    01:46     
931       0.000042    0.000161    01:46     
932       0.000044    0.000040    01:46     
933       0.000047    0.000070    01:47     
934       0.000047    0.000031    01:46     
935       0.000047    0.000066    01:47     
936       0.000044    0.000969    01:46     
937       0.000045    0.000059    01:46     
938       0.000045    0.000049    01:47     
939       0.000044    0.000025    01:47     
Better model found at epoch 939 with valid_loss value: 2.544904054957442e-05.
940       0.000048    0.000054    01:47     
941       0.000044    0.000037    01:47     
942       0.000047    0.000054    01:47     
943       0.000045    0.000027    01:46     
944       0.000043    0.000059    01:47     
945       0.000047    0.000065    01:47     
946       0.000044    0.000046    01:47     
947       0.000053    0.000048    01:47     
948       0.000048    0.000045    01:47     
949       0.000045    0.000045    01:47     
950       0.000050    0.000045    01:47     
951       0.000045    0.000041    01:47     
952       0.000050    0.000105    01:46     
953       0.000046    0.000050    01:47     
954       0.000046    0.000176    01:47     
955       0.000046    0.000030    01:47     
956       0.000047    0.000042    01:47     
957       0.000047    0.000027    01:47     
958       0.000041    0.000050    01:47     
959       0.000050    0.000039    01:47     
960       0.000044    0.000034    01:47     
961       0.000041    0.000352    01:47     
962       0.000044    0.000025    01:47     
Better model found at epoch 962 with valid_loss value: 2.52136196650099e-05.
963       0.000048    0.000028    01:47     
964       0.000044    0.000034    01:46     
965       0.000047    0.000790    01:47     
966       0.000041    0.000038    01:47     
967       0.000048    0.000036    01:47     
968       0.000050    0.000052    01:46     
969       0.000041    0.000452    01:47     
970       0.000041    0.000037    01:47     
971       0.000042    0.000039    01:47     
972       0.000046    0.000022    01:47     
Better model found at epoch 972 with valid_loss value: 2.2005882783560082e-05.
973       0.000048    0.000031    01:47     
974       0.000046    0.000034    01:47     
975       0.000046    0.000044    01:47     
976       0.000044    0.000526    01:47     
977       0.000049    0.000419    01:47     
978       0.000049    0.000046    01:47     
979       0.000056    0.000098    01:47     
980       0.000045    0.000271    01:47     
981       0.000044    0.000050    01:47     
982       0.000047    0.000039    01:47     
983       0.000047    0.000567    01:47     
984       0.000041    0.000027    01:47     
985       0.000041    0.000040    01:47     
986       0.000041    0.000028    01:47     
987       0.000042    0.000060    01:47     
988       0.000043    0.000061    01:47     
989       0.000042    0.000030    01:47     
990       0.000044    0.000024    01:47     
991       0.000045    0.000054    01:47     
992       0.000049    0.000524    01:47     
993       0.000041    0.000049    01:47     
994       0.000041    0.000031    01:47     
995       0.000046    0.000067    01:47     
996       0.000040    0.000021    01:47     
Better model found at epoch 996 with valid_loss value: 2.1324500266928226e-05.
997       0.000042    0.000031    01:47     
998       0.000043    0.000075    01:47     
999       0.000047    0.000034    01:47     
1000      0.000044    0.000097    01:47     
1001      0.000041    0.000024    01:47     
1002      0.000038    0.000033    01:47     
1003      0.000045    0.000029    01:47     
1004      0.000042    0.000386    01:47     
1005      0.000041    0.000302    01:47     
1006      0.000043    0.000035    01:47     
1007      0.000040    0.000025    01:47     
1008      0.000044    0.000054    01:47     
1009      0.000040    0.000030    01:47     
1010      0.000041    0.000038    01:47     
1011      0.000042    0.000049    01:47     
1012      0.000044    0.000015    01:47     
Better model found at epoch 1012 with valid_loss value: 1.5158818314375822e-05.
1013      0.000045    0.000030    01:48     
1014      0.000043    0.000023    01:47     
1015      0.000046    0.000087    01:47     
1016      0.000039    0.000028    01:47     
1017      0.000040    0.000029    01:47     
1018      0.000045    0.000020    01:47     
1019      0.000045    0.000045    01:48     
1020      0.000038    0.000030    01:47     
1021      0.000046    0.000088    01:47     
1022      0.000041    0.000030    01:47     
1023      0.000041    0.000024    01:47     
1024      0.000036    0.000046    01:47     
1025      0.000042    0.000032    01:47     
1026      0.000036    0.000015    01:48     
Better model found at epoch 1026 with valid_loss value: 1.4693686352984514e-05.
1027      0.000043    0.000025    01:47     
1028      0.000040    0.000046    01:47     
1029      0.000040    0.000033    01:47     
1030      0.000044    0.000019    01:47     
1031      0.000043    0.000140    01:47     
1032      0.000043    0.000027    01:47     
1033      0.000039    0.000020    01:47     
1034      0.000043    0.000038    01:47     
1035      0.000044    0.000076    01:47     
1036      0.000042    0.000038    01:47     
1037      0.000040    0.000027    01:47     
1038      0.000037    0.000077    01:47     
1039      0.000041    0.000031    01:48     
1040      0.000042    0.000029    01:47     
1041      0.000042    0.000040    01:47     
1042      0.000040    0.000219    01:48     
1043      0.000043    0.000029    01:47     
1044      0.000039    0.000023    01:48     
1045      0.000036    0.000102    01:47     
1046      0.000042    0.000035    01:47     
1047      0.000040    0.000034    01:47     
1048      0.000036    0.000031    01:47     
1049      0.000042    0.000032    01:47     
1050      0.000034    0.000031    01:47     
1051      0.000039    0.000029    01:47     
1052      0.000037    0.000018    01:47     
1053      0.000044    0.000042    01:47     
1054      0.000037    0.000026    01:47     
1055      0.000042    0.000057    01:47     
1056      0.000036    0.000026    01:46     
1057      0.000034    0.000035    01:45     
1058      0.000038    0.000046    01:44     
1059      0.000042    0.000042    01:44     
1060      0.000039    0.000031    01:43     
1061      0.000035    0.000050    01:43     
1062      0.000041    0.000018    01:43     
1063      0.000044    0.000029    01:43     
1064      0.000041    0.000061    01:43     
1065      0.000035    0.000021    01:43     
1066      0.000037    0.000019    01:44     
1067      0.000039    0.000020    01:43     
1068      0.000045    0.000174    01:43     
1069      0.000042    0.000236    01:43     
1070      0.000043    0.000021    01:43     
1071      0.000038    0.000262    01:43     
1072      0.000039    0.000025    01:43     
1073      0.000039    0.000282    01:43     
1074      0.000038    0.000239    01:43     
1075      0.000035    0.000021    01:43     
1076      0.000038    0.000040    01:43     
1077      0.000045    0.000027    01:43     
1078      0.000035    0.000015    01:43     
Better model found at epoch 1078 with valid_loss value: 1.4550386367773172e-05.
1079      0.000034    0.000018    01:43     
1080      0.000040    0.000040    01:43     
1081      0.000036    0.000018    01:43     
1082      0.000037    0.000022    01:43     
1083      0.000040    0.000057    01:43     
1084      0.000038    0.000032    01:43     
1085      0.000038    0.000032    01:43     
1086      0.000041    0.000063    01:43     
1087      0.000039    0.000039    01:43     
1088      0.000039    0.000021    01:43     
1089      0.000039    0.000022    01:43     
1090      0.000040    0.000021    01:43     
1091      0.000037    0.000019    01:43     
1092      0.000034    0.000083    01:43     
1093      0.000035    0.000015    01:43     
1094      0.000038    0.000016    01:43     
1095      0.000038    0.000023    01:43     
1096      0.000035    0.000021    01:43     
1097      0.000041    0.000379    01:43     
1098      0.000034    0.000029    01:43     
1099      0.000037    0.000055    01:43     
1100      0.000037    0.000046    01:43     
1101      0.000037    0.000021    01:43     
1102      0.000034    0.000022    01:43     
1103      0.000033    0.000030    01:43     
1104      0.000040    0.000394    01:43     
1105      0.000039    0.000284    01:43     
1106      0.000037    0.000019    01:44     
1107      0.000038    0.000023    01:43     
1108      0.000040    0.000042    01:43     
1109      0.000036    0.000024    01:43     
1110      0.000033    0.000019    01:43     
1111      0.000037    0.000025    01:44     
1112      0.000034    0.000022    01:44     
1113      0.000036    0.000074    01:43     
1114      0.000038    0.000021    01:44     
1115      0.000032    0.000016    01:43     
1116      0.000033    0.000034    01:43     
1117      0.000037    0.000012    01:44     
Better model found at epoch 1117 with valid_loss value: 1.2243867786310147e-05.
1118      0.000038    0.000083    01:43     
1119      0.000036    0.000034    01:43     
1120      0.000039    0.000015    01:43     
1121      0.000035    0.000028    01:43     
1122      0.000037    0.000029    01:43     
1123      0.000035    0.000024    01:44     
1124      0.000036    0.000020    01:43     
1125      0.000035    0.000020    01:43     
1126      0.000036    0.000026    01:44     
1127      0.000031    0.000022    01:43     
1128      0.000038    0.000024    01:44     
1129      0.000035    0.000021    01:44     
1130      0.000035    0.000021    01:44     
1131      0.000036    0.000063    01:44     
1132      0.000038    0.000086    01:43     
1133      0.000034    0.000017    01:44     
1134      0.000038    0.000025    01:44     
1135      0.000035    0.000025    01:43     
1136      0.000032    0.000008    01:44     
Better model found at epoch 1136 with valid_loss value: 7.815181561454665e-06.
1137      0.000034    0.000027    01:43     
1138      0.000038    0.000041    01:43     
1139      0.000032    0.000014    01:43     
1140      0.000035    0.000017    01:44     
1141      0.000032    0.000015    01:44     
1142      0.000034    0.000026    01:43     
1143      0.000032    0.000022    01:44     
1144      0.000031    0.000015    01:43     
1145      0.000034    0.000104    01:44     
1146      0.000032    0.000016    01:44     
1147      0.000030    0.000015    01:43     
1148      0.000035    0.000019    01:44     
1149      0.000034    0.000035    01:44     
1150      0.000038    0.000063    01:43     
1151      0.000032    0.000047    01:43     
1152      0.000034    0.000286    01:44     
1153      0.000033    0.000017    01:43     
1154      0.000032    0.000014    01:44     
1155      0.000032    0.000019    01:43     
1156      0.000034    0.000014    01:43     
1157      0.000032    0.000017    01:44     
1158      0.000033    0.000025    01:43     
1159      0.000034    0.000016    01:43     
1160      0.000033    0.000014    01:43     
1161      0.000033    0.000038    01:44     
1162      0.000032    0.000013    01:43     
1163      0.000030    0.000014    01:43     
1164      0.000034    0.000012    01:43     
1165      0.000031    0.000013    01:43     
1166      0.000033    0.000012    01:44     
1167      0.000036    0.000024    01:43     
1168      0.000033    0.000019    01:44     
1169      0.000033    0.000025    01:44     
1170      0.000029    0.000017    01:44     
1171      0.000034    0.000014    01:43     
1172      0.000030    0.000017    01:43     
1173      0.000029    0.000013    01:44     
1174      0.000031    0.000014    01:43     
1175      0.000034    0.000013    01:43     
1176      0.000031    0.000017    01:44     
1177      0.000035    0.000021    01:44     
1178      0.000032    0.000011    01:44     
1179      0.000033    0.000031    01:44     
1180      0.000031    0.000022    01:44     
1181      0.000032    0.000012    01:44     
1182      0.000031    0.000016    01:44     
1183      0.000030    0.000009    01:44     
1184      0.000035    0.000043    01:44     
1185      0.000034    0.000015    01:43     
1186      0.000036    0.000072    01:44     
1187      0.000035    0.000011    01:44     
1188      0.000029    0.000015    01:44     
1189      0.000034    0.000015    01:43     
1190      0.000033    0.000008    01:44     
1191      0.000032    0.000013    01:44     
1192      0.000033    0.000015    01:43     
1193      0.000031    0.000011    01:44     
1194      0.000031    0.000015    01:44     
1195      0.000031    0.000011    01:43     
1196      0.000030    0.000013    01:44     
1197      0.000031    0.000014    01:44     
1198      0.000030    0.000009    01:43     
1199      0.000030    0.000010    01:44     
1200      0.000029    0.000016    01:44     
1201      0.000032    0.000024    01:43     
1202      0.000031    0.000010    01:43     
1203      0.000029    0.000012    01:43     
1204      0.000032    0.000010    01:43     
1205      0.000036    0.000096    01:44     
1206      0.000035    0.000021    01:43     
1207      0.000033    0.000017    01:43     
1208      0.000029    0.000012    01:43     
1209      0.000030    0.000010    01:44     
1210      0.000030    0.000009    01:44     
1211      0.000031    0.000013    01:43     
1212      0.000027    0.000010    01:44     
1213      0.000030    0.000011    01:44     
1214      0.000031    0.000024    01:44     
1215      0.000034    0.000009    01:44     
1216      0.000029    0.000009    01:44     
1217      0.000032    0.000011    01:44     
1218      0.000029    0.000010    01:44     
1219      0.000029    0.000010    01:44     
1220      0.000030    0.000012    01:44     
1221      0.000028    0.000008    01:44     
1222      0.000033    0.000017    01:44     
1223      0.000035    0.000018    01:44     
1224      0.000034    0.000015    01:44     
1225      0.000030    0.000014    01:44     
1226      0.000032    0.000011    01:44     
1227      0.000029    0.000024    01:44     
1228      0.000032    0.000008    01:44     
1229      0.000031    0.000013    01:44     
1230      0.000031    0.000010    01:44     
1231      0.000031    0.000012    01:44     
1232      0.000028    0.000008    01:44     
1233      0.000030    0.000007    01:44     
Better model found at epoch 1233 with valid_loss value: 6.757901701348601e-06.
1234      0.000029    0.000008    01:44     
1235      0.000030    0.000012    01:44     
1236      0.000028    0.000011    01:44     
1237      0.000030    0.000011    01:43     
1238      0.000032    0.000021    01:44     
1239      0.000032    0.000013    01:44     
1240      0.000030    0.000011    01:44     
1241      0.000030    0.000013    01:44     
1242      0.000030    0.000015    01:44     
1243      0.000033    0.000016    01:44     
1244      0.000029    0.000016    01:44     
1245      0.000031    0.000011    01:44     
1246      0.000029    0.000011    01:44     
1247      0.000029    0.000007    01:44     
1248      0.000026    0.000006    01:43     
Better model found at epoch 1248 with valid_loss value: 6.495365141745424e-06.
1249      0.000029    0.000008    01:44     
1250      0.000030    0.000011    01:44     
1251      0.000028    0.000021    01:44     
1252      0.000029    0.000041    01:44     
1253      0.000033    0.000008    01:44     
1254      0.000030    0.000010    01:44     
1255      0.000029    0.000010    01:43     
1256      0.000030    0.000013    01:44     
1257      0.000028    0.000011    01:44     
1258      0.000029    0.000007    01:44     
1259      0.000025    0.000007    01:44     
1260      0.000029    0.000010    01:43     
1261      0.000028    0.000011    01:44     
1262      0.000031    0.000014    01:44     
1263      0.000029    0.000013    01:43     
1264      0.000029    0.000008    01:44     
1265      0.000028    0.000010    01:44     
1266      0.000025    0.000010    01:44     
1267      0.000026    0.000007    01:44     
1268      0.000027    0.000009    01:44     
1269      0.000034    0.000011    01:44     
1270      0.000028    0.000007    01:44     
1271      0.000029    0.000007    01:44     
1272      0.000027    0.000006    01:44     
Better model found at epoch 1272 with valid_loss value: 6.037057119101519e-06.
1273      0.000026    0.000009    01:44     
1274      0.000032    0.000008    01:44     
1275      0.000026    0.000007    01:44     
1276      0.000029    0.000009    01:44     
1277      0.000026    0.000007    01:44     
1278      0.000029    0.000016    01:44     
1279      0.000026    0.000007    01:44     
1280      0.000026    0.000008    01:44     
1281      0.000025    0.000007    01:44     
1282      0.000028    0.000010    01:44     
1283      0.000027    0.000009    01:44     
1284      0.000028    0.000007    01:44     
1285      0.000029    0.000008    01:44     
1286      0.000029    0.000007    01:44     
1287      0.000030    0.000007    01:44     
1288      0.000027    0.000006    01:44     
Better model found at epoch 1288 with valid_loss value: 5.807426077808486e-06.
1289      0.000028    0.000007    01:44     
1290      0.000029    0.000007    01:44     
1291      0.000028    0.000007    01:44     
1292      0.000027    0.000006    01:44     
1293      0.000026    0.000010    01:44     
1294      0.000029    0.000005    01:44     
Better model found at epoch 1294 with valid_loss value: 5.205019988352433e-06.
1295      0.000029    0.000009    01:44     
1296      0.000027    0.000011    01:44     
1297      0.000027    0.000006    01:44     
1298      0.000031    0.000007    01:43     
1299      0.000029    0.000011    01:44     
1300      0.000027    0.000008    01:45     
1301      0.000028    0.000012    01:44     
1302      0.000027    0.000005    01:44     
1303      0.000025    0.000005    01:44     
Better model found at epoch 1303 with valid_loss value: 5.190309366298607e-06.
1304      0.000029    0.000011    01:43     
1305      0.000028    0.000005    01:44     
1306      0.000027    0.000008    01:44     
1307      0.000029    0.000007    01:44     
1308      0.000024    0.000005    01:44     
1309      0.000025    0.000008    01:44     
1310      0.000028    0.000008    01:44     
1311      0.000030    0.000008    01:44     
1312      0.000025    0.000006    01:44     
1313      0.000026    0.000006    01:44     
1314      0.000025    0.000006    01:44     
1315      0.000026    0.000006    01:44     
1316      0.000028    0.000012    01:44     
1317      0.000028    0.000011    01:44     
1318      0.000025    0.000005    01:44     
1319      0.000027    0.000006    01:44     
1320      0.000027    0.000005    01:44     
Better model found at epoch 1320 with valid_loss value: 5.080663413536968e-06.
1321      0.000027    0.000012    01:44     
1322      0.000025    0.000009    01:44     
1323      0.000026    0.000004    01:44     
Better model found at epoch 1323 with valid_loss value: 4.254528903402388e-06.
1324      0.000025    0.000005    01:44     
1325      0.000027    0.000009    01:44     
1326      0.000023    0.000005    01:44     
1327      0.000023    0.000005    01:44     
1328      0.000026    0.000004    01:44     
Better model found at epoch 1328 with valid_loss value: 4.150499535171548e-06.
1329      0.000028    0.000007    01:44     
1330      0.000026    0.000006    01:44     
1331      0.000024    0.000006    01:44     
1332      0.000024    0.000007    01:44     
1333      0.000024    0.000004    01:44     
Better model found at epoch 1333 with valid_loss value: 4.025308498967206e-06.
1334      0.000023    0.000004    01:44     
1335      0.000026    0.000005    01:44     
1336      0.000025    0.000006    01:44     
1337      0.000025    0.000004    01:44     
1338      0.000025    0.000005    01:44     
1339      0.000023    0.000005    01:44     
1340      0.000027    0.000006    01:44     
1341      0.000028    0.000005    01:44     
1342      0.000026    0.000005    01:44     
1343      0.000024    0.000005    01:44     
1344      0.000026    0.000011    01:44     
1345      0.000026    0.000005    01:44     
1346      0.000024    0.000005    01:44     
1347      0.000023    0.000004    01:44     
1348      0.000025    0.000005    01:44     
1349      0.000025    0.000004    01:44     
1350      0.000026    0.000005    01:44     
1351      0.000027    0.000007    01:44     
1352      0.000024    0.000004    01:44     
1353      0.000024    0.000004    01:44     
1354      0.000023    0.000005    01:44     
1355      0.000025    0.000004    01:44     
1356      0.000026    0.000004    01:44     
1357      0.000025    0.000005    01:44     
1358      0.000025    0.000004    01:44     
1359      0.000026    0.000005    01:44     
1360      0.000024    0.000005    01:44     
1361      0.000024    0.000003    01:44     
Better model found at epoch 1361 with valid_loss value: 3.2360276236431673e-06.
1362      0.000025    0.000008    01:44     
1363      0.000024    0.000007    01:44     
1364      0.000025    0.000008    01:44     
1365      0.000024    0.000004    01:44     
1366      0.000027    0.000005    01:44     
1367      0.000024    0.000007    01:44     
1368      0.000024    0.000005    01:44     
1369      0.000025    0.000004    01:44     
1370      0.000024    0.000005    01:44     
1371      0.000023    0.000004    01:44     
1372      0.000024    0.000007    01:44     
1373      0.000024    0.000005    01:44     
1374      0.000022    0.000007    01:44     
1375      0.000025    0.000004    01:44     
1376      0.000027    0.000005    01:44     
1377      0.000024    0.000005    01:44     
1378      0.000025    0.000005    01:44     
1379      0.000025    0.000004    01:44     
1380      0.000027    0.000004    01:44     
1381      0.000024    0.000007    01:44     
1382      0.000023    0.000005    01:44     
1383      0.000025    0.000006    01:44     
1384      0.000027    0.000005    01:44     
1385      0.000026    0.000007    01:44     
1386      0.000024    0.000008    01:44     
1387      0.000025    0.000005    01:44     
1388      0.000024    0.000004    01:44     
1389      0.000025    0.000003    01:44     
1390      0.000022    0.000004    01:44     
1391      0.000025    0.000003    01:44     
Better model found at epoch 1391 with valid_loss value: 3.0788110052526463e-06.
1392      0.000023    0.000004    01:44     
1393      0.000022    0.000003    01:44     
Better model found at epoch 1393 with valid_loss value: 3.0618341497756774e-06.
1394      0.000024    0.000003    01:44     
1395      0.000024    0.000003    01:44     
1396      0.000023    0.000004    01:44     
1397      0.000023    0.000009    01:45     
1398      0.000024    0.000004    01:44     
1399      0.000023    0.000007    01:44     
1400      0.000024    0.000005    01:44     
1401      0.000026    0.000004    01:44     
1402      0.000024    0.000004    01:44     
1403      0.000025    0.000006    01:44     
1404      0.000024    0.000003    01:44     
Better model found at epoch 1404 with valid_loss value: 2.9790735425194725e-06.
1405      0.000023    0.000005    01:44     
1406      0.000022    0.000004    01:44     
1407      0.000023    0.000003    01:44     
1408      0.000024    0.000006    01:45     
1409      0.000023    0.000003    01:44     
1410      0.000024    0.000004    01:45     
1411      0.000024    0.000003    01:44     
1412      0.000023    0.000004    01:44     
1413      0.000022    0.000008    01:45     
1414      0.000023    0.000008    01:44     
1415      0.000027    0.000008    01:44     
1416      0.000023    0.000003    01:44     
1417      0.000023    0.000004    01:45     
1418      0.000024    0.000004    01:44     
1419      0.000022    0.000004    01:45     
1420      0.000022    0.000003    01:44     
1421      0.000023    0.000005    01:45     
1422      0.000021    0.000003    01:44     
1423      0.000024    0.000003    01:44     
1424      0.000024    0.000007    01:44     
1425      0.000023    0.000003    01:45     
1426      0.000023    0.000003    01:44     
Better model found at epoch 1426 with valid_loss value: 2.878343593692989e-06.
1427      0.000025    0.000005    01:44     
1428      0.000022    0.000004    01:45     
1429      0.000024    0.000004    01:44     
1430      0.000025    0.000003    01:44     
1431      0.000022    0.000003    01:44     
1432      0.000024    0.000003    01:44     
Better model found at epoch 1432 with valid_loss value: 2.652818238857435e-06.
1433      0.000021    0.000002    01:44     
Better model found at epoch 1433 with valid_loss value: 2.4700559606571915e-06.
1434      0.000023    0.000007    01:44     
1435      0.000023    0.000003    01:44     
1436      0.000023    0.000003    01:44     
1437      0.000025    0.000007    01:45     
1438      0.000020    0.000005    01:44     
1439      0.000023    0.000006    01:44     
1440      0.000023    0.000004    01:45     
1441      0.000023    0.000003    01:44     
1442      0.000022    0.000003    01:44     
1443      0.000024    0.000004    01:44     
1444      0.000023    0.000004    01:44     
1445      0.000025    0.000003    01:45     
1446      0.000024    0.000003    01:45     
1447      0.000023    0.000007    01:44     
1448      0.000021    0.000004    01:44     
1449      0.000024    0.000003    01:45     
1450      0.000024    0.000004    01:44     
1451      0.000023    0.000003    01:45     
1452      0.000022    0.000003    01:45     
1453      0.000021    0.000003    01:44     
1454      0.000024    0.000004    01:45     
1455      0.000022    0.000003    01:44     
1456      0.000024    0.000003    01:45     
1457      0.000024    0.000003    01:45     
1458      0.000021    0.000003    01:44     
1459      0.000023    0.000007    01:45     
1460      0.000023    0.000005    01:44     
1461      0.000024    0.000003    01:45     
1462      0.000024    0.000003    01:44     
1463      0.000022    0.000003    01:45     
1464      0.000024    0.000006    01:44     
1465      0.000024    0.000003    01:45     
1466      0.000025    0.000005    01:44     
1467      0.000022    0.000004    01:44     
1468      0.000022    0.000003    01:45     
1469      0.000023    0.000003    01:44     
1470      0.000023    0.000003    01:45     
1471      0.000022    0.000003    01:44     
1472      0.000022    0.000003    01:44     
1473      0.000022    0.000007    01:44     
1474      0.000022    0.000003    01:45     
1475      0.000021    0.000003    01:44     
1476      0.000020    0.000006    01:44     
1477      0.000023    0.000005    01:45     
1478      0.000023    0.000005    01:44     
1479      0.000024    0.000003    01:44     
1480      0.000024    0.000003    01:45     
1481      0.000021    0.000003    01:44     
1482      0.000022    0.000007    01:44     
1483      0.000021    0.000006    01:44     
1484      0.000022    0.000004    01:45     
1485      0.000023    0.000004    01:44     
1486      0.000022    0.000003    01:44     
1487      0.000022    0.000007    01:44     
1488      0.000022    0.000005    01:45     
1489      0.000022    0.000007    01:45     
1490      0.000022    0.000003    01:44     
1491      0.000023    0.000009    01:44     
1492      0.000024    0.000003    01:45     
1493      0.000022    0.000003    01:44     
1494      0.000021    0.000003    01:45     
1495      0.000022    0.000006    01:44     
1496      0.000025    0.000003    01:44     
1497      0.000022    0.000004    01:45     
1498      0.000022    0.000003    01:44     
1499      0.000024    0.000003    01:44     
...done
Grid search ended.
End of job.
